[0.387s] Invoking command in '/home/students/group_114/build/turtlebot3_gazebo': CMAKE_PREFIX_PATH=${CMAKE_PREFIX_PATH}:/home/students/install/lab02_pkg:/home/students/group_114/install/turtlebot3_perception:/home/students/group_114/install/lab04_pkg:/home/students/group_114/install/lab05_pkg:/home/students/group_114/install/lab02_pkg:/home/students/group_111/install/lab05_pkg:/opt/ros/humble /usr/bin/cmake /home/students/group_114/src/turtlebot3_simulations/turtlebot3_gazebo -DAMENT_CMAKE_SYMLINK_INSTALL=1 -DCMAKE_INSTALL_PREFIX=/home/students/group_114/install/turtlebot3_gazebo
[0.430s] -- The C compiler identification is GNU 11.4.0
[0.477s] -- The CXX compiler identification is GNU 11.4.0
[0.480s] -- Detecting C compiler ABI info
[0.536s] -- Detecting C compiler ABI info - done
[0.542s] -- Check for working C compiler: /usr/bin/cc - skipped
[0.542s] -- Detecting C compile features
[0.543s] -- Detecting C compile features - done
[0.545s] -- Detecting CXX compiler ABI info
[0.616s] -- Detecting CXX compiler ABI info - done
[0.620s] -- Check for working CXX compiler: /usr/bin/c++ - skipped
[0.621s] -- Detecting CXX compile features
[0.621s] -- Detecting CXX compile features - done
[0.624s] -- Found ament_cmake: 1.3.12 (/opt/ros/humble/share/ament_cmake/cmake)
[0.754s] -- Found Python3: /usr/bin/python3 (found version "3.10.12") found components: Interpreter 
[0.816s] -- Override CMake install command with custom implementation using symlinks instead of copying resources
[0.853s] -- Found PkgConfig: /usr/bin/pkg-config (found version "0.29.2") 
[0.855s] [33mCMake Warning (dev) at /usr/share/cmake-3.22/Modules/FindPackageHandleStandardArgs.cmake:438 (message):
[0.855s]   The package name passed to `find_package_handle_standard_args` (PkgConfig)
[0.855s]   does not match the name of the calling package (gazebo).  This can lead to
[0.855s]   problems in calling code that expects `find_package` result variables
[0.855s]   (e.g., `_FOUND`) to follow a certain pattern.
[0.855s] Call Stack (most recent call first):
[0.855s]   /usr/share/cmake-3.22/Modules/FindPkgConfig.cmake:99 (find_package_handle_standard_args)
[0.855s]   /usr/lib/x86_64-linux-gnu/cmake/gazebo/gazebo-config.cmake:72 (include)
[0.855s]   CMakeLists.txt:23 (find_package)
[0.855s] This warning is for project developers.  Use -Wno-dev to suppress it.
[0.855s] [0m
[0.858s] -- Checking for module 'bullet>=2.82'
[0.873s] --   Found bullet, version 3.05
[0.972s] -- Found fcl: /usr/include (found suitable version "0.7.0", minimum required is "0.5.0") 
[1.018s] -- Found assimp: /usr/include (found version "5.2.0") 
[1.055s] -- Found DART: /usr/include (Required is at least version "6.6") found components: dart 
[1.225s] -- Found Boost: /usr/lib/x86_64-linux-gnu/cmake/Boost-1.74.0/BoostConfig.cmake (found suitable version "1.74.0", minimum required is "1.40.0") found components: thread system filesystem program_options regex iostreams date_time 
[1.265s] -- Found Protobuf: /usr/lib/x86_64-linux-gnu/libprotobuf.so (found version "3.12.4") 
[1.275s] -- Looking for ignition-math6 -- found version 6.15.1
[1.294s] -- Searching for dependencies of ignition-math6
[1.296s] -- Looking for OGRE...
[1.296s] -- OGRE_PREFIX_WATCH changed.
[1.300s] -- Checking for module 'OGRE'
[1.309s] --   Found OGRE, version 1.9.0
[1.332s] -- Found Ogre Ghadamon (1.9.0)
[1.343s] -- Found OGRE: optimized;/usr/lib/x86_64-linux-gnu/libOgreMain.so;debug;/usr/lib/x86_64-linux-gnu/libOgreMain.so
[1.352s] -- Looking for OGRE_Paging...
[1.357s] -- Found OGRE_Paging: optimized;/usr/lib/x86_64-linux-gnu/libOgrePaging.so;debug;/usr/lib/x86_64-linux-gnu/libOgrePaging.so
[1.357s] -- Looking for OGRE_Terrain...
[1.361s] -- Found OGRE_Terrain: optimized;/usr/lib/x86_64-linux-gnu/libOgreTerrain.so;debug;/usr/lib/x86_64-linux-gnu/libOgreTerrain.so
[1.361s] -- Looking for OGRE_Property...
[1.366s] -- Found OGRE_Property: optimized;/usr/lib/x86_64-linux-gnu/libOgreProperty.so;debug;/usr/lib/x86_64-linux-gnu/libOgreProperty.so
[1.366s] -- Looking for OGRE_RTShaderSystem...
[1.370s] -- Found OGRE_RTShaderSystem: optimized;/usr/lib/x86_64-linux-gnu/libOgreRTShaderSystem.so;debug;/usr/lib/x86_64-linux-gnu/libOgreRTShaderSystem.so
[1.370s] -- Looking for OGRE_Volume...
[1.379s] -- Found OGRE_Volume: optimized;/usr/lib/x86_64-linux-gnu/libOgreVolume.so;debug;/usr/lib/x86_64-linux-gnu/libOgreVolume.so
[1.379s] -- Looking for OGRE_Overlay...
[1.384s] -- Found OGRE_Overlay: optimized;/usr/lib/x86_64-linux-gnu/libOgreOverlay.so;debug;/usr/lib/x86_64-linux-gnu/libOgreOverlay.so
[1.513s] -- Looking for ignition-math6 -- found version 6.15.1
[1.516s] -- Looking for ignition-transport8 -- found version 8.2.1
[1.517s] -- Searching for dependencies of ignition-transport8
[1.532s] -- Found Protobuf: /usr/lib/x86_64-linux-gnu/libprotobuf.so (found suitable version "3.12.4", minimum required is "3") 
[1.540s] -- Config-file not installed for ZeroMQ -- checking for pkg-config
[1.545s] -- Checking for module 'libzmq >= 4'
[1.577s] --   Found libzmq , version 4.3.4
[1.607s] -- Found ZeroMQ: TRUE (Required is at least version "4") 
[1.615s] -- Checking for module 'uuid'
[1.628s] --   Found uuid, version 2.37.2
[1.659s] -- Found UUID: TRUE  
[1.665s] -- Looking for ignition-msgs5 -- found version 5.8.1
[1.666s] -- Searching for dependencies of ignition-msgs5
[1.690s] -- Looking for ignition-math6 -- found version 6.15.1
[1.696s] -- Checking for module 'tinyxml2'
[1.708s] --   Found tinyxml2, version 9.0.0
[1.738s] -- Looking for ignition-msgs5 -- found version 5.8.1
[1.743s] -- Looking for ignition-common3 -- found version 3.14.0
[1.744s] -- Searching for dependencies of ignition-common3
[1.744s] -- Looking for dlfcn.h - found
[1.745s] -- Looking for libdl - found
[1.746s] -- Found DL: TRUE  
[1.756s] -- Found tinyobjloader: /usr/lib/x86_64-linux-gnu/cmake/tinyobjloader/tinyobjloader-config.cmake (found version "2.0.0") 
[1.757s] -- Searching for <ignition-common3> component [graphics]
[1.759s] -- Looking for ignition-common3-graphics -- found version 3.14.0
[1.760s] -- Searching for dependencies of ignition-common3-graphics
[1.760s] -- Looking for ignition-math6 -- found version 6.15.1
[1.764s] -- Looking for ignition-fuel_tools4 -- found version 4.4.0
[1.764s] -- Searching for dependencies of ignition-fuel_tools4
[1.829s] -- Found CURL: /usr/lib/x86_64-linux-gnu/libcurl.so (found version "7.81.0")  
[1.837s] -- Checking for module 'jsoncpp'
[1.849s] --   Found jsoncpp, version 1.9.5
[1.875s] -- Found JSONCPP: TRUE  
[1.881s] -- Checking for module 'libzip'
[1.896s] --   Found libzip, version 1.7.3
[1.925s] -- Found ZIP: TRUE  
[1.925s] -- Looking for ignition-common3 -- found version 3.14.0
[1.926s] -- Looking for ignition-math6 -- found version 6.15.1
[1.926s] -- Looking for ignition-msgs5 -- found version 5.8.1
[1.935s] -- Found gazebo_ros_pkgs: 3.9.0 (/opt/ros/humble/share/gazebo_ros_pkgs/cmake)
[1.937s] -- Found geometry_msgs: 4.9.0 (/opt/ros/humble/share/geometry_msgs/cmake)
[1.968s] -- Found rosidl_generator_c: 3.1.7 (/opt/ros/humble/share/rosidl_generator_c/cmake)
[1.973s] -- Found rosidl_adapter: 3.1.7 (/opt/ros/humble/share/rosidl_adapter/cmake)
[1.981s] -- Found rosidl_generator_cpp: 3.1.7 (/opt/ros/humble/share/rosidl_generator_cpp/cmake)
[1.995s] -- Using all available rosidl_typesupport_c: rosidl_typesupport_fastrtps_c;rosidl_typesupport_introspection_c
[2.010s] -- Using all available rosidl_typesupport_cpp: rosidl_typesupport_fastrtps_cpp;rosidl_typesupport_introspection_cpp
[2.041s] -- Found nav_msgs: 4.9.0 (/opt/ros/humble/share/nav_msgs/cmake)
[2.055s] -- Found rclcpp: 16.0.15 (/opt/ros/humble/share/rclcpp/cmake)
[2.088s] -- Found rmw_implementation_cmake: 6.1.2 (/opt/ros/humble/share/rmw_implementation_cmake/cmake)
[2.091s] -- Found rmw_zenoh_cpp: 0.1.6 (/opt/ros/humble/share/rmw_zenoh_cpp/cmake)
[2.091s] -- Using RMW implementation 'rmw_zenoh_cpp' as default
[2.099s] -- Found Threads: TRUE  
[2.131s] -- Found sensor_msgs: 4.9.0 (/opt/ros/humble/share/sensor_msgs/cmake)
[2.145s] -- Found tf2: 0.25.16 (/opt/ros/humble/share/tf2/cmake)
[2.219s] -- Configuring done
[2.296s] -- Generating done
[2.301s] -- Build files have been written to: /home/students/group_114/build/turtlebot3_gazebo
[2.317s] Invoked command in '/home/students/group_114/build/turtlebot3_gazebo' returned '0': CMAKE_PREFIX_PATH=${CMAKE_PREFIX_PATH}:/home/students/install/lab02_pkg:/home/students/group_114/install/turtlebot3_perception:/home/students/group_114/install/lab04_pkg:/home/students/group_114/install/lab05_pkg:/home/students/group_114/install/lab02_pkg:/home/students/group_111/install/lab05_pkg:/opt/ros/humble /usr/bin/cmake /home/students/group_114/src/turtlebot3_simulations/turtlebot3_gazebo -DAMENT_CMAKE_SYMLINK_INSTALL=1 -DCMAKE_INSTALL_PREFIX=/home/students/group_114/install/turtlebot3_gazebo
[2.319s] Invoking command in '/home/students/group_114/build/turtlebot3_gazebo': CMAKE_PREFIX_PATH=${CMAKE_PREFIX_PATH}:/home/students/install/lab02_pkg:/home/students/group_114/install/turtlebot3_perception:/home/students/group_114/install/lab04_pkg:/home/students/group_114/install/lab05_pkg:/home/students/group_114/install/lab02_pkg:/home/students/group_111/install/lab05_pkg:/opt/ros/humble /usr/bin/cmake --build /home/students/group_114/build/turtlebot3_gazebo -- -j8 -l8
[2.396s] [ 12%] [32mBuilding CXX object CMakeFiles/turtlebot3_drive.dir/src/turtlebot3_drive.cpp.o[0m
[2.404s] [ 25%] [32mBuilding CXX object CMakeFiles/obstacle2.dir/models/turtlebot3_dqn_world/obstacle_plugin/obstacle2.cc.o[0m
[2.410s] [ 37%] [32mBuilding CXX object CMakeFiles/obstacle1.dir/models/turtlebot3_dqn_world/obstacle_plugin/obstacle1.cc.o[0m
[2.417s] [ 50%] [32mBuilding CXX object CMakeFiles/obstacles.dir/models/turtlebot3_dqn_world/obstacle_plugin/obstacles.cc.o[0m
[13.828s] [ 62%] [32m[1mLinking CXX shared library libobstacle2.so[0m
[14.230s] [ 62%] Built target obstacle2
[16.690s] [ 75%] [32m[1mLinking CXX shared library libobstacle1.so[0m
[16.726s] [ 87%] [32m[1mLinking CXX shared library libobstacles.so[0m
[16.894s] [ 87%] Built target obstacle1
[16.921s] [ 87%] Built target obstacles
[17.048s] [100%] [32m[1mLinking CXX executable turtlebot3_drive[0m
[17.478s] [100%] Built target turtlebot3_drive
[17.488s] Invoked command in '/home/students/group_114/build/turtlebot3_gazebo' returned '0': CMAKE_PREFIX_PATH=${CMAKE_PREFIX_PATH}:/home/students/install/lab02_pkg:/home/students/group_114/install/turtlebot3_perception:/home/students/group_114/install/lab04_pkg:/home/students/group_114/install/lab05_pkg:/home/students/group_114/install/lab02_pkg:/home/students/group_111/install/lab05_pkg:/opt/ros/humble /usr/bin/cmake --build /home/students/group_114/build/turtlebot3_gazebo -- -j8 -l8
[17.490s] Invoking command in '/home/students/group_114/build/turtlebot3_gazebo': CMAKE_PREFIX_PATH=${CMAKE_PREFIX_PATH}:/home/students/install/lab02_pkg:/home/students/group_114/install/turtlebot3_perception:/home/students/group_114/install/lab04_pkg:/home/students/group_114/install/lab05_pkg:/home/students/group_114/install/lab02_pkg:/home/students/group_111/install/lab05_pkg:/opt/ros/humble /usr/bin/cmake --install /home/students/group_114/build/turtlebot3_gazebo
[17.496s] -- Install configuration: ""
[17.496s] -- Execute custom install script
[17.496s] -- Up-to-date symlink: /home/students/group_114/install/turtlebot3_gazebo/lib/turtlebot3_gazebo/turtlebot3_drive
[17.497s] -- Up-to-date symlink: /home/students/group_114/install/turtlebot3_gazebo/share/turtlebot3_gazebo//launch/empty_world.launch.py
[17.497s] -- Up-to-date symlink: /home/students/group_114/install/turtlebot3_gazebo/share/turtlebot3_gazebo//launch/lab02.launch.py
[17.497s] -- Up-to-date symlink: /home/students/group_114/install/turtlebot3_gazebo/share/turtlebot3_gazebo//launch/lab04.launch.py
[17.497s] -- Up-to-date symlink: /home/students/group_114/install/turtlebot3_gazebo/share/turtlebot3_gazebo//launch/project.launch.py
[17.497s] -- Up-to-date symlink: /home/students/group_114/install/turtlebot3_gazebo/share/turtlebot3_gazebo//launch/robot_state_publisher.launch.py
[17.497s] -- Up-to-date symlink: /home/students/group_114/install/turtlebot3_gazebo/share/turtlebot3_gazebo//launch/spawn_turtlebot3.launch.py
[17.497s] -- Up-to-date symlink: /home/students/group_114/install/turtlebot3_gazebo/share/turtlebot3_gazebo//launch/turtlebot3_dqn_stage1.launch.py
[17.497s] -- Up-to-date symlink: /home/students/group_114/install/turtlebot3_gazebo/share/turtlebot3_gazebo//launch/turtlebot3_dqn_stage2.launch.py
[17.497s] -- Up-to-date symlink: /home/students/group_114/install/turtlebot3_gazebo/share/turtlebot3_gazebo//launch/turtlebot3_dqn_stage3.launch.py
[17.498s] -- Up-to-date symlink: /home/students/group_114/install/turtlebot3_gazebo/share/turtlebot3_gazebo//launch/turtlebot3_dqn_stage4.launch.py
[17.498s] -- Up-to-date symlink: /home/students/group_114/install/turtlebot3_gazebo/share/turtlebot3_gazebo//launch/turtlebot3_house.launch.py
[17.498s] -- Up-to-date symlink: /home/students/group_114/install/turtlebot3_gazebo/share/turtlebot3_gazebo//launch/turtlebot3_world.launch.py
[17.498s] -- Up-to-date symlink: /home/students/group_114/install/turtlebot3_gazebo/share/turtlebot3_gazebo//models/turtlebot3_burger/model-1_4.sdf
[17.498s] -- Up-to-date symlink: /home/students/group_114/install/turtlebot3_gazebo/share/turtlebot3_gazebo//models/turtlebot3_burger/model.config
[17.498s] -- Up-to-date symlink: /home/students/group_114/install/turtlebot3_gazebo/share/turtlebot3_gazebo//models/turtlebot3_burger/model.sdf
[17.498s] -- Up-to-date symlink: /home/students/group_114/install/turtlebot3_gazebo/share/turtlebot3_gazebo//models/turtlebot3_common/meshes/burger_base.dae
[17.498s] -- Up-to-date symlink: /home/students/group_114/install/turtlebot3_gazebo/share/turtlebot3_gazebo//models/turtlebot3_common/meshes/lds.dae
[17.498s] -- Up-to-date symlink: /home/students/group_114/install/turtlebot3_gazebo/share/turtlebot3_gazebo//models/turtlebot3_common/meshes/r200.dae
[17.499s] -- Up-to-date symlink: /home/students/group_114/install/turtlebot3_gazebo/share/turtlebot3_gazebo//models/turtlebot3_common/meshes/tire.dae
[17.499s] -- Up-to-date symlink: /home/students/group_114/install/turtlebot3_gazebo/share/turtlebot3_gazebo//models/turtlebot3_common/meshes/waffle_base.dae
[17.499s] -- Up-to-date symlink: /home/students/group_114/install/turtlebot3_gazebo/share/turtlebot3_gazebo//models/turtlebot3_common/meshes/waffle_pi_base.dae
[17.499s] -- Up-to-date symlink: /home/students/group_114/install/turtlebot3_gazebo/share/turtlebot3_gazebo//models/turtlebot3_common/model.config
[17.499s] -- Up-to-date symlink: /home/students/group_114/install/turtlebot3_gazebo/share/turtlebot3_gazebo//models/turtlebot3_dqn_world/goal_box/model.config
[17.499s] -- Up-to-date symlink: /home/students/group_114/install/turtlebot3_gazebo/share/turtlebot3_gazebo//models/turtlebot3_dqn_world/goal_box/model.sdf
[17.499s] -- Up-to-date symlink: /home/students/group_114/install/turtlebot3_gazebo/share/turtlebot3_gazebo//models/turtlebot3_dqn_world/inner_walls/model.config
[17.499s] -- Up-to-date symlink: /home/students/group_114/install/turtlebot3_gazebo/share/turtlebot3_gazebo//models/turtlebot3_dqn_world/inner_walls/model.sdf
[17.499s] -- Up-to-date symlink: /home/students/group_114/install/turtlebot3_gazebo/share/turtlebot3_gazebo//models/turtlebot3_dqn_world/model.config
[17.499s] -- Up-to-date symlink: /home/students/group_114/install/turtlebot3_gazebo/share/turtlebot3_gazebo//models/turtlebot3_dqn_world/model.sdf
[17.500s] -- Up-to-date symlink: /home/students/group_114/install/turtlebot3_gazebo/share/turtlebot3_gazebo//models/turtlebot3_dqn_world/obstacle1/model.config
[17.500s] -- Up-to-date symlink: /home/students/group_114/install/turtlebot3_gazebo/share/turtlebot3_gazebo//models/turtlebot3_dqn_world/obstacle1/model.sdf
[17.500s] -- Up-to-date symlink: /home/students/group_114/install/turtlebot3_gazebo/share/turtlebot3_gazebo//models/turtlebot3_dqn_world/obstacle2/model.config
[17.500s] -- Up-to-date symlink: /home/students/group_114/install/turtlebot3_gazebo/share/turtlebot3_gazebo//models/turtlebot3_dqn_world/obstacle2/model.sdf
[17.500s] -- Up-to-date symlink: /home/students/group_114/install/turtlebot3_gazebo/share/turtlebot3_gazebo//models/turtlebot3_dqn_world/obstacle_plugin/CMakeLists.txt
[17.500s] -- Up-to-date symlink: /home/students/group_114/install/turtlebot3_gazebo/share/turtlebot3_gazebo//models/turtlebot3_dqn_world/obstacle_plugin/obstacle1.cc
[17.500s] -- Up-to-date symlink: /home/students/group_114/install/turtlebot3_gazebo/share/turtlebot3_gazebo//models/turtlebot3_dqn_world/obstacle_plugin/obstacle2.cc
[17.500s] -- Up-to-date symlink: /home/students/group_114/install/turtlebot3_gazebo/share/turtlebot3_gazebo//models/turtlebot3_dqn_world/obstacle_plugin/obstacles.cc
[17.500s] -- Up-to-date symlink: /home/students/group_114/install/turtlebot3_gazebo/share/turtlebot3_gazebo//models/turtlebot3_dqn_world/obstacles/model.config
[17.501s] -- Up-to-date symlink: /home/students/group_114/install/turtlebot3_gazebo/share/turtlebot3_gazebo//models/turtlebot3_dqn_world/obstacles/model.sdf
[17.501s] -- Up-to-date symlink: /home/students/group_114/install/turtlebot3_gazebo/share/turtlebot3_gazebo//models/turtlebot3_house/model.config
[17.501s] -- Up-to-date symlink: /home/students/group_114/install/turtlebot3_gazebo/share/turtlebot3_gazebo//models/turtlebot3_house/model.sdf
[17.501s] -- Up-to-date symlink: /home/students/group_114/install/turtlebot3_gazebo/share/turtlebot3_gazebo//models/turtlebot3_waffle/model-1_4.sdf
[17.501s] -- Up-to-date symlink: /home/students/group_114/install/turtlebot3_gazebo/share/turtlebot3_gazebo//models/turtlebot3_waffle/model.config
[17.501s] -- Up-to-date symlink: /home/students/group_114/install/turtlebot3_gazebo/share/turtlebot3_gazebo//models/turtlebot3_waffle/model.sdf
[17.501s] -- Up-to-date symlink: /home/students/group_114/install/turtlebot3_gazebo/share/turtlebot3_gazebo//models/turtlebot3_waffle_pi/model-1_4_.sdf
[17.501s] -- Up-to-date symlink: /home/students/group_114/install/turtlebot3_gazebo/share/turtlebot3_gazebo//models/turtlebot3_waffle_pi/model.config
[17.501s] -- Up-to-date symlink: /home/students/group_114/install/turtlebot3_gazebo/share/turtlebot3_gazebo//models/turtlebot3_waffle_pi/model.sdf
[17.501s] -- Up-to-date symlink: /home/students/group_114/install/turtlebot3_gazebo/share/turtlebot3_gazebo//models/turtlebot3_world/meshes/hexagon.dae
[17.502s] -- Up-to-date symlink: /home/students/group_114/install/turtlebot3_gazebo/share/turtlebot3_gazebo//models/turtlebot3_world/meshes/wall.dae
[17.502s] -- Up-to-date symlink: /home/students/group_114/install/turtlebot3_gazebo/share/turtlebot3_gazebo//models/turtlebot3_world/model-1_4.sdf
[17.502s] -- Up-to-date symlink: /home/students/group_114/install/turtlebot3_gazebo/share/turtlebot3_gazebo//models/turtlebot3_world/model.config
[17.502s] -- Up-to-date symlink: /home/students/group_114/install/turtlebot3_gazebo/share/turtlebot3_gazebo//models/turtlebot3_world/model.sdf
[17.502s] -- Up-to-date symlink: /home/students/group_114/install/turtlebot3_gazebo/share/turtlebot3_gazebo//rviz/tb3_gazebo.rviz
[17.502s] -- Up-to-date symlink: /home/students/group_114/install/turtlebot3_gazebo/share/turtlebot3_gazebo//urdf/common_properties.urdf
[17.502s] -- Up-to-date symlink: /home/students/group_114/install/turtlebot3_gazebo/share/turtlebot3_gazebo//urdf/turtlebot3_burger.urdf
[17.502s] -- Up-to-date symlink: /home/students/group_114/install/turtlebot3_gazebo/share/turtlebot3_gazebo//urdf/turtlebot3_waffle.urdf
[17.502s] -- Up-to-date symlink: /home/students/group_114/install/turtlebot3_gazebo/share/turtlebot3_gazebo//urdf/turtlebot3_waffle_pi.urdf
[17.502s] -- Up-to-date symlink: /home/students/group_114/install/turtlebot3_gazebo/share/turtlebot3_gazebo//worlds/empty_world.world
[17.503s] -- Up-to-date symlink: /home/students/group_114/install/turtlebot3_gazebo/share/turtlebot3_gazebo//worlds/hard_maze.world
[17.503s] -- Up-to-date symlink: /home/students/group_114/install/turtlebot3_gazebo/share/turtlebot3_gazebo//worlds/maze.world
[17.503s] -- Up-to-date symlink: /home/students/group_114/install/turtlebot3_gazebo/share/turtlebot3_gazebo//worlds/turtlebot3_dqn_stage1.world
[17.503s] -- Up-to-date symlink: /home/students/group_114/install/turtlebot3_gazebo/share/turtlebot3_gazebo//worlds/turtlebot3_dqn_stage2.world
[17.503s] -- Up-to-date symlink: /home/students/group_114/install/turtlebot3_gazebo/share/turtlebot3_gazebo//worlds/turtlebot3_dqn_stage3.world
[17.503s] -- Up-to-date symlink: /home/students/group_114/install/turtlebot3_gazebo/share/turtlebot3_gazebo//worlds/turtlebot3_dqn_stage4.world
[17.503s] -- Up-to-date symlink: /home/students/group_114/install/turtlebot3_gazebo/share/turtlebot3_gazebo//worlds/turtlebot3_house.world
[17.503s] -- Up-to-date symlink: /home/students/group_114/install/turtlebot3_gazebo/share/turtlebot3_gazebo//worlds/turtlebot3_world.world
[17.503s] -- Up-to-date symlink: /home/students/group_114/install/turtlebot3_gazebo/include//turtlebot3_gazebo/turtlebot3_drive.hpp
[17.503s] -- Up-to-date symlink: /home/students/group_114/install/turtlebot3_gazebo/share/turtlebot3_gazebo/environment/turtlebot3_gazebo.dsv
[17.503s] -- Up-to-date symlink: /home/students/group_114/install/turtlebot3_gazebo/share/ament_index/resource_index/package_run_dependencies/turtlebot3_gazebo
[17.503s] -- Up-to-date symlink: /home/students/group_114/install/turtlebot3_gazebo/share/ament_index/resource_index/parent_prefix_path/turtlebot3_gazebo
[17.504s] -- Up-to-date symlink: /home/students/group_114/install/turtlebot3_gazebo/share/turtlebot3_gazebo/environment/ament_prefix_path.sh
[17.504s] -- Up-to-date symlink: /home/students/group_114/install/turtlebot3_gazebo/share/turtlebot3_gazebo/environment/ament_prefix_path.dsv
[17.504s] -- Up-to-date symlink: /home/students/group_114/install/turtlebot3_gazebo/share/turtlebot3_gazebo/environment/path.sh
[17.504s] -- Up-to-date symlink: /home/students/group_114/install/turtlebot3_gazebo/share/turtlebot3_gazebo/environment/path.dsv
[17.504s] -- Up-to-date symlink: /home/students/group_114/install/turtlebot3_gazebo/share/turtlebot3_gazebo/local_setup.bash
[17.504s] -- Up-to-date symlink: /home/students/group_114/install/turtlebot3_gazebo/share/turtlebot3_gazebo/local_setup.sh
[17.504s] -- Up-to-date symlink: /home/students/group_114/install/turtlebot3_gazebo/share/turtlebot3_gazebo/local_setup.zsh
[17.504s] -- Up-to-date symlink: /home/students/group_114/install/turtlebot3_gazebo/share/turtlebot3_gazebo/local_setup.dsv
[17.504s] -- Symlinking: /home/students/group_114/install/turtlebot3_gazebo/share/turtlebot3_gazebo/package.dsv
[17.513s] -- Up-to-date symlink: /home/students/group_114/install/turtlebot3_gazebo/share/ament_index/resource_index/packages/turtlebot3_gazebo
[17.513s] -- Up-to-date symlink: /home/students/group_114/install/turtlebot3_gazebo/share/turtlebot3_gazebo/cmake/ament_cmake_export_include_directories-extras.cmake
[17.513s] -- Up-to-date symlink: /home/students/group_114/install/turtlebot3_gazebo/share/turtlebot3_gazebo/cmake/ament_cmake_export_dependencies-extras.cmake
[17.513s] -- Up-to-date symlink: /home/students/group_114/install/turtlebot3_gazebo/share/turtlebot3_gazebo/cmake/turtlebot3_gazeboConfig.cmake
[17.514s] -- Up-to-date symlink: /home/students/group_114/install/turtlebot3_gazebo/share/turtlebot3_gazebo/cmake/turtlebot3_gazeboConfig-version.cmake
[17.514s] -- Up-to-date symlink: /home/students/group_114/install/turtlebot3_gazebo/share/turtlebot3_gazebo/package.xml
[17.515s] Invoked command in '/home/students/group_114/build/turtlebot3_gazebo' returned '0': CMAKE_PREFIX_PATH=${CMAKE_PREFIX_PATH}:/home/students/install/lab02_pkg:/home/students/group_114/install/turtlebot3_perception:/home/students/group_114/install/lab04_pkg:/home/students/group_114/install/lab05_pkg:/home/students/group_114/install/lab02_pkg:/home/students/group_111/install/lab05_pkg:/opt/ros/humble /usr/bin/cmake --install /home/students/group_114/build/turtlebot3_gazebo
