[1.521s] Invoking command in '/home/students/group_114/build/turtlebot3_perception': CMAKE_PREFIX_PATH=/home/students/group_114/install/landmark_msgs:/home/students/group_114/install/turtlebot3_simulations:/home/students/group_114/install/turtlebot3_gazebo:/home/students/group_114/install/turtlebot3_fake_node:/opt/ros/tb3_ws/install/turtlebot3_simulations:/opt/ros/tb3_ws/install/turtlebot3_gazebo:/opt/ros/tb3_ws/install/turtlebot3_fake_node:/opt/ros/tb3_ws/install/ld08_driver LD_LIBRARY_PATH=/home/students/group_114/install/landmark_msgs/lib:/opt/ros/humble/opt/zenoh_cpp_vendor/lib:/usr/lib/x86_64-linux-gnu/gazebo-11/plugins:/opt/ros/humble/opt/rviz_ogre_vendor/lib:/opt/ros/humble/lib/x86_64-linux-gnu:/opt/ros/humble/lib:/usr/share/gazebo/../../lib/x86_64-linux-gnu/gazebo-11/plugins:/usr/share/gazebo/../../lib/x86_64-linux-gnu/gazebo-11/plugins:/usr/share/gazebo/../../lib/x86_64-linux-gnu/gazebo-11/plugins PYTHONPATH=/home/students/group_114/build/turtlebot3_perception/prefix_override:/usr/lib/python3/dist-packages/colcon_core/task/python/colcon_distutils_commands:/home/students/group_114/install/turtlebot3_perception/lib/python3.10/site-packages:${PYTHONPATH} /usr/bin/python3 -W ignore:setup.py install is deprecated -W ignore:easy_install command is deprecated setup.py develop --editable --build-directory /home/students/group_114/build/turtlebot3_perception/build --no-deps symlink_data
[1.911s] running develop
[2.072s] running egg_info
[2.072s] creating turtlebot3_perception.egg-info
[2.073s] writing turtlebot3_perception.egg-info/PKG-INFO
[2.074s] writing dependency_links to turtlebot3_perception.egg-info/dependency_links.txt
[2.074s] writing entry points to turtlebot3_perception.egg-info/entry_points.txt
[2.074s] writing requirements to turtlebot3_perception.egg-info/requires.txt
[2.075s] writing top-level names to turtlebot3_perception.egg-info/top_level.txt
[2.075s] writing manifest file 'turtlebot3_perception.egg-info/SOURCES.txt'
[2.078s] reading manifest file 'turtlebot3_perception.egg-info/SOURCES.txt'
[2.079s] writing manifest file 'turtlebot3_perception.egg-info/SOURCES.txt'
[2.081s] running build_ext
[2.081s] Creating /home/students/group_114/install/turtlebot3_perception/lib/python3.10/site-packages/turtlebot3-perception.egg-link (link to .)
[2.082s] Installing detection2landmark script to /home/students/group_114/install/turtlebot3_perception/lib/turtlebot3_perception
[2.083s] Installing landmark_simulator script to /home/students/group_114/install/turtlebot3_perception/lib/turtlebot3_perception
[2.083s] Installing laserscan2lines script to /home/students/group_114/install/turtlebot3_perception/lib/turtlebot3_perception
[2.083s] 
[2.083s] Installed /home/students/group_114/build/turtlebot3_perception
[2.083s] running symlink_data
[2.117s] Invoked command in '/home/students/group_114/build/turtlebot3_perception' returned '0': CMAKE_PREFIX_PATH=/home/students/group_114/install/landmark_msgs:/home/students/group_114/install/turtlebot3_simulations:/home/students/group_114/install/turtlebot3_gazebo:/home/students/group_114/install/turtlebot3_fake_node:/opt/ros/tb3_ws/install/turtlebot3_simulations:/opt/ros/tb3_ws/install/turtlebot3_gazebo:/opt/ros/tb3_ws/install/turtlebot3_fake_node:/opt/ros/tb3_ws/install/ld08_driver LD_LIBRARY_PATH=/home/students/group_114/install/landmark_msgs/lib:/opt/ros/humble/opt/zenoh_cpp_vendor/lib:/usr/lib/x86_64-linux-gnu/gazebo-11/plugins:/opt/ros/humble/opt/rviz_ogre_vendor/lib:/opt/ros/humble/lib/x86_64-linux-gnu:/opt/ros/humble/lib:/usr/share/gazebo/../../lib/x86_64-linux-gnu/gazebo-11/plugins:/usr/share/gazebo/../../lib/x86_64-linux-gnu/gazebo-11/plugins:/usr/share/gazebo/../../lib/x86_64-linux-gnu/gazebo-11/plugins PYTHONPATH=/home/students/group_114/build/turtlebot3_perception/prefix_override:/usr/lib/python3/dist-packages/colcon_core/task/python/colcon_distutils_commands:/home/students/group_114/install/turtlebot3_perception/lib/python3.10/site-packages:${PYTHONPATH} /usr/bin/python3 -W ignore:setup.py install is deprecated -W ignore:easy_install command is deprecated setup.py develop --editable --build-directory /home/students/group_114/build/turtlebot3_perception/build --no-deps symlink_data
