[0.022s] Invoking command in '/home/students/group_114/build/landmark_msgs': CMAKE_PREFIX_PATH=${CMAKE_PREFIX_PATH}:/home/students/group_114/install/turtlebot3_perception:/home/students/group_114/install/lab02_pkg:/opt/ros/humble /usr/bin/cmake --build /home/students/group_114/build/landmark_msgs -- -j8 -l8
[0.243s] [  2%] Built target landmark_msgs__cpp
[0.243s] [  2%] Built target ament_cmake_python_symlink_landmark_msgs
[0.243s] [ 12%] Built target landmark_msgs__rosidl_typesupport_cpp
[0.243s] [ 23%] Built target landmark_msgs__rosidl_typesupport_fastrtps_cpp
[0.243s] [ 33%] Built target landmark_msgs__rosidl_generator_c
[0.243s] [ 43%] Built target landmark_msgs__rosidl_typesupport_introspection_cpp
[0.244s] [ 53%] Built target landmark_msgs__rosidl_typesupport_c
[0.253s] [ 64%] Built target landmark_msgs__rosidl_typesupport_introspection_c
[0.255s] [ 74%] Built target landmark_msgs__rosidl_typesupport_fastrtps_c
[0.286s] [ 74%] Built target landmark_msgs
[0.324s] [ 76%] Built target landmark_msgs__py
[0.372s] [ 84%] Built target landmark_msgs__rosidl_generator_py
[0.404s] running egg_info
[0.405s] writing landmark_msgs.egg-info/PKG-INFO
[0.409s] writing dependency_links to landmark_msgs.egg-info/dependency_links.txt
[0.409s] writing top-level names to landmark_msgs.egg-info/top_level.txt
[0.412s] [ 89%] Built target landmark_msgs__rosidl_typesupport_fastrtps_c__pyext
[0.416s] [ 94%] Built target landmark_msgs__rosidl_typesupport_introspection_c__pyext
[0.416s] reading manifest file 'landmark_msgs.egg-info/SOURCES.txt'
[0.417s] writing manifest file 'landmark_msgs.egg-info/SOURCES.txt'
[0.423s] [100%] Built target landmark_msgs__rosidl_typesupport_c__pyext
[0.447s] [100%] Built target ament_cmake_python_build_landmark_msgs_egg
[0.457s] Invoked command in '/home/students/group_114/build/landmark_msgs' returned '0': CMAKE_PREFIX_PATH=${CMAKE_PREFIX_PATH}:/home/students/group_114/install/turtlebot3_perception:/home/students/group_114/install/lab02_pkg:/opt/ros/humble /usr/bin/cmake --build /home/students/group_114/build/landmark_msgs -- -j8 -l8
[0.462s] Invoking command in '/home/students/group_114/build/landmark_msgs': CMAKE_PREFIX_PATH=${CMAKE_PREFIX_PATH}:/home/students/group_114/install/turtlebot3_perception:/home/students/group_114/install/lab02_pkg:/opt/ros/humble /usr/bin/cmake --install /home/students/group_114/build/landmark_msgs
[0.474s] -- Install configuration: ""
[0.481s] -- Execute custom install script
[0.484s] -- Up-to-date symlink: /home/students/group_114/install/landmark_msgs/share/ament_index/resource_index/rosidl_interfaces/landmark_msgs
[0.495s] -- Up-to-date symlink: /home/students/group_114/install/landmark_msgs/include/landmark_msgs/landmark_msgs/msg/detail/landmark__functions.h
[0.496s] -- Up-to-date symlink: /home/students/group_114/install/landmark_msgs/include/landmark_msgs/landmark_msgs/msg/detail/landmark__struct.h
[0.503s] -- Up-to-date symlink: /home/students/group_114/install/landmark_msgs/include/landmark_msgs/landmark_msgs/msg/detail/landmark__type_support.h
[0.504s] -- Up-to-date symlink: /home/students/group_114/install/landmark_msgs/include/landmark_msgs/landmark_msgs/msg/detail/landmark_array__functions.h
[0.505s] -- Up-to-date symlink: /home/students/group_114/install/landmark_msgs/include/landmark_msgs/landmark_msgs/msg/detail/landmark_array__struct.h
[0.509s] -- Up-to-date symlink: /home/students/group_114/install/landmark_msgs/include/landmark_msgs/landmark_msgs/msg/detail/landmark_array__type_support.h
[0.509s] -- Up-to-date symlink: /home/students/group_114/install/landmark_msgs/include/landmark_msgs/landmark_msgs/msg/landmark.h
[0.518s] -- Up-to-date symlink: /home/students/group_114/install/landmark_msgs/include/landmark_msgs/landmark_msgs/msg/landmark_array.h
[0.526s] -- Up-to-date symlink: /home/students/group_114/install/landmark_msgs/include/landmark_msgs/landmark_msgs/msg/rosidl_generator_c__visibility_control.h
[0.527s] -- Up-to-date symlink: /home/students/group_114/install/landmark_msgs/share/landmark_msgs/environment/library_path.sh
[0.527s] -- Up-to-date symlink: /home/students/group_114/install/landmark_msgs/share/landmark_msgs/environment/library_path.dsv
[0.535s] -- Up-to-date symlink: /home/students/group_114/install/landmark_msgs/include/landmark_msgs/landmark_msgs/msg/detail/landmark__rosidl_typesupport_fastrtps_c.h
[0.536s] -- Up-to-date symlink: /home/students/group_114/install/landmark_msgs/include/landmark_msgs/landmark_msgs/msg/detail/landmark_array__rosidl_typesupport_fastrtps_c.h
[0.541s] -- Up-to-date symlink: /home/students/group_114/install/landmark_msgs/include/landmark_msgs/landmark_msgs/msg/rosidl_typesupport_fastrtps_c__visibility_control.h
[0.545s] -- Up-to-date symlink: /home/students/group_114/install/landmark_msgs/include/landmark_msgs/landmark_msgs/msg/detail/landmark__rosidl_typesupport_introspection_c.h
[0.546s] -- Up-to-date symlink: /home/students/group_114/install/landmark_msgs/include/landmark_msgs/landmark_msgs/msg/detail/landmark_array__rosidl_typesupport_introspection_c.h
[0.546s] -- Up-to-date symlink: /home/students/group_114/install/landmark_msgs/include/landmark_msgs/landmark_msgs/msg/rosidl_typesupport_introspection_c__visibility_control.h
[0.546s] -- Up-to-date symlink: /home/students/group_114/install/landmark_msgs/include/landmark_msgs/landmark_msgs/msg/detail/landmark__builder.hpp
[0.547s] -- Up-to-date symlink: /home/students/group_114/install/landmark_msgs/include/landmark_msgs/landmark_msgs/msg/detail/landmark__struct.hpp
[0.549s] -- Up-to-date symlink: /home/students/group_114/install/landmark_msgs/include/landmark_msgs/landmark_msgs/msg/detail/landmark__traits.hpp
[0.549s] -- Up-to-date symlink: /home/students/group_114/install/landmark_msgs/include/landmark_msgs/landmark_msgs/msg/detail/landmark__type_support.hpp
[0.550s] -- Up-to-date symlink: /home/students/group_114/install/landmark_msgs/include/landmark_msgs/landmark_msgs/msg/detail/landmark_array__builder.hpp
[0.550s] -- Up-to-date symlink: /home/students/group_114/install/landmark_msgs/include/landmark_msgs/landmark_msgs/msg/detail/landmark_array__struct.hpp
[0.552s] -- Up-to-date symlink: /home/students/group_114/install/landmark_msgs/include/landmark_msgs/landmark_msgs/msg/detail/landmark_array__traits.hpp
[0.553s] -- Up-to-date symlink: /home/students/group_114/install/landmark_msgs/include/landmark_msgs/landmark_msgs/msg/detail/landmark_array__type_support.hpp
[0.553s] -- Up-to-date symlink: /home/students/group_114/install/landmark_msgs/include/landmark_msgs/landmark_msgs/msg/landmark.hpp
[0.554s] -- Up-to-date symlink: /home/students/group_114/install/landmark_msgs/include/landmark_msgs/landmark_msgs/msg/landmark_array.hpp
[0.555s] -- Up-to-date symlink: /home/students/group_114/install/landmark_msgs/include/landmark_msgs/landmark_msgs/msg/rosidl_generator_cpp__visibility_control.hpp
[0.555s] -- Up-to-date symlink: /home/students/group_114/install/landmark_msgs/include/landmark_msgs/landmark_msgs/msg/detail/landmark__rosidl_typesupport_fastrtps_cpp.hpp
[0.562s] -- Up-to-date symlink: /home/students/group_114/install/landmark_msgs/include/landmark_msgs/landmark_msgs/msg/detail/landmark_array__rosidl_typesupport_fastrtps_cpp.hpp
[0.562s] -- Up-to-date symlink: /home/students/group_114/install/landmark_msgs/include/landmark_msgs/landmark_msgs/msg/rosidl_typesupport_fastrtps_cpp__visibility_control.h
[0.564s] -- Up-to-date symlink: /home/students/group_114/install/landmark_msgs/include/landmark_msgs/landmark_msgs/msg/detail/landmark__rosidl_typesupport_introspection_cpp.hpp
[0.564s] -- Up-to-date symlink: /home/students/group_114/install/landmark_msgs/include/landmark_msgs/landmark_msgs/msg/detail/landmark_array__rosidl_typesupport_introspection_cpp.hpp
[0.564s] -- Up-to-date symlink: /home/students/group_114/install/landmark_msgs/share/landmark_msgs/environment/pythonpath.sh
[0.564s] -- Up-to-date symlink: /home/students/group_114/install/landmark_msgs/share/landmark_msgs/environment/pythonpath.dsv
[0.565s] -- Up-to-date symlink: /home/students/group_114/install/landmark_msgs/local/lib/python3.10/dist-packages/landmark_msgs-0.0.0-py3.10.egg-info/PKG-INFO
[0.566s] -- Up-to-date symlink: /home/students/group_114/install/landmark_msgs/local/lib/python3.10/dist-packages/landmark_msgs-0.0.0-py3.10.egg-info/SOURCES.txt
[0.567s] -- Up-to-date symlink: /home/students/group_114/install/landmark_msgs/local/lib/python3.10/dist-packages/landmark_msgs-0.0.0-py3.10.egg-info/dependency_links.txt
[0.568s] -- Up-to-date symlink: /home/students/group_114/install/landmark_msgs/local/lib/python3.10/dist-packages/landmark_msgs-0.0.0-py3.10.egg-info/top_level.txt
[0.569s] -- Up-to-date symlink: /home/students/group_114/install/landmark_msgs/local/lib/python3.10/dist-packages/landmark_msgs/__init__.py
[0.570s] -- Up-to-date symlink: /home/students/group_114/install/landmark_msgs/local/lib/python3.10/dist-packages/landmark_msgs/_landmark_msgs_s.ep.rosidl_typesupport_c.c
[0.571s] -- Up-to-date symlink: /home/students/group_114/install/landmark_msgs/local/lib/python3.10/dist-packages/landmark_msgs/_landmark_msgs_s.ep.rosidl_typesupport_fastrtps_c.c
[0.571s] -- Up-to-date symlink: /home/students/group_114/install/landmark_msgs/local/lib/python3.10/dist-packages/landmark_msgs/_landmark_msgs_s.ep.rosidl_typesupport_introspection_c.c
[0.572s] -- Up-to-date symlink: /home/students/group_114/install/landmark_msgs/local/lib/python3.10/dist-packages/landmark_msgs/landmark_msgs_s__rosidl_typesupport_c.cpython-310-x86_64-linux-gnu.so
[0.572s] -- Up-to-date symlink: /home/students/group_114/install/landmark_msgs/local/lib/python3.10/dist-packages/landmark_msgs/landmark_msgs_s__rosidl_typesupport_fastrtps_c.cpython-310-x86_64-linux-gnu.so
[0.572s] -- Up-to-date symlink: /home/students/group_114/install/landmark_msgs/local/lib/python3.10/dist-packages/landmark_msgs/landmark_msgs_s__rosidl_typesupport_introspection_c.cpython-310-x86_64-linux-gnu.so
[0.573s] -- Up-to-date symlink: /home/students/group_114/install/landmark_msgs/local/lib/python3.10/dist-packages/landmark_msgs/liblandmark_msgs__rosidl_generator_py.so
[0.573s] -- Up-to-date symlink: /home/students/group_114/install/landmark_msgs/local/lib/python3.10/dist-packages/landmark_msgs/msg/__init__.py
[0.573s] -- Up-to-date symlink: /home/students/group_114/install/landmark_msgs/local/lib/python3.10/dist-packages/landmark_msgs/msg/_landmark.py
[0.574s] -- Up-to-date symlink: /home/students/group_114/install/landmark_msgs/local/lib/python3.10/dist-packages/landmark_msgs/msg/_landmark_array.py
[0.575s] -- Up-to-date symlink: /home/students/group_114/install/landmark_msgs/local/lib/python3.10/dist-packages/landmark_msgs/msg/_landmark_array_s.c
[0.576s] -- Up-to-date symlink: /home/students/group_114/install/landmark_msgs/local/lib/python3.10/dist-packages/landmark_msgs/msg/_landmark_s.c
[0.577s] -- Up-to-date symlink: /home/students/group_114/install/landmark_msgs/local/lib/python3.10/dist-packages/landmark_msgs/landmark_msgs_s__rosidl_typesupport_fastrtps_c.cpython-310-x86_64-linux-gnu.so
[0.577s] -- Up-to-date symlink: /home/students/group_114/install/landmark_msgs/local/lib/python3.10/dist-packages/landmark_msgs/landmark_msgs_s__rosidl_typesupport_introspection_c.cpython-310-x86_64-linux-gnu.so
[0.577s] -- Up-to-date symlink: /home/students/group_114/install/landmark_msgs/local/lib/python3.10/dist-packages/landmark_msgs/landmark_msgs_s__rosidl_typesupport_c.cpython-310-x86_64-linux-gnu.so
[0.578s] -- Up-to-date symlink: /home/students/group_114/install/landmark_msgs/share/landmark_msgs/msg/Landmark.idl
[0.578s] -- Up-to-date symlink: /home/students/group_114/install/landmark_msgs/share/landmark_msgs/msg/LandmarkArray.idl
[0.578s] -- Up-to-date symlink: /home/students/group_114/install/landmark_msgs/share/landmark_msgs/msg/Landmark.msg
[0.579s] -- Up-to-date symlink: /home/students/group_114/install/landmark_msgs/share/landmark_msgs/msg/LandmarkArray.msg
[0.579s] -- Up-to-date symlink: /home/students/group_114/install/landmark_msgs/share/ament_index/resource_index/package_run_dependencies/landmark_msgs
[0.580s] -- Up-to-date symlink: /home/students/group_114/install/landmark_msgs/share/ament_index/resource_index/parent_prefix_path/landmark_msgs
[0.581s] -- Up-to-date symlink: /home/students/group_114/install/landmark_msgs/share/landmark_msgs/environment/ament_prefix_path.sh
[0.581s] -- Up-to-date symlink: /home/students/group_114/install/landmark_msgs/share/landmark_msgs/environment/ament_prefix_path.dsv
[0.583s] -- Up-to-date symlink: /home/students/group_114/install/landmark_msgs/share/landmark_msgs/environment/path.sh
[0.583s] -- Up-to-date symlink: /home/students/group_114/install/landmark_msgs/share/landmark_msgs/environment/path.dsv
[0.585s] -- Up-to-date symlink: /home/students/group_114/install/landmark_msgs/share/landmark_msgs/local_setup.bash
[0.585s] -- Up-to-date symlink: /home/students/group_114/install/landmark_msgs/share/landmark_msgs/local_setup.sh
[0.587s] -- Up-to-date symlink: /home/students/group_114/install/landmark_msgs/share/landmark_msgs/local_setup.zsh
[0.587s] -- Up-to-date symlink: /home/students/group_114/install/landmark_msgs/share/landmark_msgs/local_setup.dsv
[0.587s] -- Symlinking: /home/students/group_114/install/landmark_msgs/share/landmark_msgs/package.dsv
[0.598s] -- Up-to-date symlink: /home/students/group_114/install/landmark_msgs/share/ament_index/resource_index/packages/landmark_msgs
[0.599s] -- Up-to-date symlink: /home/students/group_114/install/landmark_msgs/share/landmark_msgs/cmake/rosidl_cmake-extras.cmake
[0.601s] -- Up-to-date symlink: /home/students/group_114/install/landmark_msgs/share/landmark_msgs/cmake/ament_cmake_export_dependencies-extras.cmake
[0.601s] -- Up-to-date symlink: /home/students/group_114/install/landmark_msgs/share/landmark_msgs/cmake/ament_cmake_export_include_directories-extras.cmake
[0.603s] -- Up-to-date symlink: /home/students/group_114/install/landmark_msgs/share/landmark_msgs/cmake/ament_cmake_export_libraries-extras.cmake
[0.603s] -- Up-to-date symlink: /home/students/group_114/install/landmark_msgs/share/landmark_msgs/cmake/ament_cmake_export_targets-extras.cmake
[0.605s] -- Up-to-date symlink: /home/students/group_114/install/landmark_msgs/share/landmark_msgs/cmake/rosidl_cmake_export_typesupport_targets-extras.cmake
[0.608s] -- Up-to-date symlink: /home/students/group_114/install/landmark_msgs/share/landmark_msgs/cmake/rosidl_cmake_export_typesupport_libraries-extras.cmake
[0.609s] -- Up-to-date symlink: /home/students/group_114/install/landmark_msgs/share/landmark_msgs/cmake/landmark_msgsConfig.cmake
[0.609s] -- Up-to-date symlink: /home/students/group_114/install/landmark_msgs/share/landmark_msgs/cmake/landmark_msgsConfig-version.cmake
[0.610s] -- Up-to-date symlink: /home/students/group_114/install/landmark_msgs/share/landmark_msgs/package.xml
[0.613s] -- Up-to-date: /home/students/group_114/install/landmark_msgs/lib/liblandmark_msgs__rosidl_generator_c.so
[0.627s] -- Up-to-date: /home/students/group_114/install/landmark_msgs/lib/liblandmark_msgs__rosidl_typesupport_fastrtps_c.so
[0.636s] -- Up-to-date: /home/students/group_114/install/landmark_msgs/lib/liblandmark_msgs__rosidl_typesupport_introspection_c.so
[0.639s] -- Up-to-date: /home/students/group_114/install/landmark_msgs/lib/liblandmark_msgs__rosidl_typesupport_c.so
[0.640s] -- Up-to-date: /home/students/group_114/install/landmark_msgs/lib/liblandmark_msgs__rosidl_typesupport_fastrtps_cpp.so
[0.641s] -- Up-to-date: /home/students/group_114/install/landmark_msgs/lib/liblandmark_msgs__rosidl_typesupport_introspection_cpp.so
[0.642s] -- Up-to-date: /home/students/group_114/install/landmark_msgs/lib/liblandmark_msgs__rosidl_typesupport_cpp.so
[0.697s] Listing '/home/students/group_114/install/landmark_msgs/local/lib/python3.10/dist-packages/landmark_msgs'...
[0.697s] Listing '/home/students/group_114/install/landmark_msgs/local/lib/python3.10/dist-packages/landmark_msgs/msg'...
[0.700s] -- Up-to-date: /home/students/group_114/install/landmark_msgs/lib/liblandmark_msgs__rosidl_generator_py.so
[0.702s] -- Up-to-date: /home/students/group_114/install/landmark_msgs/share/landmark_msgs/cmake/export_landmark_msgs__rosidl_generator_cExport.cmake
[0.702s] -- Up-to-date: /home/students/group_114/install/landmark_msgs/share/landmark_msgs/cmake/export_landmark_msgs__rosidl_generator_cExport-noconfig.cmake
[0.702s] -- Up-to-date: /home/students/group_114/install/landmark_msgs/share/landmark_msgs/cmake/export_landmark_msgs__rosidl_typesupport_fastrtps_cExport.cmake
[0.702s] -- Up-to-date: /home/students/group_114/install/landmark_msgs/share/landmark_msgs/cmake/export_landmark_msgs__rosidl_typesupport_fastrtps_cExport-noconfig.cmake
[0.703s] -- Up-to-date: /home/students/group_114/install/landmark_msgs/share/landmark_msgs/cmake/landmark_msgs__rosidl_typesupport_introspection_cExport.cmake
[0.703s] -- Up-to-date: /home/students/group_114/install/landmark_msgs/share/landmark_msgs/cmake/landmark_msgs__rosidl_typesupport_introspection_cExport-noconfig.cmake
[0.703s] -- Up-to-date: /home/students/group_114/install/landmark_msgs/share/landmark_msgs/cmake/landmark_msgs__rosidl_typesupport_cExport.cmake
[0.703s] -- Up-to-date: /home/students/group_114/install/landmark_msgs/share/landmark_msgs/cmake/landmark_msgs__rosidl_typesupport_cExport-noconfig.cmake
[0.703s] -- Up-to-date: /home/students/group_114/install/landmark_msgs/share/landmark_msgs/cmake/export_landmark_msgs__rosidl_generator_cppExport.cmake
[0.704s] -- Up-to-date: /home/students/group_114/install/landmark_msgs/share/landmark_msgs/cmake/export_landmark_msgs__rosidl_typesupport_fastrtps_cppExport.cmake
[0.704s] -- Up-to-date: /home/students/group_114/install/landmark_msgs/share/landmark_msgs/cmake/export_landmark_msgs__rosidl_typesupport_fastrtps_cppExport-noconfig.cmake
[0.706s] -- Up-to-date: /home/students/group_114/install/landmark_msgs/share/landmark_msgs/cmake/landmark_msgs__rosidl_typesupport_introspection_cppExport.cmake
[0.706s] -- Up-to-date: /home/students/group_114/install/landmark_msgs/share/landmark_msgs/cmake/landmark_msgs__rosidl_typesupport_introspection_cppExport-noconfig.cmake
[0.706s] -- Up-to-date: /home/students/group_114/install/landmark_msgs/share/landmark_msgs/cmake/landmark_msgs__rosidl_typesupport_cppExport.cmake
[0.706s] -- Up-to-date: /home/students/group_114/install/landmark_msgs/share/landmark_msgs/cmake/landmark_msgs__rosidl_typesupport_cppExport-noconfig.cmake
[0.706s] -- Up-to-date: /home/students/group_114/install/landmark_msgs/share/landmark_msgs/cmake/export_landmark_msgs__rosidl_generator_pyExport.cmake
[0.706s] -- Up-to-date: /home/students/group_114/install/landmark_msgs/share/landmark_msgs/cmake/export_landmark_msgs__rosidl_generator_pyExport-noconfig.cmake
[0.710s] Invoked command in '/home/students/group_114/build/landmark_msgs' returned '0': CMAKE_PREFIX_PATH=${CMAKE_PREFIX_PATH}:/home/students/group_114/install/turtlebot3_perception:/home/students/group_114/install/lab02_pkg:/opt/ros/humble /usr/bin/cmake --install /home/students/group_114/build/landmark_msgs
