[0.673s] Invoking command in '/home/students/group_114/build/lab04_pkg': CMAKE_PREFIX_PATH=/home/students/group_114/install/landmark_msgs:/home/students/group_114/install/turtlebot3_simulations:/home/students/group_114/install/turtlebot3_gazebo:/home/students/group_114/install/turtlebot3_fake_node:/opt/ros/tb3_ws/install/turtlebot3_simulations:/opt/ros/tb3_ws/install/turtlebot3_gazebo:/opt/ros/tb3_ws/install/turtlebot3_fake_node:/opt/ros/tb3_ws/install/ld08_driver LD_LIBRARY_PATH=/home/students/group_114/install/landmark_msgs/lib:/opt/ros/humble/opt/zenoh_cpp_vendor/lib:/usr/lib/x86_64-linux-gnu/gazebo-11/plugins:/opt/ros/humble/opt/rviz_ogre_vendor/lib:/opt/ros/humble/lib/x86_64-linux-gnu:/opt/ros/humble/lib:/usr/share/gazebo/../../lib/x86_64-linux-gnu/gazebo-11/plugins:/usr/share/gazebo/../../lib/x86_64-linux-gnu/gazebo-11/plugins:/usr/share/gazebo/../../lib/x86_64-linux-gnu/gazebo-11/plugins PYTHONPATH=/home/students/group_114/build/lab04_pkg/prefix_override:/usr/lib/python3/dist-packages/colcon_core/task/python/colcon_distutils_commands:/home/students/group_114/install/lab04_pkg/lib/python3.10/site-packages:${PYTHONPATH} /usr/bin/python3 -W ignore:setup.py install is deprecated -W ignore:easy_install command is deprecated setup.py develop --editable --build-directory /home/students/group_114/build/lab04_pkg/build --no-deps symlink_data
[0.871s] running develop
[0.984s] running egg_info
[0.984s] creating lab04_pkg.egg-info
[0.984s] writing lab04_pkg.egg-info/PKG-INFO
[0.984s] writing dependency_links to lab04_pkg.egg-info/dependency_links.txt
[0.984s] writing entry points to lab04_pkg.egg-info/entry_points.txt
[0.984s] writing requirements to lab04_pkg.egg-info/requires.txt
[0.985s] writing top-level names to lab04_pkg.egg-info/top_level.txt
[0.985s] writing manifest file 'lab04_pkg.egg-info/SOURCES.txt'
[0.985s] reading manifest file 'lab04_pkg.egg-info/SOURCES.txt'
[0.986s] writing manifest file 'lab04_pkg.egg-info/SOURCES.txt'
[0.987s] running build_ext
[0.987s] Creating /home/students/group_114/install/lab04_pkg/lib/python3.10/site-packages/lab04-pkg.egg-link (link to .)
[0.987s] Installing task_1 script to /home/students/group_114/install/lab04_pkg/lib/lab04_pkg
[0.987s] Installing task_2 script to /home/students/group_114/install/lab04_pkg/lib/lab04_pkg
[0.988s] Installing task_3 script to /home/students/group_114/install/lab04_pkg/lib/lab04_pkg
[0.988s] 
[0.988s] Installed /home/students/group_114/build/lab04_pkg
[0.988s] running symlink_data
[0.988s] creating /home/students/group_114/install/lab04_pkg/share/ament_index
[0.988s] creating /home/students/group_114/install/lab04_pkg/share/ament_index/resource_index
[0.988s] creating /home/students/group_114/install/lab04_pkg/share/ament_index/resource_index/packages
[0.988s] symbolically linking /home/students/group_114/build/lab04_pkg/resource/lab04_pkg -> /home/students/group_114/install/lab04_pkg/share/ament_index/resource_index/packages
[0.988s] symbolically linking /home/students/group_114/build/lab04_pkg/package.xml -> /home/students/group_114/install/lab04_pkg/share/lab04_pkg
[0.989s] creating /home/students/group_114/install/lab04_pkg/share/lab04_pkg/config
[0.989s] creating /home/students/group_114/install/lab04_pkg/share/lab04_pkg/launch
[0.989s] symbolically linking /home/students/group_114/build/lab04_pkg/launch/task1.launch.py -> /home/students/group_114/install/lab04_pkg/share/lab04_pkg/launch
[0.989s] symbolically linking /home/students/group_114/build/lab04_pkg/launch/task3.launch.py -> /home/students/group_114/install/lab04_pkg/share/lab04_pkg/launch
[1.013s] Invoked command in '/home/students/group_114/build/lab04_pkg' returned '0': CMAKE_PREFIX_PATH=/home/students/group_114/install/landmark_msgs:/home/students/group_114/install/turtlebot3_simulations:/home/students/group_114/install/turtlebot3_gazebo:/home/students/group_114/install/turtlebot3_fake_node:/opt/ros/tb3_ws/install/turtlebot3_simulations:/opt/ros/tb3_ws/install/turtlebot3_gazebo:/opt/ros/tb3_ws/install/turtlebot3_fake_node:/opt/ros/tb3_ws/install/ld08_driver LD_LIBRARY_PATH=/home/students/group_114/install/landmark_msgs/lib:/opt/ros/humble/opt/zenoh_cpp_vendor/lib:/usr/lib/x86_64-linux-gnu/gazebo-11/plugins:/opt/ros/humble/opt/rviz_ogre_vendor/lib:/opt/ros/humble/lib/x86_64-linux-gnu:/opt/ros/humble/lib:/usr/share/gazebo/../../lib/x86_64-linux-gnu/gazebo-11/plugins:/usr/share/gazebo/../../lib/x86_64-linux-gnu/gazebo-11/plugins:/usr/share/gazebo/../../lib/x86_64-linux-gnu/gazebo-11/plugins PYTHONPATH=/home/students/group_114/build/lab04_pkg/prefix_override:/usr/lib/python3/dist-packages/colcon_core/task/python/colcon_distutils_commands:/home/students/group_114/install/lab04_pkg/lib/python3.10/site-packages:${PYTHONPATH} /usr/bin/python3 -W ignore:setup.py install is deprecated -W ignore:easy_install command is deprecated setup.py develop --editable --build-directory /home/students/group_114/build/lab04_pkg/build --no-deps symlink_data
