[0.380s] DEBUG:colcon:Command line arguments: ['/usr/bin/colcon', 'build', '--symlink-install']
[0.380s] DEBUG:colcon:Parsed command line arguments: Namespace(log_base=None, log_level=None, verb_name='build', build_base='build', install_base='install', merge_install=False, symlink_install=True, test_result_base=None, continue_on_error=False, executor='parallel', parallel_workers=8, event_handlers=None, ignore_user_meta=False, metas=['./colcon.meta'], base_paths=['.'], packages_ignore=None, packages_ignore_regex=None, paths=None, packages_up_to=None, packages_up_to_regex=None, packages_above=None, packages_above_and_dependencies=None, packages_above_depth=None, packages_select_by_dep=None, packages_skip_by_dep=None, packages_skip_up_to=None, packages_select_build_failed=False, packages_skip_build_finished=False, packages_select_test_failures=False, packages_skip_test_passed=False, packages_select=None, packages_skip=None, packages_select_regex=None, packages_skip_regex=None, packages_start=None, packages_end=None, allow_overriding=[], cmake_args=None, cmake_target=None, cmake_target_skip_unavailable=False, cmake_clean_cache=False, cmake_clean_first=False, cmake_force_configure=False, ament_cmake_args=None, catkin_cmake_args=None, catkin_skip_building_tests=False, mixin_files=None, mixin=None, verb_parser=<colcon_mixin.mixin.mixin_argument.MixinArgumentDecorator object at 0x777013e983d0>, verb_extension=<colcon_core.verb.build.BuildVerb object at 0x777013e5fd90>, main=<bound method BuildVerb.main of <colcon_core.verb.build.BuildVerb object at 0x777013e5fd90>>, mixin_verb=('build',))
[0.657s] Level 1:colcon.colcon_core.package_discovery:discover_packages(colcon_meta) check parameters
[0.657s] Level 1:colcon.colcon_core.package_discovery:discover_packages(recursive) check parameters
[0.657s] Level 1:colcon.colcon_core.package_discovery:discover_packages(ignore) check parameters
[0.657s] Level 1:colcon.colcon_core.package_discovery:discover_packages(path) check parameters
[0.657s] Level 1:colcon.colcon_core.package_discovery:discover_packages(colcon_meta) discover
[0.657s] Level 1:colcon.colcon_core.package_discovery:discover_packages(recursive) discover
[0.657s] INFO:colcon.colcon_core.package_discovery:Crawling recursively for packages in '/home/students/group_114'
[0.657s] Level 1:colcon.colcon_core.package_identification:_identify(.) by extensions ['ignore', 'ignore_ament_install']
[0.657s] Level 1:colcon.colcon_core.package_identification:_identify(.) by extension 'ignore'
[0.657s] Level 1:colcon.colcon_core.package_identification:_identify(.) by extension 'ignore_ament_install'
[0.657s] Level 1:colcon.colcon_core.package_identification:_identify(.) by extensions ['colcon_pkg']
[0.657s] Level 1:colcon.colcon_core.package_identification:_identify(.) by extension 'colcon_pkg'
[0.657s] Level 1:colcon.colcon_core.package_identification:_identify(.) by extensions ['colcon_meta']
[0.657s] Level 1:colcon.colcon_core.package_identification:_identify(.) by extension 'colcon_meta'
[0.657s] Level 1:colcon.colcon_core.package_identification:_identify(.) by extensions ['ros']
[0.657s] Level 1:colcon.colcon_core.package_identification:_identify(.) by extension 'ros'
[0.679s] Level 1:colcon.colcon_core.package_identification:_identify(.) by extensions ['cmake', 'python']
[0.679s] Level 1:colcon.colcon_core.package_identification:_identify(.) by extension 'cmake'
[0.679s] Level 1:colcon.colcon_core.package_identification:_identify(.) by extension 'python'
[0.679s] Level 1:colcon.colcon_core.package_identification:_identify(.) by extensions ['python_setup_py']
[0.679s] Level 1:colcon.colcon_core.package_identification:_identify(.) by extension 'python_setup_py'
[0.679s] Level 1:colcon.colcon_core.package_identification:_identify(build) by extensions ['ignore', 'ignore_ament_install']
[0.679s] Level 1:colcon.colcon_core.package_identification:_identify(build) by extension 'ignore'
[0.679s] Level 1:colcon.colcon_core.package_identification:_identify(build) ignored
[0.679s] Level 1:colcon.colcon_core.package_identification:_identify(install) by extensions ['ignore', 'ignore_ament_install']
[0.679s] Level 1:colcon.colcon_core.package_identification:_identify(install) by extension 'ignore'
[0.679s] Level 1:colcon.colcon_core.package_identification:_identify(install) ignored
[0.679s] Level 1:colcon.colcon_core.package_identification:_identify(log) by extensions ['ignore', 'ignore_ament_install']
[0.679s] Level 1:colcon.colcon_core.package_identification:_identify(log) by extension 'ignore'
[0.679s] Level 1:colcon.colcon_core.package_identification:_identify(log) ignored
[0.679s] Level 1:colcon.colcon_core.package_identification:_identify(src) by extensions ['ignore', 'ignore_ament_install']
[0.679s] Level 1:colcon.colcon_core.package_identification:_identify(src) by extension 'ignore'
[0.679s] Level 1:colcon.colcon_core.package_identification:_identify(src) by extension 'ignore_ament_install'
[0.679s] Level 1:colcon.colcon_core.package_identification:_identify(src) by extensions ['colcon_pkg']
[0.679s] Level 1:colcon.colcon_core.package_identification:_identify(src) by extension 'colcon_pkg'
[0.679s] Level 1:colcon.colcon_core.package_identification:_identify(src) by extensions ['colcon_meta']
[0.679s] Level 1:colcon.colcon_core.package_identification:_identify(src) by extension 'colcon_meta'
[0.679s] Level 1:colcon.colcon_core.package_identification:_identify(src) by extensions ['ros']
[0.680s] Level 1:colcon.colcon_core.package_identification:_identify(src) by extension 'ros'
[0.680s] Level 1:colcon.colcon_core.package_identification:_identify(src) by extensions ['cmake', 'python']
[0.680s] Level 1:colcon.colcon_core.package_identification:_identify(src) by extension 'cmake'
[0.680s] Level 1:colcon.colcon_core.package_identification:_identify(src) by extension 'python'
[0.680s] Level 1:colcon.colcon_core.package_identification:_identify(src) by extensions ['python_setup_py']
[0.680s] Level 1:colcon.colcon_core.package_identification:_identify(src) by extension 'python_setup_py'
[0.680s] Level 1:colcon.colcon_core.package_identification:_identify(src/lab02_pkg) by extensions ['ignore', 'ignore_ament_install']
[0.680s] Level 1:colcon.colcon_core.package_identification:_identify(src/lab02_pkg) by extension 'ignore'
[0.680s] Level 1:colcon.colcon_core.package_identification:_identify(src/lab02_pkg) by extension 'ignore_ament_install'
[0.680s] Level 1:colcon.colcon_core.package_identification:_identify(src/lab02_pkg) by extensions ['colcon_pkg']
[0.680s] Level 1:colcon.colcon_core.package_identification:_identify(src/lab02_pkg) by extension 'colcon_pkg'
[0.680s] Level 1:colcon.colcon_core.package_identification:_identify(src/lab02_pkg) by extensions ['colcon_meta']
[0.680s] Level 1:colcon.colcon_core.package_identification:_identify(src/lab02_pkg) by extension 'colcon_meta'
[0.680s] Level 1:colcon.colcon_core.package_identification:_identify(src/lab02_pkg) by extensions ['ros']
[0.680s] Level 1:colcon.colcon_core.package_identification:_identify(src/lab02_pkg) by extension 'ros'
[0.688s] DEBUG:colcon.colcon_core.package_identification:Package 'src/lab02_pkg' with type 'ros.ament_python' and name 'lab02_pkg'
[0.689s] Level 1:colcon.colcon_core.package_identification:_identify(src/lab04_pkg) by extensions ['ignore', 'ignore_ament_install']
[0.689s] Level 1:colcon.colcon_core.package_identification:_identify(src/lab04_pkg) by extension 'ignore'
[0.689s] Level 1:colcon.colcon_core.package_identification:_identify(src/lab04_pkg) by extension 'ignore_ament_install'
[0.689s] Level 1:colcon.colcon_core.package_identification:_identify(src/lab04_pkg) by extensions ['colcon_pkg']
[0.689s] Level 1:colcon.colcon_core.package_identification:_identify(src/lab04_pkg) by extension 'colcon_pkg'
[0.689s] Level 1:colcon.colcon_core.package_identification:_identify(src/lab04_pkg) by extensions ['colcon_meta']
[0.689s] Level 1:colcon.colcon_core.package_identification:_identify(src/lab04_pkg) by extension 'colcon_meta'
[0.689s] Level 1:colcon.colcon_core.package_identification:_identify(src/lab04_pkg) by extensions ['ros']
[0.689s] Level 1:colcon.colcon_core.package_identification:_identify(src/lab04_pkg) by extension 'ros'
[0.689s] DEBUG:colcon.colcon_core.package_identification:Package 'src/lab04_pkg' with type 'ros.ament_python' and name 'lab04_pkg'
[0.690s] Level 1:colcon.colcon_core.package_identification:_identify(src/turtlebot3_perception) by extensions ['ignore', 'ignore_ament_install']
[0.690s] Level 1:colcon.colcon_core.package_identification:_identify(src/turtlebot3_perception) by extension 'ignore'
[0.690s] Level 1:colcon.colcon_core.package_identification:_identify(src/turtlebot3_perception) by extension 'ignore_ament_install'
[0.690s] Level 1:colcon.colcon_core.package_identification:_identify(src/turtlebot3_perception) by extensions ['colcon_pkg']
[0.690s] Level 1:colcon.colcon_core.package_identification:_identify(src/turtlebot3_perception) by extension 'colcon_pkg'
[0.690s] Level 1:colcon.colcon_core.package_identification:_identify(src/turtlebot3_perception) by extensions ['colcon_meta']
[0.690s] Level 1:colcon.colcon_core.package_identification:_identify(src/turtlebot3_perception) by extension 'colcon_meta'
[0.690s] Level 1:colcon.colcon_core.package_identification:_identify(src/turtlebot3_perception) by extensions ['ros']
[0.690s] Level 1:colcon.colcon_core.package_identification:_identify(src/turtlebot3_perception) by extension 'ros'
[0.690s] Level 1:colcon.colcon_core.package_identification:_identify(src/turtlebot3_perception) by extensions ['cmake', 'python']
[0.690s] Level 1:colcon.colcon_core.package_identification:_identify(src/turtlebot3_perception) by extension 'cmake'
[0.690s] Level 1:colcon.colcon_core.package_identification:_identify(src/turtlebot3_perception) by extension 'python'
[0.690s] Level 1:colcon.colcon_core.package_identification:_identify(src/turtlebot3_perception) by extensions ['python_setup_py']
[0.690s] Level 1:colcon.colcon_core.package_identification:_identify(src/turtlebot3_perception) by extension 'python_setup_py'
[0.690s] Level 1:colcon.colcon_core.package_identification:_identify(src/turtlebot3_perception/landmark_msgs) by extensions ['ignore', 'ignore_ament_install']
[0.690s] Level 1:colcon.colcon_core.package_identification:_identify(src/turtlebot3_perception/landmark_msgs) by extension 'ignore'
[0.690s] Level 1:colcon.colcon_core.package_identification:_identify(src/turtlebot3_perception/landmark_msgs) by extension 'ignore_ament_install'
[0.690s] Level 1:colcon.colcon_core.package_identification:_identify(src/turtlebot3_perception/landmark_msgs) by extensions ['colcon_pkg']
[0.690s] Level 1:colcon.colcon_core.package_identification:_identify(src/turtlebot3_perception/landmark_msgs) by extension 'colcon_pkg'
[0.690s] Level 1:colcon.colcon_core.package_identification:_identify(src/turtlebot3_perception/landmark_msgs) by extensions ['colcon_meta']
[0.690s] Level 1:colcon.colcon_core.package_identification:_identify(src/turtlebot3_perception/landmark_msgs) by extension 'colcon_meta'
[0.690s] Level 1:colcon.colcon_core.package_identification:_identify(src/turtlebot3_perception/landmark_msgs) by extensions ['ros']
[0.690s] Level 1:colcon.colcon_core.package_identification:_identify(src/turtlebot3_perception/landmark_msgs) by extension 'ros'
[0.691s] DEBUG:colcon.colcon_core.package_identification:Package 'src/turtlebot3_perception/landmark_msgs' with type 'ros.ament_cmake' and name 'landmark_msgs'
[0.691s] Level 1:colcon.colcon_core.package_identification:_identify(src/turtlebot3_perception/turtlebot3_perception) by extensions ['ignore', 'ignore_ament_install']
[0.691s] Level 1:colcon.colcon_core.package_identification:_identify(src/turtlebot3_perception/turtlebot3_perception) by extension 'ignore'
[0.691s] Level 1:colcon.colcon_core.package_identification:_identify(src/turtlebot3_perception/turtlebot3_perception) by extension 'ignore_ament_install'
[0.691s] Level 1:colcon.colcon_core.package_identification:_identify(src/turtlebot3_perception/turtlebot3_perception) by extensions ['colcon_pkg']
[0.691s] Level 1:colcon.colcon_core.package_identification:_identify(src/turtlebot3_perception/turtlebot3_perception) by extension 'colcon_pkg'
[0.691s] Level 1:colcon.colcon_core.package_identification:_identify(src/turtlebot3_perception/turtlebot3_perception) by extensions ['colcon_meta']
[0.691s] Level 1:colcon.colcon_core.package_identification:_identify(src/turtlebot3_perception/turtlebot3_perception) by extension 'colcon_meta'
[0.691s] Level 1:colcon.colcon_core.package_identification:_identify(src/turtlebot3_perception/turtlebot3_perception) by extensions ['ros']
[0.691s] Level 1:colcon.colcon_core.package_identification:_identify(src/turtlebot3_perception/turtlebot3_perception) by extension 'ros'
[0.692s] DEBUG:colcon.colcon_core.package_identification:Package 'src/turtlebot3_perception/turtlebot3_perception' with type 'ros.ament_python' and name 'turtlebot3_perception'
[0.692s] Level 1:colcon.colcon_core.package_identification:_identify(src/turtlebot3_simulations) by extensions ['ignore', 'ignore_ament_install']
[0.692s] Level 1:colcon.colcon_core.package_identification:_identify(src/turtlebot3_simulations) by extension 'ignore'
[0.692s] Level 1:colcon.colcon_core.package_identification:_identify(src/turtlebot3_simulations) by extension 'ignore_ament_install'
[0.692s] Level 1:colcon.colcon_core.package_identification:_identify(src/turtlebot3_simulations) by extensions ['colcon_pkg']
[0.692s] Level 1:colcon.colcon_core.package_identification:_identify(src/turtlebot3_simulations) by extension 'colcon_pkg'
[0.692s] Level 1:colcon.colcon_core.package_identification:_identify(src/turtlebot3_simulations) by extensions ['colcon_meta']
[0.692s] Level 1:colcon.colcon_core.package_identification:_identify(src/turtlebot3_simulations) by extension 'colcon_meta'
[0.692s] Level 1:colcon.colcon_core.package_identification:_identify(src/turtlebot3_simulations) by extensions ['ros']
[0.692s] Level 1:colcon.colcon_core.package_identification:_identify(src/turtlebot3_simulations) by extension 'ros'
[0.692s] Level 1:colcon.colcon_core.package_identification:_identify(src/turtlebot3_simulations) by extensions ['cmake', 'python']
[0.692s] Level 1:colcon.colcon_core.package_identification:_identify(src/turtlebot3_simulations) by extension 'cmake'
[0.692s] Level 1:colcon.colcon_core.package_identification:_identify(src/turtlebot3_simulations) by extension 'python'
[0.692s] Level 1:colcon.colcon_core.package_identification:_identify(src/turtlebot3_simulations) by extensions ['python_setup_py']
[0.692s] Level 1:colcon.colcon_core.package_identification:_identify(src/turtlebot3_simulations) by extension 'python_setup_py'
[0.692s] Level 1:colcon.colcon_core.package_identification:_identify(src/turtlebot3_simulations/turtlebot3_fake_node) by extensions ['ignore', 'ignore_ament_install']
[0.692s] Level 1:colcon.colcon_core.package_identification:_identify(src/turtlebot3_simulations/turtlebot3_fake_node) by extension 'ignore'
[0.692s] Level 1:colcon.colcon_core.package_identification:_identify(src/turtlebot3_simulations/turtlebot3_fake_node) by extension 'ignore_ament_install'
[0.693s] Level 1:colcon.colcon_core.package_identification:_identify(src/turtlebot3_simulations/turtlebot3_fake_node) by extensions ['colcon_pkg']
[0.693s] Level 1:colcon.colcon_core.package_identification:_identify(src/turtlebot3_simulations/turtlebot3_fake_node) by extension 'colcon_pkg'
[0.693s] Level 1:colcon.colcon_core.package_identification:_identify(src/turtlebot3_simulations/turtlebot3_fake_node) by extensions ['colcon_meta']
[0.693s] Level 1:colcon.colcon_core.package_identification:_identify(src/turtlebot3_simulations/turtlebot3_fake_node) by extension 'colcon_meta'
[0.693s] Level 1:colcon.colcon_core.package_identification:_identify(src/turtlebot3_simulations/turtlebot3_fake_node) by extensions ['ros']
[0.693s] Level 1:colcon.colcon_core.package_identification:_identify(src/turtlebot3_simulations/turtlebot3_fake_node) by extension 'ros'
[0.693s] DEBUG:colcon.colcon_core.package_identification:Package 'src/turtlebot3_simulations/turtlebot3_fake_node' with type 'ros.ament_cmake' and name 'turtlebot3_fake_node'
[0.693s] Level 1:colcon.colcon_core.package_identification:_identify(src/turtlebot3_simulations/turtlebot3_gazebo) by extensions ['ignore', 'ignore_ament_install']
[0.693s] Level 1:colcon.colcon_core.package_identification:_identify(src/turtlebot3_simulations/turtlebot3_gazebo) by extension 'ignore'
[0.693s] Level 1:colcon.colcon_core.package_identification:_identify(src/turtlebot3_simulations/turtlebot3_gazebo) by extension 'ignore_ament_install'
[0.693s] Level 1:colcon.colcon_core.package_identification:_identify(src/turtlebot3_simulations/turtlebot3_gazebo) by extensions ['colcon_pkg']
[0.693s] Level 1:colcon.colcon_core.package_identification:_identify(src/turtlebot3_simulations/turtlebot3_gazebo) by extension 'colcon_pkg'
[0.694s] Level 1:colcon.colcon_core.package_identification:_identify(src/turtlebot3_simulations/turtlebot3_gazebo) by extensions ['colcon_meta']
[0.694s] Level 1:colcon.colcon_core.package_identification:_identify(src/turtlebot3_simulations/turtlebot3_gazebo) by extension 'colcon_meta'
[0.694s] Level 1:colcon.colcon_core.package_identification:_identify(src/turtlebot3_simulations/turtlebot3_gazebo) by extensions ['ros']
[0.694s] Level 1:colcon.colcon_core.package_identification:_identify(src/turtlebot3_simulations/turtlebot3_gazebo) by extension 'ros'
[0.694s] DEBUG:colcon.colcon_core.package_identification:Package 'src/turtlebot3_simulations/turtlebot3_gazebo' with type 'ros.ament_cmake' and name 'turtlebot3_gazebo'
[0.694s] Level 1:colcon.colcon_core.package_identification:_identify(src/turtlebot3_simulations/turtlebot3_ignition) by extensions ['ignore', 'ignore_ament_install']
[0.694s] Level 1:colcon.colcon_core.package_identification:_identify(src/turtlebot3_simulations/turtlebot3_ignition) by extension 'ignore'
[0.694s] Level 1:colcon.colcon_core.package_identification:_identify(src/turtlebot3_simulations/turtlebot3_ignition) ignored
[0.694s] Level 1:colcon.colcon_core.package_identification:_identify(src/turtlebot3_simulations/turtlebot3_simulations) by extensions ['ignore', 'ignore_ament_install']
[0.694s] Level 1:colcon.colcon_core.package_identification:_identify(src/turtlebot3_simulations/turtlebot3_simulations) by extension 'ignore'
[0.694s] Level 1:colcon.colcon_core.package_identification:_identify(src/turtlebot3_simulations/turtlebot3_simulations) by extension 'ignore_ament_install'
[0.694s] Level 1:colcon.colcon_core.package_identification:_identify(src/turtlebot3_simulations/turtlebot3_simulations) by extensions ['colcon_pkg']
[0.694s] Level 1:colcon.colcon_core.package_identification:_identify(src/turtlebot3_simulations/turtlebot3_simulations) by extension 'colcon_pkg'
[0.694s] Level 1:colcon.colcon_core.package_identification:_identify(src/turtlebot3_simulations/turtlebot3_simulations) by extensions ['colcon_meta']
[0.694s] Level 1:colcon.colcon_core.package_identification:_identify(src/turtlebot3_simulations/turtlebot3_simulations) by extension 'colcon_meta'
[0.695s] Level 1:colcon.colcon_core.package_identification:_identify(src/turtlebot3_simulations/turtlebot3_simulations) by extensions ['ros']
[0.695s] Level 1:colcon.colcon_core.package_identification:_identify(src/turtlebot3_simulations/turtlebot3_simulations) by extension 'ros'
[0.695s] DEBUG:colcon.colcon_core.package_identification:Package 'src/turtlebot3_simulations/turtlebot3_simulations' with type 'ros.ament_cmake' and name 'turtlebot3_simulations'
[0.695s] Level 1:colcon.colcon_core.package_discovery:discover_packages(recursive) using defaults
[0.695s] Level 1:colcon.colcon_core.package_discovery:discover_packages(ignore) discover
[0.695s] Level 1:colcon.colcon_core.package_discovery:discover_packages(ignore) using defaults
[0.695s] Level 1:colcon.colcon_core.package_discovery:discover_packages(path) discover
[0.695s] Level 1:colcon.colcon_core.package_discovery:discover_packages(path) using defaults
[0.720s] Level 1:colcon.colcon_core.package_discovery:discover_packages(prefix_path) check parameters
[0.720s] Level 1:colcon.colcon_core.package_discovery:discover_packages(prefix_path) discover
[0.722s] DEBUG:colcon.colcon_installed_package_information.package_discovery:Found 6 installed packages in /home/students/group_114/install
[0.723s] DEBUG:colcon.colcon_installed_package_information.package_discovery:Found 4 installed packages in /opt/ros/tb3_ws/install
[0.724s] DEBUG:colcon.colcon_installed_package_information.package_discovery:Found 1 installed packages in /home/students/group_111/install
[0.725s] DEBUG:colcon.colcon_installed_package_information.package_discovery:Found 385 installed packages in /opt/ros/humble
[0.727s] Level 1:colcon.colcon_core.package_discovery:discover_packages(prefix_path) using defaults
[0.766s] Level 5:colcon.colcon_core.verb:set package 'lab02_pkg' build argument 'cmake_args' from command line to 'None'
[0.766s] Level 5:colcon.colcon_core.verb:set package 'lab02_pkg' build argument 'cmake_target' from command line to 'None'
[0.766s] Level 5:colcon.colcon_core.verb:set package 'lab02_pkg' build argument 'cmake_target_skip_unavailable' from command line to 'False'
[0.766s] Level 5:colcon.colcon_core.verb:set package 'lab02_pkg' build argument 'cmake_clean_cache' from command line to 'False'
[0.766s] Level 5:colcon.colcon_core.verb:set package 'lab02_pkg' build argument 'cmake_clean_first' from command line to 'False'
[0.766s] Level 5:colcon.colcon_core.verb:set package 'lab02_pkg' build argument 'cmake_force_configure' from command line to 'False'
[0.766s] Level 5:colcon.colcon_core.verb:set package 'lab02_pkg' build argument 'ament_cmake_args' from command line to 'None'
[0.766s] Level 5:colcon.colcon_core.verb:set package 'lab02_pkg' build argument 'catkin_cmake_args' from command line to 'None'
[0.766s] Level 5:colcon.colcon_core.verb:set package 'lab02_pkg' build argument 'catkin_skip_building_tests' from command line to 'False'
[0.766s] DEBUG:colcon.colcon_core.verb:Building package 'lab02_pkg' with the following arguments: {'ament_cmake_args': None, 'build_base': '/home/students/group_114/build/lab02_pkg', 'catkin_cmake_args': None, 'catkin_skip_building_tests': False, 'cmake_args': None, 'cmake_clean_cache': False, 'cmake_clean_first': False, 'cmake_force_configure': False, 'cmake_target': None, 'cmake_target_skip_unavailable': False, 'install_base': '/home/students/group_114/install/lab02_pkg', 'merge_install': False, 'path': '/home/students/group_114/src/lab02_pkg', 'symlink_install': True, 'test_result_base': None}
[0.766s] Level 5:colcon.colcon_core.verb:set package 'landmark_msgs' build argument 'cmake_args' from command line to 'None'
[0.766s] Level 5:colcon.colcon_core.verb:set package 'landmark_msgs' build argument 'cmake_target' from command line to 'None'
[0.766s] Level 5:colcon.colcon_core.verb:set package 'landmark_msgs' build argument 'cmake_target_skip_unavailable' from command line to 'False'
[0.766s] Level 5:colcon.colcon_core.verb:set package 'landmark_msgs' build argument 'cmake_clean_cache' from command line to 'False'
[0.766s] Level 5:colcon.colcon_core.verb:set package 'landmark_msgs' build argument 'cmake_clean_first' from command line to 'False'
[0.766s] Level 5:colcon.colcon_core.verb:set package 'landmark_msgs' build argument 'cmake_force_configure' from command line to 'False'
[0.766s] Level 5:colcon.colcon_core.verb:set package 'landmark_msgs' build argument 'ament_cmake_args' from command line to 'None'
[0.766s] Level 5:colcon.colcon_core.verb:set package 'landmark_msgs' build argument 'catkin_cmake_args' from command line to 'None'
[0.766s] Level 5:colcon.colcon_core.verb:set package 'landmark_msgs' build argument 'catkin_skip_building_tests' from command line to 'False'
[0.766s] DEBUG:colcon.colcon_core.verb:Building package 'landmark_msgs' with the following arguments: {'ament_cmake_args': None, 'build_base': '/home/students/group_114/build/landmark_msgs', 'catkin_cmake_args': None, 'catkin_skip_building_tests': False, 'cmake_args': None, 'cmake_clean_cache': False, 'cmake_clean_first': False, 'cmake_force_configure': False, 'cmake_target': None, 'cmake_target_skip_unavailable': False, 'install_base': '/home/students/group_114/install/landmark_msgs', 'merge_install': False, 'path': '/home/students/group_114/src/turtlebot3_perception/landmark_msgs', 'symlink_install': True, 'test_result_base': None}
[0.766s] Level 5:colcon.colcon_core.verb:set package 'turtlebot3_fake_node' build argument 'cmake_args' from command line to 'None'
[0.766s] Level 5:colcon.colcon_core.verb:set package 'turtlebot3_fake_node' build argument 'cmake_target' from command line to 'None'
[0.766s] Level 5:colcon.colcon_core.verb:set package 'turtlebot3_fake_node' build argument 'cmake_target_skip_unavailable' from command line to 'False'
[0.766s] Level 5:colcon.colcon_core.verb:set package 'turtlebot3_fake_node' build argument 'cmake_clean_cache' from command line to 'False'
[0.766s] Level 5:colcon.colcon_core.verb:set package 'turtlebot3_fake_node' build argument 'cmake_clean_first' from command line to 'False'
[0.766s] Level 5:colcon.colcon_core.verb:set package 'turtlebot3_fake_node' build argument 'cmake_force_configure' from command line to 'False'
[0.766s] Level 5:colcon.colcon_core.verb:set package 'turtlebot3_fake_node' build argument 'ament_cmake_args' from command line to 'None'
[0.766s] Level 5:colcon.colcon_core.verb:set package 'turtlebot3_fake_node' build argument 'catkin_cmake_args' from command line to 'None'
[0.766s] Level 5:colcon.colcon_core.verb:set package 'turtlebot3_fake_node' build argument 'catkin_skip_building_tests' from command line to 'False'
[0.766s] DEBUG:colcon.colcon_core.verb:Building package 'turtlebot3_fake_node' with the following arguments: {'ament_cmake_args': None, 'build_base': '/home/students/group_114/build/turtlebot3_fake_node', 'catkin_cmake_args': None, 'catkin_skip_building_tests': False, 'cmake_args': None, 'cmake_clean_cache': False, 'cmake_clean_first': False, 'cmake_force_configure': False, 'cmake_target': None, 'cmake_target_skip_unavailable': False, 'install_base': '/home/students/group_114/install/turtlebot3_fake_node', 'merge_install': False, 'path': '/home/students/group_114/src/turtlebot3_simulations/turtlebot3_fake_node', 'symlink_install': True, 'test_result_base': None}
[0.767s] Level 5:colcon.colcon_core.verb:set package 'turtlebot3_gazebo' build argument 'cmake_args' from command line to 'None'
[0.767s] Level 5:colcon.colcon_core.verb:set package 'turtlebot3_gazebo' build argument 'cmake_target' from command line to 'None'
[0.767s] Level 5:colcon.colcon_core.verb:set package 'turtlebot3_gazebo' build argument 'cmake_target_skip_unavailable' from command line to 'False'
[0.767s] Level 5:colcon.colcon_core.verb:set package 'turtlebot3_gazebo' build argument 'cmake_clean_cache' from command line to 'False'
[0.767s] Level 5:colcon.colcon_core.verb:set package 'turtlebot3_gazebo' build argument 'cmake_clean_first' from command line to 'False'
[0.767s] Level 5:colcon.colcon_core.verb:set package 'turtlebot3_gazebo' build argument 'cmake_force_configure' from command line to 'False'
[0.767s] Level 5:colcon.colcon_core.verb:set package 'turtlebot3_gazebo' build argument 'ament_cmake_args' from command line to 'None'
[0.767s] Level 5:colcon.colcon_core.verb:set package 'turtlebot3_gazebo' build argument 'catkin_cmake_args' from command line to 'None'
[0.767s] Level 5:colcon.colcon_core.verb:set package 'turtlebot3_gazebo' build argument 'catkin_skip_building_tests' from command line to 'False'
[0.767s] DEBUG:colcon.colcon_core.verb:Building package 'turtlebot3_gazebo' with the following arguments: {'ament_cmake_args': None, 'build_base': '/home/students/group_114/build/turtlebot3_gazebo', 'catkin_cmake_args': None, 'catkin_skip_building_tests': False, 'cmake_args': None, 'cmake_clean_cache': False, 'cmake_clean_first': False, 'cmake_force_configure': False, 'cmake_target': None, 'cmake_target_skip_unavailable': False, 'install_base': '/home/students/group_114/install/turtlebot3_gazebo', 'merge_install': False, 'path': '/home/students/group_114/src/turtlebot3_simulations/turtlebot3_gazebo', 'symlink_install': True, 'test_result_base': None}
[0.767s] Level 5:colcon.colcon_core.verb:set package 'lab04_pkg' build argument 'cmake_args' from command line to 'None'
[0.767s] Level 5:colcon.colcon_core.verb:set package 'lab04_pkg' build argument 'cmake_target' from command line to 'None'
[0.767s] Level 5:colcon.colcon_core.verb:set package 'lab04_pkg' build argument 'cmake_target_skip_unavailable' from command line to 'False'
[0.767s] Level 5:colcon.colcon_core.verb:set package 'lab04_pkg' build argument 'cmake_clean_cache' from command line to 'False'
[0.767s] Level 5:colcon.colcon_core.verb:set package 'lab04_pkg' build argument 'cmake_clean_first' from command line to 'False'
[0.767s] Level 5:colcon.colcon_core.verb:set package 'lab04_pkg' build argument 'cmake_force_configure' from command line to 'False'
[0.767s] Level 5:colcon.colcon_core.verb:set package 'lab04_pkg' build argument 'ament_cmake_args' from command line to 'None'
[0.767s] Level 5:colcon.colcon_core.verb:set package 'lab04_pkg' build argument 'catkin_cmake_args' from command line to 'None'
[0.767s] Level 5:colcon.colcon_core.verb:set package 'lab04_pkg' build argument 'catkin_skip_building_tests' from command line to 'False'
[0.767s] DEBUG:colcon.colcon_core.verb:Building package 'lab04_pkg' with the following arguments: {'ament_cmake_args': None, 'build_base': '/home/students/group_114/build/lab04_pkg', 'catkin_cmake_args': None, 'catkin_skip_building_tests': False, 'cmake_args': None, 'cmake_clean_cache': False, 'cmake_clean_first': False, 'cmake_force_configure': False, 'cmake_target': None, 'cmake_target_skip_unavailable': False, 'install_base': '/home/students/group_114/install/lab04_pkg', 'merge_install': False, 'path': '/home/students/group_114/src/lab04_pkg', 'symlink_install': True, 'test_result_base': None}
[0.767s] Level 5:colcon.colcon_core.verb:set package 'turtlebot3_perception' build argument 'cmake_args' from command line to 'None'
[0.767s] Level 5:colcon.colcon_core.verb:set package 'turtlebot3_perception' build argument 'cmake_target' from command line to 'None'
[0.767s] Level 5:colcon.colcon_core.verb:set package 'turtlebot3_perception' build argument 'cmake_target_skip_unavailable' from command line to 'False'
[0.767s] Level 5:colcon.colcon_core.verb:set package 'turtlebot3_perception' build argument 'cmake_clean_cache' from command line to 'False'
[0.767s] Level 5:colcon.colcon_core.verb:set package 'turtlebot3_perception' build argument 'cmake_clean_first' from command line to 'False'
[0.767s] Level 5:colcon.colcon_core.verb:set package 'turtlebot3_perception' build argument 'cmake_force_configure' from command line to 'False'
[0.767s] Level 5:colcon.colcon_core.verb:set package 'turtlebot3_perception' build argument 'ament_cmake_args' from command line to 'None'
[0.767s] Level 5:colcon.colcon_core.verb:set package 'turtlebot3_perception' build argument 'catkin_cmake_args' from command line to 'None'
[0.767s] Level 5:colcon.colcon_core.verb:set package 'turtlebot3_perception' build argument 'catkin_skip_building_tests' from command line to 'False'
[0.767s] DEBUG:colcon.colcon_core.verb:Building package 'turtlebot3_perception' with the following arguments: {'ament_cmake_args': None, 'build_base': '/home/students/group_114/build/turtlebot3_perception', 'catkin_cmake_args': None, 'catkin_skip_building_tests': False, 'cmake_args': None, 'cmake_clean_cache': False, 'cmake_clean_first': False, 'cmake_force_configure': False, 'cmake_target': None, 'cmake_target_skip_unavailable': False, 'install_base': '/home/students/group_114/install/turtlebot3_perception', 'merge_install': False, 'path': '/home/students/group_114/src/turtlebot3_perception/turtlebot3_perception', 'symlink_install': True, 'test_result_base': None}
[0.767s] Level 5:colcon.colcon_core.verb:set package 'turtlebot3_simulations' build argument 'cmake_args' from command line to 'None'
[0.767s] Level 5:colcon.colcon_core.verb:set package 'turtlebot3_simulations' build argument 'cmake_target' from command line to 'None'
[0.767s] Level 5:colcon.colcon_core.verb:set package 'turtlebot3_simulations' build argument 'cmake_target_skip_unavailable' from command line to 'False'
[0.768s] Level 5:colcon.colcon_core.verb:set package 'turtlebot3_simulations' build argument 'cmake_clean_cache' from command line to 'False'
[0.768s] Level 5:colcon.colcon_core.verb:set package 'turtlebot3_simulations' build argument 'cmake_clean_first' from command line to 'False'
[0.768s] Level 5:colcon.colcon_core.verb:set package 'turtlebot3_simulations' build argument 'cmake_force_configure' from command line to 'False'
[0.768s] Level 5:colcon.colcon_core.verb:set package 'turtlebot3_simulations' build argument 'ament_cmake_args' from command line to 'None'
[0.768s] Level 5:colcon.colcon_core.verb:set package 'turtlebot3_simulations' build argument 'catkin_cmake_args' from command line to 'None'
[0.768s] Level 5:colcon.colcon_core.verb:set package 'turtlebot3_simulations' build argument 'catkin_skip_building_tests' from command line to 'False'
[0.768s] DEBUG:colcon.colcon_core.verb:Building package 'turtlebot3_simulations' with the following arguments: {'ament_cmake_args': None, 'build_base': '/home/students/group_114/build/turtlebot3_simulations', 'catkin_cmake_args': None, 'catkin_skip_building_tests': False, 'cmake_args': None, 'cmake_clean_cache': False, 'cmake_clean_first': False, 'cmake_force_configure': False, 'cmake_target': None, 'cmake_target_skip_unavailable': False, 'install_base': '/home/students/group_114/install/turtlebot3_simulations', 'merge_install': False, 'path': '/home/students/group_114/src/turtlebot3_simulations/turtlebot3_simulations', 'symlink_install': True, 'test_result_base': None}
[0.768s] INFO:colcon.colcon_core.executor:Executing jobs using 'parallel' executor
[0.768s] DEBUG:colcon.colcon_parallel_executor.executor.parallel:run_until_complete
[0.769s] INFO:colcon.colcon_ros.task.ament_cmake.build:Building ROS package in '/home/students/group_114/src/turtlebot3_perception/landmark_msgs' with build type 'ament_cmake'
[0.769s] INFO:colcon.colcon_cmake.task.cmake.build:Building CMake package in '/home/students/group_114/src/turtlebot3_perception/landmark_msgs'
[0.774s] INFO:colcon.colcon_core.plugin_system:Skipping extension 'colcon_core.shell.bat': Not used on non-Windows systems
[0.774s] INFO:colcon.colcon_core.shell:Skip shell extension 'powershell' for command environment: Not usable outside of PowerShell
[0.774s] DEBUG:colcon.colcon_core.shell:Skip shell extension 'dsv' for command environment
[0.779s] INFO:colcon.colcon_ros.task.ament_cmake.build:Building ROS package in '/home/students/group_114/src/turtlebot3_simulations/turtlebot3_fake_node' with build type 'ament_cmake'
[0.779s] INFO:colcon.colcon_cmake.task.cmake.build:Building CMake package in '/home/students/group_114/src/turtlebot3_simulations/turtlebot3_fake_node'
[0.779s] INFO:colcon.colcon_core.shell:Skip shell extension 'powershell' for command environment: Not usable outside of PowerShell
[0.779s] DEBUG:colcon.colcon_core.shell:Skip shell extension 'dsv' for command environment
[0.781s] INFO:colcon.colcon_ros.task.ament_python.build:Building ROS package in '/home/students/group_114/src/lab02_pkg' with build type 'ament_python'
[0.781s] Level 1:colcon.colcon_core.shell:create_environment_hook('lab02_pkg', 'ament_prefix_path')
[0.782s] INFO:colcon.colcon_core.shell:Creating environment hook '/home/students/group_114/install/lab02_pkg/share/lab02_pkg/hook/ament_prefix_path.ps1'
[0.782s] INFO:colcon.colcon_core.shell:Creating environment descriptor '/home/students/group_114/install/lab02_pkg/share/lab02_pkg/hook/ament_prefix_path.dsv'
[0.783s] INFO:colcon.colcon_core.shell:Creating environment hook '/home/students/group_114/install/lab02_pkg/share/lab02_pkg/hook/ament_prefix_path.sh'
[0.784s] INFO:colcon.colcon_core.shell:Skip shell extension 'powershell' for command environment: Not usable outside of PowerShell
[0.784s] DEBUG:colcon.colcon_core.shell:Skip shell extension 'dsv' for command environment
[0.786s] INFO:colcon.colcon_ros.task.ament_cmake.build:Building ROS package in '/home/students/group_114/src/turtlebot3_simulations/turtlebot3_gazebo' with build type 'ament_cmake'
[0.786s] INFO:colcon.colcon_cmake.task.cmake.build:Building CMake package in '/home/students/group_114/src/turtlebot3_simulations/turtlebot3_gazebo'
[0.786s] INFO:colcon.colcon_core.shell:Skip shell extension 'powershell' for command environment: Not usable outside of PowerShell
[0.786s] DEBUG:colcon.colcon_core.shell:Skip shell extension 'dsv' for command environment
[0.792s] DEBUG:colcon.colcon_core.event_handler.log_command:Invoking command in '/home/students/group_114/build/landmark_msgs': CMAKE_PREFIX_PATH=${CMAKE_PREFIX_PATH}:/home/students/group_114/install/turtlebot3_perception:/home/students/group_114/install/lab02_pkg:/opt/ros/humble /usr/bin/cmake --build /home/students/group_114/build/landmark_msgs -- -j8 -l8
[0.799s] DEBUG:colcon.colcon_core.event_handler.log_command:Invoking command in '/home/students/group_114/build/turtlebot3_fake_node': CMAKE_PREFIX_PATH=${CMAKE_PREFIX_PATH}:/home/students/group_114/install/turtlebot3_perception:/home/students/group_114/install/lab02_pkg:/opt/ros/humble /usr/bin/cmake --build /home/students/group_114/build/turtlebot3_fake_node -- -j8 -l8
[1.004s] INFO:colcon.colcon_core.task.python.build:Building Python package in '/home/students/group_114/src/lab02_pkg'
[1.004s] INFO:colcon.colcon_core.shell:Skip shell extension 'powershell' for command environment: Not usable outside of PowerShell
[1.005s] DEBUG:colcon.colcon_core.shell:Skip shell extension 'dsv' for command environment
[1.018s] DEBUG:colcon.colcon_core.event_handler.log_command:Invoking command in '/home/students/group_114/build/turtlebot3_gazebo': CMAKE_PREFIX_PATH=${CMAKE_PREFIX_PATH}:/home/students/group_114/install/turtlebot3_perception:/home/students/group_114/install/lab02_pkg:/opt/ros/humble /usr/bin/cmake --build /home/students/group_114/build/turtlebot3_gazebo -- -j8 -l8
[1.021s] DEBUG:colcon.colcon_core.event_handler.log_command:Invoked command in '/home/students/group_114/build/turtlebot3_fake_node' returned '0': CMAKE_PREFIX_PATH=${CMAKE_PREFIX_PATH}:/home/students/group_114/install/turtlebot3_perception:/home/students/group_114/install/lab02_pkg:/opt/ros/humble /usr/bin/cmake --build /home/students/group_114/build/turtlebot3_fake_node -- -j8 -l8
[1.033s] DEBUG:colcon.colcon_core.event_handler.log_command:Invoking command in '/home/students/group_114/build/turtlebot3_fake_node': CMAKE_PREFIX_PATH=${CMAKE_PREFIX_PATH}:/home/students/group_114/install/turtlebot3_perception:/home/students/group_114/install/lab02_pkg:/opt/ros/humble /usr/bin/cmake --install /home/students/group_114/build/turtlebot3_fake_node
[1.120s] Level 1:colcon.colcon_core.environment:create_environment_scripts_only(turtlebot3_fake_node)
[1.120s] DEBUG:colcon.colcon_core.event_handler.log_command:Invoked command in '/home/students/group_114/build/turtlebot3_fake_node' returned '0': CMAKE_PREFIX_PATH=${CMAKE_PREFIX_PATH}:/home/students/group_114/install/turtlebot3_perception:/home/students/group_114/install/lab02_pkg:/opt/ros/humble /usr/bin/cmake --install /home/students/group_114/build/turtlebot3_fake_node
[1.134s] Level 1:colcon.colcon_core.environment:checking '/home/students/group_114/install/turtlebot3_fake_node' for CMake module files
[1.135s] Level 1:colcon.colcon_core.environment:checking '/home/students/group_114/install/turtlebot3_fake_node' for CMake config files
[1.136s] Level 1:colcon.colcon_core.shell:create_environment_hook('turtlebot3_fake_node', 'cmake_prefix_path')
[1.136s] INFO:colcon.colcon_core.shell:Creating environment hook '/home/students/group_114/install/turtlebot3_fake_node/share/turtlebot3_fake_node/hook/cmake_prefix_path.ps1'
[1.136s] INFO:colcon.colcon_core.shell:Creating environment descriptor '/home/students/group_114/install/turtlebot3_fake_node/share/turtlebot3_fake_node/hook/cmake_prefix_path.dsv'
[1.137s] INFO:colcon.colcon_core.shell:Creating environment hook '/home/students/group_114/install/turtlebot3_fake_node/share/turtlebot3_fake_node/hook/cmake_prefix_path.sh'
[1.138s] Level 1:colcon.colcon_core.environment:checking '/home/students/group_114/install/turtlebot3_fake_node/lib'
[1.138s] Level 1:colcon.colcon_core.environment:checking '/home/students/group_114/install/turtlebot3_fake_node/bin'
[1.138s] Level 1:colcon.colcon_core.environment:checking '/home/students/group_114/install/turtlebot3_fake_node/lib/pkgconfig/turtlebot3_fake_node.pc'
[1.139s] Level 1:colcon.colcon_core.environment:checking '/home/students/group_114/install/turtlebot3_fake_node/lib/python3.10/site-packages'
[1.139s] Level 1:colcon.colcon_core.environment:checking '/home/students/group_114/install/turtlebot3_fake_node/bin'
[1.139s] INFO:colcon.colcon_core.shell:Creating package script '/home/students/group_114/install/turtlebot3_fake_node/share/turtlebot3_fake_node/package.ps1'
[1.142s] INFO:colcon.colcon_core.shell:Creating package descriptor '/home/students/group_114/install/turtlebot3_fake_node/share/turtlebot3_fake_node/package.dsv'
[1.144s] INFO:colcon.colcon_core.shell:Creating package script '/home/students/group_114/install/turtlebot3_fake_node/share/turtlebot3_fake_node/package.sh'
[1.147s] INFO:colcon.colcon_core.shell:Creating package script '/home/students/group_114/install/turtlebot3_fake_node/share/turtlebot3_fake_node/package.bash'
[1.149s] INFO:colcon.colcon_core.shell:Creating package script '/home/students/group_114/install/turtlebot3_fake_node/share/turtlebot3_fake_node/package.zsh'
[1.159s] Level 1:colcon.colcon_core.environment:create_file_with_runtime_dependencies(/home/students/group_114/install/turtlebot3_fake_node/share/colcon-core/packages/turtlebot3_fake_node)
[1.160s] Level 1:colcon.colcon_core.environment:create_environment_scripts_only(turtlebot3_fake_node)
[1.160s] Level 1:colcon.colcon_core.environment:checking '/home/students/group_114/install/turtlebot3_fake_node' for CMake module files
[1.161s] Level 1:colcon.colcon_core.environment:checking '/home/students/group_114/install/turtlebot3_fake_node' for CMake config files
[1.161s] Level 1:colcon.colcon_core.shell:create_environment_hook('turtlebot3_fake_node', 'cmake_prefix_path')
[1.162s] INFO:colcon.colcon_core.shell:Creating environment hook '/home/students/group_114/install/turtlebot3_fake_node/share/turtlebot3_fake_node/hook/cmake_prefix_path.ps1'
[1.163s] INFO:colcon.colcon_core.shell:Creating environment descriptor '/home/students/group_114/install/turtlebot3_fake_node/share/turtlebot3_fake_node/hook/cmake_prefix_path.dsv'
[1.163s] INFO:colcon.colcon_core.shell:Creating environment hook '/home/students/group_114/install/turtlebot3_fake_node/share/turtlebot3_fake_node/hook/cmake_prefix_path.sh'
[1.164s] Level 1:colcon.colcon_core.environment:checking '/home/students/group_114/install/turtlebot3_fake_node/lib'
[1.164s] Level 1:colcon.colcon_core.environment:checking '/home/students/group_114/install/turtlebot3_fake_node/bin'
[1.164s] Level 1:colcon.colcon_core.environment:checking '/home/students/group_114/install/turtlebot3_fake_node/lib/pkgconfig/turtlebot3_fake_node.pc'
[1.164s] Level 1:colcon.colcon_core.environment:checking '/home/students/group_114/install/turtlebot3_fake_node/lib/python3.10/site-packages'
[1.164s] Level 1:colcon.colcon_core.environment:checking '/home/students/group_114/install/turtlebot3_fake_node/bin'
[1.165s] INFO:colcon.colcon_core.shell:Creating package script '/home/students/group_114/install/turtlebot3_fake_node/share/turtlebot3_fake_node/package.ps1'
[1.166s] INFO:colcon.colcon_core.shell:Creating package descriptor '/home/students/group_114/install/turtlebot3_fake_node/share/turtlebot3_fake_node/package.dsv'
[1.168s] INFO:colcon.colcon_core.shell:Creating package script '/home/students/group_114/install/turtlebot3_fake_node/share/turtlebot3_fake_node/package.sh'
[1.168s] INFO:colcon.colcon_core.shell:Creating package script '/home/students/group_114/install/turtlebot3_fake_node/share/turtlebot3_fake_node/package.bash'
[1.169s] INFO:colcon.colcon_core.shell:Creating package script '/home/students/group_114/install/turtlebot3_fake_node/share/turtlebot3_fake_node/package.zsh'
[1.171s] Level 1:colcon.colcon_core.environment:create_file_with_runtime_dependencies(/home/students/group_114/install/turtlebot3_fake_node/share/colcon-core/packages/turtlebot3_fake_node)
[1.171s] INFO:colcon.colcon_ros.task.ament_cmake.build:Building ROS package in '/home/students/group_114/src/turtlebot3_simulations/turtlebot3_simulations' with build type 'ament_cmake'
[1.171s] INFO:colcon.colcon_cmake.task.cmake.build:Building CMake package in '/home/students/group_114/src/turtlebot3_simulations/turtlebot3_simulations'
[1.172s] INFO:colcon.colcon_core.shell:Skip shell extension 'powershell' for command environment: Not usable outside of PowerShell
[1.172s] DEBUG:colcon.colcon_core.shell:Skip shell extension 'dsv' for command environment
[1.192s] DEBUG:colcon.colcon_core.event_handler.log_command:Invoking command in '/home/students/group_114/build/turtlebot3_simulations': CMAKE_PREFIX_PATH=/home/students/group_114/install/turtlebot3_fake_node:/home/students/group_114/install/turtlebot3_simulations:/home/students/group_114/install/turtlebot3_gazebo:/home/students/group_114/install/landmark_msgs:/opt/ros/tb3_ws/install/turtlebot3_simulations:/opt/ros/tb3_ws/install/turtlebot3_gazebo:/opt/ros/tb3_ws/install/turtlebot3_fake_node:/opt/ros/tb3_ws/install/ld08_driver:/home/students/group_114/install/turtlebot3_perception:/home/students/group_114/install/lab02_pkg:/opt/ros/humble /usr/bin/cmake --build /home/students/group_114/build/turtlebot3_simulations -- -j8 -l8
[1.226s] DEBUG:colcon.colcon_core.event_handler.log_command:Invoked command in '/home/students/group_114/build/landmark_msgs' returned '0': CMAKE_PREFIX_PATH=${CMAKE_PREFIX_PATH}:/home/students/group_114/install/turtlebot3_perception:/home/students/group_114/install/lab02_pkg:/opt/ros/humble /usr/bin/cmake --build /home/students/group_114/build/landmark_msgs -- -j8 -l8
[1.232s] DEBUG:colcon.colcon_core.event_handler.log_command:Invoking command in '/home/students/group_114/build/landmark_msgs': CMAKE_PREFIX_PATH=${CMAKE_PREFIX_PATH}:/home/students/group_114/install/turtlebot3_perception:/home/students/group_114/install/lab02_pkg:/opt/ros/humble /usr/bin/cmake --install /home/students/group_114/build/landmark_msgs
[1.240s] DEBUG:colcon.colcon_core.event_handler.log_command:Invoked command in '/home/students/group_114/build/turtlebot3_simulations' returned '0': CMAKE_PREFIX_PATH=/home/students/group_114/install/turtlebot3_fake_node:/home/students/group_114/install/turtlebot3_simulations:/home/students/group_114/install/turtlebot3_gazebo:/home/students/group_114/install/landmark_msgs:/opt/ros/tb3_ws/install/turtlebot3_simulations:/opt/ros/tb3_ws/install/turtlebot3_gazebo:/opt/ros/tb3_ws/install/turtlebot3_fake_node:/opt/ros/tb3_ws/install/ld08_driver:/home/students/group_114/install/turtlebot3_perception:/home/students/group_114/install/lab02_pkg:/opt/ros/humble /usr/bin/cmake --build /home/students/group_114/build/turtlebot3_simulations -- -j8 -l8
[1.243s] DEBUG:colcon.colcon_core.event_handler.log_command:Invoking command in '/home/students/group_114/build/turtlebot3_simulations': CMAKE_PREFIX_PATH=/home/students/group_114/install/turtlebot3_fake_node:/home/students/group_114/install/turtlebot3_simulations:/home/students/group_114/install/turtlebot3_gazebo:/home/students/group_114/install/landmark_msgs:/opt/ros/tb3_ws/install/turtlebot3_simulations:/opt/ros/tb3_ws/install/turtlebot3_gazebo:/opt/ros/tb3_ws/install/turtlebot3_fake_node:/opt/ros/tb3_ws/install/ld08_driver:/home/students/group_114/install/turtlebot3_perception:/home/students/group_114/install/lab02_pkg:/opt/ros/humble /usr/bin/cmake --install /home/students/group_114/build/turtlebot3_simulations
[1.307s] Level 1:colcon.colcon_core.environment:create_environment_scripts_only(turtlebot3_simulations)
[1.308s] Level 1:colcon.colcon_core.environment:checking '/home/students/group_114/install/turtlebot3_simulations' for CMake module files
[1.308s] DEBUG:colcon.colcon_core.event_handler.log_command:Invoked command in '/home/students/group_114/build/turtlebot3_simulations' returned '0': CMAKE_PREFIX_PATH=/home/students/group_114/install/turtlebot3_fake_node:/home/students/group_114/install/turtlebot3_simulations:/home/students/group_114/install/turtlebot3_gazebo:/home/students/group_114/install/landmark_msgs:/opt/ros/tb3_ws/install/turtlebot3_simulations:/opt/ros/tb3_ws/install/turtlebot3_gazebo:/opt/ros/tb3_ws/install/turtlebot3_fake_node:/opt/ros/tb3_ws/install/ld08_driver:/home/students/group_114/install/turtlebot3_perception:/home/students/group_114/install/lab02_pkg:/opt/ros/humble /usr/bin/cmake --install /home/students/group_114/build/turtlebot3_simulations
[1.309s] Level 1:colcon.colcon_core.environment:checking '/home/students/group_114/install/turtlebot3_simulations' for CMake config files
[1.309s] Level 1:colcon.colcon_core.shell:create_environment_hook('turtlebot3_simulations', 'cmake_prefix_path')
[1.309s] INFO:colcon.colcon_core.shell:Creating environment hook '/home/students/group_114/install/turtlebot3_simulations/share/turtlebot3_simulations/hook/cmake_prefix_path.ps1'
[1.311s] INFO:colcon.colcon_core.shell:Creating environment descriptor '/home/students/group_114/install/turtlebot3_simulations/share/turtlebot3_simulations/hook/cmake_prefix_path.dsv'
[1.311s] INFO:colcon.colcon_core.shell:Creating environment hook '/home/students/group_114/install/turtlebot3_simulations/share/turtlebot3_simulations/hook/cmake_prefix_path.sh'
[1.312s] Level 1:colcon.colcon_core.environment:checking '/home/students/group_114/install/turtlebot3_simulations/bin'
[1.312s] Level 1:colcon.colcon_core.environment:checking '/home/students/group_114/install/turtlebot3_simulations/lib/pkgconfig/turtlebot3_simulations.pc'
[1.313s] Level 1:colcon.colcon_core.environment:checking '/home/students/group_114/install/turtlebot3_simulations/lib/python3.10/site-packages'
[1.313s] Level 1:colcon.colcon_core.environment:checking '/home/students/group_114/install/turtlebot3_simulations/bin'
[1.314s] INFO:colcon.colcon_core.shell:Creating package script '/home/students/group_114/install/turtlebot3_simulations/share/turtlebot3_simulations/package.ps1'
[1.316s] INFO:colcon.colcon_core.shell:Creating package descriptor '/home/students/group_114/install/turtlebot3_simulations/share/turtlebot3_simulations/package.dsv'
[1.317s] INFO:colcon.colcon_core.shell:Creating package script '/home/students/group_114/install/turtlebot3_simulations/share/turtlebot3_simulations/package.sh'
[1.317s] INFO:colcon.colcon_core.shell:Creating package script '/home/students/group_114/install/turtlebot3_simulations/share/turtlebot3_simulations/package.bash'
[1.319s] INFO:colcon.colcon_core.shell:Creating package script '/home/students/group_114/install/turtlebot3_simulations/share/turtlebot3_simulations/package.zsh'
[1.320s] Level 1:colcon.colcon_core.environment:create_file_with_runtime_dependencies(/home/students/group_114/install/turtlebot3_simulations/share/colcon-core/packages/turtlebot3_simulations)
[1.321s] Level 1:colcon.colcon_core.environment:create_environment_scripts_only(turtlebot3_simulations)
[1.321s] Level 1:colcon.colcon_core.environment:checking '/home/students/group_114/install/turtlebot3_simulations' for CMake module files
[1.322s] Level 1:colcon.colcon_core.environment:checking '/home/students/group_114/install/turtlebot3_simulations' for CMake config files
[1.323s] Level 1:colcon.colcon_core.shell:create_environment_hook('turtlebot3_simulations', 'cmake_prefix_path')
[1.323s] INFO:colcon.colcon_core.shell:Creating environment hook '/home/students/group_114/install/turtlebot3_simulations/share/turtlebot3_simulations/hook/cmake_prefix_path.ps1'
[1.325s] INFO:colcon.colcon_core.shell:Creating environment descriptor '/home/students/group_114/install/turtlebot3_simulations/share/turtlebot3_simulations/hook/cmake_prefix_path.dsv'
[1.325s] INFO:colcon.colcon_core.shell:Creating environment hook '/home/students/group_114/install/turtlebot3_simulations/share/turtlebot3_simulations/hook/cmake_prefix_path.sh'
[1.326s] Level 1:colcon.colcon_core.environment:checking '/home/students/group_114/install/turtlebot3_simulations/bin'
[1.326s] Level 1:colcon.colcon_core.environment:checking '/home/students/group_114/install/turtlebot3_simulations/lib/pkgconfig/turtlebot3_simulations.pc'
[1.327s] Level 1:colcon.colcon_core.environment:checking '/home/students/group_114/install/turtlebot3_simulations/lib/python3.10/site-packages'
[1.327s] Level 1:colcon.colcon_core.environment:checking '/home/students/group_114/install/turtlebot3_simulations/bin'
[1.327s] INFO:colcon.colcon_core.shell:Creating package script '/home/students/group_114/install/turtlebot3_simulations/share/turtlebot3_simulations/package.ps1'
[1.328s] INFO:colcon.colcon_core.shell:Creating package descriptor '/home/students/group_114/install/turtlebot3_simulations/share/turtlebot3_simulations/package.dsv'
[1.329s] INFO:colcon.colcon_core.shell:Creating package script '/home/students/group_114/install/turtlebot3_simulations/share/turtlebot3_simulations/package.sh'
[1.329s] INFO:colcon.colcon_core.shell:Creating package script '/home/students/group_114/install/turtlebot3_simulations/share/turtlebot3_simulations/package.bash'
[1.329s] INFO:colcon.colcon_core.shell:Creating package script '/home/students/group_114/install/turtlebot3_simulations/share/turtlebot3_simulations/package.zsh'
[1.330s] Level 1:colcon.colcon_core.environment:create_file_with_runtime_dependencies(/home/students/group_114/install/turtlebot3_simulations/share/colcon-core/packages/turtlebot3_simulations)
[1.469s] DEBUG:colcon.colcon_core.event_handler.log_command:Invoked command in '/home/students/group_114/build/turtlebot3_gazebo' returned '0': CMAKE_PREFIX_PATH=${CMAKE_PREFIX_PATH}:/home/students/group_114/install/turtlebot3_perception:/home/students/group_114/install/lab02_pkg:/opt/ros/humble /usr/bin/cmake --build /home/students/group_114/build/turtlebot3_gazebo -- -j8 -l8
[1.471s] DEBUG:colcon.colcon_core.event_handler.log_command:Invoking command in '/home/students/group_114/build/turtlebot3_gazebo': CMAKE_PREFIX_PATH=${CMAKE_PREFIX_PATH}:/home/students/group_114/install/turtlebot3_perception:/home/students/group_114/install/lab02_pkg:/opt/ros/humble /usr/bin/cmake --install /home/students/group_114/build/turtlebot3_gazebo
[1.478s] Level 1:colcon.colcon_core.environment:create_environment_scripts_only(landmark_msgs)
[1.479s] Level 1:colcon.colcon_core.environment:checking '/home/students/group_114/install/landmark_msgs' for CMake module files
[1.479s] DEBUG:colcon.colcon_core.event_handler.log_command:Invoked command in '/home/students/group_114/build/landmark_msgs' returned '0': CMAKE_PREFIX_PATH=${CMAKE_PREFIX_PATH}:/home/students/group_114/install/turtlebot3_perception:/home/students/group_114/install/lab02_pkg:/opt/ros/humble /usr/bin/cmake --install /home/students/group_114/build/landmark_msgs
[1.480s] Level 1:colcon.colcon_core.environment:checking '/home/students/group_114/install/landmark_msgs' for CMake config files
[1.481s] Level 1:colcon.colcon_core.shell:create_environment_hook('landmark_msgs', 'cmake_prefix_path')
[1.481s] INFO:colcon.colcon_core.shell:Creating environment hook '/home/students/group_114/install/landmark_msgs/share/landmark_msgs/hook/cmake_prefix_path.ps1'
[1.482s] INFO:colcon.colcon_core.shell:Creating environment descriptor '/home/students/group_114/install/landmark_msgs/share/landmark_msgs/hook/cmake_prefix_path.dsv'
[1.482s] INFO:colcon.colcon_core.shell:Creating environment hook '/home/students/group_114/install/landmark_msgs/share/landmark_msgs/hook/cmake_prefix_path.sh'
[1.483s] Level 1:colcon.colcon_core.environment:checking '/home/students/group_114/install/landmark_msgs/lib'
[1.483s] Level 1:colcon.colcon_core.shell:create_environment_hook('landmark_msgs', 'ld_library_path_lib')
[1.484s] INFO:colcon.colcon_core.shell:Creating environment hook '/home/students/group_114/install/landmark_msgs/share/landmark_msgs/hook/ld_library_path_lib.ps1'
[1.484s] INFO:colcon.colcon_core.shell:Creating environment descriptor '/home/students/group_114/install/landmark_msgs/share/landmark_msgs/hook/ld_library_path_lib.dsv'
[1.485s] INFO:colcon.colcon_core.shell:Creating environment hook '/home/students/group_114/install/landmark_msgs/share/landmark_msgs/hook/ld_library_path_lib.sh'
[1.486s] Level 1:colcon.colcon_core.environment:checking '/home/students/group_114/install/landmark_msgs/bin'
[1.486s] Level 1:colcon.colcon_core.environment:checking '/home/students/group_114/install/landmark_msgs/lib/pkgconfig/landmark_msgs.pc'
[1.486s] Level 1:colcon.colcon_core.environment:checking '/home/students/group_114/install/landmark_msgs/lib/python3.10/site-packages'
[1.487s] Level 1:colcon.colcon_core.environment:checking '/home/students/group_114/install/landmark_msgs/bin'
[1.487s] INFO:colcon.colcon_core.shell:Creating package script '/home/students/group_114/install/landmark_msgs/share/landmark_msgs/package.ps1'
[1.489s] INFO:colcon.colcon_core.shell:Creating package descriptor '/home/students/group_114/install/landmark_msgs/share/landmark_msgs/package.dsv'
[1.489s] INFO:colcon.colcon_core.shell:Creating package script '/home/students/group_114/install/landmark_msgs/share/landmark_msgs/package.sh'
[1.490s] INFO:colcon.colcon_core.shell:Creating package script '/home/students/group_114/install/landmark_msgs/share/landmark_msgs/package.bash'
[1.490s] INFO:colcon.colcon_core.shell:Creating package script '/home/students/group_114/install/landmark_msgs/share/landmark_msgs/package.zsh'
[1.491s] Level 1:colcon.colcon_core.environment:create_file_with_runtime_dependencies(/home/students/group_114/install/landmark_msgs/share/colcon-core/packages/landmark_msgs)
[1.491s] Level 1:colcon.colcon_core.environment:create_environment_scripts_only(landmark_msgs)
[1.491s] Level 1:colcon.colcon_core.environment:checking '/home/students/group_114/install/landmark_msgs' for CMake module files
[1.492s] Level 1:colcon.colcon_core.environment:checking '/home/students/group_114/install/landmark_msgs' for CMake config files
[1.492s] Level 1:colcon.colcon_core.shell:create_environment_hook('landmark_msgs', 'cmake_prefix_path')
[1.492s] INFO:colcon.colcon_core.shell:Creating environment hook '/home/students/group_114/install/landmark_msgs/share/landmark_msgs/hook/cmake_prefix_path.ps1'
[1.492s] INFO:colcon.colcon_core.shell:Creating environment descriptor '/home/students/group_114/install/landmark_msgs/share/landmark_msgs/hook/cmake_prefix_path.dsv'
[1.493s] INFO:colcon.colcon_core.shell:Creating environment hook '/home/students/group_114/install/landmark_msgs/share/landmark_msgs/hook/cmake_prefix_path.sh'
[1.493s] Level 1:colcon.colcon_core.environment:checking '/home/students/group_114/install/landmark_msgs/lib'
[1.493s] Level 1:colcon.colcon_core.shell:create_environment_hook('landmark_msgs', 'ld_library_path_lib')
[1.493s] INFO:colcon.colcon_core.shell:Creating environment hook '/home/students/group_114/install/landmark_msgs/share/landmark_msgs/hook/ld_library_path_lib.ps1'
[1.494s] INFO:colcon.colcon_core.shell:Creating environment descriptor '/home/students/group_114/install/landmark_msgs/share/landmark_msgs/hook/ld_library_path_lib.dsv'
[1.494s] INFO:colcon.colcon_core.shell:Creating environment hook '/home/students/group_114/install/landmark_msgs/share/landmark_msgs/hook/ld_library_path_lib.sh'
[1.494s] Level 1:colcon.colcon_core.environment:checking '/home/students/group_114/install/landmark_msgs/bin'
[1.494s] Level 1:colcon.colcon_core.environment:checking '/home/students/group_114/install/landmark_msgs/lib/pkgconfig/landmark_msgs.pc'
[1.494s] Level 1:colcon.colcon_core.environment:checking '/home/students/group_114/install/landmark_msgs/lib/python3.10/site-packages'
[1.495s] Level 1:colcon.colcon_core.environment:checking '/home/students/group_114/install/landmark_msgs/bin'
[1.495s] INFO:colcon.colcon_core.shell:Creating package script '/home/students/group_114/install/landmark_msgs/share/landmark_msgs/package.ps1'
[1.495s] INFO:colcon.colcon_core.shell:Creating package descriptor '/home/students/group_114/install/landmark_msgs/share/landmark_msgs/package.dsv'
[1.495s] INFO:colcon.colcon_core.shell:Creating package script '/home/students/group_114/install/landmark_msgs/share/landmark_msgs/package.sh'
[1.496s] INFO:colcon.colcon_core.shell:Creating package script '/home/students/group_114/install/landmark_msgs/share/landmark_msgs/package.bash'
[1.496s] INFO:colcon.colcon_core.shell:Creating package script '/home/students/group_114/install/landmark_msgs/share/landmark_msgs/package.zsh'
[1.496s] Level 1:colcon.colcon_core.environment:create_file_with_runtime_dependencies(/home/students/group_114/install/landmark_msgs/share/colcon-core/packages/landmark_msgs)
[1.497s] INFO:colcon.colcon_ros.task.ament_python.build:Building ROS package in '/home/students/group_114/src/lab04_pkg' with build type 'ament_python'
[1.497s] Level 1:colcon.colcon_core.shell:create_environment_hook('lab04_pkg', 'ament_prefix_path')
[1.497s] INFO:colcon.colcon_core.shell:Creating environment hook '/home/students/group_114/install/lab04_pkg/share/lab04_pkg/hook/ament_prefix_path.ps1'
[1.497s] INFO:colcon.colcon_core.shell:Creating environment descriptor '/home/students/group_114/install/lab04_pkg/share/lab04_pkg/hook/ament_prefix_path.dsv'
[1.498s] INFO:colcon.colcon_core.shell:Creating environment hook '/home/students/group_114/install/lab04_pkg/share/lab04_pkg/hook/ament_prefix_path.sh'
[1.498s] INFO:colcon.colcon_core.shell:Skip shell extension 'powershell' for command environment: Not usable outside of PowerShell
[1.498s] DEBUG:colcon.colcon_core.shell:Skip shell extension 'dsv' for command environment
[1.501s] INFO:colcon.colcon_ros.task.ament_python.build:Building ROS package in '/home/students/group_114/src/turtlebot3_perception/turtlebot3_perception' with build type 'ament_python'
[1.501s] Level 1:colcon.colcon_core.shell:create_environment_hook('turtlebot3_perception', 'ament_prefix_path')
[1.501s] INFO:colcon.colcon_core.shell:Creating environment hook '/home/students/group_114/install/turtlebot3_perception/share/turtlebot3_perception/hook/ament_prefix_path.ps1'
[1.502s] INFO:colcon.colcon_core.shell:Creating environment descriptor '/home/students/group_114/install/turtlebot3_perception/share/turtlebot3_perception/hook/ament_prefix_path.dsv'
[1.502s] INFO:colcon.colcon_core.shell:Creating environment hook '/home/students/group_114/install/turtlebot3_perception/share/turtlebot3_perception/hook/ament_prefix_path.sh'
[1.502s] INFO:colcon.colcon_core.shell:Skip shell extension 'powershell' for command environment: Not usable outside of PowerShell
[1.502s] DEBUG:colcon.colcon_core.shell:Skip shell extension 'dsv' for command environment
[1.690s] INFO:colcon.colcon_core.task.python.build:Building Python package in '/home/students/group_114/src/lab04_pkg'
[1.690s] INFO:colcon.colcon_core.shell:Skip shell extension 'powershell' for command environment: Not usable outside of PowerShell
[1.690s] DEBUG:colcon.colcon_core.shell:Skip shell extension 'dsv' for command environment
[1.862s] INFO:colcon.colcon_core.task.python.build:Building Python package in '/home/students/group_114/src/turtlebot3_perception/turtlebot3_perception'
[1.863s] INFO:colcon.colcon_core.shell:Skip shell extension 'powershell' for command environment: Not usable outside of PowerShell
[1.863s] DEBUG:colcon.colcon_core.shell:Skip shell extension 'dsv' for command environment
[1.868s] Level 1:colcon.colcon_core.environment:create_environment_scripts_only(turtlebot3_gazebo)
[1.868s] Level 1:colcon.colcon_core.environment:checking '/home/students/group_114/install/turtlebot3_gazebo' for CMake module files
[1.869s] DEBUG:colcon.colcon_core.event_handler.log_command:Invoking command in '/home/students/group_114/build/lab02_pkg': PYTHONPATH=/home/students/group_114/build/lab02_pkg/prefix_override:/usr/lib/python3/dist-packages/colcon_core/task/python/colcon_distutils_commands:/home/students/group_114/install/lab02_pkg/lib/python3.10/site-packages:${PYTHONPATH} /usr/bin/python3 -W ignore:setup.py install is deprecated -W ignore:easy_install command is deprecated setup.py develop --editable --build-directory /home/students/group_114/build/lab02_pkg/build --no-deps symlink_data
[1.869s] DEBUG:colcon.colcon_core.event_handler.log_command:Invoked command in '/home/students/group_114/build/turtlebot3_gazebo' returned '0': CMAKE_PREFIX_PATH=${CMAKE_PREFIX_PATH}:/home/students/group_114/install/turtlebot3_perception:/home/students/group_114/install/lab02_pkg:/opt/ros/humble /usr/bin/cmake --install /home/students/group_114/build/turtlebot3_gazebo
[1.869s] Level 1:colcon.colcon_core.environment:checking '/home/students/group_114/install/turtlebot3_gazebo' for CMake config files
[1.870s] Level 1:colcon.colcon_core.shell:create_environment_hook('turtlebot3_gazebo', 'cmake_prefix_path')
[1.870s] INFO:colcon.colcon_core.shell:Creating environment hook '/home/students/group_114/install/turtlebot3_gazebo/share/turtlebot3_gazebo/hook/cmake_prefix_path.ps1'
[1.870s] INFO:colcon.colcon_core.shell:Creating environment descriptor '/home/students/group_114/install/turtlebot3_gazebo/share/turtlebot3_gazebo/hook/cmake_prefix_path.dsv'
[1.870s] INFO:colcon.colcon_core.shell:Creating environment hook '/home/students/group_114/install/turtlebot3_gazebo/share/turtlebot3_gazebo/hook/cmake_prefix_path.sh'
[1.871s] Level 1:colcon.colcon_core.environment:checking '/home/students/group_114/install/turtlebot3_gazebo/lib'
[1.871s] Level 1:colcon.colcon_core.environment:checking '/home/students/group_114/install/turtlebot3_gazebo/bin'
[1.871s] Level 1:colcon.colcon_core.environment:checking '/home/students/group_114/install/turtlebot3_gazebo/lib/pkgconfig/turtlebot3_gazebo.pc'
[1.871s] Level 1:colcon.colcon_core.environment:checking '/home/students/group_114/install/turtlebot3_gazebo/lib/python3.10/site-packages'
[1.871s] Level 1:colcon.colcon_core.environment:checking '/home/students/group_114/install/turtlebot3_gazebo/bin'
[1.871s] INFO:colcon.colcon_core.shell:Creating package script '/home/students/group_114/install/turtlebot3_gazebo/share/turtlebot3_gazebo/package.ps1'
[1.872s] INFO:colcon.colcon_core.shell:Creating package descriptor '/home/students/group_114/install/turtlebot3_gazebo/share/turtlebot3_gazebo/package.dsv'
[1.872s] INFO:colcon.colcon_core.shell:Creating package script '/home/students/group_114/install/turtlebot3_gazebo/share/turtlebot3_gazebo/package.sh'
[1.872s] INFO:colcon.colcon_core.shell:Creating package script '/home/students/group_114/install/turtlebot3_gazebo/share/turtlebot3_gazebo/package.bash'
[1.872s] INFO:colcon.colcon_core.shell:Creating package script '/home/students/group_114/install/turtlebot3_gazebo/share/turtlebot3_gazebo/package.zsh'
[1.873s] Level 1:colcon.colcon_core.environment:create_file_with_runtime_dependencies(/home/students/group_114/install/turtlebot3_gazebo/share/colcon-core/packages/turtlebot3_gazebo)
[1.873s] Level 1:colcon.colcon_core.environment:create_environment_scripts_only(turtlebot3_gazebo)
[1.873s] Level 1:colcon.colcon_core.environment:checking '/home/students/group_114/install/turtlebot3_gazebo' for CMake module files
[1.873s] Level 1:colcon.colcon_core.environment:checking '/home/students/group_114/install/turtlebot3_gazebo' for CMake config files
[1.874s] Level 1:colcon.colcon_core.shell:create_environment_hook('turtlebot3_gazebo', 'cmake_prefix_path')
[1.874s] INFO:colcon.colcon_core.shell:Creating environment hook '/home/students/group_114/install/turtlebot3_gazebo/share/turtlebot3_gazebo/hook/cmake_prefix_path.ps1'
[1.874s] INFO:colcon.colcon_core.shell:Creating environment descriptor '/home/students/group_114/install/turtlebot3_gazebo/share/turtlebot3_gazebo/hook/cmake_prefix_path.dsv'
[1.874s] INFO:colcon.colcon_core.shell:Creating environment hook '/home/students/group_114/install/turtlebot3_gazebo/share/turtlebot3_gazebo/hook/cmake_prefix_path.sh'
[1.875s] Level 1:colcon.colcon_core.environment:checking '/home/students/group_114/install/turtlebot3_gazebo/lib'
[1.875s] Level 1:colcon.colcon_core.environment:checking '/home/students/group_114/install/turtlebot3_gazebo/bin'
[1.875s] Level 1:colcon.colcon_core.environment:checking '/home/students/group_114/install/turtlebot3_gazebo/lib/pkgconfig/turtlebot3_gazebo.pc'
[1.875s] Level 1:colcon.colcon_core.environment:checking '/home/students/group_114/install/turtlebot3_gazebo/lib/python3.10/site-packages'
[1.875s] Level 1:colcon.colcon_core.environment:checking '/home/students/group_114/install/turtlebot3_gazebo/bin'
[1.875s] INFO:colcon.colcon_core.shell:Creating package script '/home/students/group_114/install/turtlebot3_gazebo/share/turtlebot3_gazebo/package.ps1'
[1.875s] INFO:colcon.colcon_core.shell:Creating package descriptor '/home/students/group_114/install/turtlebot3_gazebo/share/turtlebot3_gazebo/package.dsv'
[1.876s] INFO:colcon.colcon_core.shell:Creating package script '/home/students/group_114/install/turtlebot3_gazebo/share/turtlebot3_gazebo/package.sh'
[1.876s] INFO:colcon.colcon_core.shell:Creating package script '/home/students/group_114/install/turtlebot3_gazebo/share/turtlebot3_gazebo/package.bash'
[1.876s] INFO:colcon.colcon_core.shell:Creating package script '/home/students/group_114/install/turtlebot3_gazebo/share/turtlebot3_gazebo/package.zsh'
[1.876s] Level 1:colcon.colcon_core.environment:create_file_with_runtime_dependencies(/home/students/group_114/install/turtlebot3_gazebo/share/colcon-core/packages/turtlebot3_gazebo)
[2.146s] DEBUG:colcon.colcon_core.event_handler.log_command:Invoking command in '/home/students/group_114/build/turtlebot3_perception': CMAKE_PREFIX_PATH=/home/students/group_114/install/landmark_msgs:/home/students/group_114/install/turtlebot3_simulations:/home/students/group_114/install/turtlebot3_gazebo:/home/students/group_114/install/turtlebot3_fake_node:/opt/ros/tb3_ws/install/turtlebot3_simulations:/opt/ros/tb3_ws/install/turtlebot3_gazebo:/opt/ros/tb3_ws/install/turtlebot3_fake_node:/opt/ros/tb3_ws/install/ld08_driver LD_LIBRARY_PATH=/home/students/group_114/install/landmark_msgs/lib:/opt/ros/humble/opt/zenoh_cpp_vendor/lib:/usr/lib/x86_64-linux-gnu/gazebo-11/plugins:/opt/ros/humble/opt/rviz_ogre_vendor/lib:/opt/ros/humble/lib/x86_64-linux-gnu:/opt/ros/humble/lib:/usr/share/gazebo/../../lib/x86_64-linux-gnu/gazebo-11/plugins:/usr/share/gazebo/../../lib/x86_64-linux-gnu/gazebo-11/plugins:/usr/share/gazebo/../../lib/x86_64-linux-gnu/gazebo-11/plugins PYTHONPATH=/home/students/group_114/build/turtlebot3_perception/prefix_override:/usr/lib/python3/dist-packages/colcon_core/task/python/colcon_distutils_commands:/home/students/group_114/install/turtlebot3_perception/lib/python3.10/site-packages:${PYTHONPATH} /usr/bin/python3 -W ignore:setup.py install is deprecated -W ignore:easy_install command is deprecated setup.py develop --editable --build-directory /home/students/group_114/build/turtlebot3_perception/build --no-deps symlink_data
[2.171s] DEBUG:colcon.colcon_core.event_handler.log_command:Invoking command in '/home/students/group_114/build/lab04_pkg': CMAKE_PREFIX_PATH=/home/students/group_114/install/landmark_msgs:/home/students/group_114/install/turtlebot3_simulations:/home/students/group_114/install/turtlebot3_gazebo:/home/students/group_114/install/turtlebot3_fake_node:/opt/ros/tb3_ws/install/turtlebot3_simulations:/opt/ros/tb3_ws/install/turtlebot3_gazebo:/opt/ros/tb3_ws/install/turtlebot3_fake_node:/opt/ros/tb3_ws/install/ld08_driver LD_LIBRARY_PATH=/home/students/group_114/install/landmark_msgs/lib:/opt/ros/humble/opt/zenoh_cpp_vendor/lib:/usr/lib/x86_64-linux-gnu/gazebo-11/plugins:/opt/ros/humble/opt/rviz_ogre_vendor/lib:/opt/ros/humble/lib/x86_64-linux-gnu:/opt/ros/humble/lib:/usr/share/gazebo/../../lib/x86_64-linux-gnu/gazebo-11/plugins:/usr/share/gazebo/../../lib/x86_64-linux-gnu/gazebo-11/plugins:/usr/share/gazebo/../../lib/x86_64-linux-gnu/gazebo-11/plugins PYTHONPATH=/home/students/group_114/build/lab04_pkg/prefix_override:/usr/lib/python3/dist-packages/colcon_core/task/python/colcon_distutils_commands:/home/students/group_114/install/lab04_pkg/lib/python3.10/site-packages:${PYTHONPATH} /usr/bin/python3 -W ignore:setup.py install is deprecated -W ignore:easy_install command is deprecated setup.py develop --editable --build-directory /home/students/group_114/build/lab04_pkg/build --no-deps symlink_data
[2.295s] Level 1:colcon.colcon_core.shell:create_environment_hook('lab02_pkg', 'pythonpath_develop')
[2.295s] INFO:colcon.colcon_core.shell:Creating environment hook '/home/students/group_114/build/lab02_pkg/share/lab02_pkg/hook/pythonpath_develop.ps1'
[2.296s] DEBUG:colcon.colcon_core.event_handler.log_command:Invoked command in '/home/students/group_114/build/lab02_pkg' returned '0': PYTHONPATH=/home/students/group_114/build/lab02_pkg/prefix_override:/usr/lib/python3/dist-packages/colcon_core/task/python/colcon_distutils_commands:/home/students/group_114/install/lab02_pkg/lib/python3.10/site-packages:${PYTHONPATH} /usr/bin/python3 -W ignore:setup.py install is deprecated -W ignore:easy_install command is deprecated setup.py develop --editable --build-directory /home/students/group_114/build/lab02_pkg/build --no-deps symlink_data
[2.296s] INFO:colcon.colcon_core.shell:Creating environment descriptor '/home/students/group_114/build/lab02_pkg/share/lab02_pkg/hook/pythonpath_develop.dsv'
[2.296s] INFO:colcon.colcon_core.shell:Creating environment hook '/home/students/group_114/build/lab02_pkg/share/lab02_pkg/hook/pythonpath_develop.sh'
[2.297s] Level 1:colcon.colcon_core.environment:checking '/home/students/group_114/install/lab02_pkg' for CMake module files
[2.297s] Level 1:colcon.colcon_core.environment:checking '/home/students/group_114/install/lab02_pkg' for CMake config files
[2.297s] Level 1:colcon.colcon_core.environment:checking '/home/students/group_114/install/lab02_pkg/lib'
[2.297s] Level 1:colcon.colcon_core.environment:checking '/home/students/group_114/install/lab02_pkg/bin'
[2.297s] Level 1:colcon.colcon_core.environment:checking '/home/students/group_114/install/lab02_pkg/lib/pkgconfig/lab02_pkg.pc'
[2.297s] Level 1:colcon.colcon_core.environment:checking '/home/students/group_114/install/lab02_pkg/lib/python3.10/site-packages'
[2.298s] Level 1:colcon.colcon_core.shell:create_environment_hook('lab02_pkg', 'pythonpath')
[2.298s] INFO:colcon.colcon_core.shell:Creating environment hook '/home/students/group_114/install/lab02_pkg/share/lab02_pkg/hook/pythonpath.ps1'
[2.298s] INFO:colcon.colcon_core.shell:Creating environment descriptor '/home/students/group_114/install/lab02_pkg/share/lab02_pkg/hook/pythonpath.dsv'
[2.298s] INFO:colcon.colcon_core.shell:Creating environment hook '/home/students/group_114/install/lab02_pkg/share/lab02_pkg/hook/pythonpath.sh'
[2.299s] Level 1:colcon.colcon_core.environment:checking '/home/students/group_114/install/lab02_pkg/bin'
[2.299s] Level 1:colcon.colcon_core.environment:create_environment_scripts_only(lab02_pkg)
[2.299s] INFO:colcon.colcon_core.shell:Creating package script '/home/students/group_114/install/lab02_pkg/share/lab02_pkg/package.ps1'
[2.299s] INFO:colcon.colcon_core.shell:Creating package descriptor '/home/students/group_114/install/lab02_pkg/share/lab02_pkg/package.dsv'
[2.299s] INFO:colcon.colcon_core.shell:Creating package script '/home/students/group_114/install/lab02_pkg/share/lab02_pkg/package.sh'
[2.300s] INFO:colcon.colcon_core.shell:Creating package script '/home/students/group_114/install/lab02_pkg/share/lab02_pkg/package.bash'
[2.300s] INFO:colcon.colcon_core.shell:Creating package script '/home/students/group_114/install/lab02_pkg/share/lab02_pkg/package.zsh'
[2.300s] Level 1:colcon.colcon_core.environment:create_file_with_runtime_dependencies(/home/students/group_114/install/lab02_pkg/share/colcon-core/packages/lab02_pkg)
[2.510s] Level 1:colcon.colcon_core.shell:create_environment_hook('lab04_pkg', 'pythonpath_develop')
[2.511s] INFO:colcon.colcon_core.shell:Creating environment hook '/home/students/group_114/build/lab04_pkg/share/lab04_pkg/hook/pythonpath_develop.ps1'
[2.511s] DEBUG:colcon.colcon_core.event_handler.log_command:Invoked command in '/home/students/group_114/build/lab04_pkg' returned '0': CMAKE_PREFIX_PATH=/home/students/group_114/install/landmark_msgs:/home/students/group_114/install/turtlebot3_simulations:/home/students/group_114/install/turtlebot3_gazebo:/home/students/group_114/install/turtlebot3_fake_node:/opt/ros/tb3_ws/install/turtlebot3_simulations:/opt/ros/tb3_ws/install/turtlebot3_gazebo:/opt/ros/tb3_ws/install/turtlebot3_fake_node:/opt/ros/tb3_ws/install/ld08_driver LD_LIBRARY_PATH=/home/students/group_114/install/landmark_msgs/lib:/opt/ros/humble/opt/zenoh_cpp_vendor/lib:/usr/lib/x86_64-linux-gnu/gazebo-11/plugins:/opt/ros/humble/opt/rviz_ogre_vendor/lib:/opt/ros/humble/lib/x86_64-linux-gnu:/opt/ros/humble/lib:/usr/share/gazebo/../../lib/x86_64-linux-gnu/gazebo-11/plugins:/usr/share/gazebo/../../lib/x86_64-linux-gnu/gazebo-11/plugins:/usr/share/gazebo/../../lib/x86_64-linux-gnu/gazebo-11/plugins PYTHONPATH=/home/students/group_114/build/lab04_pkg/prefix_override:/usr/lib/python3/dist-packages/colcon_core/task/python/colcon_distutils_commands:/home/students/group_114/install/lab04_pkg/lib/python3.10/site-packages:${PYTHONPATH} /usr/bin/python3 -W ignore:setup.py install is deprecated -W ignore:easy_install command is deprecated setup.py develop --editable --build-directory /home/students/group_114/build/lab04_pkg/build --no-deps symlink_data
[2.512s] INFO:colcon.colcon_core.shell:Creating environment descriptor '/home/students/group_114/build/lab04_pkg/share/lab04_pkg/hook/pythonpath_develop.dsv'
[2.513s] INFO:colcon.colcon_core.shell:Creating environment hook '/home/students/group_114/build/lab04_pkg/share/lab04_pkg/hook/pythonpath_develop.sh'
[2.513s] Level 1:colcon.colcon_core.environment:checking '/home/students/group_114/install/lab04_pkg' for CMake module files
[2.514s] Level 1:colcon.colcon_core.environment:checking '/home/students/group_114/install/lab04_pkg' for CMake config files
[2.515s] Level 1:colcon.colcon_core.environment:checking '/home/students/group_114/install/lab04_pkg/lib'
[2.515s] Level 1:colcon.colcon_core.environment:checking '/home/students/group_114/install/lab04_pkg/bin'
[2.515s] Level 1:colcon.colcon_core.environment:checking '/home/students/group_114/install/lab04_pkg/lib/pkgconfig/lab04_pkg.pc'
[2.515s] Level 1:colcon.colcon_core.environment:checking '/home/students/group_114/install/lab04_pkg/lib/python3.10/site-packages'
[2.515s] Level 1:colcon.colcon_core.shell:create_environment_hook('lab04_pkg', 'pythonpath')
[2.516s] INFO:colcon.colcon_core.shell:Creating environment hook '/home/students/group_114/install/lab04_pkg/share/lab04_pkg/hook/pythonpath.ps1'
[2.516s] INFO:colcon.colcon_core.shell:Creating environment descriptor '/home/students/group_114/install/lab04_pkg/share/lab04_pkg/hook/pythonpath.dsv'
[2.516s] INFO:colcon.colcon_core.shell:Creating environment hook '/home/students/group_114/install/lab04_pkg/share/lab04_pkg/hook/pythonpath.sh'
[2.517s] Level 1:colcon.colcon_core.environment:checking '/home/students/group_114/install/lab04_pkg/bin'
[2.517s] Level 1:colcon.colcon_core.environment:create_environment_scripts_only(lab04_pkg)
[2.518s] INFO:colcon.colcon_core.shell:Creating package script '/home/students/group_114/install/lab04_pkg/share/lab04_pkg/package.ps1'
[2.518s] INFO:colcon.colcon_core.shell:Creating package descriptor '/home/students/group_114/install/lab04_pkg/share/lab04_pkg/package.dsv'
[2.519s] INFO:colcon.colcon_core.shell:Creating package script '/home/students/group_114/install/lab04_pkg/share/lab04_pkg/package.sh'
[2.519s] INFO:colcon.colcon_core.shell:Creating package script '/home/students/group_114/install/lab04_pkg/share/lab04_pkg/package.bash'
[2.520s] INFO:colcon.colcon_core.shell:Creating package script '/home/students/group_114/install/lab04_pkg/share/lab04_pkg/package.zsh'
[2.520s] Level 1:colcon.colcon_core.environment:create_file_with_runtime_dependencies(/home/students/group_114/install/lab04_pkg/share/colcon-core/packages/lab04_pkg)
[2.521s] Level 1:colcon.colcon_core.shell:create_environment_hook('turtlebot3_perception', 'pythonpath_develop')
[2.522s] INFO:colcon.colcon_core.shell:Creating environment hook '/home/students/group_114/build/turtlebot3_perception/share/turtlebot3_perception/hook/pythonpath_develop.ps1'
[2.522s] DEBUG:colcon.colcon_core.event_handler.log_command:Invoked command in '/home/students/group_114/build/turtlebot3_perception' returned '0': CMAKE_PREFIX_PATH=/home/students/group_114/install/landmark_msgs:/home/students/group_114/install/turtlebot3_simulations:/home/students/group_114/install/turtlebot3_gazebo:/home/students/group_114/install/turtlebot3_fake_node:/opt/ros/tb3_ws/install/turtlebot3_simulations:/opt/ros/tb3_ws/install/turtlebot3_gazebo:/opt/ros/tb3_ws/install/turtlebot3_fake_node:/opt/ros/tb3_ws/install/ld08_driver LD_LIBRARY_PATH=/home/students/group_114/install/landmark_msgs/lib:/opt/ros/humble/opt/zenoh_cpp_vendor/lib:/usr/lib/x86_64-linux-gnu/gazebo-11/plugins:/opt/ros/humble/opt/rviz_ogre_vendor/lib:/opt/ros/humble/lib/x86_64-linux-gnu:/opt/ros/humble/lib:/usr/share/gazebo/../../lib/x86_64-linux-gnu/gazebo-11/plugins:/usr/share/gazebo/../../lib/x86_64-linux-gnu/gazebo-11/plugins:/usr/share/gazebo/../../lib/x86_64-linux-gnu/gazebo-11/plugins PYTHONPATH=/home/students/group_114/build/turtlebot3_perception/prefix_override:/usr/lib/python3/dist-packages/colcon_core/task/python/colcon_distutils_commands:/home/students/group_114/install/turtlebot3_perception/lib/python3.10/site-packages:${PYTHONPATH} /usr/bin/python3 -W ignore:setup.py install is deprecated -W ignore:easy_install command is deprecated setup.py develop --editable --build-directory /home/students/group_114/build/turtlebot3_perception/build --no-deps symlink_data
[2.522s] INFO:colcon.colcon_core.shell:Creating environment descriptor '/home/students/group_114/build/turtlebot3_perception/share/turtlebot3_perception/hook/pythonpath_develop.dsv'
[2.523s] INFO:colcon.colcon_core.shell:Creating environment hook '/home/students/group_114/build/turtlebot3_perception/share/turtlebot3_perception/hook/pythonpath_develop.sh'
[2.523s] Level 1:colcon.colcon_core.environment:checking '/home/students/group_114/install/turtlebot3_perception' for CMake module files
[2.523s] Level 1:colcon.colcon_core.environment:checking '/home/students/group_114/install/turtlebot3_perception' for CMake config files
[2.524s] Level 1:colcon.colcon_core.environment:checking '/home/students/group_114/install/turtlebot3_perception/lib'
[2.524s] Level 1:colcon.colcon_core.environment:checking '/home/students/group_114/install/turtlebot3_perception/bin'
[2.524s] Level 1:colcon.colcon_core.environment:checking '/home/students/group_114/install/turtlebot3_perception/lib/pkgconfig/turtlebot3_perception.pc'
[2.524s] Level 1:colcon.colcon_core.environment:checking '/home/students/group_114/install/turtlebot3_perception/lib/python3.10/site-packages'
[2.524s] Level 1:colcon.colcon_core.shell:create_environment_hook('turtlebot3_perception', 'pythonpath')
[2.524s] INFO:colcon.colcon_core.shell:Creating environment hook '/home/students/group_114/install/turtlebot3_perception/share/turtlebot3_perception/hook/pythonpath.ps1'
[2.524s] INFO:colcon.colcon_core.shell:Creating environment descriptor '/home/students/group_114/install/turtlebot3_perception/share/turtlebot3_perception/hook/pythonpath.dsv'
[2.525s] INFO:colcon.colcon_core.shell:Creating environment hook '/home/students/group_114/install/turtlebot3_perception/share/turtlebot3_perception/hook/pythonpath.sh'
[2.525s] Level 1:colcon.colcon_core.environment:checking '/home/students/group_114/install/turtlebot3_perception/bin'
[2.525s] Level 1:colcon.colcon_core.environment:create_environment_scripts_only(turtlebot3_perception)
[2.525s] INFO:colcon.colcon_core.shell:Creating package script '/home/students/group_114/install/turtlebot3_perception/share/turtlebot3_perception/package.ps1'
[2.526s] INFO:colcon.colcon_core.shell:Creating package descriptor '/home/students/group_114/install/turtlebot3_perception/share/turtlebot3_perception/package.dsv'
[2.526s] INFO:colcon.colcon_core.shell:Creating package script '/home/students/group_114/install/turtlebot3_perception/share/turtlebot3_perception/package.sh'
[2.526s] INFO:colcon.colcon_core.shell:Creating package script '/home/students/group_114/install/turtlebot3_perception/share/turtlebot3_perception/package.bash'
[2.527s] INFO:colcon.colcon_core.shell:Creating package script '/home/students/group_114/install/turtlebot3_perception/share/turtlebot3_perception/package.zsh'
[2.527s] Level 1:colcon.colcon_core.environment:create_file_with_runtime_dependencies(/home/students/group_114/install/turtlebot3_perception/share/colcon-core/packages/turtlebot3_perception)
[2.527s] DEBUG:colcon.colcon_parallel_executor.executor.parallel:closing loop
[2.527s] DEBUG:colcon.colcon_parallel_executor.executor.parallel:loop closed
[2.527s] DEBUG:colcon.colcon_parallel_executor.executor.parallel:run_until_complete finished with '0'
[2.527s] DEBUG:colcon.colcon_core.event_reactor:joining thread
[2.536s] INFO:colcon.colcon_core.plugin_system:Skipping extension 'colcon_notification.desktop_notification.terminal_notifier': Not used on non-Darwin systems
[2.536s] INFO:colcon.colcon_core.plugin_system:Skipping extension 'colcon_notification.desktop_notification.win32': Not used on non-Windows systems
[2.536s] INFO:colcon.colcon_notification.desktop_notification:Sending desktop notification using 'notify2'
[2.537s] DEBUG:colcon.colcon_notification.desktop_notification.notify2:Failed to initialize notify2: org.freedesktop.DBus.Error.ServiceUnknown: The name org.freedesktop.Notifications was not provided by any .service files
[2.537s] DEBUG:colcon.colcon_core.event_reactor:joined thread
[2.537s] INFO:colcon.colcon_core.shell:Creating prefix script '/home/students/group_114/install/local_setup.ps1'
[2.539s] INFO:colcon.colcon_core.shell:Creating prefix util module '/home/students/group_114/install/_local_setup_util_ps1.py'
[2.541s] INFO:colcon.colcon_core.shell:Creating prefix chain script '/home/students/group_114/install/setup.ps1'
[2.542s] INFO:colcon.colcon_core.shell:Creating prefix script '/home/students/group_114/install/local_setup.sh'
[2.543s] INFO:colcon.colcon_core.shell:Creating prefix util module '/home/students/group_114/install/_local_setup_util_sh.py'
[2.543s] INFO:colcon.colcon_core.shell:Creating prefix chain script '/home/students/group_114/install/setup.sh'
[2.544s] INFO:colcon.colcon_core.shell:Creating prefix script '/home/students/group_114/install/local_setup.bash'
[2.545s] INFO:colcon.colcon_core.shell:Creating prefix chain script '/home/students/group_114/install/setup.bash'
[2.546s] INFO:colcon.colcon_core.shell:Creating prefix script '/home/students/group_114/install/local_setup.zsh'
[2.547s] INFO:colcon.colcon_core.shell:Creating prefix chain script '/home/students/group_114/install/setup.zsh'
