[0.070s] DEBUG:colcon:Command line arguments: ['/usr/bin/colcon', 'build', '--symlink-install']
[0.070s] DEBUG:colcon:Parsed command line arguments: Namespace(log_base=None, log_level=None, verb_name='build', build_base='build', install_base='install', merge_install=False, symlink_install=True, test_result_base=None, continue_on_error=False, executor='parallel', parallel_workers=8, event_handlers=None, ignore_user_meta=False, metas=['./colcon.meta'], base_paths=['.'], packages_ignore=None, packages_ignore_regex=None, paths=None, packages_up_to=None, packages_up_to_regex=None, packages_above=None, packages_above_and_dependencies=None, packages_above_depth=None, packages_select_by_dep=None, packages_skip_by_dep=None, packages_skip_up_to=None, packages_select_build_failed=False, packages_skip_build_finished=False, packages_select_test_failures=False, packages_skip_test_passed=False, packages_select=None, packages_skip=None, packages_select_regex=None, packages_skip_regex=None, packages_start=None, packages_end=None, allow_overriding=[], cmake_args=None, cmake_target=None, cmake_target_skip_unavailable=False, cmake_clean_cache=False, cmake_clean_first=False, cmake_force_configure=False, ament_cmake_args=None, catkin_cmake_args=None, catkin_skip_building_tests=False, mixin_files=None, mixin=None, verb_parser=<colcon_mixin.mixin.mixin_argument.MixinArgumentDecorator object at 0x75c7d9294970>, verb_extension=<colcon_core.verb.build.BuildVerb object at 0x75c7d9294340>, main=<bound method BuildVerb.main of <colcon_core.verb.build.BuildVerb object at 0x75c7d9294340>>, mixin_verb=('build',))
[0.179s] Level 1:colcon.colcon_core.package_discovery:discover_packages(colcon_meta) check parameters
[0.179s] Level 1:colcon.colcon_core.package_discovery:discover_packages(recursive) check parameters
[0.179s] Level 1:colcon.colcon_core.package_discovery:discover_packages(ignore) check parameters
[0.179s] Level 1:colcon.colcon_core.package_discovery:discover_packages(path) check parameters
[0.179s] Level 1:colcon.colcon_core.package_discovery:discover_packages(colcon_meta) discover
[0.179s] Level 1:colcon.colcon_core.package_discovery:discover_packages(recursive) discover
[0.179s] INFO:colcon.colcon_core.package_discovery:Crawling recursively for packages in '/home/students/group_114'
[0.179s] Level 1:colcon.colcon_core.package_identification:_identify(.) by extensions ['ignore', 'ignore_ament_install']
[0.179s] Level 1:colcon.colcon_core.package_identification:_identify(.) by extension 'ignore'
[0.179s] Level 1:colcon.colcon_core.package_identification:_identify(.) by extension 'ignore_ament_install'
[0.179s] Level 1:colcon.colcon_core.package_identification:_identify(.) by extensions ['colcon_pkg']
[0.179s] Level 1:colcon.colcon_core.package_identification:_identify(.) by extension 'colcon_pkg'
[0.179s] Level 1:colcon.colcon_core.package_identification:_identify(.) by extensions ['colcon_meta']
[0.179s] Level 1:colcon.colcon_core.package_identification:_identify(.) by extension 'colcon_meta'
[0.179s] Level 1:colcon.colcon_core.package_identification:_identify(.) by extensions ['ros']
[0.179s] Level 1:colcon.colcon_core.package_identification:_identify(.) by extension 'ros'
[0.187s] Level 1:colcon.colcon_core.package_identification:_identify(.) by extensions ['cmake', 'python']
[0.187s] Level 1:colcon.colcon_core.package_identification:_identify(.) by extension 'cmake'
[0.187s] Level 1:colcon.colcon_core.package_identification:_identify(.) by extension 'python'
[0.187s] Level 1:colcon.colcon_core.package_identification:_identify(.) by extensions ['python_setup_py']
[0.187s] Level 1:colcon.colcon_core.package_identification:_identify(.) by extension 'python_setup_py'
[0.187s] Level 1:colcon.colcon_core.package_identification:_identify(build) by extensions ['ignore', 'ignore_ament_install']
[0.187s] Level 1:colcon.colcon_core.package_identification:_identify(build) by extension 'ignore'
[0.187s] Level 1:colcon.colcon_core.package_identification:_identify(build) ignored
[0.187s] Level 1:colcon.colcon_core.package_identification:_identify(install) by extensions ['ignore', 'ignore_ament_install']
[0.187s] Level 1:colcon.colcon_core.package_identification:_identify(install) by extension 'ignore'
[0.187s] Level 1:colcon.colcon_core.package_identification:_identify(install) ignored
[0.188s] Level 1:colcon.colcon_core.package_identification:_identify(log) by extensions ['ignore', 'ignore_ament_install']
[0.188s] Level 1:colcon.colcon_core.package_identification:_identify(log) by extension 'ignore'
[0.188s] Level 1:colcon.colcon_core.package_identification:_identify(log) ignored
[0.188s] Level 1:colcon.colcon_core.package_identification:_identify(src) by extensions ['ignore', 'ignore_ament_install']
[0.188s] Level 1:colcon.colcon_core.package_identification:_identify(src) by extension 'ignore'
[0.188s] Level 1:colcon.colcon_core.package_identification:_identify(src) by extension 'ignore_ament_install'
[0.188s] Level 1:colcon.colcon_core.package_identification:_identify(src) by extensions ['colcon_pkg']
[0.188s] Level 1:colcon.colcon_core.package_identification:_identify(src) by extension 'colcon_pkg'
[0.188s] Level 1:colcon.colcon_core.package_identification:_identify(src) by extensions ['colcon_meta']
[0.188s] Level 1:colcon.colcon_core.package_identification:_identify(src) by extension 'colcon_meta'
[0.188s] Level 1:colcon.colcon_core.package_identification:_identify(src) by extensions ['ros']
[0.188s] Level 1:colcon.colcon_core.package_identification:_identify(src) by extension 'ros'
[0.188s] Level 1:colcon.colcon_core.package_identification:_identify(src) by extensions ['cmake', 'python']
[0.188s] Level 1:colcon.colcon_core.package_identification:_identify(src) by extension 'cmake'
[0.188s] Level 1:colcon.colcon_core.package_identification:_identify(src) by extension 'python'
[0.188s] Level 1:colcon.colcon_core.package_identification:_identify(src) by extensions ['python_setup_py']
[0.188s] Level 1:colcon.colcon_core.package_identification:_identify(src) by extension 'python_setup_py'
[0.188s] Level 1:colcon.colcon_core.package_identification:_identify(src/lab02_pkg) by extensions ['ignore', 'ignore_ament_install']
[0.188s] Level 1:colcon.colcon_core.package_identification:_identify(src/lab02_pkg) by extension 'ignore'
[0.188s] Level 1:colcon.colcon_core.package_identification:_identify(src/lab02_pkg) by extension 'ignore_ament_install'
[0.188s] Level 1:colcon.colcon_core.package_identification:_identify(src/lab02_pkg) by extensions ['colcon_pkg']
[0.188s] Level 1:colcon.colcon_core.package_identification:_identify(src/lab02_pkg) by extension 'colcon_pkg'
[0.188s] Level 1:colcon.colcon_core.package_identification:_identify(src/lab02_pkg) by extensions ['colcon_meta']
[0.188s] Level 1:colcon.colcon_core.package_identification:_identify(src/lab02_pkg) by extension 'colcon_meta'
[0.188s] Level 1:colcon.colcon_core.package_identification:_identify(src/lab02_pkg) by extensions ['ros']
[0.188s] Level 1:colcon.colcon_core.package_identification:_identify(src/lab02_pkg) by extension 'ros'
[0.196s] DEBUG:colcon.colcon_core.package_identification:Package 'src/lab02_pkg' with type 'ros.ament_python' and name 'lab02_pkg'
[0.197s] Level 1:colcon.colcon_core.package_identification:_identify(src/lab04_pkg) by extensions ['ignore', 'ignore_ament_install']
[0.197s] Level 1:colcon.colcon_core.package_identification:_identify(src/lab04_pkg) by extension 'ignore'
[0.197s] Level 1:colcon.colcon_core.package_identification:_identify(src/lab04_pkg) by extension 'ignore_ament_install'
[0.197s] Level 1:colcon.colcon_core.package_identification:_identify(src/lab04_pkg) by extensions ['colcon_pkg']
[0.197s] Level 1:colcon.colcon_core.package_identification:_identify(src/lab04_pkg) by extension 'colcon_pkg'
[0.197s] Level 1:colcon.colcon_core.package_identification:_identify(src/lab04_pkg) by extensions ['colcon_meta']
[0.197s] Level 1:colcon.colcon_core.package_identification:_identify(src/lab04_pkg) by extension 'colcon_meta'
[0.197s] Level 1:colcon.colcon_core.package_identification:_identify(src/lab04_pkg) by extensions ['ros']
[0.197s] Level 1:colcon.colcon_core.package_identification:_identify(src/lab04_pkg) by extension 'ros'
[0.197s] DEBUG:colcon.colcon_core.package_identification:Package 'src/lab04_pkg' with type 'ros.ament_python' and name 'lab04_pkg'
[0.197s] Level 1:colcon.colcon_core.package_identification:_identify(src/turtlebot3_perception) by extensions ['ignore', 'ignore_ament_install']
[0.197s] Level 1:colcon.colcon_core.package_identification:_identify(src/turtlebot3_perception) by extension 'ignore'
[0.198s] Level 1:colcon.colcon_core.package_identification:_identify(src/turtlebot3_perception) by extension 'ignore_ament_install'
[0.198s] Level 1:colcon.colcon_core.package_identification:_identify(src/turtlebot3_perception) by extensions ['colcon_pkg']
[0.198s] Level 1:colcon.colcon_core.package_identification:_identify(src/turtlebot3_perception) by extension 'colcon_pkg'
[0.198s] Level 1:colcon.colcon_core.package_identification:_identify(src/turtlebot3_perception) by extensions ['colcon_meta']
[0.198s] Level 1:colcon.colcon_core.package_identification:_identify(src/turtlebot3_perception) by extension 'colcon_meta'
[0.198s] Level 1:colcon.colcon_core.package_identification:_identify(src/turtlebot3_perception) by extensions ['ros']
[0.198s] Level 1:colcon.colcon_core.package_identification:_identify(src/turtlebot3_perception) by extension 'ros'
[0.198s] Level 1:colcon.colcon_core.package_identification:_identify(src/turtlebot3_perception) by extensions ['cmake', 'python']
[0.198s] Level 1:colcon.colcon_core.package_identification:_identify(src/turtlebot3_perception) by extension 'cmake'
[0.198s] Level 1:colcon.colcon_core.package_identification:_identify(src/turtlebot3_perception) by extension 'python'
[0.198s] Level 1:colcon.colcon_core.package_identification:_identify(src/turtlebot3_perception) by extensions ['python_setup_py']
[0.198s] Level 1:colcon.colcon_core.package_identification:_identify(src/turtlebot3_perception) by extension 'python_setup_py'
[0.198s] Level 1:colcon.colcon_core.package_identification:_identify(src/turtlebot3_perception/landmark_msgs) by extensions ['ignore', 'ignore_ament_install']
[0.198s] Level 1:colcon.colcon_core.package_identification:_identify(src/turtlebot3_perception/landmark_msgs) by extension 'ignore'
[0.198s] Level 1:colcon.colcon_core.package_identification:_identify(src/turtlebot3_perception/landmark_msgs) by extension 'ignore_ament_install'
[0.198s] Level 1:colcon.colcon_core.package_identification:_identify(src/turtlebot3_perception/landmark_msgs) by extensions ['colcon_pkg']
[0.198s] Level 1:colcon.colcon_core.package_identification:_identify(src/turtlebot3_perception/landmark_msgs) by extension 'colcon_pkg'
[0.198s] Level 1:colcon.colcon_core.package_identification:_identify(src/turtlebot3_perception/landmark_msgs) by extensions ['colcon_meta']
[0.198s] Level 1:colcon.colcon_core.package_identification:_identify(src/turtlebot3_perception/landmark_msgs) by extension 'colcon_meta'
[0.198s] Level 1:colcon.colcon_core.package_identification:_identify(src/turtlebot3_perception/landmark_msgs) by extensions ['ros']
[0.198s] Level 1:colcon.colcon_core.package_identification:_identify(src/turtlebot3_perception/landmark_msgs) by extension 'ros'
[0.198s] DEBUG:colcon.colcon_core.package_identification:Package 'src/turtlebot3_perception/landmark_msgs' with type 'ros.ament_cmake' and name 'landmark_msgs'
[0.199s] Level 1:colcon.colcon_core.package_identification:_identify(src/turtlebot3_perception/turtlebot3_perception) by extensions ['ignore', 'ignore_ament_install']
[0.199s] Level 1:colcon.colcon_core.package_identification:_identify(src/turtlebot3_perception/turtlebot3_perception) by extension 'ignore'
[0.199s] Level 1:colcon.colcon_core.package_identification:_identify(src/turtlebot3_perception/turtlebot3_perception) by extension 'ignore_ament_install'
[0.199s] Level 1:colcon.colcon_core.package_identification:_identify(src/turtlebot3_perception/turtlebot3_perception) by extensions ['colcon_pkg']
[0.199s] Level 1:colcon.colcon_core.package_identification:_identify(src/turtlebot3_perception/turtlebot3_perception) by extension 'colcon_pkg'
[0.199s] Level 1:colcon.colcon_core.package_identification:_identify(src/turtlebot3_perception/turtlebot3_perception) by extensions ['colcon_meta']
[0.199s] Level 1:colcon.colcon_core.package_identification:_identify(src/turtlebot3_perception/turtlebot3_perception) by extension 'colcon_meta'
[0.199s] Level 1:colcon.colcon_core.package_identification:_identify(src/turtlebot3_perception/turtlebot3_perception) by extensions ['ros']
[0.199s] Level 1:colcon.colcon_core.package_identification:_identify(src/turtlebot3_perception/turtlebot3_perception) by extension 'ros'
[0.200s] DEBUG:colcon.colcon_core.package_identification:Package 'src/turtlebot3_perception/turtlebot3_perception' with type 'ros.ament_python' and name 'turtlebot3_perception'
[0.200s] Level 1:colcon.colcon_core.package_identification:_identify(src/turtlebot3_simulations) by extensions ['ignore', 'ignore_ament_install']
[0.200s] Level 1:colcon.colcon_core.package_identification:_identify(src/turtlebot3_simulations) by extension 'ignore'
[0.200s] Level 1:colcon.colcon_core.package_identification:_identify(src/turtlebot3_simulations) by extension 'ignore_ament_install'
[0.200s] Level 1:colcon.colcon_core.package_identification:_identify(src/turtlebot3_simulations) by extensions ['colcon_pkg']
[0.200s] Level 1:colcon.colcon_core.package_identification:_identify(src/turtlebot3_simulations) by extension 'colcon_pkg'
[0.200s] Level 1:colcon.colcon_core.package_identification:_identify(src/turtlebot3_simulations) by extensions ['colcon_meta']
[0.200s] Level 1:colcon.colcon_core.package_identification:_identify(src/turtlebot3_simulations) by extension 'colcon_meta'
[0.200s] Level 1:colcon.colcon_core.package_identification:_identify(src/turtlebot3_simulations) by extensions ['ros']
[0.200s] Level 1:colcon.colcon_core.package_identification:_identify(src/turtlebot3_simulations) by extension 'ros'
[0.200s] Level 1:colcon.colcon_core.package_identification:_identify(src/turtlebot3_simulations) by extensions ['cmake', 'python']
[0.200s] Level 1:colcon.colcon_core.package_identification:_identify(src/turtlebot3_simulations) by extension 'cmake'
[0.200s] Level 1:colcon.colcon_core.package_identification:_identify(src/turtlebot3_simulations) by extension 'python'
[0.200s] Level 1:colcon.colcon_core.package_identification:_identify(src/turtlebot3_simulations) by extensions ['python_setup_py']
[0.200s] Level 1:colcon.colcon_core.package_identification:_identify(src/turtlebot3_simulations) by extension 'python_setup_py'
[0.200s] Level 1:colcon.colcon_core.package_identification:_identify(src/turtlebot3_simulations/turtlebot3_fake_node) by extensions ['ignore', 'ignore_ament_install']
[0.200s] Level 1:colcon.colcon_core.package_identification:_identify(src/turtlebot3_simulations/turtlebot3_fake_node) by extension 'ignore'
[0.200s] Level 1:colcon.colcon_core.package_identification:_identify(src/turtlebot3_simulations/turtlebot3_fake_node) by extension 'ignore_ament_install'
[0.200s] Level 1:colcon.colcon_core.package_identification:_identify(src/turtlebot3_simulations/turtlebot3_fake_node) by extensions ['colcon_pkg']
[0.200s] Level 1:colcon.colcon_core.package_identification:_identify(src/turtlebot3_simulations/turtlebot3_fake_node) by extension 'colcon_pkg'
[0.200s] Level 1:colcon.colcon_core.package_identification:_identify(src/turtlebot3_simulations/turtlebot3_fake_node) by extensions ['colcon_meta']
[0.200s] Level 1:colcon.colcon_core.package_identification:_identify(src/turtlebot3_simulations/turtlebot3_fake_node) by extension 'colcon_meta'
[0.200s] Level 1:colcon.colcon_core.package_identification:_identify(src/turtlebot3_simulations/turtlebot3_fake_node) by extensions ['ros']
[0.200s] Level 1:colcon.colcon_core.package_identification:_identify(src/turtlebot3_simulations/turtlebot3_fake_node) by extension 'ros'
[0.201s] DEBUG:colcon.colcon_core.package_identification:Package 'src/turtlebot3_simulations/turtlebot3_fake_node' with type 'ros.ament_cmake' and name 'turtlebot3_fake_node'
[0.201s] Level 1:colcon.colcon_core.package_identification:_identify(src/turtlebot3_simulations/turtlebot3_gazebo) by extensions ['ignore', 'ignore_ament_install']
[0.201s] Level 1:colcon.colcon_core.package_identification:_identify(src/turtlebot3_simulations/turtlebot3_gazebo) by extension 'ignore'
[0.201s] Level 1:colcon.colcon_core.package_identification:_identify(src/turtlebot3_simulations/turtlebot3_gazebo) by extension 'ignore_ament_install'
[0.201s] Level 1:colcon.colcon_core.package_identification:_identify(src/turtlebot3_simulations/turtlebot3_gazebo) by extensions ['colcon_pkg']
[0.201s] Level 1:colcon.colcon_core.package_identification:_identify(src/turtlebot3_simulations/turtlebot3_gazebo) by extension 'colcon_pkg'
[0.201s] Level 1:colcon.colcon_core.package_identification:_identify(src/turtlebot3_simulations/turtlebot3_gazebo) by extensions ['colcon_meta']
[0.201s] Level 1:colcon.colcon_core.package_identification:_identify(src/turtlebot3_simulations/turtlebot3_gazebo) by extension 'colcon_meta'
[0.201s] Level 1:colcon.colcon_core.package_identification:_identify(src/turtlebot3_simulations/turtlebot3_gazebo) by extensions ['ros']
[0.201s] Level 1:colcon.colcon_core.package_identification:_identify(src/turtlebot3_simulations/turtlebot3_gazebo) by extension 'ros'
[0.202s] DEBUG:colcon.colcon_core.package_identification:Package 'src/turtlebot3_simulations/turtlebot3_gazebo' with type 'ros.ament_cmake' and name 'turtlebot3_gazebo'
[0.202s] Level 1:colcon.colcon_core.package_identification:_identify(src/turtlebot3_simulations/turtlebot3_ignition) by extensions ['ignore', 'ignore_ament_install']
[0.202s] Level 1:colcon.colcon_core.package_identification:_identify(src/turtlebot3_simulations/turtlebot3_ignition) by extension 'ignore'
[0.202s] Level 1:colcon.colcon_core.package_identification:_identify(src/turtlebot3_simulations/turtlebot3_ignition) ignored
[0.202s] Level 1:colcon.colcon_core.package_identification:_identify(src/turtlebot3_simulations/turtlebot3_simulations) by extensions ['ignore', 'ignore_ament_install']
[0.202s] Level 1:colcon.colcon_core.package_identification:_identify(src/turtlebot3_simulations/turtlebot3_simulations) by extension 'ignore'
[0.202s] Level 1:colcon.colcon_core.package_identification:_identify(src/turtlebot3_simulations/turtlebot3_simulations) by extension 'ignore_ament_install'
[0.202s] Level 1:colcon.colcon_core.package_identification:_identify(src/turtlebot3_simulations/turtlebot3_simulations) by extensions ['colcon_pkg']
[0.202s] Level 1:colcon.colcon_core.package_identification:_identify(src/turtlebot3_simulations/turtlebot3_simulations) by extension 'colcon_pkg'
[0.202s] Level 1:colcon.colcon_core.package_identification:_identify(src/turtlebot3_simulations/turtlebot3_simulations) by extensions ['colcon_meta']
[0.202s] Level 1:colcon.colcon_core.package_identification:_identify(src/turtlebot3_simulations/turtlebot3_simulations) by extension 'colcon_meta'
[0.202s] Level 1:colcon.colcon_core.package_identification:_identify(src/turtlebot3_simulations/turtlebot3_simulations) by extensions ['ros']
[0.202s] Level 1:colcon.colcon_core.package_identification:_identify(src/turtlebot3_simulations/turtlebot3_simulations) by extension 'ros'
[0.203s] DEBUG:colcon.colcon_core.package_identification:Package 'src/turtlebot3_simulations/turtlebot3_simulations' with type 'ros.ament_cmake' and name 'turtlebot3_simulations'
[0.203s] Level 1:colcon.colcon_core.package_discovery:discover_packages(recursive) using defaults
[0.203s] Level 1:colcon.colcon_core.package_discovery:discover_packages(ignore) discover
[0.203s] Level 1:colcon.colcon_core.package_discovery:discover_packages(ignore) using defaults
[0.203s] Level 1:colcon.colcon_core.package_discovery:discover_packages(path) discover
[0.203s] Level 1:colcon.colcon_core.package_discovery:discover_packages(path) using defaults
[0.217s] Level 1:colcon.colcon_core.package_discovery:discover_packages(prefix_path) check parameters
[0.217s] Level 1:colcon.colcon_core.package_discovery:discover_packages(prefix_path) discover
[0.218s] DEBUG:colcon.colcon_installed_package_information.package_discovery:Found 7 installed packages in /home/students/group_114/install
[0.219s] DEBUG:colcon.colcon_installed_package_information.package_discovery:Found 4 installed packages in /opt/ros/tb3_ws/install
[0.219s] DEBUG:colcon.colcon_installed_package_information.package_discovery:Found 1 installed packages in /home/students/group_111/install
[0.220s] DEBUG:colcon.colcon_installed_package_information.package_discovery:Found 395 installed packages in /opt/ros/humble
[0.221s] Level 1:colcon.colcon_core.package_discovery:discover_packages(prefix_path) using defaults
[0.249s] Level 5:colcon.colcon_core.verb:set package 'lab02_pkg' build argument 'cmake_args' from command line to 'None'
[0.249s] Level 5:colcon.colcon_core.verb:set package 'lab02_pkg' build argument 'cmake_target' from command line to 'None'
[0.249s] Level 5:colcon.colcon_core.verb:set package 'lab02_pkg' build argument 'cmake_target_skip_unavailable' from command line to 'False'
[0.249s] Level 5:colcon.colcon_core.verb:set package 'lab02_pkg' build argument 'cmake_clean_cache' from command line to 'False'
[0.249s] Level 5:colcon.colcon_core.verb:set package 'lab02_pkg' build argument 'cmake_clean_first' from command line to 'False'
[0.250s] Level 5:colcon.colcon_core.verb:set package 'lab02_pkg' build argument 'cmake_force_configure' from command line to 'False'
[0.250s] Level 5:colcon.colcon_core.verb:set package 'lab02_pkg' build argument 'ament_cmake_args' from command line to 'None'
[0.250s] Level 5:colcon.colcon_core.verb:set package 'lab02_pkg' build argument 'catkin_cmake_args' from command line to 'None'
[0.250s] Level 5:colcon.colcon_core.verb:set package 'lab02_pkg' build argument 'catkin_skip_building_tests' from command line to 'False'
[0.250s] DEBUG:colcon.colcon_core.verb:Building package 'lab02_pkg' with the following arguments: {'ament_cmake_args': None, 'build_base': '/home/students/group_114/build/lab02_pkg', 'catkin_cmake_args': None, 'catkin_skip_building_tests': False, 'cmake_args': None, 'cmake_clean_cache': False, 'cmake_clean_first': False, 'cmake_force_configure': False, 'cmake_target': None, 'cmake_target_skip_unavailable': False, 'install_base': '/home/students/group_114/install/lab02_pkg', 'merge_install': False, 'path': '/home/students/group_114/src/lab02_pkg', 'symlink_install': True, 'test_result_base': None}
[0.250s] Level 5:colcon.colcon_core.verb:set package 'landmark_msgs' build argument 'cmake_args' from command line to 'None'
[0.250s] Level 5:colcon.colcon_core.verb:set package 'landmark_msgs' build argument 'cmake_target' from command line to 'None'
[0.250s] Level 5:colcon.colcon_core.verb:set package 'landmark_msgs' build argument 'cmake_target_skip_unavailable' from command line to 'False'
[0.250s] Level 5:colcon.colcon_core.verb:set package 'landmark_msgs' build argument 'cmake_clean_cache' from command line to 'False'
[0.250s] Level 5:colcon.colcon_core.verb:set package 'landmark_msgs' build argument 'cmake_clean_first' from command line to 'False'
[0.250s] Level 5:colcon.colcon_core.verb:set package 'landmark_msgs' build argument 'cmake_force_configure' from command line to 'False'
[0.250s] Level 5:colcon.colcon_core.verb:set package 'landmark_msgs' build argument 'ament_cmake_args' from command line to 'None'
[0.250s] Level 5:colcon.colcon_core.verb:set package 'landmark_msgs' build argument 'catkin_cmake_args' from command line to 'None'
[0.250s] Level 5:colcon.colcon_core.verb:set package 'landmark_msgs' build argument 'catkin_skip_building_tests' from command line to 'False'
[0.250s] DEBUG:colcon.colcon_core.verb:Building package 'landmark_msgs' with the following arguments: {'ament_cmake_args': None, 'build_base': '/home/students/group_114/build/landmark_msgs', 'catkin_cmake_args': None, 'catkin_skip_building_tests': False, 'cmake_args': None, 'cmake_clean_cache': False, 'cmake_clean_first': False, 'cmake_force_configure': False, 'cmake_target': None, 'cmake_target_skip_unavailable': False, 'install_base': '/home/students/group_114/install/landmark_msgs', 'merge_install': False, 'path': '/home/students/group_114/src/turtlebot3_perception/landmark_msgs', 'symlink_install': True, 'test_result_base': None}
[0.250s] Level 5:colcon.colcon_core.verb:set package 'turtlebot3_fake_node' build argument 'cmake_args' from command line to 'None'
[0.250s] Level 5:colcon.colcon_core.verb:set package 'turtlebot3_fake_node' build argument 'cmake_target' from command line to 'None'
[0.250s] Level 5:colcon.colcon_core.verb:set package 'turtlebot3_fake_node' build argument 'cmake_target_skip_unavailable' from command line to 'False'
[0.250s] Level 5:colcon.colcon_core.verb:set package 'turtlebot3_fake_node' build argument 'cmake_clean_cache' from command line to 'False'
[0.250s] Level 5:colcon.colcon_core.verb:set package 'turtlebot3_fake_node' build argument 'cmake_clean_first' from command line to 'False'
[0.250s] Level 5:colcon.colcon_core.verb:set package 'turtlebot3_fake_node' build argument 'cmake_force_configure' from command line to 'False'
[0.250s] Level 5:colcon.colcon_core.verb:set package 'turtlebot3_fake_node' build argument 'ament_cmake_args' from command line to 'None'
[0.250s] Level 5:colcon.colcon_core.verb:set package 'turtlebot3_fake_node' build argument 'catkin_cmake_args' from command line to 'None'
[0.250s] Level 5:colcon.colcon_core.verb:set package 'turtlebot3_fake_node' build argument 'catkin_skip_building_tests' from command line to 'False'
[0.250s] DEBUG:colcon.colcon_core.verb:Building package 'turtlebot3_fake_node' with the following arguments: {'ament_cmake_args': None, 'build_base': '/home/students/group_114/build/turtlebot3_fake_node', 'catkin_cmake_args': None, 'catkin_skip_building_tests': False, 'cmake_args': None, 'cmake_clean_cache': False, 'cmake_clean_first': False, 'cmake_force_configure': False, 'cmake_target': None, 'cmake_target_skip_unavailable': False, 'install_base': '/home/students/group_114/install/turtlebot3_fake_node', 'merge_install': False, 'path': '/home/students/group_114/src/turtlebot3_simulations/turtlebot3_fake_node', 'symlink_install': True, 'test_result_base': None}
[0.250s] Level 5:colcon.colcon_core.verb:set package 'turtlebot3_gazebo' build argument 'cmake_args' from command line to 'None'
[0.250s] Level 5:colcon.colcon_core.verb:set package 'turtlebot3_gazebo' build argument 'cmake_target' from command line to 'None'
[0.250s] Level 5:colcon.colcon_core.verb:set package 'turtlebot3_gazebo' build argument 'cmake_target_skip_unavailable' from command line to 'False'
[0.251s] Level 5:colcon.colcon_core.verb:set package 'turtlebot3_gazebo' build argument 'cmake_clean_cache' from command line to 'False'
[0.251s] Level 5:colcon.colcon_core.verb:set package 'turtlebot3_gazebo' build argument 'cmake_clean_first' from command line to 'False'
[0.251s] Level 5:colcon.colcon_core.verb:set package 'turtlebot3_gazebo' build argument 'cmake_force_configure' from command line to 'False'
[0.251s] Level 5:colcon.colcon_core.verb:set package 'turtlebot3_gazebo' build argument 'ament_cmake_args' from command line to 'None'
[0.251s] Level 5:colcon.colcon_core.verb:set package 'turtlebot3_gazebo' build argument 'catkin_cmake_args' from command line to 'None'
[0.251s] Level 5:colcon.colcon_core.verb:set package 'turtlebot3_gazebo' build argument 'catkin_skip_building_tests' from command line to 'False'
[0.251s] DEBUG:colcon.colcon_core.verb:Building package 'turtlebot3_gazebo' with the following arguments: {'ament_cmake_args': None, 'build_base': '/home/students/group_114/build/turtlebot3_gazebo', 'catkin_cmake_args': None, 'catkin_skip_building_tests': False, 'cmake_args': None, 'cmake_clean_cache': False, 'cmake_clean_first': False, 'cmake_force_configure': False, 'cmake_target': None, 'cmake_target_skip_unavailable': False, 'install_base': '/home/students/group_114/install/turtlebot3_gazebo', 'merge_install': False, 'path': '/home/students/group_114/src/turtlebot3_simulations/turtlebot3_gazebo', 'symlink_install': True, 'test_result_base': None}
[0.251s] Level 5:colcon.colcon_core.verb:set package 'lab04_pkg' build argument 'cmake_args' from command line to 'None'
[0.251s] Level 5:colcon.colcon_core.verb:set package 'lab04_pkg' build argument 'cmake_target' from command line to 'None'
[0.251s] Level 5:colcon.colcon_core.verb:set package 'lab04_pkg' build argument 'cmake_target_skip_unavailable' from command line to 'False'
[0.251s] Level 5:colcon.colcon_core.verb:set package 'lab04_pkg' build argument 'cmake_clean_cache' from command line to 'False'
[0.251s] Level 5:colcon.colcon_core.verb:set package 'lab04_pkg' build argument 'cmake_clean_first' from command line to 'False'
[0.251s] Level 5:colcon.colcon_core.verb:set package 'lab04_pkg' build argument 'cmake_force_configure' from command line to 'False'
[0.251s] Level 5:colcon.colcon_core.verb:set package 'lab04_pkg' build argument 'ament_cmake_args' from command line to 'None'
[0.251s] Level 5:colcon.colcon_core.verb:set package 'lab04_pkg' build argument 'catkin_cmake_args' from command line to 'None'
[0.251s] Level 5:colcon.colcon_core.verb:set package 'lab04_pkg' build argument 'catkin_skip_building_tests' from command line to 'False'
[0.251s] DEBUG:colcon.colcon_core.verb:Building package 'lab04_pkg' with the following arguments: {'ament_cmake_args': None, 'build_base': '/home/students/group_114/build/lab04_pkg', 'catkin_cmake_args': None, 'catkin_skip_building_tests': False, 'cmake_args': None, 'cmake_clean_cache': False, 'cmake_clean_first': False, 'cmake_force_configure': False, 'cmake_target': None, 'cmake_target_skip_unavailable': False, 'install_base': '/home/students/group_114/install/lab04_pkg', 'merge_install': False, 'path': '/home/students/group_114/src/lab04_pkg', 'symlink_install': True, 'test_result_base': None}
[0.251s] Level 5:colcon.colcon_core.verb:set package 'turtlebot3_perception' build argument 'cmake_args' from command line to 'None'
[0.251s] Level 5:colcon.colcon_core.verb:set package 'turtlebot3_perception' build argument 'cmake_target' from command line to 'None'
[0.251s] Level 5:colcon.colcon_core.verb:set package 'turtlebot3_perception' build argument 'cmake_target_skip_unavailable' from command line to 'False'
[0.251s] Level 5:colcon.colcon_core.verb:set package 'turtlebot3_perception' build argument 'cmake_clean_cache' from command line to 'False'
[0.251s] Level 5:colcon.colcon_core.verb:set package 'turtlebot3_perception' build argument 'cmake_clean_first' from command line to 'False'
[0.251s] Level 5:colcon.colcon_core.verb:set package 'turtlebot3_perception' build argument 'cmake_force_configure' from command line to 'False'
[0.251s] Level 5:colcon.colcon_core.verb:set package 'turtlebot3_perception' build argument 'ament_cmake_args' from command line to 'None'
[0.251s] Level 5:colcon.colcon_core.verb:set package 'turtlebot3_perception' build argument 'catkin_cmake_args' from command line to 'None'
[0.251s] Level 5:colcon.colcon_core.verb:set package 'turtlebot3_perception' build argument 'catkin_skip_building_tests' from command line to 'False'
[0.251s] DEBUG:colcon.colcon_core.verb:Building package 'turtlebot3_perception' with the following arguments: {'ament_cmake_args': None, 'build_base': '/home/students/group_114/build/turtlebot3_perception', 'catkin_cmake_args': None, 'catkin_skip_building_tests': False, 'cmake_args': None, 'cmake_clean_cache': False, 'cmake_clean_first': False, 'cmake_force_configure': False, 'cmake_target': None, 'cmake_target_skip_unavailable': False, 'install_base': '/home/students/group_114/install/turtlebot3_perception', 'merge_install': False, 'path': '/home/students/group_114/src/turtlebot3_perception/turtlebot3_perception', 'symlink_install': True, 'test_result_base': None}
[0.251s] Level 5:colcon.colcon_core.verb:set package 'turtlebot3_simulations' build argument 'cmake_args' from command line to 'None'
[0.251s] Level 5:colcon.colcon_core.verb:set package 'turtlebot3_simulations' build argument 'cmake_target' from command line to 'None'
[0.251s] Level 5:colcon.colcon_core.verb:set package 'turtlebot3_simulations' build argument 'cmake_target_skip_unavailable' from command line to 'False'
[0.251s] Level 5:colcon.colcon_core.verb:set package 'turtlebot3_simulations' build argument 'cmake_clean_cache' from command line to 'False'
[0.251s] Level 5:colcon.colcon_core.verb:set package 'turtlebot3_simulations' build argument 'cmake_clean_first' from command line to 'False'
[0.251s] Level 5:colcon.colcon_core.verb:set package 'turtlebot3_simulations' build argument 'cmake_force_configure' from command line to 'False'
[0.252s] Level 5:colcon.colcon_core.verb:set package 'turtlebot3_simulations' build argument 'ament_cmake_args' from command line to 'None'
[0.252s] Level 5:colcon.colcon_core.verb:set package 'turtlebot3_simulations' build argument 'catkin_cmake_args' from command line to 'None'
[0.252s] Level 5:colcon.colcon_core.verb:set package 'turtlebot3_simulations' build argument 'catkin_skip_building_tests' from command line to 'False'
[0.252s] DEBUG:colcon.colcon_core.verb:Building package 'turtlebot3_simulations' with the following arguments: {'ament_cmake_args': None, 'build_base': '/home/students/group_114/build/turtlebot3_simulations', 'catkin_cmake_args': None, 'catkin_skip_building_tests': False, 'cmake_args': None, 'cmake_clean_cache': False, 'cmake_clean_first': False, 'cmake_force_configure': False, 'cmake_target': None, 'cmake_target_skip_unavailable': False, 'install_base': '/home/students/group_114/install/turtlebot3_simulations', 'merge_install': False, 'path': '/home/students/group_114/src/turtlebot3_simulations/turtlebot3_simulations', 'symlink_install': True, 'test_result_base': None}
[0.252s] INFO:colcon.colcon_core.executor:Executing jobs using 'parallel' executor
[0.252s] DEBUG:colcon.colcon_parallel_executor.executor.parallel:run_until_complete
[0.253s] INFO:colcon.colcon_ros.task.ament_cmake.build:Building ROS package in '/home/students/group_114/src/turtlebot3_perception/landmark_msgs' with build type 'ament_cmake'
[0.253s] INFO:colcon.colcon_cmake.task.cmake.build:Building CMake package in '/home/students/group_114/src/turtlebot3_perception/landmark_msgs'
[0.256s] INFO:colcon.colcon_core.plugin_system:Skipping extension 'colcon_core.shell.bat': Not used on non-Windows systems
[0.256s] INFO:colcon.colcon_core.shell:Skip shell extension 'powershell' for command environment: Not usable outside of PowerShell
[0.256s] DEBUG:colcon.colcon_core.shell:Skip shell extension 'dsv' for command environment
[0.262s] INFO:colcon.colcon_ros.task.ament_cmake.build:Building ROS package in '/home/students/group_114/src/turtlebot3_simulations/turtlebot3_fake_node' with build type 'ament_cmake'
[0.262s] INFO:colcon.colcon_cmake.task.cmake.build:Building CMake package in '/home/students/group_114/src/turtlebot3_simulations/turtlebot3_fake_node'
[0.263s] INFO:colcon.colcon_core.shell:Skip shell extension 'powershell' for command environment: Not usable outside of PowerShell
[0.263s] DEBUG:colcon.colcon_core.shell:Skip shell extension 'dsv' for command environment
[0.268s] INFO:colcon.colcon_ros.task.ament_python.build:Building ROS package in '/home/students/group_114/src/lab02_pkg' with build type 'ament_python'
[0.268s] Level 1:colcon.colcon_core.shell:create_environment_hook('lab02_pkg', 'ament_prefix_path')
[0.268s] INFO:colcon.colcon_core.shell:Creating environment hook '/home/students/group_114/install/lab02_pkg/share/lab02_pkg/hook/ament_prefix_path.ps1'
[0.269s] INFO:colcon.colcon_core.shell:Creating environment descriptor '/home/students/group_114/install/lab02_pkg/share/lab02_pkg/hook/ament_prefix_path.dsv'
[0.269s] INFO:colcon.colcon_core.shell:Creating environment hook '/home/students/group_114/install/lab02_pkg/share/lab02_pkg/hook/ament_prefix_path.sh'
[0.270s] INFO:colcon.colcon_core.shell:Skip shell extension 'powershell' for command environment: Not usable outside of PowerShell
[0.270s] DEBUG:colcon.colcon_core.shell:Skip shell extension 'dsv' for command environment
[0.273s] INFO:colcon.colcon_ros.task.ament_cmake.build:Building ROS package in '/home/students/group_114/src/turtlebot3_simulations/turtlebot3_gazebo' with build type 'ament_cmake'
[0.273s] INFO:colcon.colcon_cmake.task.cmake.build:Building CMake package in '/home/students/group_114/src/turtlebot3_simulations/turtlebot3_gazebo'
[0.273s] INFO:colcon.colcon_core.shell:Skip shell extension 'powershell' for command environment: Not usable outside of PowerShell
[0.274s] DEBUG:colcon.colcon_core.shell:Skip shell extension 'dsv' for command environment
[0.284s] DEBUG:colcon.colcon_core.event_handler.log_command:Invoking command in '/home/students/group_114/build/landmark_msgs': CMAKE_PREFIX_PATH=${CMAKE_PREFIX_PATH}:/home/students/group_114/install/lab04_pkg:/home/students/group_114/install/turtlebot3_perception:/home/students/group_114/install/lab02_pkg:/opt/ros/humble /usr/bin/cmake --build /home/students/group_114/build/landmark_msgs -- -j8 -l8
[0.287s] DEBUG:colcon.colcon_core.event_handler.log_command:Invoking command in '/home/students/group_114/build/turtlebot3_fake_node': CMAKE_PREFIX_PATH=${CMAKE_PREFIX_PATH}:/home/students/group_114/install/lab04_pkg:/home/students/group_114/install/turtlebot3_perception:/home/students/group_114/install/lab02_pkg:/opt/ros/humble /usr/bin/cmake --build /home/students/group_114/build/turtlebot3_fake_node -- -j8 -l8
[0.510s] INFO:colcon.colcon_core.task.python.build:Building Python package in '/home/students/group_114/src/lab02_pkg'
[0.510s] INFO:colcon.colcon_core.shell:Skip shell extension 'powershell' for command environment: Not usable outside of PowerShell
[0.511s] DEBUG:colcon.colcon_core.shell:Skip shell extension 'dsv' for command environment
[0.521s] DEBUG:colcon.colcon_core.event_handler.log_command:Invoked command in '/home/students/group_114/build/turtlebot3_fake_node' returned '0': CMAKE_PREFIX_PATH=${CMAKE_PREFIX_PATH}:/home/students/group_114/install/lab04_pkg:/home/students/group_114/install/turtlebot3_perception:/home/students/group_114/install/lab02_pkg:/opt/ros/humble /usr/bin/cmake --build /home/students/group_114/build/turtlebot3_fake_node -- -j8 -l8
[0.530s] DEBUG:colcon.colcon_core.event_handler.log_command:Invoking command in '/home/students/group_114/build/turtlebot3_fake_node': CMAKE_PREFIX_PATH=${CMAKE_PREFIX_PATH}:/home/students/group_114/install/lab04_pkg:/home/students/group_114/install/turtlebot3_perception:/home/students/group_114/install/lab02_pkg:/opt/ros/humble /usr/bin/cmake --install /home/students/group_114/build/turtlebot3_fake_node
[0.533s] DEBUG:colcon.colcon_core.event_handler.log_command:Invoking command in '/home/students/group_114/build/turtlebot3_gazebo': CMAKE_PREFIX_PATH=${CMAKE_PREFIX_PATH}:/home/students/group_114/install/lab04_pkg:/home/students/group_114/install/turtlebot3_perception:/home/students/group_114/install/lab02_pkg:/opt/ros/humble /usr/bin/cmake --build /home/students/group_114/build/turtlebot3_gazebo -- -j8 -l8
[0.554s] Level 1:colcon.colcon_core.environment:create_environment_scripts_only(turtlebot3_fake_node)
[0.555s] DEBUG:colcon.colcon_core.event_handler.log_command:Invoked command in '/home/students/group_114/build/turtlebot3_fake_node' returned '0': CMAKE_PREFIX_PATH=${CMAKE_PREFIX_PATH}:/home/students/group_114/install/lab04_pkg:/home/students/group_114/install/turtlebot3_perception:/home/students/group_114/install/lab02_pkg:/opt/ros/humble /usr/bin/cmake --install /home/students/group_114/build/turtlebot3_fake_node
[0.558s] Level 1:colcon.colcon_core.environment:checking '/home/students/group_114/install/turtlebot3_fake_node' for CMake module files
[0.559s] Level 1:colcon.colcon_core.environment:checking '/home/students/group_114/install/turtlebot3_fake_node' for CMake config files
[0.559s] Level 1:colcon.colcon_core.shell:create_environment_hook('turtlebot3_fake_node', 'cmake_prefix_path')
[0.560s] INFO:colcon.colcon_core.shell:Creating environment hook '/home/students/group_114/install/turtlebot3_fake_node/share/turtlebot3_fake_node/hook/cmake_prefix_path.ps1'
[0.560s] INFO:colcon.colcon_core.shell:Creating environment descriptor '/home/students/group_114/install/turtlebot3_fake_node/share/turtlebot3_fake_node/hook/cmake_prefix_path.dsv'
[0.561s] INFO:colcon.colcon_core.shell:Creating environment hook '/home/students/group_114/install/turtlebot3_fake_node/share/turtlebot3_fake_node/hook/cmake_prefix_path.sh'
[0.562s] Level 1:colcon.colcon_core.environment:checking '/home/students/group_114/install/turtlebot3_fake_node/lib'
[0.562s] Level 1:colcon.colcon_core.environment:checking '/home/students/group_114/install/turtlebot3_fake_node/bin'
[0.562s] Level 1:colcon.colcon_core.environment:checking '/home/students/group_114/install/turtlebot3_fake_node/lib/pkgconfig/turtlebot3_fake_node.pc'
[0.563s] Level 1:colcon.colcon_core.environment:checking '/home/students/group_114/install/turtlebot3_fake_node/lib/python3.10/site-packages'
[0.563s] Level 1:colcon.colcon_core.environment:checking '/home/students/group_114/install/turtlebot3_fake_node/bin'
[0.564s] INFO:colcon.colcon_core.shell:Creating package script '/home/students/group_114/install/turtlebot3_fake_node/share/turtlebot3_fake_node/package.ps1'
[0.566s] INFO:colcon.colcon_core.shell:Creating package descriptor '/home/students/group_114/install/turtlebot3_fake_node/share/turtlebot3_fake_node/package.dsv'
[0.567s] INFO:colcon.colcon_core.shell:Creating package script '/home/students/group_114/install/turtlebot3_fake_node/share/turtlebot3_fake_node/package.sh'
[0.568s] INFO:colcon.colcon_core.shell:Creating package script '/home/students/group_114/install/turtlebot3_fake_node/share/turtlebot3_fake_node/package.bash'
[0.570s] INFO:colcon.colcon_core.shell:Creating package script '/home/students/group_114/install/turtlebot3_fake_node/share/turtlebot3_fake_node/package.zsh'
[0.570s] Level 1:colcon.colcon_core.environment:create_file_with_runtime_dependencies(/home/students/group_114/install/turtlebot3_fake_node/share/colcon-core/packages/turtlebot3_fake_node)
[0.572s] Level 1:colcon.colcon_core.environment:create_environment_scripts_only(turtlebot3_fake_node)
[0.572s] Level 1:colcon.colcon_core.environment:checking '/home/students/group_114/install/turtlebot3_fake_node' for CMake module files
[0.573s] Level 1:colcon.colcon_core.environment:checking '/home/students/group_114/install/turtlebot3_fake_node' for CMake config files
[0.574s] Level 1:colcon.colcon_core.shell:create_environment_hook('turtlebot3_fake_node', 'cmake_prefix_path')
[0.574s] INFO:colcon.colcon_core.shell:Creating environment hook '/home/students/group_114/install/turtlebot3_fake_node/share/turtlebot3_fake_node/hook/cmake_prefix_path.ps1'
[0.575s] INFO:colcon.colcon_core.shell:Creating environment descriptor '/home/students/group_114/install/turtlebot3_fake_node/share/turtlebot3_fake_node/hook/cmake_prefix_path.dsv'
[0.575s] INFO:colcon.colcon_core.shell:Creating environment hook '/home/students/group_114/install/turtlebot3_fake_node/share/turtlebot3_fake_node/hook/cmake_prefix_path.sh'
[0.577s] Level 1:colcon.colcon_core.environment:checking '/home/students/group_114/install/turtlebot3_fake_node/lib'
[0.577s] Level 1:colcon.colcon_core.environment:checking '/home/students/group_114/install/turtlebot3_fake_node/bin'
[0.578s] Level 1:colcon.colcon_core.environment:checking '/home/students/group_114/install/turtlebot3_fake_node/lib/pkgconfig/turtlebot3_fake_node.pc'
[0.578s] Level 1:colcon.colcon_core.environment:checking '/home/students/group_114/install/turtlebot3_fake_node/lib/python3.10/site-packages'
[0.579s] Level 1:colcon.colcon_core.environment:checking '/home/students/group_114/install/turtlebot3_fake_node/bin'
[0.580s] INFO:colcon.colcon_core.shell:Creating package script '/home/students/group_114/install/turtlebot3_fake_node/share/turtlebot3_fake_node/package.ps1'
[0.580s] INFO:colcon.colcon_core.shell:Creating package descriptor '/home/students/group_114/install/turtlebot3_fake_node/share/turtlebot3_fake_node/package.dsv'
[0.581s] INFO:colcon.colcon_core.shell:Creating package script '/home/students/group_114/install/turtlebot3_fake_node/share/turtlebot3_fake_node/package.sh'
[0.581s] INFO:colcon.colcon_core.shell:Creating package script '/home/students/group_114/install/turtlebot3_fake_node/share/turtlebot3_fake_node/package.bash'
[0.582s] INFO:colcon.colcon_core.shell:Creating package script '/home/students/group_114/install/turtlebot3_fake_node/share/turtlebot3_fake_node/package.zsh'
[0.582s] Level 1:colcon.colcon_core.environment:create_file_with_runtime_dependencies(/home/students/group_114/install/turtlebot3_fake_node/share/colcon-core/packages/turtlebot3_fake_node)
[0.583s] INFO:colcon.colcon_ros.task.ament_cmake.build:Building ROS package in '/home/students/group_114/src/turtlebot3_simulations/turtlebot3_simulations' with build type 'ament_cmake'
[0.583s] INFO:colcon.colcon_cmake.task.cmake.build:Building CMake package in '/home/students/group_114/src/turtlebot3_simulations/turtlebot3_simulations'
[0.583s] INFO:colcon.colcon_core.shell:Skip shell extension 'powershell' for command environment: Not usable outside of PowerShell
[0.583s] DEBUG:colcon.colcon_core.shell:Skip shell extension 'dsv' for command environment
[0.588s] DEBUG:colcon.colcon_core.event_handler.log_command:Invoked command in '/home/students/group_114/build/landmark_msgs' returned '0': CMAKE_PREFIX_PATH=${CMAKE_PREFIX_PATH}:/home/students/group_114/install/lab04_pkg:/home/students/group_114/install/turtlebot3_perception:/home/students/group_114/install/lab02_pkg:/opt/ros/humble /usr/bin/cmake --build /home/students/group_114/build/landmark_msgs -- -j8 -l8
[0.589s] DEBUG:colcon.colcon_core.event_handler.log_command:Invoking command in '/home/students/group_114/build/landmark_msgs': CMAKE_PREFIX_PATH=${CMAKE_PREFIX_PATH}:/home/students/group_114/install/lab04_pkg:/home/students/group_114/install/turtlebot3_perception:/home/students/group_114/install/lab02_pkg:/opt/ros/humble /usr/bin/cmake --install /home/students/group_114/build/landmark_msgs
[0.592s] DEBUG:colcon.colcon_core.event_handler.log_command:Invoking command in '/home/students/group_114/build/turtlebot3_simulations': CMAKE_PREFIX_PATH=/home/students/group_114/install/turtlebot3_fake_node:/home/students/group_114/install/turtlebot3_simulations:/home/students/group_114/install/turtlebot3_gazebo:/home/students/group_114/install/landmark_msgs:/opt/ros/tb3_ws/install/turtlebot3_simulations:/opt/ros/tb3_ws/install/turtlebot3_gazebo:/opt/ros/tb3_ws/install/turtlebot3_fake_node:/opt/ros/tb3_ws/install/ld08_driver:/home/students/group_114/install/lab04_pkg:/home/students/group_114/install/turtlebot3_perception:/home/students/group_114/install/lab02_pkg:/opt/ros/humble /usr/bin/cmake --build /home/students/group_114/build/turtlebot3_simulations -- -j8 -l8
[0.618s] DEBUG:colcon.colcon_core.event_handler.log_command:Invoked command in '/home/students/group_114/build/turtlebot3_gazebo' returned '0': CMAKE_PREFIX_PATH=${CMAKE_PREFIX_PATH}:/home/students/group_114/install/lab04_pkg:/home/students/group_114/install/turtlebot3_perception:/home/students/group_114/install/lab02_pkg:/opt/ros/humble /usr/bin/cmake --build /home/students/group_114/build/turtlebot3_gazebo -- -j8 -l8
[0.620s] DEBUG:colcon.colcon_core.event_handler.log_command:Invoking command in '/home/students/group_114/build/turtlebot3_gazebo': CMAKE_PREFIX_PATH=${CMAKE_PREFIX_PATH}:/home/students/group_114/install/lab04_pkg:/home/students/group_114/install/turtlebot3_perception:/home/students/group_114/install/lab02_pkg:/opt/ros/humble /usr/bin/cmake --install /home/students/group_114/build/turtlebot3_gazebo
[0.627s] DEBUG:colcon.colcon_core.event_handler.log_command:Invoked command in '/home/students/group_114/build/turtlebot3_simulations' returned '0': CMAKE_PREFIX_PATH=/home/students/group_114/install/turtlebot3_fake_node:/home/students/group_114/install/turtlebot3_simulations:/home/students/group_114/install/turtlebot3_gazebo:/home/students/group_114/install/landmark_msgs:/opt/ros/tb3_ws/install/turtlebot3_simulations:/opt/ros/tb3_ws/install/turtlebot3_gazebo:/opt/ros/tb3_ws/install/turtlebot3_fake_node:/opt/ros/tb3_ws/install/ld08_driver:/home/students/group_114/install/lab04_pkg:/home/students/group_114/install/turtlebot3_perception:/home/students/group_114/install/lab02_pkg:/opt/ros/humble /usr/bin/cmake --build /home/students/group_114/build/turtlebot3_simulations -- -j8 -l8
[0.629s] DEBUG:colcon.colcon_core.event_handler.log_command:Invoking command in '/home/students/group_114/build/turtlebot3_simulations': CMAKE_PREFIX_PATH=/home/students/group_114/install/turtlebot3_fake_node:/home/students/group_114/install/turtlebot3_simulations:/home/students/group_114/install/turtlebot3_gazebo:/home/students/group_114/install/landmark_msgs:/opt/ros/tb3_ws/install/turtlebot3_simulations:/opt/ros/tb3_ws/install/turtlebot3_gazebo:/opt/ros/tb3_ws/install/turtlebot3_fake_node:/opt/ros/tb3_ws/install/ld08_driver:/home/students/group_114/install/lab04_pkg:/home/students/group_114/install/turtlebot3_perception:/home/students/group_114/install/lab02_pkg:/opt/ros/humble /usr/bin/cmake --install /home/students/group_114/build/turtlebot3_simulations
[0.642s] Level 1:colcon.colcon_core.environment:create_environment_scripts_only(turtlebot3_gazebo)
[0.643s] Level 1:colcon.colcon_core.environment:checking '/home/students/group_114/install/turtlebot3_gazebo' for CMake module files
[0.643s] DEBUG:colcon.colcon_core.event_handler.log_command:Invoked command in '/home/students/group_114/build/turtlebot3_gazebo' returned '0': CMAKE_PREFIX_PATH=${CMAKE_PREFIX_PATH}:/home/students/group_114/install/lab04_pkg:/home/students/group_114/install/turtlebot3_perception:/home/students/group_114/install/lab02_pkg:/opt/ros/humble /usr/bin/cmake --install /home/students/group_114/build/turtlebot3_gazebo
[0.644s] Level 1:colcon.colcon_core.environment:checking '/home/students/group_114/install/turtlebot3_gazebo' for CMake config files
[0.644s] Level 1:colcon.colcon_core.shell:create_environment_hook('turtlebot3_gazebo', 'cmake_prefix_path')
[0.644s] INFO:colcon.colcon_core.shell:Creating environment hook '/home/students/group_114/install/turtlebot3_gazebo/share/turtlebot3_gazebo/hook/cmake_prefix_path.ps1'
[0.645s] INFO:colcon.colcon_core.shell:Creating environment descriptor '/home/students/group_114/install/turtlebot3_gazebo/share/turtlebot3_gazebo/hook/cmake_prefix_path.dsv'
[0.645s] INFO:colcon.colcon_core.shell:Creating environment hook '/home/students/group_114/install/turtlebot3_gazebo/share/turtlebot3_gazebo/hook/cmake_prefix_path.sh'
[0.646s] Level 1:colcon.colcon_core.environment:checking '/home/students/group_114/install/turtlebot3_gazebo/lib'
[0.646s] Level 1:colcon.colcon_core.environment:checking '/home/students/group_114/install/turtlebot3_gazebo/bin'
[0.646s] Level 1:colcon.colcon_core.environment:checking '/home/students/group_114/install/turtlebot3_gazebo/lib/pkgconfig/turtlebot3_gazebo.pc'
[0.646s] Level 1:colcon.colcon_core.environment:checking '/home/students/group_114/install/turtlebot3_gazebo/lib/python3.10/site-packages'
[0.646s] Level 1:colcon.colcon_core.environment:checking '/home/students/group_114/install/turtlebot3_gazebo/bin'
[0.647s] INFO:colcon.colcon_core.shell:Creating package script '/home/students/group_114/install/turtlebot3_gazebo/share/turtlebot3_gazebo/package.ps1'
[0.647s] INFO:colcon.colcon_core.shell:Creating package descriptor '/home/students/group_114/install/turtlebot3_gazebo/share/turtlebot3_gazebo/package.dsv'
[0.647s] INFO:colcon.colcon_core.shell:Creating package script '/home/students/group_114/install/turtlebot3_gazebo/share/turtlebot3_gazebo/package.sh'
[0.648s] INFO:colcon.colcon_core.shell:Creating package script '/home/students/group_114/install/turtlebot3_gazebo/share/turtlebot3_gazebo/package.bash'
[0.648s] INFO:colcon.colcon_core.shell:Creating package script '/home/students/group_114/install/turtlebot3_gazebo/share/turtlebot3_gazebo/package.zsh'
[0.648s] Level 1:colcon.colcon_core.environment:create_file_with_runtime_dependencies(/home/students/group_114/install/turtlebot3_gazebo/share/colcon-core/packages/turtlebot3_gazebo)
[0.648s] Level 1:colcon.colcon_core.environment:create_environment_scripts_only(turtlebot3_gazebo)
[0.648s] Level 1:colcon.colcon_core.environment:checking '/home/students/group_114/install/turtlebot3_gazebo' for CMake module files
[0.649s] Level 1:colcon.colcon_core.environment:checking '/home/students/group_114/install/turtlebot3_gazebo' for CMake config files
[0.649s] Level 1:colcon.colcon_core.shell:create_environment_hook('turtlebot3_gazebo', 'cmake_prefix_path')
[0.649s] INFO:colcon.colcon_core.shell:Creating environment hook '/home/students/group_114/install/turtlebot3_gazebo/share/turtlebot3_gazebo/hook/cmake_prefix_path.ps1'
[0.650s] INFO:colcon.colcon_core.shell:Creating environment descriptor '/home/students/group_114/install/turtlebot3_gazebo/share/turtlebot3_gazebo/hook/cmake_prefix_path.dsv'
[0.650s] INFO:colcon.colcon_core.shell:Creating environment hook '/home/students/group_114/install/turtlebot3_gazebo/share/turtlebot3_gazebo/hook/cmake_prefix_path.sh'
[0.650s] Level 1:colcon.colcon_core.environment:checking '/home/students/group_114/install/turtlebot3_gazebo/lib'
[0.650s] Level 1:colcon.colcon_core.environment:checking '/home/students/group_114/install/turtlebot3_gazebo/bin'
[0.650s] Level 1:colcon.colcon_core.environment:checking '/home/students/group_114/install/turtlebot3_gazebo/lib/pkgconfig/turtlebot3_gazebo.pc'
[0.650s] Level 1:colcon.colcon_core.environment:checking '/home/students/group_114/install/turtlebot3_gazebo/lib/python3.10/site-packages'
[0.650s] Level 1:colcon.colcon_core.environment:checking '/home/students/group_114/install/turtlebot3_gazebo/bin'
[0.651s] INFO:colcon.colcon_core.shell:Creating package script '/home/students/group_114/install/turtlebot3_gazebo/share/turtlebot3_gazebo/package.ps1'
[0.651s] INFO:colcon.colcon_core.shell:Creating package descriptor '/home/students/group_114/install/turtlebot3_gazebo/share/turtlebot3_gazebo/package.dsv'
[0.651s] INFO:colcon.colcon_core.shell:Creating package script '/home/students/group_114/install/turtlebot3_gazebo/share/turtlebot3_gazebo/package.sh'
[0.651s] INFO:colcon.colcon_core.shell:Creating package script '/home/students/group_114/install/turtlebot3_gazebo/share/turtlebot3_gazebo/package.bash'
[0.652s] INFO:colcon.colcon_core.shell:Creating package script '/home/students/group_114/install/turtlebot3_gazebo/share/turtlebot3_gazebo/package.zsh'
[0.652s] Level 1:colcon.colcon_core.environment:create_file_with_runtime_dependencies(/home/students/group_114/install/turtlebot3_gazebo/share/colcon-core/packages/turtlebot3_gazebo)
[0.653s] Level 1:colcon.colcon_core.environment:create_environment_scripts_only(turtlebot3_simulations)
[0.653s] Level 1:colcon.colcon_core.environment:checking '/home/students/group_114/install/turtlebot3_simulations' for CMake module files
[0.653s] DEBUG:colcon.colcon_core.event_handler.log_command:Invoked command in '/home/students/group_114/build/turtlebot3_simulations' returned '0': CMAKE_PREFIX_PATH=/home/students/group_114/install/turtlebot3_fake_node:/home/students/group_114/install/turtlebot3_simulations:/home/students/group_114/install/turtlebot3_gazebo:/home/students/group_114/install/landmark_msgs:/opt/ros/tb3_ws/install/turtlebot3_simulations:/opt/ros/tb3_ws/install/turtlebot3_gazebo:/opt/ros/tb3_ws/install/turtlebot3_fake_node:/opt/ros/tb3_ws/install/ld08_driver:/home/students/group_114/install/lab04_pkg:/home/students/group_114/install/turtlebot3_perception:/home/students/group_114/install/lab02_pkg:/opt/ros/humble /usr/bin/cmake --install /home/students/group_114/build/turtlebot3_simulations
[0.654s] Level 1:colcon.colcon_core.environment:checking '/home/students/group_114/install/turtlebot3_simulations' for CMake config files
[0.655s] Level 1:colcon.colcon_core.shell:create_environment_hook('turtlebot3_simulations', 'cmake_prefix_path')
[0.655s] INFO:colcon.colcon_core.shell:Creating environment hook '/home/students/group_114/install/turtlebot3_simulations/share/turtlebot3_simulations/hook/cmake_prefix_path.ps1'
[0.656s] INFO:colcon.colcon_core.shell:Creating environment descriptor '/home/students/group_114/install/turtlebot3_simulations/share/turtlebot3_simulations/hook/cmake_prefix_path.dsv'
[0.656s] INFO:colcon.colcon_core.shell:Creating environment hook '/home/students/group_114/install/turtlebot3_simulations/share/turtlebot3_simulations/hook/cmake_prefix_path.sh'
[0.657s] Level 1:colcon.colcon_core.environment:checking '/home/students/group_114/install/turtlebot3_simulations/bin'
[0.657s] Level 1:colcon.colcon_core.environment:checking '/home/students/group_114/install/turtlebot3_simulations/lib/pkgconfig/turtlebot3_simulations.pc'
[0.658s] Level 1:colcon.colcon_core.environment:checking '/home/students/group_114/install/turtlebot3_simulations/lib/python3.10/site-packages'
[0.658s] Level 1:colcon.colcon_core.environment:checking '/home/students/group_114/install/turtlebot3_simulations/bin'
[0.658s] INFO:colcon.colcon_core.shell:Creating package script '/home/students/group_114/install/turtlebot3_simulations/share/turtlebot3_simulations/package.ps1'
[0.659s] INFO:colcon.colcon_core.shell:Creating package descriptor '/home/students/group_114/install/turtlebot3_simulations/share/turtlebot3_simulations/package.dsv'
[0.660s] INFO:colcon.colcon_core.shell:Creating package script '/home/students/group_114/install/turtlebot3_simulations/share/turtlebot3_simulations/package.sh'
[0.660s] INFO:colcon.colcon_core.shell:Creating package script '/home/students/group_114/install/turtlebot3_simulations/share/turtlebot3_simulations/package.bash'
[0.661s] INFO:colcon.colcon_core.shell:Creating package script '/home/students/group_114/install/turtlebot3_simulations/share/turtlebot3_simulations/package.zsh'
[0.661s] Level 1:colcon.colcon_core.environment:create_file_with_runtime_dependencies(/home/students/group_114/install/turtlebot3_simulations/share/colcon-core/packages/turtlebot3_simulations)
[0.662s] Level 1:colcon.colcon_core.environment:create_environment_scripts_only(turtlebot3_simulations)
[0.662s] Level 1:colcon.colcon_core.environment:checking '/home/students/group_114/install/turtlebot3_simulations' for CMake module files
[0.664s] Level 1:colcon.colcon_core.environment:checking '/home/students/group_114/install/turtlebot3_simulations' for CMake config files
[0.664s] Level 1:colcon.colcon_core.shell:create_environment_hook('turtlebot3_simulations', 'cmake_prefix_path')
[0.664s] INFO:colcon.colcon_core.shell:Creating environment hook '/home/students/group_114/install/turtlebot3_simulations/share/turtlebot3_simulations/hook/cmake_prefix_path.ps1'
[0.665s] INFO:colcon.colcon_core.shell:Creating environment descriptor '/home/students/group_114/install/turtlebot3_simulations/share/turtlebot3_simulations/hook/cmake_prefix_path.dsv'
[0.665s] INFO:colcon.colcon_core.shell:Creating environment hook '/home/students/group_114/install/turtlebot3_simulations/share/turtlebot3_simulations/hook/cmake_prefix_path.sh'
[0.666s] Level 1:colcon.colcon_core.environment:checking '/home/students/group_114/install/turtlebot3_simulations/bin'
[0.666s] Level 1:colcon.colcon_core.environment:checking '/home/students/group_114/install/turtlebot3_simulations/lib/pkgconfig/turtlebot3_simulations.pc'
[0.666s] Level 1:colcon.colcon_core.environment:checking '/home/students/group_114/install/turtlebot3_simulations/lib/python3.10/site-packages'
[0.666s] Level 1:colcon.colcon_core.environment:checking '/home/students/group_114/install/turtlebot3_simulations/bin'
[0.667s] INFO:colcon.colcon_core.shell:Creating package script '/home/students/group_114/install/turtlebot3_simulations/share/turtlebot3_simulations/package.ps1'
[0.667s] INFO:colcon.colcon_core.shell:Creating package descriptor '/home/students/group_114/install/turtlebot3_simulations/share/turtlebot3_simulations/package.dsv'
[0.668s] INFO:colcon.colcon_core.shell:Creating package script '/home/students/group_114/install/turtlebot3_simulations/share/turtlebot3_simulations/package.sh'
[0.668s] INFO:colcon.colcon_core.shell:Creating package script '/home/students/group_114/install/turtlebot3_simulations/share/turtlebot3_simulations/package.bash'
[0.669s] INFO:colcon.colcon_core.shell:Creating package script '/home/students/group_114/install/turtlebot3_simulations/share/turtlebot3_simulations/package.zsh'
[0.669s] Level 1:colcon.colcon_core.environment:create_file_with_runtime_dependencies(/home/students/group_114/install/turtlebot3_simulations/share/colcon-core/packages/turtlebot3_simulations)
[0.670s] Level 1:colcon.colcon_core.environment:create_environment_scripts_only(landmark_msgs)
[0.671s] Level 1:colcon.colcon_core.environment:checking '/home/students/group_114/install/landmark_msgs' for CMake module files
[0.671s] DEBUG:colcon.colcon_core.event_handler.log_command:Invoked command in '/home/students/group_114/build/landmark_msgs' returned '0': CMAKE_PREFIX_PATH=${CMAKE_PREFIX_PATH}:/home/students/group_114/install/lab04_pkg:/home/students/group_114/install/turtlebot3_perception:/home/students/group_114/install/lab02_pkg:/opt/ros/humble /usr/bin/cmake --install /home/students/group_114/build/landmark_msgs
[0.672s] Level 1:colcon.colcon_core.environment:checking '/home/students/group_114/install/landmark_msgs' for CMake config files
[0.673s] Level 1:colcon.colcon_core.shell:create_environment_hook('landmark_msgs', 'cmake_prefix_path')
[0.673s] INFO:colcon.colcon_core.shell:Creating environment hook '/home/students/group_114/install/landmark_msgs/share/landmark_msgs/hook/cmake_prefix_path.ps1'
[0.673s] INFO:colcon.colcon_core.shell:Creating environment descriptor '/home/students/group_114/install/landmark_msgs/share/landmark_msgs/hook/cmake_prefix_path.dsv'
[0.674s] INFO:colcon.colcon_core.shell:Creating environment hook '/home/students/group_114/install/landmark_msgs/share/landmark_msgs/hook/cmake_prefix_path.sh'
[0.674s] Level 1:colcon.colcon_core.environment:checking '/home/students/group_114/install/landmark_msgs/lib'
[0.674s] Level 1:colcon.colcon_core.shell:create_environment_hook('landmark_msgs', 'ld_library_path_lib')
[0.675s] INFO:colcon.colcon_core.shell:Creating environment hook '/home/students/group_114/install/landmark_msgs/share/landmark_msgs/hook/ld_library_path_lib.ps1'
[0.675s] INFO:colcon.colcon_core.shell:Creating environment descriptor '/home/students/group_114/install/landmark_msgs/share/landmark_msgs/hook/ld_library_path_lib.dsv'
[0.676s] INFO:colcon.colcon_core.shell:Creating environment hook '/home/students/group_114/install/landmark_msgs/share/landmark_msgs/hook/ld_library_path_lib.sh'
[0.676s] Level 1:colcon.colcon_core.environment:checking '/home/students/group_114/install/landmark_msgs/bin'
[0.676s] Level 1:colcon.colcon_core.environment:checking '/home/students/group_114/install/landmark_msgs/lib/pkgconfig/landmark_msgs.pc'
[0.676s] Level 1:colcon.colcon_core.environment:checking '/home/students/group_114/install/landmark_msgs/lib/python3.10/site-packages'
[0.677s] Level 1:colcon.colcon_core.environment:checking '/home/students/group_114/install/landmark_msgs/bin'
[0.677s] INFO:colcon.colcon_core.shell:Creating package script '/home/students/group_114/install/landmark_msgs/share/landmark_msgs/package.ps1'
[0.678s] INFO:colcon.colcon_core.shell:Creating package descriptor '/home/students/group_114/install/landmark_msgs/share/landmark_msgs/package.dsv'
[0.678s] INFO:colcon.colcon_core.shell:Creating package script '/home/students/group_114/install/landmark_msgs/share/landmark_msgs/package.sh'
[0.679s] INFO:colcon.colcon_core.shell:Creating package script '/home/students/group_114/install/landmark_msgs/share/landmark_msgs/package.bash'
[0.679s] INFO:colcon.colcon_core.shell:Creating package script '/home/students/group_114/install/landmark_msgs/share/landmark_msgs/package.zsh'
[0.680s] Level 1:colcon.colcon_core.environment:create_file_with_runtime_dependencies(/home/students/group_114/install/landmark_msgs/share/colcon-core/packages/landmark_msgs)
[0.680s] Level 1:colcon.colcon_core.environment:create_environment_scripts_only(landmark_msgs)
[0.681s] Level 1:colcon.colcon_core.environment:checking '/home/students/group_114/install/landmark_msgs' for CMake module files
[0.681s] Level 1:colcon.colcon_core.environment:checking '/home/students/group_114/install/landmark_msgs' for CMake config files
[0.682s] Level 1:colcon.colcon_core.shell:create_environment_hook('landmark_msgs', 'cmake_prefix_path')
[0.682s] INFO:colcon.colcon_core.shell:Creating environment hook '/home/students/group_114/install/landmark_msgs/share/landmark_msgs/hook/cmake_prefix_path.ps1'
[0.683s] INFO:colcon.colcon_core.shell:Creating environment descriptor '/home/students/group_114/install/landmark_msgs/share/landmark_msgs/hook/cmake_prefix_path.dsv'
[0.683s] INFO:colcon.colcon_core.shell:Creating environment hook '/home/students/group_114/install/landmark_msgs/share/landmark_msgs/hook/cmake_prefix_path.sh'
[0.683s] Level 1:colcon.colcon_core.environment:checking '/home/students/group_114/install/landmark_msgs/lib'
[0.683s] Level 1:colcon.colcon_core.shell:create_environment_hook('landmark_msgs', 'ld_library_path_lib')
[0.683s] INFO:colcon.colcon_core.shell:Creating environment hook '/home/students/group_114/install/landmark_msgs/share/landmark_msgs/hook/ld_library_path_lib.ps1'
[0.684s] INFO:colcon.colcon_core.shell:Creating environment descriptor '/home/students/group_114/install/landmark_msgs/share/landmark_msgs/hook/ld_library_path_lib.dsv'
[0.684s] INFO:colcon.colcon_core.shell:Creating environment hook '/home/students/group_114/install/landmark_msgs/share/landmark_msgs/hook/ld_library_path_lib.sh'
[0.684s] Level 1:colcon.colcon_core.environment:checking '/home/students/group_114/install/landmark_msgs/bin'
[0.684s] Level 1:colcon.colcon_core.environment:checking '/home/students/group_114/install/landmark_msgs/lib/pkgconfig/landmark_msgs.pc'
[0.684s] Level 1:colcon.colcon_core.environment:checking '/home/students/group_114/install/landmark_msgs/lib/python3.10/site-packages'
[0.684s] Level 1:colcon.colcon_core.environment:checking '/home/students/group_114/install/landmark_msgs/bin'
[0.684s] INFO:colcon.colcon_core.shell:Creating package script '/home/students/group_114/install/landmark_msgs/share/landmark_msgs/package.ps1'
[0.685s] INFO:colcon.colcon_core.shell:Creating package descriptor '/home/students/group_114/install/landmark_msgs/share/landmark_msgs/package.dsv'
[0.685s] INFO:colcon.colcon_core.shell:Creating package script '/home/students/group_114/install/landmark_msgs/share/landmark_msgs/package.sh'
[0.685s] INFO:colcon.colcon_core.shell:Creating package script '/home/students/group_114/install/landmark_msgs/share/landmark_msgs/package.bash'
[0.685s] INFO:colcon.colcon_core.shell:Creating package script '/home/students/group_114/install/landmark_msgs/share/landmark_msgs/package.zsh'
[0.686s] Level 1:colcon.colcon_core.environment:create_file_with_runtime_dependencies(/home/students/group_114/install/landmark_msgs/share/colcon-core/packages/landmark_msgs)
[0.686s] INFO:colcon.colcon_ros.task.ament_python.build:Building ROS package in '/home/students/group_114/src/lab04_pkg' with build type 'ament_python'
[0.686s] Level 1:colcon.colcon_core.shell:create_environment_hook('lab04_pkg', 'ament_prefix_path')
[0.686s] INFO:colcon.colcon_core.shell:Creating environment hook '/home/students/group_114/install/lab04_pkg/share/lab04_pkg/hook/ament_prefix_path.ps1'
[0.686s] INFO:colcon.colcon_core.shell:Creating environment descriptor '/home/students/group_114/install/lab04_pkg/share/lab04_pkg/hook/ament_prefix_path.dsv'
[0.687s] INFO:colcon.colcon_core.shell:Creating environment hook '/home/students/group_114/install/lab04_pkg/share/lab04_pkg/hook/ament_prefix_path.sh'
[0.687s] INFO:colcon.colcon_core.shell:Skip shell extension 'powershell' for command environment: Not usable outside of PowerShell
[0.687s] DEBUG:colcon.colcon_core.shell:Skip shell extension 'dsv' for command environment
[0.690s] INFO:colcon.colcon_ros.task.ament_python.build:Building ROS package in '/home/students/group_114/src/turtlebot3_perception/turtlebot3_perception' with build type 'ament_python'
[0.690s] Level 1:colcon.colcon_core.shell:create_environment_hook('turtlebot3_perception', 'ament_prefix_path')
[0.690s] INFO:colcon.colcon_core.shell:Creating environment hook '/home/students/group_114/install/turtlebot3_perception/share/turtlebot3_perception/hook/ament_prefix_path.ps1'
[0.691s] INFO:colcon.colcon_core.shell:Creating environment descriptor '/home/students/group_114/install/turtlebot3_perception/share/turtlebot3_perception/hook/ament_prefix_path.dsv'
[0.691s] INFO:colcon.colcon_core.shell:Creating environment hook '/home/students/group_114/install/turtlebot3_perception/share/turtlebot3_perception/hook/ament_prefix_path.sh'
[0.692s] INFO:colcon.colcon_core.shell:Skip shell extension 'powershell' for command environment: Not usable outside of PowerShell
[0.692s] DEBUG:colcon.colcon_core.shell:Skip shell extension 'dsv' for command environment
[0.874s] INFO:colcon.colcon_core.task.python.build:Building Python package in '/home/students/group_114/src/lab04_pkg'
[0.875s] INFO:colcon.colcon_core.shell:Skip shell extension 'powershell' for command environment: Not usable outside of PowerShell
[0.875s] DEBUG:colcon.colcon_core.shell:Skip shell extension 'dsv' for command environment
[1.054s] INFO:colcon.colcon_core.task.python.build:Building Python package in '/home/students/group_114/src/turtlebot3_perception/turtlebot3_perception'
[1.055s] INFO:colcon.colcon_core.shell:Skip shell extension 'powershell' for command environment: Not usable outside of PowerShell
[1.055s] DEBUG:colcon.colcon_core.shell:Skip shell extension 'dsv' for command environment
[1.061s] DEBUG:colcon.colcon_core.event_handler.log_command:Invoking command in '/home/students/group_114/build/lab02_pkg': PYTHONPATH=/home/students/group_114/build/lab02_pkg/prefix_override:/usr/lib/python3/dist-packages/colcon_core/task/python/colcon_distutils_commands:/home/students/group_114/install/lab02_pkg/lib/python3.10/site-packages:${PYTHONPATH} /usr/bin/python3 -W ignore:setup.py install is deprecated -W ignore:easy_install command is deprecated setup.py develop --editable --build-directory /home/students/group_114/build/lab02_pkg/build --no-deps symlink_data
[1.312s] DEBUG:colcon.colcon_core.event_handler.log_command:Invoking command in '/home/students/group_114/build/turtlebot3_perception': CMAKE_PREFIX_PATH=/home/students/group_114/install/landmark_msgs:/home/students/group_114/install/turtlebot3_simulations:/home/students/group_114/install/turtlebot3_gazebo:/home/students/group_114/install/turtlebot3_fake_node:/opt/ros/tb3_ws/install/turtlebot3_simulations:/opt/ros/tb3_ws/install/turtlebot3_gazebo:/opt/ros/tb3_ws/install/turtlebot3_fake_node:/opt/ros/tb3_ws/install/ld08_driver LD_LIBRARY_PATH=/home/students/group_114/install/landmark_msgs/lib:/opt/ros/humble/opt/zenoh_cpp_vendor/lib:/usr/lib/x86_64-linux-gnu/gazebo-11/plugins:/opt/ros/humble/opt/rviz_ogre_vendor/lib:/opt/ros/humble/lib/x86_64-linux-gnu:/opt/ros/humble/lib:/usr/share/gazebo/../../lib/x86_64-linux-gnu/gazebo-11/plugins:/usr/share/gazebo/../../lib/x86_64-linux-gnu/gazebo-11/plugins:/usr/share/gazebo/../../lib/x86_64-linux-gnu/gazebo-11/plugins PYTHONPATH=/home/students/group_114/build/turtlebot3_perception/prefix_override:/usr/lib/python3/dist-packages/colcon_core/task/python/colcon_distutils_commands:/home/students/group_114/install/turtlebot3_perception/lib/python3.10/site-packages:${PYTHONPATH} /usr/bin/python3 -W ignore:setup.py install is deprecated -W ignore:easy_install command is deprecated setup.py develop --editable --build-directory /home/students/group_114/build/turtlebot3_perception/build --no-deps symlink_data
[1.395s] Level 1:colcon.colcon_core.shell:create_environment_hook('lab02_pkg', 'pythonpath_develop')
[1.396s] INFO:colcon.colcon_core.shell:Creating environment hook '/home/students/group_114/build/lab02_pkg/share/lab02_pkg/hook/pythonpath_develop.ps1'
[1.396s] DEBUG:colcon.colcon_core.event_handler.log_command:Invoked command in '/home/students/group_114/build/lab02_pkg' returned '0': PYTHONPATH=/home/students/group_114/build/lab02_pkg/prefix_override:/usr/lib/python3/dist-packages/colcon_core/task/python/colcon_distutils_commands:/home/students/group_114/install/lab02_pkg/lib/python3.10/site-packages:${PYTHONPATH} /usr/bin/python3 -W ignore:setup.py install is deprecated -W ignore:easy_install command is deprecated setup.py develop --editable --build-directory /home/students/group_114/build/lab02_pkg/build --no-deps symlink_data
[1.396s] INFO:colcon.colcon_core.shell:Creating environment descriptor '/home/students/group_114/build/lab02_pkg/share/lab02_pkg/hook/pythonpath_develop.dsv'
[1.397s] INFO:colcon.colcon_core.shell:Creating environment hook '/home/students/group_114/build/lab02_pkg/share/lab02_pkg/hook/pythonpath_develop.sh'
[1.397s] Level 1:colcon.colcon_core.environment:checking '/home/students/group_114/install/lab02_pkg' for CMake module files
[1.397s] Level 1:colcon.colcon_core.environment:checking '/home/students/group_114/install/lab02_pkg' for CMake config files
[1.398s] Level 1:colcon.colcon_core.environment:checking '/home/students/group_114/install/lab02_pkg/lib'
[1.398s] Level 1:colcon.colcon_core.environment:checking '/home/students/group_114/install/lab02_pkg/bin'
[1.398s] Level 1:colcon.colcon_core.environment:checking '/home/students/group_114/install/lab02_pkg/lib/pkgconfig/lab02_pkg.pc'
[1.398s] Level 1:colcon.colcon_core.environment:checking '/home/students/group_114/install/lab02_pkg/lib/python3.10/site-packages'
[1.398s] Level 1:colcon.colcon_core.shell:create_environment_hook('lab02_pkg', 'pythonpath')
[1.398s] INFO:colcon.colcon_core.shell:Creating environment hook '/home/students/group_114/install/lab02_pkg/share/lab02_pkg/hook/pythonpath.ps1'
[1.398s] INFO:colcon.colcon_core.shell:Creating environment descriptor '/home/students/group_114/install/lab02_pkg/share/lab02_pkg/hook/pythonpath.dsv'
[1.398s] INFO:colcon.colcon_core.shell:Creating environment hook '/home/students/group_114/install/lab02_pkg/share/lab02_pkg/hook/pythonpath.sh'
[1.399s] Level 1:colcon.colcon_core.environment:checking '/home/students/group_114/install/lab02_pkg/bin'
[1.399s] Level 1:colcon.colcon_core.environment:create_environment_scripts_only(lab02_pkg)
[1.399s] INFO:colcon.colcon_core.shell:Creating package script '/home/students/group_114/install/lab02_pkg/share/lab02_pkg/package.ps1'
[1.399s] INFO:colcon.colcon_core.shell:Creating package descriptor '/home/students/group_114/install/lab02_pkg/share/lab02_pkg/package.dsv'
[1.400s] INFO:colcon.colcon_core.shell:Creating package script '/home/students/group_114/install/lab02_pkg/share/lab02_pkg/package.sh'
[1.400s] INFO:colcon.colcon_core.shell:Creating package script '/home/students/group_114/install/lab02_pkg/share/lab02_pkg/package.bash'
[1.400s] INFO:colcon.colcon_core.shell:Creating package script '/home/students/group_114/install/lab02_pkg/share/lab02_pkg/package.zsh'
[1.400s] Level 1:colcon.colcon_core.environment:create_file_with_runtime_dependencies(/home/students/group_114/install/lab02_pkg/share/colcon-core/packages/lab02_pkg)
[1.489s] DEBUG:colcon.colcon_core.event_handler.log_command:Invoking command in '/home/students/group_114/build/lab04_pkg': CMAKE_PREFIX_PATH=/home/students/group_114/install/landmark_msgs:/home/students/group_114/install/turtlebot3_simulations:/home/students/group_114/install/turtlebot3_gazebo:/home/students/group_114/install/turtlebot3_fake_node:/opt/ros/tb3_ws/install/turtlebot3_simulations:/opt/ros/tb3_ws/install/turtlebot3_gazebo:/opt/ros/tb3_ws/install/turtlebot3_fake_node:/opt/ros/tb3_ws/install/ld08_driver LD_LIBRARY_PATH=/home/students/group_114/install/landmark_msgs/lib:/opt/ros/humble/opt/zenoh_cpp_vendor/lib:/usr/lib/x86_64-linux-gnu/gazebo-11/plugins:/opt/ros/humble/opt/rviz_ogre_vendor/lib:/opt/ros/humble/lib/x86_64-linux-gnu:/opt/ros/humble/lib:/usr/share/gazebo/../../lib/x86_64-linux-gnu/gazebo-11/plugins:/usr/share/gazebo/../../lib/x86_64-linux-gnu/gazebo-11/plugins:/usr/share/gazebo/../../lib/x86_64-linux-gnu/gazebo-11/plugins PYTHONPATH=/home/students/group_114/build/lab04_pkg/prefix_override:/usr/lib/python3/dist-packages/colcon_core/task/python/colcon_distutils_commands:/home/students/group_114/install/lab04_pkg/lib/python3.10/site-packages:${PYTHONPATH} /usr/bin/python3 -W ignore:setup.py install is deprecated -W ignore:easy_install command is deprecated setup.py develop --editable --build-directory /home/students/group_114/build/lab04_pkg/build --no-deps symlink_data
[1.631s] Level 1:colcon.colcon_core.shell:create_environment_hook('turtlebot3_perception', 'pythonpath_develop')
[1.632s] INFO:colcon.colcon_core.shell:Creating environment hook '/home/students/group_114/build/turtlebot3_perception/share/turtlebot3_perception/hook/pythonpath_develop.ps1'
[1.632s] INFO:colcon.colcon_core.shell:Creating environment descriptor '/home/students/group_114/build/turtlebot3_perception/share/turtlebot3_perception/hook/pythonpath_develop.dsv'
[1.632s] DEBUG:colcon.colcon_core.event_handler.log_command:Invoked command in '/home/students/group_114/build/turtlebot3_perception' returned '0': CMAKE_PREFIX_PATH=/home/students/group_114/install/landmark_msgs:/home/students/group_114/install/turtlebot3_simulations:/home/students/group_114/install/turtlebot3_gazebo:/home/students/group_114/install/turtlebot3_fake_node:/opt/ros/tb3_ws/install/turtlebot3_simulations:/opt/ros/tb3_ws/install/turtlebot3_gazebo:/opt/ros/tb3_ws/install/turtlebot3_fake_node:/opt/ros/tb3_ws/install/ld08_driver LD_LIBRARY_PATH=/home/students/group_114/install/landmark_msgs/lib:/opt/ros/humble/opt/zenoh_cpp_vendor/lib:/usr/lib/x86_64-linux-gnu/gazebo-11/plugins:/opt/ros/humble/opt/rviz_ogre_vendor/lib:/opt/ros/humble/lib/x86_64-linux-gnu:/opt/ros/humble/lib:/usr/share/gazebo/../../lib/x86_64-linux-gnu/gazebo-11/plugins:/usr/share/gazebo/../../lib/x86_64-linux-gnu/gazebo-11/plugins:/usr/share/gazebo/../../lib/x86_64-linux-gnu/gazebo-11/plugins PYTHONPATH=/home/students/group_114/build/turtlebot3_perception/prefix_override:/usr/lib/python3/dist-packages/colcon_core/task/python/colcon_distutils_commands:/home/students/group_114/install/turtlebot3_perception/lib/python3.10/site-packages:${PYTHONPATH} /usr/bin/python3 -W ignore:setup.py install is deprecated -W ignore:easy_install command is deprecated setup.py develop --editable --build-directory /home/students/group_114/build/turtlebot3_perception/build --no-deps symlink_data
[1.633s] INFO:colcon.colcon_core.shell:Creating environment hook '/home/students/group_114/build/turtlebot3_perception/share/turtlebot3_perception/hook/pythonpath_develop.sh'
[1.633s] Level 1:colcon.colcon_core.environment:checking '/home/students/group_114/install/turtlebot3_perception' for CMake module files
[1.633s] Level 1:colcon.colcon_core.environment:checking '/home/students/group_114/install/turtlebot3_perception' for CMake config files
[1.634s] Level 1:colcon.colcon_core.environment:checking '/home/students/group_114/install/turtlebot3_perception/lib'
[1.634s] Level 1:colcon.colcon_core.environment:checking '/home/students/group_114/install/turtlebot3_perception/bin'
[1.634s] Level 1:colcon.colcon_core.environment:checking '/home/students/group_114/install/turtlebot3_perception/lib/pkgconfig/turtlebot3_perception.pc'
[1.634s] Level 1:colcon.colcon_core.environment:checking '/home/students/group_114/install/turtlebot3_perception/lib/python3.10/site-packages'
[1.634s] Level 1:colcon.colcon_core.shell:create_environment_hook('turtlebot3_perception', 'pythonpath')
[1.634s] INFO:colcon.colcon_core.shell:Creating environment hook '/home/students/group_114/install/turtlebot3_perception/share/turtlebot3_perception/hook/pythonpath.ps1'
[1.634s] INFO:colcon.colcon_core.shell:Creating environment descriptor '/home/students/group_114/install/turtlebot3_perception/share/turtlebot3_perception/hook/pythonpath.dsv'
[1.634s] INFO:colcon.colcon_core.shell:Creating environment hook '/home/students/group_114/install/turtlebot3_perception/share/turtlebot3_perception/hook/pythonpath.sh'
[1.635s] Level 1:colcon.colcon_core.environment:checking '/home/students/group_114/install/turtlebot3_perception/bin'
[1.635s] Level 1:colcon.colcon_core.environment:create_environment_scripts_only(turtlebot3_perception)
[1.635s] INFO:colcon.colcon_core.shell:Creating package script '/home/students/group_114/install/turtlebot3_perception/share/turtlebot3_perception/package.ps1'
[1.635s] INFO:colcon.colcon_core.shell:Creating package descriptor '/home/students/group_114/install/turtlebot3_perception/share/turtlebot3_perception/package.dsv'
[1.636s] INFO:colcon.colcon_core.shell:Creating package script '/home/students/group_114/install/turtlebot3_perception/share/turtlebot3_perception/package.sh'
[1.636s] INFO:colcon.colcon_core.shell:Creating package script '/home/students/group_114/install/turtlebot3_perception/share/turtlebot3_perception/package.bash'
[1.636s] INFO:colcon.colcon_core.shell:Creating package script '/home/students/group_114/install/turtlebot3_perception/share/turtlebot3_perception/package.zsh'
[1.636s] Level 1:colcon.colcon_core.environment:create_file_with_runtime_dependencies(/home/students/group_114/install/turtlebot3_perception/share/colcon-core/packages/turtlebot3_perception)
[1.813s] Level 1:colcon.colcon_core.shell:create_environment_hook('lab04_pkg', 'pythonpath_develop')
[1.814s] INFO:colcon.colcon_core.shell:Creating environment hook '/home/students/group_114/build/lab04_pkg/share/lab04_pkg/hook/pythonpath_develop.ps1'
[1.814s] DEBUG:colcon.colcon_core.event_handler.log_command:Invoked command in '/home/students/group_114/build/lab04_pkg' returned '0': CMAKE_PREFIX_PATH=/home/students/group_114/install/landmark_msgs:/home/students/group_114/install/turtlebot3_simulations:/home/students/group_114/install/turtlebot3_gazebo:/home/students/group_114/install/turtlebot3_fake_node:/opt/ros/tb3_ws/install/turtlebot3_simulations:/opt/ros/tb3_ws/install/turtlebot3_gazebo:/opt/ros/tb3_ws/install/turtlebot3_fake_node:/opt/ros/tb3_ws/install/ld08_driver LD_LIBRARY_PATH=/home/students/group_114/install/landmark_msgs/lib:/opt/ros/humble/opt/zenoh_cpp_vendor/lib:/usr/lib/x86_64-linux-gnu/gazebo-11/plugins:/opt/ros/humble/opt/rviz_ogre_vendor/lib:/opt/ros/humble/lib/x86_64-linux-gnu:/opt/ros/humble/lib:/usr/share/gazebo/../../lib/x86_64-linux-gnu/gazebo-11/plugins:/usr/share/gazebo/../../lib/x86_64-linux-gnu/gazebo-11/plugins:/usr/share/gazebo/../../lib/x86_64-linux-gnu/gazebo-11/plugins PYTHONPATH=/home/students/group_114/build/lab04_pkg/prefix_override:/usr/lib/python3/dist-packages/colcon_core/task/python/colcon_distutils_commands:/home/students/group_114/install/lab04_pkg/lib/python3.10/site-packages:${PYTHONPATH} /usr/bin/python3 -W ignore:setup.py install is deprecated -W ignore:easy_install command is deprecated setup.py develop --editable --build-directory /home/students/group_114/build/lab04_pkg/build --no-deps symlink_data
[1.814s] INFO:colcon.colcon_core.shell:Creating environment descriptor '/home/students/group_114/build/lab04_pkg/share/lab04_pkg/hook/pythonpath_develop.dsv'
[1.815s] INFO:colcon.colcon_core.shell:Creating environment hook '/home/students/group_114/build/lab04_pkg/share/lab04_pkg/hook/pythonpath_develop.sh'
[1.815s] Level 1:colcon.colcon_core.environment:checking '/home/students/group_114/install/lab04_pkg' for CMake module files
[1.815s] Level 1:colcon.colcon_core.environment:checking '/home/students/group_114/install/lab04_pkg' for CMake config files
[1.816s] Level 1:colcon.colcon_core.environment:checking '/home/students/group_114/install/lab04_pkg/lib'
[1.816s] Level 1:colcon.colcon_core.environment:checking '/home/students/group_114/install/lab04_pkg/bin'
[1.816s] Level 1:colcon.colcon_core.environment:checking '/home/students/group_114/install/lab04_pkg/lib/pkgconfig/lab04_pkg.pc'
[1.816s] Level 1:colcon.colcon_core.environment:checking '/home/students/group_114/install/lab04_pkg/lib/python3.10/site-packages'
[1.816s] Level 1:colcon.colcon_core.shell:create_environment_hook('lab04_pkg', 'pythonpath')
[1.816s] INFO:colcon.colcon_core.shell:Creating environment hook '/home/students/group_114/install/lab04_pkg/share/lab04_pkg/hook/pythonpath.ps1'
[1.816s] INFO:colcon.colcon_core.shell:Creating environment descriptor '/home/students/group_114/install/lab04_pkg/share/lab04_pkg/hook/pythonpath.dsv'
[1.816s] INFO:colcon.colcon_core.shell:Creating environment hook '/home/students/group_114/install/lab04_pkg/share/lab04_pkg/hook/pythonpath.sh'
[1.817s] Level 1:colcon.colcon_core.environment:checking '/home/students/group_114/install/lab04_pkg/bin'
[1.817s] Level 1:colcon.colcon_core.environment:create_environment_scripts_only(lab04_pkg)
[1.817s] INFO:colcon.colcon_core.shell:Creating package script '/home/students/group_114/install/lab04_pkg/share/lab04_pkg/package.ps1'
[1.817s] INFO:colcon.colcon_core.shell:Creating package descriptor '/home/students/group_114/install/lab04_pkg/share/lab04_pkg/package.dsv'
[1.818s] INFO:colcon.colcon_core.shell:Creating package script '/home/students/group_114/install/lab04_pkg/share/lab04_pkg/package.sh'
[1.818s] INFO:colcon.colcon_core.shell:Creating package script '/home/students/group_114/install/lab04_pkg/share/lab04_pkg/package.bash'
[1.818s] INFO:colcon.colcon_core.shell:Creating package script '/home/students/group_114/install/lab04_pkg/share/lab04_pkg/package.zsh'
[1.818s] Level 1:colcon.colcon_core.environment:create_file_with_runtime_dependencies(/home/students/group_114/install/lab04_pkg/share/colcon-core/packages/lab04_pkg)
[1.818s] DEBUG:colcon.colcon_parallel_executor.executor.parallel:closing loop
[1.819s] DEBUG:colcon.colcon_parallel_executor.executor.parallel:loop closed
[1.819s] DEBUG:colcon.colcon_parallel_executor.executor.parallel:run_until_complete finished with '0'
[1.819s] DEBUG:colcon.colcon_core.event_reactor:joining thread
[1.823s] INFO:colcon.colcon_core.plugin_system:Skipping extension 'colcon_notification.desktop_notification.terminal_notifier': Not used on non-Darwin systems
[1.823s] INFO:colcon.colcon_core.plugin_system:Skipping extension 'colcon_notification.desktop_notification.win32': Not used on non-Windows systems
[1.823s] INFO:colcon.colcon_notification.desktop_notification:Sending desktop notification using 'notify2'
[1.823s] DEBUG:colcon.colcon_notification.desktop_notification.notify2:Failed to initialize notify2: org.freedesktop.DBus.Error.ServiceUnknown: The name org.freedesktop.Notifications was not provided by any .service files
[1.824s] DEBUG:colcon.colcon_core.event_reactor:joined thread
[1.824s] INFO:colcon.colcon_core.shell:Creating prefix script '/home/students/group_114/install/local_setup.ps1'
[1.824s] INFO:colcon.colcon_core.shell:Creating prefix util module '/home/students/group_114/install/_local_setup_util_ps1.py'
[1.825s] INFO:colcon.colcon_core.shell:Creating prefix chain script '/home/students/group_114/install/setup.ps1'
[1.826s] INFO:colcon.colcon_core.shell:Creating prefix script '/home/students/group_114/install/local_setup.sh'
[1.826s] INFO:colcon.colcon_core.shell:Creating prefix util module '/home/students/group_114/install/_local_setup_util_sh.py'
[1.827s] INFO:colcon.colcon_core.shell:Creating prefix chain script '/home/students/group_114/install/setup.sh'
[1.827s] INFO:colcon.colcon_core.shell:Creating prefix script '/home/students/group_114/install/local_setup.bash'
[1.828s] INFO:colcon.colcon_core.shell:Creating prefix chain script '/home/students/group_114/install/setup.bash'
[1.828s] INFO:colcon.colcon_core.shell:Creating prefix script '/home/students/group_114/install/local_setup.zsh'
[1.828s] INFO:colcon.colcon_core.shell:Creating prefix chain script '/home/students/group_114/install/setup.zsh'
