[0.035s] Invoking command in '/home/students/group_114/build/landmark_msgs': CMAKE_PREFIX_PATH=${CMAKE_PREFIX_PATH}:/home/students/install/lab02_pkg:/home/students/group_114/install/turtlebot3_perception:/home/students/group_114/install/lab04_pkg:/home/students/group_114/install/lab05_pkg:/home/students/group_114/install/lab02_pkg:/home/students/group_111/install/lab05_pkg:/opt/ros/humble /usr/bin/cmake /home/students/group_114/src/turtlebot3_perception/landmark_msgs -DAMENT_CMAKE_SYMLINK_INSTALL=1 -DCMAKE_INSTALL_PREFIX=/home/students/group_114/install/landmark_msgs
[0.408s] -- The C compiler identification is GNU 11.4.0
[0.409s] -- The CXX compiler identification is GNU 11.4.0
[0.409s] -- Detecting C compiler ABI info
[0.434s] -- Detecting C compiler ABI info - done
[0.442s] -- Check for working C compiler: /usr/bin/cc - skipped
[0.442s] -- Detecting C compile features
[0.442s] -- Detecting C compile features - done
[0.446s] -- Detecting CXX compiler ABI info
[0.518s] -- Detecting CXX compiler ABI info - done
[0.526s] -- Check for working CXX compiler: /usr/bin/c++ - skipped
[0.526s] -- Detecting CXX compile features
[0.526s] -- Detecting CXX compile features - done
[0.530s] -- Found ament_cmake: 1.3.12 (/opt/ros/humble/share/ament_cmake/cmake)
[0.675s] -- Found Python3: /usr/bin/python3 (found version "3.10.12") found components: Interpreter 
[0.755s] -- Override CMake install command with custom implementation using symlinks instead of copying resources
[0.793s] -- Found rosidl_default_generators: 1.2.0 (/opt/ros/humble/share/rosidl_default_generators/cmake)
[0.798s] -- Using all available rosidl_typesupport_c: rosidl_typesupport_fastrtps_c;rosidl_typesupport_introspection_c
[0.808s] -- Found rosidl_adapter: 3.1.7 (/opt/ros/humble/share/rosidl_adapter/cmake)
[0.868s] -- Using all available rosidl_typesupport_cpp: rosidl_typesupport_fastrtps_cpp;rosidl_typesupport_introspection_cpp
[0.907s] -- Found std_msgs: 4.9.0 (/opt/ros/humble/share/std_msgs/cmake)
[1.280s] -- Found ament_cmake_ros: 0.10.0 (/opt/ros/humble/share/ament_cmake_ros/cmake)
[1.476s] -- Using all available rosidl_typesupport_c: rosidl_typesupport_fastrtps_c;rosidl_typesupport_introspection_c
[1.756s] -- Using all available rosidl_typesupport_cpp: rosidl_typesupport_fastrtps_cpp;rosidl_typesupport_introspection_cpp
[1.782s] -- Found PythonInterp: /usr/bin/python3 (found suitable version "3.10.12", minimum required is "3.6") 
[1.786s] -- Found python_cmake_module: 0.10.0 (/opt/ros/humble/share/python_cmake_module/cmake)
[1.811s] -- Found PythonLibs: /usr/lib/x86_64-linux-gnu/libpython3.10.so (found suitable version "3.10.12", minimum required is "3.5") 
[1.811s] -- Using PYTHON_EXECUTABLE: /usr/bin/python3
[1.811s] -- Using PYTHON_INCLUDE_DIRS: /usr/include/python3.10
[1.811s] -- Using PYTHON_LIBRARIES: /usr/lib/x86_64-linux-gnu/libpython3.10.so
[1.830s] -- Found PythonExtra: .so  
[1.895s] -- Configuring done
[1.921s] -- Generating done
[1.929s] -- Build files have been written to: /home/students/group_114/build/landmark_msgs
[1.934s] Invoked command in '/home/students/group_114/build/landmark_msgs' returned '0': CMAKE_PREFIX_PATH=${CMAKE_PREFIX_PATH}:/home/students/install/lab02_pkg:/home/students/group_114/install/turtlebot3_perception:/home/students/group_114/install/lab04_pkg:/home/students/group_114/install/lab05_pkg:/home/students/group_114/install/lab02_pkg:/home/students/group_111/install/lab05_pkg:/opt/ros/humble /usr/bin/cmake /home/students/group_114/src/turtlebot3_perception/landmark_msgs -DAMENT_CMAKE_SYMLINK_INSTALL=1 -DCMAKE_INSTALL_PREFIX=/home/students/group_114/install/landmark_msgs
[1.935s] Invoking command in '/home/students/group_114/build/landmark_msgs': CMAKE_PREFIX_PATH=${CMAKE_PREFIX_PATH}:/home/students/install/lab02_pkg:/home/students/group_114/install/turtlebot3_perception:/home/students/group_114/install/lab04_pkg:/home/students/group_114/install/lab05_pkg:/home/students/group_114/install/lab02_pkg:/home/students/group_111/install/lab05_pkg:/opt/ros/humble /usr/bin/cmake --build /home/students/group_114/build/landmark_msgs -- -j8 -l8
[1.978s] [  2%] [34m[1mGenerating C code for ROS interfaces[0m
[1.990s] [  5%] [34m[1mGenerating C++ code for ROS interfaces[0m
[1.999s] [  5%] Built target ament_cmake_python_symlink_landmark_msgs
[2.248s] [  5%] Built target landmark_msgs__cpp
[2.258s] [  7%] [34m[1mGenerating C++ type support dispatch for ROS interfaces[0m
[2.258s] [ 10%] [34m[1mGenerating C++ introspection for ROS interfaces[0m
[2.260s] [ 12%] [34m[1mGenerating C++ type support for eProsima Fast-RTPS[0m
[2.354s] running egg_info
[2.354s] creating landmark_msgs.egg-info
[2.357s] writing landmark_msgs.egg-info/PKG-INFO
[2.358s] writing dependency_links to landmark_msgs.egg-info/dependency_links.txt
[2.358s] writing top-level names to landmark_msgs.egg-info/top_level.txt
[2.358s] writing manifest file 'landmark_msgs.egg-info/SOURCES.txt'
[2.359s] reading manifest file 'landmark_msgs.egg-info/SOURCES.txt'
[2.360s] writing manifest file 'landmark_msgs.egg-info/SOURCES.txt'
[2.416s] [ 12%] Built target ament_cmake_python_build_landmark_msgs_egg
[2.458s] [ 15%] [32mBuilding C object CMakeFiles/landmark_msgs__rosidl_generator_c.dir/rosidl_generator_c/landmark_msgs/msg/detail/landmark__functions.c.o[0m
[2.465s] [ 17%] [32mBuilding C object CMakeFiles/landmark_msgs__rosidl_generator_c.dir/rosidl_generator_c/landmark_msgs/msg/detail/landmark_array__functions.c.o[0m
[2.564s] [ 20%] [32m[1mLinking C shared library liblandmark_msgs__rosidl_generator_c.so[0m
[2.637s] [ 20%] Built target landmark_msgs__rosidl_generator_c
[2.644s] [ 23%] [32mBuilding CXX object CMakeFiles/landmark_msgs__rosidl_typesupport_cpp.dir/rosidl_typesupport_cpp/landmark_msgs/msg/landmark__type_support.cpp.o[0m
[2.648s] [ 25%] [34m[1mGenerating C type support for eProsima Fast-RTPS[0m
[2.656s] [ 28%] [32mBuilding CXX object CMakeFiles/landmark_msgs__rosidl_typesupport_cpp.dir/rosidl_typesupport_cpp/landmark_msgs/msg/landmark_array__type_support.cpp.o[0m
[2.658s] [ 33%] [32mBuilding CXX object CMakeFiles/landmark_msgs__rosidl_typesupport_introspection_cpp.dir/rosidl_typesupport_introspection_cpp/landmark_msgs/msg/detail/landmark__type_support.cpp.o[0m
[2.658s] [ 33%] [34m[1mGenerating C introspection for ROS interfaces[0m
[2.668s] [ 35%] [32mBuilding CXX object CMakeFiles/landmark_msgs__rosidl_typesupport_introspection_cpp.dir/rosidl_typesupport_introspection_cpp/landmark_msgs/msg/detail/landmark_array__type_support.cpp.o[0m
[2.679s] [ 38%] [34m[1mGenerating C type support dispatch for ROS interfaces[0m
[2.803s] [ 41%] [32mBuilding CXX object CMakeFiles/landmark_msgs__rosidl_typesupport_fastrtps_cpp.dir/rosidl_typesupport_fastrtps_cpp/landmark_msgs/msg/detail/dds_fastrtps/landmark__type_support.cpp.o[0m
[3.198s] [ 43%] [32mBuilding CXX object CMakeFiles/landmark_msgs__rosidl_typesupport_fastrtps_cpp.dir/rosidl_typesupport_fastrtps_cpp/landmark_msgs/msg/detail/dds_fastrtps/landmark_array__type_support.cpp.o[0m
[3.325s] [ 46%] [32m[1mLinking CXX shared library liblandmark_msgs__rosidl_typesupport_cpp.so[0m
[3.412s] [ 48%] [32mBuilding CXX object CMakeFiles/landmark_msgs__rosidl_typesupport_c.dir/rosidl_typesupport_c/landmark_msgs/msg/landmark__type_support.cpp.o[0m
[3.417s] [ 51%] [32mBuilding CXX object CMakeFiles/landmark_msgs__rosidl_typesupport_c.dir/rosidl_typesupport_c/landmark_msgs/msg/landmark_array__type_support.cpp.o[0m
[3.425s] [ 53%] [32mBuilding CXX object CMakeFiles/landmark_msgs__rosidl_typesupport_fastrtps_c.dir/rosidl_typesupport_fastrtps_c/landmark_msgs/msg/detail/landmark__type_support_c.cpp.o[0m
[3.436s] [ 53%] Built target landmark_msgs__rosidl_typesupport_cpp
[3.456s] [ 56%] [32mBuilding C object CMakeFiles/landmark_msgs__rosidl_typesupport_introspection_c.dir/rosidl_typesupport_introspection_c/landmark_msgs/msg/detail/landmark__type_support.c.o[0m
[3.463s] [ 58%] [32mBuilding CXX object CMakeFiles/landmark_msgs__rosidl_typesupport_fastrtps_c.dir/rosidl_typesupport_fastrtps_c/landmark_msgs/msg/detail/landmark_array__type_support_c.cpp.o[0m
[3.476s] [ 61%] [32m[1mLinking CXX shared library liblandmark_msgs__rosidl_typesupport_c.so[0m
[3.483s] [ 64%] [32mBuilding C object CMakeFiles/landmark_msgs__rosidl_typesupport_introspection_c.dir/rosidl_typesupport_introspection_c/landmark_msgs/msg/detail/landmark_array__type_support.c.o[0m
[3.560s] [ 66%] [32m[1mLinking C shared library liblandmark_msgs__rosidl_typesupport_introspection_c.so[0m
[3.582s] [ 66%] Built target landmark_msgs__rosidl_typesupport_c
[3.614s] [ 69%] [32m[1mLinking CXX shared library liblandmark_msgs__rosidl_typesupport_introspection_cpp.so[0m
[3.639s] [ 69%] Built target landmark_msgs__rosidl_typesupport_introspection_c
[3.745s] [ 69%] Built target landmark_msgs__rosidl_typesupport_introspection_cpp
[3.832s] [ 71%] [32m[1mLinking CXX shared library liblandmark_msgs__rosidl_typesupport_fastrtps_cpp.so[0m
[3.993s] [ 71%] Built target landmark_msgs__rosidl_typesupport_fastrtps_cpp
[4.143s] [ 74%] [32m[1mLinking CXX shared library liblandmark_msgs__rosidl_typesupport_fastrtps_c.so[0m
[4.226s] [ 74%] Built target landmark_msgs__rosidl_typesupport_fastrtps_c
[4.249s] [ 74%] Built target landmark_msgs
[4.264s] [ 76%] [34m[1mGenerating Python code for ROS interfaces[0m
[4.646s] [ 76%] Built target landmark_msgs__py
[4.669s] [ 79%] [32mBuilding C object CMakeFiles/landmark_msgs__rosidl_generator_py.dir/rosidl_generator_py/landmark_msgs/msg/_landmark_array_s.c.o[0m
[4.670s] [ 82%] [32mBuilding C object CMakeFiles/landmark_msgs__rosidl_generator_py.dir/rosidl_generator_py/landmark_msgs/msg/_landmark_s.c.o[0m
[4.827s] [ 84%] [32m[1mLinking C shared library rosidl_generator_py/landmark_msgs/liblandmark_msgs__rosidl_generator_py.so[0m
[4.879s] [ 84%] Built target landmark_msgs__rosidl_generator_py
[4.906s] [ 87%] [32mBuilding C object CMakeFiles/landmark_msgs__rosidl_typesupport_introspection_c__pyext.dir/rosidl_generator_py/landmark_msgs/_landmark_msgs_s.ep.rosidl_typesupport_introspection_c.c.o[0m
[4.906s] [ 92%] [32mBuilding C object CMakeFiles/landmark_msgs__rosidl_typesupport_fastrtps_c__pyext.dir/rosidl_generator_py/landmark_msgs/_landmark_msgs_s.ep.rosidl_typesupport_fastrtps_c.c.o[0m
[4.906s] [ 92%] [32mBuilding C object CMakeFiles/landmark_msgs__rosidl_typesupport_c__pyext.dir/rosidl_generator_py/landmark_msgs/_landmark_msgs_s.ep.rosidl_typesupport_c.c.o[0m
[5.029s] [ 94%] [32m[1mLinking C shared library rosidl_generator_py/landmark_msgs/landmark_msgs_s__rosidl_typesupport_fastrtps_c.cpython-310-x86_64-linux-gnu.so[0m
[5.043s] [ 97%] [32m[1mLinking C shared library rosidl_generator_py/landmark_msgs/landmark_msgs_s__rosidl_typesupport_introspection_c.cpython-310-x86_64-linux-gnu.so[0m
[5.052s] [100%] [32m[1mLinking C shared library rosidl_generator_py/landmark_msgs/landmark_msgs_s__rosidl_typesupport_c.cpython-310-x86_64-linux-gnu.so[0m
[5.100s] [100%] Built target landmark_msgs__rosidl_typesupport_fastrtps_c__pyext
[5.110s] [100%] Built target landmark_msgs__rosidl_typesupport_introspection_c__pyext
[5.123s] [100%] Built target landmark_msgs__rosidl_typesupport_c__pyext
[5.138s] Invoked command in '/home/students/group_114/build/landmark_msgs' returned '0': CMAKE_PREFIX_PATH=${CMAKE_PREFIX_PATH}:/home/students/install/lab02_pkg:/home/students/group_114/install/turtlebot3_perception:/home/students/group_114/install/lab04_pkg:/home/students/group_114/install/lab05_pkg:/home/students/group_114/install/lab02_pkg:/home/students/group_111/install/lab05_pkg:/opt/ros/humble /usr/bin/cmake --build /home/students/group_114/build/landmark_msgs -- -j8 -l8
[5.155s] Invoking command in '/home/students/group_114/build/landmark_msgs': CMAKE_PREFIX_PATH=${CMAKE_PREFIX_PATH}:/home/students/install/lab02_pkg:/home/students/group_114/install/turtlebot3_perception:/home/students/group_114/install/lab04_pkg:/home/students/group_114/install/lab05_pkg:/home/students/group_114/install/lab02_pkg:/home/students/group_111/install/lab05_pkg:/opt/ros/humble /usr/bin/cmake --install /home/students/group_114/build/landmark_msgs
[5.162s] -- Install configuration: ""
[5.163s] -- Execute custom install script
[5.164s] -- Up-to-date symlink: /home/students/group_114/install/landmark_msgs/share/ament_index/resource_index/rosidl_interfaces/landmark_msgs
[5.165s] -- Up-to-date symlink: /home/students/group_114/install/landmark_msgs/include/landmark_msgs/landmark_msgs/msg/detail/landmark__functions.h
[5.165s] -- Up-to-date symlink: /home/students/group_114/install/landmark_msgs/include/landmark_msgs/landmark_msgs/msg/detail/landmark__struct.h
[5.165s] -- Up-to-date symlink: /home/students/group_114/install/landmark_msgs/include/landmark_msgs/landmark_msgs/msg/detail/landmark__type_support.h
[5.165s] -- Up-to-date symlink: /home/students/group_114/install/landmark_msgs/include/landmark_msgs/landmark_msgs/msg/detail/landmark_array__functions.h
[5.165s] -- Up-to-date symlink: /home/students/group_114/install/landmark_msgs/include/landmark_msgs/landmark_msgs/msg/detail/landmark_array__struct.h
[5.165s] -- Up-to-date symlink: /home/students/group_114/install/landmark_msgs/include/landmark_msgs/landmark_msgs/msg/detail/landmark_array__type_support.h
[5.166s] -- Up-to-date symlink: /home/students/group_114/install/landmark_msgs/include/landmark_msgs/landmark_msgs/msg/landmark.h
[5.166s] -- Up-to-date symlink: /home/students/group_114/install/landmark_msgs/include/landmark_msgs/landmark_msgs/msg/landmark_array.h
[5.166s] -- Up-to-date symlink: /home/students/group_114/install/landmark_msgs/include/landmark_msgs/landmark_msgs/msg/rosidl_generator_c__visibility_control.h
[5.166s] -- Up-to-date symlink: /home/students/group_114/install/landmark_msgs/share/landmark_msgs/environment/library_path.sh
[5.166s] -- Up-to-date symlink: /home/students/group_114/install/landmark_msgs/share/landmark_msgs/environment/library_path.dsv
[5.167s] -- Up-to-date symlink: /home/students/group_114/install/landmark_msgs/include/landmark_msgs/landmark_msgs/msg/detail/landmark__rosidl_typesupport_fastrtps_c.h
[5.167s] -- Up-to-date symlink: /home/students/group_114/install/landmark_msgs/include/landmark_msgs/landmark_msgs/msg/detail/landmark_array__rosidl_typesupport_fastrtps_c.h
[5.168s] -- Up-to-date symlink: /home/students/group_114/install/landmark_msgs/include/landmark_msgs/landmark_msgs/msg/rosidl_typesupport_fastrtps_c__visibility_control.h
[5.168s] -- Up-to-date symlink: /home/students/group_114/install/landmark_msgs/include/landmark_msgs/landmark_msgs/msg/detail/landmark__rosidl_typesupport_introspection_c.h
[5.168s] -- Up-to-date symlink: /home/students/group_114/install/landmark_msgs/include/landmark_msgs/landmark_msgs/msg/detail/landmark_array__rosidl_typesupport_introspection_c.h
[5.169s] -- Up-to-date symlink: /home/students/group_114/install/landmark_msgs/include/landmark_msgs/landmark_msgs/msg/rosidl_typesupport_introspection_c__visibility_control.h
[5.169s] -- Up-to-date symlink: /home/students/group_114/install/landmark_msgs/include/landmark_msgs/landmark_msgs/msg/detail/landmark__builder.hpp
[5.169s] -- Up-to-date symlink: /home/students/group_114/install/landmark_msgs/include/landmark_msgs/landmark_msgs/msg/detail/landmark__struct.hpp
[5.169s] -- Up-to-date symlink: /home/students/group_114/install/landmark_msgs/include/landmark_msgs/landmark_msgs/msg/detail/landmark__traits.hpp
[5.169s] -- Up-to-date symlink: /home/students/group_114/install/landmark_msgs/include/landmark_msgs/landmark_msgs/msg/detail/landmark__type_support.hpp
[5.169s] -- Up-to-date symlink: /home/students/group_114/install/landmark_msgs/include/landmark_msgs/landmark_msgs/msg/detail/landmark_array__builder.hpp
[5.169s] -- Up-to-date symlink: /home/students/group_114/install/landmark_msgs/include/landmark_msgs/landmark_msgs/msg/detail/landmark_array__struct.hpp
[5.170s] -- Up-to-date symlink: /home/students/group_114/install/landmark_msgs/include/landmark_msgs/landmark_msgs/msg/detail/landmark_array__traits.hpp
[5.170s] -- Up-to-date symlink: /home/students/group_114/install/landmark_msgs/include/landmark_msgs/landmark_msgs/msg/detail/landmark_array__type_support.hpp
[5.170s] -- Up-to-date symlink: /home/students/group_114/install/landmark_msgs/include/landmark_msgs/landmark_msgs/msg/landmark.hpp
[5.170s] -- Up-to-date symlink: /home/students/group_114/install/landmark_msgs/include/landmark_msgs/landmark_msgs/msg/landmark_array.hpp
[5.171s] -- Up-to-date symlink: /home/students/group_114/install/landmark_msgs/include/landmark_msgs/landmark_msgs/msg/rosidl_generator_cpp__visibility_control.hpp
[5.171s] -- Up-to-date symlink: /home/students/group_114/install/landmark_msgs/include/landmark_msgs/landmark_msgs/msg/detail/landmark__rosidl_typesupport_fastrtps_cpp.hpp
[5.172s] -- Up-to-date symlink: /home/students/group_114/install/landmark_msgs/include/landmark_msgs/landmark_msgs/msg/detail/landmark_array__rosidl_typesupport_fastrtps_cpp.hpp
[5.172s] -- Up-to-date symlink: /home/students/group_114/install/landmark_msgs/include/landmark_msgs/landmark_msgs/msg/rosidl_typesupport_fastrtps_cpp__visibility_control.h
[5.172s] -- Up-to-date symlink: /home/students/group_114/install/landmark_msgs/include/landmark_msgs/landmark_msgs/msg/detail/landmark__rosidl_typesupport_introspection_cpp.hpp
[5.172s] -- Up-to-date symlink: /home/students/group_114/install/landmark_msgs/include/landmark_msgs/landmark_msgs/msg/detail/landmark_array__rosidl_typesupport_introspection_cpp.hpp
[5.173s] -- Up-to-date symlink: /home/students/group_114/install/landmark_msgs/share/landmark_msgs/environment/pythonpath.sh
[5.173s] -- Up-to-date symlink: /home/students/group_114/install/landmark_msgs/share/landmark_msgs/environment/pythonpath.dsv
[5.173s] -- Up-to-date symlink: /home/students/group_114/install/landmark_msgs/local/lib/python3.10/dist-packages/landmark_msgs-0.0.0-py3.10.egg-info/PKG-INFO
[5.173s] -- Up-to-date symlink: /home/students/group_114/install/landmark_msgs/local/lib/python3.10/dist-packages/landmark_msgs-0.0.0-py3.10.egg-info/SOURCES.txt
[5.173s] -- Up-to-date symlink: /home/students/group_114/install/landmark_msgs/local/lib/python3.10/dist-packages/landmark_msgs-0.0.0-py3.10.egg-info/dependency_links.txt
[5.173s] -- Up-to-date symlink: /home/students/group_114/install/landmark_msgs/local/lib/python3.10/dist-packages/landmark_msgs-0.0.0-py3.10.egg-info/top_level.txt
[5.174s] -- Up-to-date symlink: /home/students/group_114/install/landmark_msgs/local/lib/python3.10/dist-packages/landmark_msgs/__init__.py
[5.175s] -- Up-to-date symlink: /home/students/group_114/install/landmark_msgs/local/lib/python3.10/dist-packages/landmark_msgs/_landmark_msgs_s.ep.rosidl_typesupport_c.c
[5.175s] -- Up-to-date symlink: /home/students/group_114/install/landmark_msgs/local/lib/python3.10/dist-packages/landmark_msgs/_landmark_msgs_s.ep.rosidl_typesupport_fastrtps_c.c
[5.175s] -- Up-to-date symlink: /home/students/group_114/install/landmark_msgs/local/lib/python3.10/dist-packages/landmark_msgs/_landmark_msgs_s.ep.rosidl_typesupport_introspection_c.c
[5.175s] -- Up-to-date symlink: /home/students/group_114/install/landmark_msgs/local/lib/python3.10/dist-packages/landmark_msgs/landmark_msgs_s__rosidl_typesupport_c.cpython-310-x86_64-linux-gnu.so
[5.176s] -- Up-to-date symlink: /home/students/group_114/install/landmark_msgs/local/lib/python3.10/dist-packages/landmark_msgs/landmark_msgs_s__rosidl_typesupport_fastrtps_c.cpython-310-x86_64-linux-gnu.so
[5.177s] -- Up-to-date symlink: /home/students/group_114/install/landmark_msgs/local/lib/python3.10/dist-packages/landmark_msgs/landmark_msgs_s__rosidl_typesupport_introspection_c.cpython-310-x86_64-linux-gnu.so
[5.177s] -- Up-to-date symlink: /home/students/group_114/install/landmark_msgs/local/lib/python3.10/dist-packages/landmark_msgs/liblandmark_msgs__rosidl_generator_py.so
[5.178s] -- Up-to-date symlink: /home/students/group_114/install/landmark_msgs/local/lib/python3.10/dist-packages/landmark_msgs/msg/__init__.py
[5.178s] -- Up-to-date symlink: /home/students/group_114/install/landmark_msgs/local/lib/python3.10/dist-packages/landmark_msgs/msg/_landmark.py
[5.178s] -- Up-to-date symlink: /home/students/group_114/install/landmark_msgs/local/lib/python3.10/dist-packages/landmark_msgs/msg/_landmark_array.py
[5.178s] -- Up-to-date symlink: /home/students/group_114/install/landmark_msgs/local/lib/python3.10/dist-packages/landmark_msgs/msg/_landmark_array_s.c
[5.178s] -- Up-to-date symlink: /home/students/group_114/install/landmark_msgs/local/lib/python3.10/dist-packages/landmark_msgs/msg/_landmark_s.c
[5.178s] -- Up-to-date symlink: /home/students/group_114/install/landmark_msgs/local/lib/python3.10/dist-packages/landmark_msgs/landmark_msgs_s__rosidl_typesupport_fastrtps_c.cpython-310-x86_64-linux-gnu.so
[5.179s] -- Up-to-date symlink: /home/students/group_114/install/landmark_msgs/local/lib/python3.10/dist-packages/landmark_msgs/landmark_msgs_s__rosidl_typesupport_introspection_c.cpython-310-x86_64-linux-gnu.so
[5.179s] -- Up-to-date symlink: /home/students/group_114/install/landmark_msgs/local/lib/python3.10/dist-packages/landmark_msgs/landmark_msgs_s__rosidl_typesupport_c.cpython-310-x86_64-linux-gnu.so
[5.179s] -- Up-to-date symlink: /home/students/group_114/install/landmark_msgs/share/landmark_msgs/msg/Landmark.idl
[5.179s] -- Up-to-date symlink: /home/students/group_114/install/landmark_msgs/share/landmark_msgs/msg/LandmarkArray.idl
[5.179s] -- Up-to-date symlink: /home/students/group_114/install/landmark_msgs/share/landmark_msgs/msg/Landmark.msg
[5.183s] -- Up-to-date symlink: /home/students/group_114/install/landmark_msgs/share/landmark_msgs/msg/LandmarkArray.msg
[5.183s] -- Up-to-date symlink: /home/students/group_114/install/landmark_msgs/share/ament_index/resource_index/package_run_dependencies/landmark_msgs
[5.183s] -- Up-to-date symlink: /home/students/group_114/install/landmark_msgs/share/ament_index/resource_index/parent_prefix_path/landmark_msgs
[5.183s] -- Up-to-date symlink: /home/students/group_114/install/landmark_msgs/share/landmark_msgs/environment/ament_prefix_path.sh
[5.183s] -- Up-to-date symlink: /home/students/group_114/install/landmark_msgs/share/landmark_msgs/environment/ament_prefix_path.dsv
[5.184s] -- Up-to-date symlink: /home/students/group_114/install/landmark_msgs/share/landmark_msgs/environment/path.sh
[5.184s] -- Up-to-date symlink: /home/students/group_114/install/landmark_msgs/share/landmark_msgs/environment/path.dsv
[5.184s] -- Up-to-date symlink: /home/students/group_114/install/landmark_msgs/share/landmark_msgs/local_setup.bash
[5.185s] -- Up-to-date symlink: /home/students/group_114/install/landmark_msgs/share/landmark_msgs/local_setup.sh
[5.185s] -- Up-to-date symlink: /home/students/group_114/install/landmark_msgs/share/landmark_msgs/local_setup.zsh
[5.185s] -- Up-to-date symlink: /home/students/group_114/install/landmark_msgs/share/landmark_msgs/local_setup.dsv
[5.185s] -- Symlinking: /home/students/group_114/install/landmark_msgs/share/landmark_msgs/package.dsv
[5.196s] -- Up-to-date symlink: /home/students/group_114/install/landmark_msgs/share/ament_index/resource_index/packages/landmark_msgs
[5.197s] -- Up-to-date symlink: /home/students/group_114/install/landmark_msgs/share/landmark_msgs/cmake/rosidl_cmake-extras.cmake
[5.197s] -- Up-to-date symlink: /home/students/group_114/install/landmark_msgs/share/landmark_msgs/cmake/ament_cmake_export_dependencies-extras.cmake
[5.197s] -- Up-to-date symlink: /home/students/group_114/install/landmark_msgs/share/landmark_msgs/cmake/ament_cmake_export_include_directories-extras.cmake
[5.197s] -- Up-to-date symlink: /home/students/group_114/install/landmark_msgs/share/landmark_msgs/cmake/ament_cmake_export_libraries-extras.cmake
[5.197s] -- Up-to-date symlink: /home/students/group_114/install/landmark_msgs/share/landmark_msgs/cmake/ament_cmake_export_targets-extras.cmake
[5.197s] -- Up-to-date symlink: /home/students/group_114/install/landmark_msgs/share/landmark_msgs/cmake/rosidl_cmake_export_typesupport_targets-extras.cmake
[5.197s] -- Up-to-date symlink: /home/students/group_114/install/landmark_msgs/share/landmark_msgs/cmake/rosidl_cmake_export_typesupport_libraries-extras.cmake
[5.197s] -- Up-to-date symlink: /home/students/group_114/install/landmark_msgs/share/landmark_msgs/cmake/landmark_msgsConfig.cmake
[5.198s] -- Up-to-date symlink: /home/students/group_114/install/landmark_msgs/share/landmark_msgs/cmake/landmark_msgsConfig-version.cmake
[5.198s] -- Up-to-date symlink: /home/students/group_114/install/landmark_msgs/share/landmark_msgs/package.xml
[5.199s] -- Installing: /home/students/group_114/install/landmark_msgs/lib/liblandmark_msgs__rosidl_generator_c.so
[5.199s] -- Set runtime path of "/home/students/group_114/install/landmark_msgs/lib/liblandmark_msgs__rosidl_generator_c.so" to ""
[5.199s] -- Installing: /home/students/group_114/install/landmark_msgs/lib/liblandmark_msgs__rosidl_typesupport_fastrtps_c.so
[5.200s] -- Set runtime path of "/home/students/group_114/install/landmark_msgs/lib/liblandmark_msgs__rosidl_typesupport_fastrtps_c.so" to ""
[5.200s] -- Installing: /home/students/group_114/install/landmark_msgs/lib/liblandmark_msgs__rosidl_typesupport_introspection_c.so
[5.201s] -- Set runtime path of "/home/students/group_114/install/landmark_msgs/lib/liblandmark_msgs__rosidl_typesupport_introspection_c.so" to ""
[5.201s] -- Installing: /home/students/group_114/install/landmark_msgs/lib/liblandmark_msgs__rosidl_typesupport_c.so
[5.202s] -- Set runtime path of "/home/students/group_114/install/landmark_msgs/lib/liblandmark_msgs__rosidl_typesupport_c.so" to ""
[5.203s] -- Installing: /home/students/group_114/install/landmark_msgs/lib/liblandmark_msgs__rosidl_typesupport_fastrtps_cpp.so
[5.203s] -- Set runtime path of "/home/students/group_114/install/landmark_msgs/lib/liblandmark_msgs__rosidl_typesupport_fastrtps_cpp.so" to ""
[5.203s] -- Installing: /home/students/group_114/install/landmark_msgs/lib/liblandmark_msgs__rosidl_typesupport_introspection_cpp.so
[5.206s] -- Set runtime path of "/home/students/group_114/install/landmark_msgs/lib/liblandmark_msgs__rosidl_typesupport_introspection_cpp.so" to ""
[5.207s] -- Installing: /home/students/group_114/install/landmark_msgs/lib/liblandmark_msgs__rosidl_typesupport_cpp.so
[5.207s] -- Set runtime path of "/home/students/group_114/install/landmark_msgs/lib/liblandmark_msgs__rosidl_typesupport_cpp.so" to ""
[5.261s] Listing '/home/students/group_114/install/landmark_msgs/local/lib/python3.10/dist-packages/landmark_msgs'...
[5.261s] Compiling '/home/students/group_114/install/landmark_msgs/local/lib/python3.10/dist-packages/landmark_msgs/__init__.py'...
[5.261s] Listing '/home/students/group_114/install/landmark_msgs/local/lib/python3.10/dist-packages/landmark_msgs/msg'...
[5.261s] Compiling '/home/students/group_114/install/landmark_msgs/local/lib/python3.10/dist-packages/landmark_msgs/msg/__init__.py'...
[5.261s] Compiling '/home/students/group_114/install/landmark_msgs/local/lib/python3.10/dist-packages/landmark_msgs/msg/_landmark.py'...
[5.261s] Compiling '/home/students/group_114/install/landmark_msgs/local/lib/python3.10/dist-packages/landmark_msgs/msg/_landmark_array.py'...
[5.268s] -- Installing: /home/students/group_114/install/landmark_msgs/lib/liblandmark_msgs__rosidl_generator_py.so
[5.269s] -- Set runtime path of "/home/students/group_114/install/landmark_msgs/lib/liblandmark_msgs__rosidl_generator_py.so" to ""
[5.269s] -- Installing: /home/students/group_114/install/landmark_msgs/share/landmark_msgs/cmake/export_landmark_msgs__rosidl_generator_cExport.cmake
[5.272s] -- Installing: /home/students/group_114/install/landmark_msgs/share/landmark_msgs/cmake/export_landmark_msgs__rosidl_generator_cExport-noconfig.cmake
[5.272s] -- Installing: /home/students/group_114/install/landmark_msgs/share/landmark_msgs/cmake/export_landmark_msgs__rosidl_typesupport_fastrtps_cExport.cmake
[5.272s] -- Installing: /home/students/group_114/install/landmark_msgs/share/landmark_msgs/cmake/export_landmark_msgs__rosidl_typesupport_fastrtps_cExport-noconfig.cmake
[5.272s] -- Installing: /home/students/group_114/install/landmark_msgs/share/landmark_msgs/cmake/landmark_msgs__rosidl_typesupport_introspection_cExport.cmake
[5.272s] -- Installing: /home/students/group_114/install/landmark_msgs/share/landmark_msgs/cmake/landmark_msgs__rosidl_typesupport_introspection_cExport-noconfig.cmake
[5.272s] -- Installing: /home/students/group_114/install/landmark_msgs/share/landmark_msgs/cmake/landmark_msgs__rosidl_typesupport_cExport.cmake
[5.272s] -- Installing: /home/students/group_114/install/landmark_msgs/share/landmark_msgs/cmake/landmark_msgs__rosidl_typesupport_cExport-noconfig.cmake
[5.272s] -- Installing: /home/students/group_114/install/landmark_msgs/share/landmark_msgs/cmake/export_landmark_msgs__rosidl_generator_cppExport.cmake
[5.272s] -- Installing: /home/students/group_114/install/landmark_msgs/share/landmark_msgs/cmake/export_landmark_msgs__rosidl_typesupport_fastrtps_cppExport.cmake
[5.272s] -- Installing: /home/students/group_114/install/landmark_msgs/share/landmark_msgs/cmake/export_landmark_msgs__rosidl_typesupport_fastrtps_cppExport-noconfig.cmake
[5.272s] -- Installing: /home/students/group_114/install/landmark_msgs/share/landmark_msgs/cmake/landmark_msgs__rosidl_typesupport_introspection_cppExport.cmake
[5.272s] -- Installing: /home/students/group_114/install/landmark_msgs/share/landmark_msgs/cmake/landmark_msgs__rosidl_typesupport_introspection_cppExport-noconfig.cmake
[5.272s] -- Installing: /home/students/group_114/install/landmark_msgs/share/landmark_msgs/cmake/landmark_msgs__rosidl_typesupport_cppExport.cmake
[5.272s] -- Installing: /home/students/group_114/install/landmark_msgs/share/landmark_msgs/cmake/landmark_msgs__rosidl_typesupport_cppExport-noconfig.cmake
[5.272s] -- Installing: /home/students/group_114/install/landmark_msgs/share/landmark_msgs/cmake/export_landmark_msgs__rosidl_generator_pyExport.cmake
[5.272s] -- Installing: /home/students/group_114/install/landmark_msgs/share/landmark_msgs/cmake/export_landmark_msgs__rosidl_generator_pyExport-noconfig.cmake
[5.279s] Invoked command in '/home/students/group_114/build/landmark_msgs' returned '0': CMAKE_PREFIX_PATH=${CMAKE_PREFIX_PATH}:/home/students/install/lab02_pkg:/home/students/group_114/install/turtlebot3_perception:/home/students/group_114/install/lab04_pkg:/home/students/group_114/install/lab05_pkg:/home/students/group_114/install/lab02_pkg:/home/students/group_111/install/lab05_pkg:/opt/ros/humble /usr/bin/cmake --install /home/students/group_114/build/landmark_msgs
