[0.026s] Invoking command in '/home/students/group_114/build/landmark_msgs': CMAKE_PREFIX_PATH=${CMAKE_PREFIX_PATH}:/home/students/group_114/install/turtlebot3_perception:/home/students/group_114/install/lab04_pkg:/home/students/group_114/install/lab05_pkg:/home/students/group_114/install/lab02_pkg:/home/students/group_111/install/lab05_pkg:/opt/ros/humble /usr/bin/cmake --build /home/students/group_114/build/landmark_msgs -- -j8 -l8
[0.431s] [  2%] Built target landmark_msgs__cpp
[0.431s] [  2%] Built target ament_cmake_python_symlink_landmark_msgs
[0.431s] [ 33%] Built target landmark_msgs__rosidl_typesupport_introspection_cpp
[0.431s] [ 33%] Built target landmark_msgs__rosidl_typesupport_cpp
[0.431s] [ 33%] Built target landmark_msgs__rosidl_generator_c
[0.431s] [ 43%] Built target landmark_msgs__rosidl_typesupport_fastrtps_cpp
[0.431s] [ 53%] Built target landmark_msgs__rosidl_typesupport_c
[0.431s] [ 64%] Built target landmark_msgs__rosidl_typesupport_introspection_c
[0.431s] [ 74%] Built target landmark_msgs__rosidl_typesupport_fastrtps_c
[0.431s] [ 74%] Built target landmark_msgs
[0.431s] [ 76%] Built target landmark_msgs__py
[0.431s] [ 84%] Built target landmark_msgs__rosidl_generator_py
[0.431s] [ 89%] Built target landmark_msgs__rosidl_typesupport_fastrtps_c__pyext
[0.431s] running egg_info
[0.431s] [100%] Built target landmark_msgs__rosidl_typesupport_c__pyext
[0.431s] [100%] Built target landmark_msgs__rosidl_typesupport_introspection_c__pyext
[0.431s] writing landmark_msgs.egg-info/PKG-INFO
[0.431s] writing dependency_links to landmark_msgs.egg-info/dependency_links.txt
[0.431s] writing top-level names to landmark_msgs.egg-info/top_level.txt
[0.432s] reading manifest file 'landmark_msgs.egg-info/SOURCES.txt'
[0.432s] writing manifest file 'landmark_msgs.egg-info/SOURCES.txt'
[0.432s] [100%] Built target ament_cmake_python_build_landmark_msgs_egg
[0.444s] Invoked command in '/home/students/group_114/build/landmark_msgs' returned '0': CMAKE_PREFIX_PATH=${CMAKE_PREFIX_PATH}:/home/students/group_114/install/turtlebot3_perception:/home/students/group_114/install/lab04_pkg:/home/students/group_114/install/lab05_pkg:/home/students/group_114/install/lab02_pkg:/home/students/group_111/install/lab05_pkg:/opt/ros/humble /usr/bin/cmake --build /home/students/group_114/build/landmark_msgs -- -j8 -l8
[0.446s] Invoking command in '/home/students/group_114/build/landmark_msgs': CMAKE_PREFIX_PATH=${CMAKE_PREFIX_PATH}:/home/students/group_114/install/turtlebot3_perception:/home/students/group_114/install/lab04_pkg:/home/students/group_114/install/lab05_pkg:/home/students/group_114/install/lab02_pkg:/home/students/group_111/install/lab05_pkg:/opt/ros/humble /usr/bin/cmake --install /home/students/group_114/build/landmark_msgs
[0.458s] -- Install configuration: ""
[0.462s] -- Execute custom install script
[0.462s] -- Up-to-date symlink: /home/students/group_114/install/landmark_msgs/share/ament_index/resource_index/rosidl_interfaces/landmark_msgs
[0.476s] -- Up-to-date symlink: /home/students/group_114/install/landmark_msgs/include/landmark_msgs/landmark_msgs/msg/detail/landmark__functions.h
[0.476s] -- Up-to-date symlink: /home/students/group_114/install/landmark_msgs/include/landmark_msgs/landmark_msgs/msg/detail/landmark__struct.h
[0.477s] -- Up-to-date symlink: /home/students/group_114/install/landmark_msgs/include/landmark_msgs/landmark_msgs/msg/detail/landmark__type_support.h
[0.479s] -- Up-to-date symlink: /home/students/group_114/install/landmark_msgs/include/landmark_msgs/landmark_msgs/msg/detail/landmark_array__functions.h
[0.480s] -- Up-to-date symlink: /home/students/group_114/install/landmark_msgs/include/landmark_msgs/landmark_msgs/msg/detail/landmark_array__struct.h
[0.480s] -- Up-to-date symlink: /home/students/group_114/install/landmark_msgs/include/landmark_msgs/landmark_msgs/msg/detail/landmark_array__type_support.h
[0.480s] -- Up-to-date symlink: /home/students/group_114/install/landmark_msgs/include/landmark_msgs/landmark_msgs/msg/landmark.h
[0.481s] -- Up-to-date symlink: /home/students/group_114/install/landmark_msgs/include/landmark_msgs/landmark_msgs/msg/landmark_array.h
[0.481s] -- Up-to-date symlink: /home/students/group_114/install/landmark_msgs/include/landmark_msgs/landmark_msgs/msg/rosidl_generator_c__visibility_control.h
[0.483s] -- Up-to-date symlink: /home/students/group_114/install/landmark_msgs/share/landmark_msgs/environment/library_path.sh
[0.483s] -- Up-to-date symlink: /home/students/group_114/install/landmark_msgs/share/landmark_msgs/environment/library_path.dsv
[0.491s] -- Up-to-date symlink: /home/students/group_114/install/landmark_msgs/include/landmark_msgs/landmark_msgs/msg/detail/landmark__rosidl_typesupport_fastrtps_c.h
[0.493s] -- Up-to-date symlink: /home/students/group_114/install/landmark_msgs/include/landmark_msgs/landmark_msgs/msg/detail/landmark_array__rosidl_typesupport_fastrtps_c.h
[0.498s] -- Up-to-date symlink: /home/students/group_114/install/landmark_msgs/include/landmark_msgs/landmark_msgs/msg/rosidl_typesupport_fastrtps_c__visibility_control.h
[0.502s] -- Up-to-date symlink: /home/students/group_114/install/landmark_msgs/include/landmark_msgs/landmark_msgs/msg/detail/landmark__rosidl_typesupport_introspection_c.h
[0.504s] -- Up-to-date symlink: /home/students/group_114/install/landmark_msgs/include/landmark_msgs/landmark_msgs/msg/detail/landmark_array__rosidl_typesupport_introspection_c.h
[0.504s] -- Up-to-date symlink: /home/students/group_114/install/landmark_msgs/include/landmark_msgs/landmark_msgs/msg/rosidl_typesupport_introspection_c__visibility_control.h
[0.506s] -- Up-to-date symlink: /home/students/group_114/install/landmark_msgs/include/landmark_msgs/landmark_msgs/msg/detail/landmark__builder.hpp
[0.507s] -- Up-to-date symlink: /home/students/group_114/install/landmark_msgs/include/landmark_msgs/landmark_msgs/msg/detail/landmark__struct.hpp
[0.508s] -- Up-to-date symlink: /home/students/group_114/install/landmark_msgs/include/landmark_msgs/landmark_msgs/msg/detail/landmark__traits.hpp
[0.508s] -- Up-to-date symlink: /home/students/group_114/install/landmark_msgs/include/landmark_msgs/landmark_msgs/msg/detail/landmark__type_support.hpp
[0.509s] -- Up-to-date symlink: /home/students/group_114/install/landmark_msgs/include/landmark_msgs/landmark_msgs/msg/detail/landmark_array__builder.hpp
[0.512s] -- Up-to-date symlink: /home/students/group_114/install/landmark_msgs/include/landmark_msgs/landmark_msgs/msg/detail/landmark_array__struct.hpp
[0.515s] -- Up-to-date symlink: /home/students/group_114/install/landmark_msgs/include/landmark_msgs/landmark_msgs/msg/detail/landmark_array__traits.hpp
[0.515s] -- Up-to-date symlink: /home/students/group_114/install/landmark_msgs/include/landmark_msgs/landmark_msgs/msg/detail/landmark_array__type_support.hpp
[0.515s] -- Up-to-date symlink: /home/students/group_114/install/landmark_msgs/include/landmark_msgs/landmark_msgs/msg/landmark.hpp
[0.516s] -- Up-to-date symlink: /home/students/group_114/install/landmark_msgs/include/landmark_msgs/landmark_msgs/msg/landmark_array.hpp
[0.518s] -- Up-to-date symlink: /home/students/group_114/install/landmark_msgs/include/landmark_msgs/landmark_msgs/msg/rosidl_generator_cpp__visibility_control.hpp
[0.521s] -- Up-to-date symlink: /home/students/group_114/install/landmark_msgs/include/landmark_msgs/landmark_msgs/msg/detail/landmark__rosidl_typesupport_fastrtps_cpp.hpp
[0.522s] -- Up-to-date symlink: /home/students/group_114/install/landmark_msgs/include/landmark_msgs/landmark_msgs/msg/detail/landmark_array__rosidl_typesupport_fastrtps_cpp.hpp
[0.523s] -- Up-to-date symlink: /home/students/group_114/install/landmark_msgs/include/landmark_msgs/landmark_msgs/msg/rosidl_typesupport_fastrtps_cpp__visibility_control.h
[0.523s] -- Up-to-date symlink: /home/students/group_114/install/landmark_msgs/include/landmark_msgs/landmark_msgs/msg/detail/landmark__rosidl_typesupport_introspection_cpp.hpp
[0.524s] -- Up-to-date symlink: /home/students/group_114/install/landmark_msgs/include/landmark_msgs/landmark_msgs/msg/detail/landmark_array__rosidl_typesupport_introspection_cpp.hpp
[0.525s] -- Up-to-date symlink: /home/students/group_114/install/landmark_msgs/share/landmark_msgs/environment/pythonpath.sh
[0.525s] -- Up-to-date symlink: /home/students/group_114/install/landmark_msgs/share/landmark_msgs/environment/pythonpath.dsv
[0.525s] -- Up-to-date symlink: /home/students/group_114/install/landmark_msgs/local/lib/python3.10/dist-packages/landmark_msgs-0.0.0-py3.10.egg-info/PKG-INFO
[0.527s] -- Up-to-date symlink: /home/students/group_114/install/landmark_msgs/local/lib/python3.10/dist-packages/landmark_msgs-0.0.0-py3.10.egg-info/SOURCES.txt
[0.528s] -- Up-to-date symlink: /home/students/group_114/install/landmark_msgs/local/lib/python3.10/dist-packages/landmark_msgs-0.0.0-py3.10.egg-info/dependency_links.txt
[0.528s] -- Up-to-date symlink: /home/students/group_114/install/landmark_msgs/local/lib/python3.10/dist-packages/landmark_msgs-0.0.0-py3.10.egg-info/top_level.txt
[0.536s] -- Up-to-date symlink: /home/students/group_114/install/landmark_msgs/local/lib/python3.10/dist-packages/landmark_msgs/__init__.py
[0.536s] -- Up-to-date symlink: /home/students/group_114/install/landmark_msgs/local/lib/python3.10/dist-packages/landmark_msgs/_landmark_msgs_s.ep.rosidl_typesupport_c.c
[0.536s] -- Up-to-date symlink: /home/students/group_114/install/landmark_msgs/local/lib/python3.10/dist-packages/landmark_msgs/_landmark_msgs_s.ep.rosidl_typesupport_fastrtps_c.c
[0.537s] -- Up-to-date symlink: /home/students/group_114/install/landmark_msgs/local/lib/python3.10/dist-packages/landmark_msgs/_landmark_msgs_s.ep.rosidl_typesupport_introspection_c.c
[0.537s] -- Up-to-date symlink: /home/students/group_114/install/landmark_msgs/local/lib/python3.10/dist-packages/landmark_msgs/landmark_msgs_s__rosidl_typesupport_c.cpython-310-x86_64-linux-gnu.so
[0.538s] -- Up-to-date symlink: /home/students/group_114/install/landmark_msgs/local/lib/python3.10/dist-packages/landmark_msgs/landmark_msgs_s__rosidl_typesupport_fastrtps_c.cpython-310-x86_64-linux-gnu.so
[0.538s] -- Up-to-date symlink: /home/students/group_114/install/landmark_msgs/local/lib/python3.10/dist-packages/landmark_msgs/landmark_msgs_s__rosidl_typesupport_introspection_c.cpython-310-x86_64-linux-gnu.so
[0.538s] -- Up-to-date symlink: /home/students/group_114/install/landmark_msgs/local/lib/python3.10/dist-packages/landmark_msgs/liblandmark_msgs__rosidl_generator_py.so
[0.538s] -- Up-to-date symlink: /home/students/group_114/install/landmark_msgs/local/lib/python3.10/dist-packages/landmark_msgs/msg/__init__.py
[0.538s] -- Up-to-date symlink: /home/students/group_114/install/landmark_msgs/local/lib/python3.10/dist-packages/landmark_msgs/msg/_landmark.py
[0.539s] -- Up-to-date symlink: /home/students/group_114/install/landmark_msgs/local/lib/python3.10/dist-packages/landmark_msgs/msg/_landmark_array.py
[0.539s] -- Up-to-date symlink: /home/students/group_114/install/landmark_msgs/local/lib/python3.10/dist-packages/landmark_msgs/msg/_landmark_array_s.c
[0.539s] -- Up-to-date symlink: /home/students/group_114/install/landmark_msgs/local/lib/python3.10/dist-packages/landmark_msgs/msg/_landmark_s.c
[0.544s] -- Up-to-date symlink: /home/students/group_114/install/landmark_msgs/local/lib/python3.10/dist-packages/landmark_msgs/landmark_msgs_s__rosidl_typesupport_fastrtps_c.cpython-310-x86_64-linux-gnu.so
[0.544s] -- Up-to-date symlink: /home/students/group_114/install/landmark_msgs/local/lib/python3.10/dist-packages/landmark_msgs/landmark_msgs_s__rosidl_typesupport_introspection_c.cpython-310-x86_64-linux-gnu.so
[0.544s] -- Up-to-date symlink: /home/students/group_114/install/landmark_msgs/local/lib/python3.10/dist-packages/landmark_msgs/landmark_msgs_s__rosidl_typesupport_c.cpython-310-x86_64-linux-gnu.so
[0.545s] -- Up-to-date symlink: /home/students/group_114/install/landmark_msgs/share/landmark_msgs/msg/Landmark.idl
[0.545s] -- Up-to-date symlink: /home/students/group_114/install/landmark_msgs/share/landmark_msgs/msg/LandmarkArray.idl
[0.545s] -- Up-to-date symlink: /home/students/group_114/install/landmark_msgs/share/landmark_msgs/msg/Landmark.msg
[0.545s] -- Up-to-date symlink: /home/students/group_114/install/landmark_msgs/share/landmark_msgs/msg/LandmarkArray.msg
[0.545s] -- Up-to-date symlink: /home/students/group_114/install/landmark_msgs/share/ament_index/resource_index/package_run_dependencies/landmark_msgs
[0.545s] -- Up-to-date symlink: /home/students/group_114/install/landmark_msgs/share/ament_index/resource_index/parent_prefix_path/landmark_msgs
[0.546s] -- Up-to-date symlink: /home/students/group_114/install/landmark_msgs/share/landmark_msgs/environment/ament_prefix_path.sh
[0.546s] -- Up-to-date symlink: /home/students/group_114/install/landmark_msgs/share/landmark_msgs/environment/ament_prefix_path.dsv
[0.547s] -- Up-to-date symlink: /home/students/group_114/install/landmark_msgs/share/landmark_msgs/environment/path.sh
[0.547s] -- Up-to-date symlink: /home/students/group_114/install/landmark_msgs/share/landmark_msgs/environment/path.dsv
[0.547s] -- Up-to-date symlink: /home/students/group_114/install/landmark_msgs/share/landmark_msgs/local_setup.bash
[0.548s] -- Up-to-date symlink: /home/students/group_114/install/landmark_msgs/share/landmark_msgs/local_setup.sh
[0.548s] -- Up-to-date symlink: /home/students/group_114/install/landmark_msgs/share/landmark_msgs/local_setup.zsh
[0.548s] -- Up-to-date symlink: /home/students/group_114/install/landmark_msgs/share/landmark_msgs/local_setup.dsv
[0.548s] -- Symlinking: /home/students/group_114/install/landmark_msgs/share/landmark_msgs/package.dsv
[0.572s] -- Up-to-date symlink: /home/students/group_114/install/landmark_msgs/share/ament_index/resource_index/packages/landmark_msgs
[0.572s] -- Up-to-date symlink: /home/students/group_114/install/landmark_msgs/share/landmark_msgs/cmake/rosidl_cmake-extras.cmake
[0.573s] -- Up-to-date symlink: /home/students/group_114/install/landmark_msgs/share/landmark_msgs/cmake/ament_cmake_export_dependencies-extras.cmake
[0.574s] -- Up-to-date symlink: /home/students/group_114/install/landmark_msgs/share/landmark_msgs/cmake/ament_cmake_export_include_directories-extras.cmake
[0.574s] -- Up-to-date symlink: /home/students/group_114/install/landmark_msgs/share/landmark_msgs/cmake/ament_cmake_export_libraries-extras.cmake
[0.574s] -- Up-to-date symlink: /home/students/group_114/install/landmark_msgs/share/landmark_msgs/cmake/ament_cmake_export_targets-extras.cmake
[0.575s] -- Up-to-date symlink: /home/students/group_114/install/landmark_msgs/share/landmark_msgs/cmake/rosidl_cmake_export_typesupport_targets-extras.cmake
[0.578s] -- Up-to-date symlink: /home/students/group_114/install/landmark_msgs/share/landmark_msgs/cmake/rosidl_cmake_export_typesupport_libraries-extras.cmake
[0.578s] -- Up-to-date symlink: /home/students/group_114/install/landmark_msgs/share/landmark_msgs/cmake/landmark_msgsConfig.cmake
[0.578s] -- Up-to-date symlink: /home/students/group_114/install/landmark_msgs/share/landmark_msgs/cmake/landmark_msgsConfig-version.cmake
[0.578s] -- Up-to-date symlink: /home/students/group_114/install/landmark_msgs/share/landmark_msgs/package.xml
[0.578s] -- Up-to-date: /home/students/group_114/install/landmark_msgs/lib/liblandmark_msgs__rosidl_generator_c.so
[0.589s] -- Up-to-date: /home/students/group_114/install/landmark_msgs/lib/liblandmark_msgs__rosidl_typesupport_fastrtps_c.so
[0.590s] -- Up-to-date: /home/students/group_114/install/landmark_msgs/lib/liblandmark_msgs__rosidl_typesupport_introspection_c.so
[0.592s] -- Up-to-date: /home/students/group_114/install/landmark_msgs/lib/liblandmark_msgs__rosidl_typesupport_c.so
[0.593s] -- Up-to-date: /home/students/group_114/install/landmark_msgs/lib/liblandmark_msgs__rosidl_typesupport_fastrtps_cpp.so
[0.593s] -- Up-to-date: /home/students/group_114/install/landmark_msgs/lib/liblandmark_msgs__rosidl_typesupport_introspection_cpp.so
[0.593s] -- Up-to-date: /home/students/group_114/install/landmark_msgs/lib/liblandmark_msgs__rosidl_typesupport_cpp.so
[0.646s] Listing '/home/students/group_114/install/landmark_msgs/local/lib/python3.10/dist-packages/landmark_msgs'...
[0.647s] Listing '/home/students/group_114/install/landmark_msgs/local/lib/python3.10/dist-packages/landmark_msgs/msg'...
[0.653s] -- Up-to-date: /home/students/group_114/install/landmark_msgs/lib/liblandmark_msgs__rosidl_generator_py.so
[0.656s] -- Up-to-date: /home/students/group_114/install/landmark_msgs/share/landmark_msgs/cmake/export_landmark_msgs__rosidl_generator_cExport.cmake
[0.656s] -- Up-to-date: /home/students/group_114/install/landmark_msgs/share/landmark_msgs/cmake/export_landmark_msgs__rosidl_generator_cExport-noconfig.cmake
[0.664s] -- Up-to-date: /home/students/group_114/install/landmark_msgs/share/landmark_msgs/cmake/export_landmark_msgs__rosidl_typesupport_fastrtps_cExport.cmake
[0.664s] -- Up-to-date: /home/students/group_114/install/landmark_msgs/share/landmark_msgs/cmake/export_landmark_msgs__rosidl_typesupport_fastrtps_cExport-noconfig.cmake
[0.667s] -- Up-to-date: /home/students/group_114/install/landmark_msgs/share/landmark_msgs/cmake/landmark_msgs__rosidl_typesupport_introspection_cExport.cmake
[0.668s] -- Up-to-date: /home/students/group_114/install/landmark_msgs/share/landmark_msgs/cmake/landmark_msgs__rosidl_typesupport_introspection_cExport-noconfig.cmake
[0.668s] -- Up-to-date: /home/students/group_114/install/landmark_msgs/share/landmark_msgs/cmake/landmark_msgs__rosidl_typesupport_cExport.cmake
[0.668s] -- Up-to-date: /home/students/group_114/install/landmark_msgs/share/landmark_msgs/cmake/landmark_msgs__rosidl_typesupport_cExport-noconfig.cmake
[0.668s] -- Up-to-date: /home/students/group_114/install/landmark_msgs/share/landmark_msgs/cmake/export_landmark_msgs__rosidl_generator_cppExport.cmake
[0.670s] -- Up-to-date: /home/students/group_114/install/landmark_msgs/share/landmark_msgs/cmake/export_landmark_msgs__rosidl_typesupport_fastrtps_cppExport.cmake
[0.670s] -- Up-to-date: /home/students/group_114/install/landmark_msgs/share/landmark_msgs/cmake/export_landmark_msgs__rosidl_typesupport_fastrtps_cppExport-noconfig.cmake
[0.670s] -- Up-to-date: /home/students/group_114/install/landmark_msgs/share/landmark_msgs/cmake/landmark_msgs__rosidl_typesupport_introspection_cppExport.cmake
[0.670s] -- Up-to-date: /home/students/group_114/install/landmark_msgs/share/landmark_msgs/cmake/landmark_msgs__rosidl_typesupport_introspection_cppExport-noconfig.cmake
[0.677s] -- Up-to-date: /home/students/group_114/install/landmark_msgs/share/landmark_msgs/cmake/landmark_msgs__rosidl_typesupport_cppExport.cmake
[0.677s] -- Up-to-date: /home/students/group_114/install/landmark_msgs/share/landmark_msgs/cmake/landmark_msgs__rosidl_typesupport_cppExport-noconfig.cmake
[0.677s] -- Up-to-date: /home/students/group_114/install/landmark_msgs/share/landmark_msgs/cmake/export_landmark_msgs__rosidl_generator_pyExport.cmake
[0.678s] -- Up-to-date: /home/students/group_114/install/landmark_msgs/share/landmark_msgs/cmake/export_landmark_msgs__rosidl_generator_pyExport-noconfig.cmake
[0.688s] Invoked command in '/home/students/group_114/build/landmark_msgs' returned '0': CMAKE_PREFIX_PATH=${CMAKE_PREFIX_PATH}:/home/students/group_114/install/turtlebot3_perception:/home/students/group_114/install/lab04_pkg:/home/students/group_114/install/lab05_pkg:/home/students/group_114/install/lab02_pkg:/home/students/group_111/install/lab05_pkg:/opt/ros/humble /usr/bin/cmake --install /home/students/group_114/build/landmark_msgs
