[0.018s] Invoking command in '/home/students/group_114/build/turtlebot3_simulations': CMAKE_PREFIX_PATH=/home/students/group_114/install/turtlebot3_fake_node:/home/students/group_114/install/turtlebot3_simulations:/home/students/group_114/install/turtlebot3_gazebo:/home/students/group_114/install/landmark_msgs:/opt/ros/tb3_ws/install/turtlebot3_simulations:/opt/ros/tb3_ws/install/turtlebot3_gazebo:/opt/ros/tb3_ws/install/turtlebot3_fake_node:/opt/ros/tb3_ws/install/ld08_driver:/home/students/group_114/install/turtlebot3_perception:/home/students/group_114/install/lab02_pkg:/opt/ros/humble /usr/bin/cmake --build /home/students/group_114/build/turtlebot3_simulations -- -j8 -l8
[0.067s] Invoked command in '/home/students/group_114/build/turtlebot3_simulations' returned '0': CMAKE_PREFIX_PATH=/home/students/group_114/install/turtlebot3_fake_node:/home/students/group_114/install/turtlebot3_simulations:/home/students/group_114/install/turtlebot3_gazebo:/home/students/group_114/install/landmark_msgs:/opt/ros/tb3_ws/install/turtlebot3_simulations:/opt/ros/tb3_ws/install/turtlebot3_gazebo:/opt/ros/tb3_ws/install/turtlebot3_fake_node:/opt/ros/tb3_ws/install/ld08_driver:/home/students/group_114/install/turtlebot3_perception:/home/students/group_114/install/lab02_pkg:/opt/ros/humble /usr/bin/cmake --build /home/students/group_114/build/turtlebot3_simulations -- -j8 -l8
[0.069s] Invoking command in '/home/students/group_114/build/turtlebot3_simulations': CMAKE_PREFIX_PATH=/home/students/group_114/install/turtlebot3_fake_node:/home/students/group_114/install/turtlebot3_simulations:/home/students/group_114/install/turtlebot3_gazebo:/home/students/group_114/install/landmark_msgs:/opt/ros/tb3_ws/install/turtlebot3_simulations:/opt/ros/tb3_ws/install/turtlebot3_gazebo:/opt/ros/tb3_ws/install/turtlebot3_fake_node:/opt/ros/tb3_ws/install/ld08_driver:/home/students/group_114/install/turtlebot3_perception:/home/students/group_114/install/lab02_pkg:/opt/ros/humble /usr/bin/cmake --install /home/students/group_114/build/turtlebot3_simulations
[0.076s] -- Install configuration: ""
[0.080s] -- Execute custom install script
[0.080s] -- Up-to-date symlink: /home/students/group_114/install/turtlebot3_simulations/share/ament_index/resource_index/package_run_dependencies/turtlebot3_simulations
[0.091s] -- Up-to-date symlink: /home/students/group_114/install/turtlebot3_simulations/share/ament_index/resource_index/parent_prefix_path/turtlebot3_simulations
[0.092s] -- Up-to-date symlink: /home/students/group_114/install/turtlebot3_simulations/share/turtlebot3_simulations/environment/ament_prefix_path.sh
[0.093s] -- Up-to-date symlink: /home/students/group_114/install/turtlebot3_simulations/share/turtlebot3_simulations/environment/ament_prefix_path.dsv
[0.099s] -- Up-to-date symlink: /home/students/group_114/install/turtlebot3_simulations/share/turtlebot3_simulations/environment/path.sh
[0.100s] -- Up-to-date symlink: /home/students/group_114/install/turtlebot3_simulations/share/turtlebot3_simulations/environment/path.dsv
[0.100s] -- Up-to-date symlink: /home/students/group_114/install/turtlebot3_simulations/share/turtlebot3_simulations/local_setup.bash
[0.105s] -- Up-to-date symlink: /home/students/group_114/install/turtlebot3_simulations/share/turtlebot3_simulations/local_setup.sh
[0.106s] -- Up-to-date symlink: /home/students/group_114/install/turtlebot3_simulations/share/turtlebot3_simulations/local_setup.zsh
[0.106s] -- Up-to-date symlink: /home/students/group_114/install/turtlebot3_simulations/share/turtlebot3_simulations/local_setup.dsv
[0.106s] -- Symlinking: /home/students/group_114/install/turtlebot3_simulations/share/turtlebot3_simulations/package.dsv
[0.121s] -- Up-to-date symlink: /home/students/group_114/install/turtlebot3_simulations/share/ament_index/resource_index/packages/turtlebot3_simulations
[0.122s] -- Up-to-date symlink: /home/students/group_114/install/turtlebot3_simulations/share/turtlebot3_simulations/cmake/turtlebot3_simulationsConfig.cmake
[0.123s] -- Up-to-date symlink: /home/students/group_114/install/turtlebot3_simulations/share/turtlebot3_simulations/cmake/turtlebot3_simulationsConfig-version.cmake
[0.130s] -- Up-to-date symlink: /home/students/group_114/install/turtlebot3_simulations/share/turtlebot3_simulations/package.xml
[0.135s] Invoked command in '/home/students/group_114/build/turtlebot3_simulations' returned '0': CMAKE_PREFIX_PATH=/home/students/group_114/install/turtlebot3_fake_node:/home/students/group_114/install/turtlebot3_simulations:/home/students/group_114/install/turtlebot3_gazebo:/home/students/group_114/install/landmark_msgs:/opt/ros/tb3_ws/install/turtlebot3_simulations:/opt/ros/tb3_ws/install/turtlebot3_gazebo:/opt/ros/tb3_ws/install/turtlebot3_fake_node:/opt/ros/tb3_ws/install/ld08_driver:/home/students/group_114/install/turtlebot3_perception:/home/students/group_114/install/lab02_pkg:/opt/ros/humble /usr/bin/cmake --install /home/students/group_114/build/turtlebot3_simulations
