[1.002s] Invoking command in '/home/students/group_114/build/lab05_pkg': PYTHONPATH=/home/students/group_114/build/lab05_pkg/prefix_override:/usr/lib/python3/dist-packages/colcon_core/task/python/colcon_distutils_commands:/home/students/group_114/install/lab05_pkg/lib/python3.10/site-packages:${PYTHONPATH} /usr/bin/python3 -W ignore:setup.py install is deprecated -W ignore:easy_install command is deprecated setup.py develop --editable --build-directory /home/students/group_114/build/lab05_pkg/build --no-deps symlink_data
[1.372s] running develop
[1.606s] running egg_info
[1.606s] writing lab05_pkg.egg-info/PKG-INFO
[1.606s] writing dependency_links to lab05_pkg.egg-info/dependency_links.txt
[1.607s] writing entry points to lab05_pkg.egg-info/entry_points.txt
[1.607s] writing requirements to lab05_pkg.egg-info/requires.txt
[1.607s] writing top-level names to lab05_pkg.egg-info/top_level.txt
[1.607s] reading manifest file 'lab05_pkg.egg-info/SOURCES.txt'
[1.608s] writing manifest file 'lab05_pkg.egg-info/SOURCES.txt'
[1.609s] running build_ext
[1.609s] Creating /home/students/group_114/install/lab05_pkg/lib/python3.10/site-packages/lab05-pkg.egg-link (link to .)
[1.609s] Installing task_1 script to /home/students/group_114/install/lab05_pkg/lib/lab05_pkg
[1.610s] Installing task_2 script to /home/students/group_114/install/lab05_pkg/lib/lab05_pkg
[1.610s] Installing task_2_metrics script to /home/students/group_114/install/lab05_pkg/lib/lab05_pkg
[1.610s] Installing task_3 script to /home/students/group_114/install/lab05_pkg/lib/lab05_pkg
[1.610s] 
[1.610s] Installed /home/students/group_114/build/lab05_pkg
[1.610s] running symlink_data
[1.630s] Invoked command in '/home/students/group_114/build/lab05_pkg' returned '0': PYTHONPATH=/home/students/group_114/build/lab05_pkg/prefix_override:/usr/lib/python3/dist-packages/colcon_core/task/python/colcon_distutils_commands:/home/students/group_114/install/lab05_pkg/lib/python3.10/site-packages:${PYTHONPATH} /usr/bin/python3 -W ignore:setup.py install is deprecated -W ignore:easy_install command is deprecated setup.py develop --editable --build-directory /home/students/group_114/build/lab05_pkg/build --no-deps symlink_data
