[1.045s] Invoking command in '/home/students/group_114/build/lab05_pkg': PYTHONPATH=/home/students/group_114/build/lab05_pkg/prefix_override:/usr/lib/python3/dist-packages/colcon_core/task/python/colcon_distutils_commands:/home/students/group_114/install/lab05_pkg/lib/python3.10/site-packages:${PYTHONPATH} /usr/bin/python3 -W ignore:setup.py install is deprecated -W ignore:easy_install command is deprecated setup.py develop --editable --build-directory /home/students/group_114/build/lab05_pkg/build --no-deps symlink_data
[1.414s] running develop
[1.549s] running egg_info
[1.549s] creating lab05_pkg.egg-info
[1.549s] writing lab05_pkg.egg-info/PKG-INFO
[1.549s] writing dependency_links to lab05_pkg.egg-info/dependency_links.txt
[1.549s] writing entry points to lab05_pkg.egg-info/entry_points.txt
[1.549s] writing requirements to lab05_pkg.egg-info/requires.txt
[1.549s] writing top-level names to lab05_pkg.egg-info/top_level.txt
[1.549s] writing manifest file 'lab05_pkg.egg-info/SOURCES.txt'
[1.550s] reading manifest file 'lab05_pkg.egg-info/SOURCES.txt'
[1.550s] writing manifest file 'lab05_pkg.egg-info/SOURCES.txt'
[1.551s] running build_ext
[1.552s] Creating /home/students/group_114/install/lab05_pkg/lib/python3.10/site-packages/lab05-pkg.egg-link (link to .)
[1.552s] Installing task_1 script to /home/students/group_114/install/lab05_pkg/lib/lab05_pkg
[1.552s] Installing task_2 script to /home/students/group_114/install/lab05_pkg/lib/lab05_pkg
[1.552s] Installing task_2_metrics script to /home/students/group_114/install/lab05_pkg/lib/lab05_pkg
[1.552s] 
[1.552s] Installed /home/students/group_114/build/lab05_pkg
[1.553s] running symlink_data
[1.553s] creating /home/students/group_114/install/lab05_pkg/share/ament_index
[1.553s] creating /home/students/group_114/install/lab05_pkg/share/ament_index/resource_index
[1.553s] creating /home/students/group_114/install/lab05_pkg/share/ament_index/resource_index/packages
[1.553s] symbolically linking /home/students/group_114/build/lab05_pkg/resource/lab05_pkg -> /home/students/group_114/install/lab05_pkg/share/ament_index/resource_index/packages
[1.553s] symbolically linking /home/students/group_114/build/lab05_pkg/package.xml -> /home/students/group_114/install/lab05_pkg/share/lab05_pkg
[1.574s] Invoked command in '/home/students/group_114/build/lab05_pkg' returned '0': PYTHONPATH=/home/students/group_114/build/lab05_pkg/prefix_override:/usr/lib/python3/dist-packages/colcon_core/task/python/colcon_distutils_commands:/home/students/group_114/install/lab05_pkg/lib/python3.10/site-packages:${PYTHONPATH} /usr/bin/python3 -W ignore:setup.py install is deprecated -W ignore:easy_install command is deprecated setup.py develop --editable --build-directory /home/students/group_114/build/lab05_pkg/build --no-deps symlink_data
