[0.015s] Invoking command in '/home/students/group_114/build/turtlebot3_fake_node': CMAKE_PREFIX_PATH=${CMAKE_PREFIX_PATH}:/home/students/group_114/install/turtlebot3_perception:/home/students/group_114/install/lab02_pkg:/opt/ros/humble /usr/bin/cmake --build /home/students/group_114/build/turtlebot3_fake_node -- -j8 -l8
[0.242s] [35m[1mConsolidate compiler generated dependencies of target turtlebot3_fake_node[0m
[0.243s] [100%] Built target turtlebot3_fake_node
[0.245s] Invoked command in '/home/students/group_114/build/turtlebot3_fake_node' returned '0': CMAKE_PREFIX_PATH=${CMAKE_PREFIX_PATH}:/home/students/group_114/install/turtlebot3_perception:/home/students/group_114/install/lab02_pkg:/opt/ros/humble /usr/bin/cmake --build /home/students/group_114/build/turtlebot3_fake_node -- -j8 -l8
[0.252s] Invoking command in '/home/students/group_114/build/turtlebot3_fake_node': CMAKE_PREFIX_PATH=${CMAKE_PREFIX_PATH}:/home/students/group_114/install/turtlebot3_perception:/home/students/group_114/install/lab02_pkg:/opt/ros/humble /usr/bin/cmake --install /home/students/group_114/build/turtlebot3_fake_node
[0.260s] -- Install configuration: ""
[0.261s] -- Execute custom install script
[0.261s] -- Up-to-date symlink: /home/students/group_114/install/turtlebot3_fake_node/lib/turtlebot3_fake_node/turtlebot3_fake_node
[0.262s] -- Up-to-date symlink: /home/students/group_114/install/turtlebot3_fake_node/share/turtlebot3_fake_node/launch/rviz2.launch.py
[0.262s] -- Up-to-date symlink: /home/students/group_114/install/turtlebot3_fake_node/share/turtlebot3_fake_node/launch/turtlebot3_fake_node.launch.py
[0.262s] -- Up-to-date symlink: /home/students/group_114/install/turtlebot3_fake_node/share/turtlebot3_fake_node/param/burger.yaml
[0.262s] -- Up-to-date symlink: /home/students/group_114/install/turtlebot3_fake_node/share/turtlebot3_fake_node/param/waffle.yaml
[0.262s] -- Up-to-date symlink: /home/students/group_114/install/turtlebot3_fake_node/share/turtlebot3_fake_node/param/waffle_pi.yaml
[0.263s] -- Up-to-date symlink: /home/students/group_114/install/turtlebot3_fake_node/include//turtlebot3_fake_node/turtlebot3_fake_node.hpp
[0.263s] -- Up-to-date symlink: /home/students/group_114/install/turtlebot3_fake_node/share/ament_index/resource_index/package_run_dependencies/turtlebot3_fake_node
[0.263s] -- Up-to-date symlink: /home/students/group_114/install/turtlebot3_fake_node/share/ament_index/resource_index/parent_prefix_path/turtlebot3_fake_node
[0.263s] -- Up-to-date symlink: /home/students/group_114/install/turtlebot3_fake_node/share/turtlebot3_fake_node/environment/ament_prefix_path.sh
[0.263s] -- Up-to-date symlink: /home/students/group_114/install/turtlebot3_fake_node/share/turtlebot3_fake_node/environment/ament_prefix_path.dsv
[0.264s] -- Up-to-date symlink: /home/students/group_114/install/turtlebot3_fake_node/share/turtlebot3_fake_node/environment/path.sh
[0.264s] -- Up-to-date symlink: /home/students/group_114/install/turtlebot3_fake_node/share/turtlebot3_fake_node/environment/path.dsv
[0.264s] -- Up-to-date symlink: /home/students/group_114/install/turtlebot3_fake_node/share/turtlebot3_fake_node/local_setup.bash
[0.264s] -- Up-to-date symlink: /home/students/group_114/install/turtlebot3_fake_node/share/turtlebot3_fake_node/local_setup.sh
[0.264s] -- Up-to-date symlink: /home/students/group_114/install/turtlebot3_fake_node/share/turtlebot3_fake_node/local_setup.zsh
[0.264s] -- Up-to-date symlink: /home/students/group_114/install/turtlebot3_fake_node/share/turtlebot3_fake_node/local_setup.dsv
[0.265s] -- Symlinking: /home/students/group_114/install/turtlebot3_fake_node/share/turtlebot3_fake_node/package.dsv
[0.275s] -- Up-to-date symlink: /home/students/group_114/install/turtlebot3_fake_node/share/ament_index/resource_index/packages/turtlebot3_fake_node
[0.276s] -- Up-to-date symlink: /home/students/group_114/install/turtlebot3_fake_node/share/turtlebot3_fake_node/cmake/ament_cmake_export_include_directories-extras.cmake
[0.276s] -- Up-to-date symlink: /home/students/group_114/install/turtlebot3_fake_node/share/turtlebot3_fake_node/cmake/ament_cmake_export_dependencies-extras.cmake
[0.276s] -- Up-to-date symlink: /home/students/group_114/install/turtlebot3_fake_node/share/turtlebot3_fake_node/cmake/turtlebot3_fake_nodeConfig.cmake
[0.276s] -- Up-to-date symlink: /home/students/group_114/install/turtlebot3_fake_node/share/turtlebot3_fake_node/cmake/turtlebot3_fake_nodeConfig-version.cmake
[0.276s] -- Up-to-date symlink: /home/students/group_114/install/turtlebot3_fake_node/share/turtlebot3_fake_node/package.xml
[0.283s] Invoked command in '/home/students/group_114/build/turtlebot3_fake_node' returned '0': CMAKE_PREFIX_PATH=${CMAKE_PREFIX_PATH}:/home/students/group_114/install/turtlebot3_perception:/home/students/group_114/install/lab02_pkg:/opt/ros/humble /usr/bin/cmake --install /home/students/group_114/build/turtlebot3_fake_node
