[0.108s] DEBUG:colcon:Command line arguments: ['/usr/bin/colcon', 'build', '--symlink-install']
[0.108s] DEBUG:colcon:Parsed command line arguments: Namespace(log_base=None, log_level=None, verb_name='build', build_base='build', install_base='install', merge_install=False, symlink_install=True, test_result_base=None, continue_on_error=False, executor='parallel', parallel_workers=8, event_handlers=None, ignore_user_meta=False, metas=['./colcon.meta'], base_paths=['.'], packages_ignore=None, packages_ignore_regex=None, paths=None, packages_up_to=None, packages_up_to_regex=None, packages_above=None, packages_above_and_dependencies=None, packages_above_depth=None, packages_select_by_dep=None, packages_skip_by_dep=None, packages_skip_up_to=None, packages_select_build_failed=False, packages_skip_build_finished=False, packages_select_test_failures=False, packages_skip_test_passed=False, packages_select=None, packages_skip=None, packages_select_regex=None, packages_skip_regex=None, packages_start=None, packages_end=None, allow_overriding=[], cmake_args=None, cmake_target=None, cmake_target_skip_unavailable=False, cmake_clean_cache=False, cmake_clean_first=False, cmake_force_configure=False, ament_cmake_args=None, catkin_cmake_args=None, catkin_skip_building_tests=False, mixin_files=None, mixin=None, verb_parser=<colcon_mixin.mixin.mixin_argument.MixinArgumentDecorator object at 0x7fb5b8a676a0>, verb_extension=<colcon_core.verb.build.BuildVerb object at 0x7fb5b8a670a0>, main=<bound method BuildVerb.main of <colcon_core.verb.build.BuildVerb object at 0x7fb5b8a670a0>>, mixin_verb=('build',))
[0.332s] Level 1:colcon.colcon_core.package_discovery:discover_packages(colcon_meta) check parameters
[0.332s] Level 1:colcon.colcon_core.package_discovery:discover_packages(recursive) check parameters
[0.332s] Level 1:colcon.colcon_core.package_discovery:discover_packages(ignore) check parameters
[0.332s] Level 1:colcon.colcon_core.package_discovery:discover_packages(path) check parameters
[0.332s] Level 1:colcon.colcon_core.package_discovery:discover_packages(colcon_meta) discover
[0.332s] Level 1:colcon.colcon_core.package_discovery:discover_packages(recursive) discover
[0.332s] INFO:colcon.colcon_core.package_discovery:Crawling recursively for packages in '/home/students/group_114'
[0.332s] Level 1:colcon.colcon_core.package_identification:_identify(.) by extensions ['ignore', 'ignore_ament_install']
[0.332s] Level 1:colcon.colcon_core.package_identification:_identify(.) by extension 'ignore'
[0.332s] Level 1:colcon.colcon_core.package_identification:_identify(.) by extension 'ignore_ament_install'
[0.332s] Level 1:colcon.colcon_core.package_identification:_identify(.) by extensions ['colcon_pkg']
[0.332s] Level 1:colcon.colcon_core.package_identification:_identify(.) by extension 'colcon_pkg'
[0.332s] Level 1:colcon.colcon_core.package_identification:_identify(.) by extensions ['colcon_meta']
[0.332s] Level 1:colcon.colcon_core.package_identification:_identify(.) by extension 'colcon_meta'
[0.332s] Level 1:colcon.colcon_core.package_identification:_identify(.) by extensions ['ros']
[0.332s] Level 1:colcon.colcon_core.package_identification:_identify(.) by extension 'ros'
[0.352s] Level 1:colcon.colcon_core.package_identification:_identify(.) by extensions ['cmake', 'python']
[0.352s] Level 1:colcon.colcon_core.package_identification:_identify(.) by extension 'cmake'
[0.352s] Level 1:colcon.colcon_core.package_identification:_identify(.) by extension 'python'
[0.352s] Level 1:colcon.colcon_core.package_identification:_identify(.) by extensions ['python_setup_py']
[0.352s] Level 1:colcon.colcon_core.package_identification:_identify(.) by extension 'python_setup_py'
[0.352s] Level 1:colcon.colcon_core.package_identification:_identify(build) by extensions ['ignore', 'ignore_ament_install']
[0.352s] Level 1:colcon.colcon_core.package_identification:_identify(build) by extension 'ignore'
[0.352s] Level 1:colcon.colcon_core.package_identification:_identify(build) ignored
[0.352s] Level 1:colcon.colcon_core.package_identification:_identify(install) by extensions ['ignore', 'ignore_ament_install']
[0.352s] Level 1:colcon.colcon_core.package_identification:_identify(install) by extension 'ignore'
[0.352s] Level 1:colcon.colcon_core.package_identification:_identify(install) ignored
[0.352s] Level 1:colcon.colcon_core.package_identification:_identify(log) by extensions ['ignore', 'ignore_ament_install']
[0.352s] Level 1:colcon.colcon_core.package_identification:_identify(log) by extension 'ignore'
[0.353s] Level 1:colcon.colcon_core.package_identification:_identify(log) ignored
[0.353s] Level 1:colcon.colcon_core.package_identification:_identify(src) by extensions ['ignore', 'ignore_ament_install']
[0.353s] Level 1:colcon.colcon_core.package_identification:_identify(src) by extension 'ignore'
[0.353s] Level 1:colcon.colcon_core.package_identification:_identify(src) by extension 'ignore_ament_install'
[0.353s] Level 1:colcon.colcon_core.package_identification:_identify(src) by extensions ['colcon_pkg']
[0.353s] Level 1:colcon.colcon_core.package_identification:_identify(src) by extension 'colcon_pkg'
[0.353s] Level 1:colcon.colcon_core.package_identification:_identify(src) by extensions ['colcon_meta']
[0.353s] Level 1:colcon.colcon_core.package_identification:_identify(src) by extension 'colcon_meta'
[0.353s] Level 1:colcon.colcon_core.package_identification:_identify(src) by extensions ['ros']
[0.353s] Level 1:colcon.colcon_core.package_identification:_identify(src) by extension 'ros'
[0.353s] Level 1:colcon.colcon_core.package_identification:_identify(src) by extensions ['cmake', 'python']
[0.353s] Level 1:colcon.colcon_core.package_identification:_identify(src) by extension 'cmake'
[0.353s] Level 1:colcon.colcon_core.package_identification:_identify(src) by extension 'python'
[0.353s] Level 1:colcon.colcon_core.package_identification:_identify(src) by extensions ['python_setup_py']
[0.353s] Level 1:colcon.colcon_core.package_identification:_identify(src) by extension 'python_setup_py'
[0.353s] Level 1:colcon.colcon_core.package_identification:_identify(src/lab02_pkg) by extensions ['ignore', 'ignore_ament_install']
[0.353s] Level 1:colcon.colcon_core.package_identification:_identify(src/lab02_pkg) by extension 'ignore'
[0.353s] Level 1:colcon.colcon_core.package_identification:_identify(src/lab02_pkg) by extension 'ignore_ament_install'
[0.353s] Level 1:colcon.colcon_core.package_identification:_identify(src/lab02_pkg) by extensions ['colcon_pkg']
[0.353s] Level 1:colcon.colcon_core.package_identification:_identify(src/lab02_pkg) by extension 'colcon_pkg'
[0.353s] Level 1:colcon.colcon_core.package_identification:_identify(src/lab02_pkg) by extensions ['colcon_meta']
[0.353s] Level 1:colcon.colcon_core.package_identification:_identify(src/lab02_pkg) by extension 'colcon_meta'
[0.353s] Level 1:colcon.colcon_core.package_identification:_identify(src/lab02_pkg) by extensions ['ros']
[0.353s] Level 1:colcon.colcon_core.package_identification:_identify(src/lab02_pkg) by extension 'ros'
[0.356s] DEBUG:colcon.colcon_core.package_identification:Package 'src/lab02_pkg' with type 'ros.ament_python' and name 'lab02_pkg'
[0.356s] Level 1:colcon.colcon_core.package_identification:_identify(src/turtlebot3_perception) by extensions ['ignore', 'ignore_ament_install']
[0.356s] Level 1:colcon.colcon_core.package_identification:_identify(src/turtlebot3_perception) by extension 'ignore'
[0.356s] Level 1:colcon.colcon_core.package_identification:_identify(src/turtlebot3_perception) by extension 'ignore_ament_install'
[0.356s] Level 1:colcon.colcon_core.package_identification:_identify(src/turtlebot3_perception) by extensions ['colcon_pkg']
[0.356s] Level 1:colcon.colcon_core.package_identification:_identify(src/turtlebot3_perception) by extension 'colcon_pkg'
[0.356s] Level 1:colcon.colcon_core.package_identification:_identify(src/turtlebot3_perception) by extensions ['colcon_meta']
[0.356s] Level 1:colcon.colcon_core.package_identification:_identify(src/turtlebot3_perception) by extension 'colcon_meta'
[0.356s] Level 1:colcon.colcon_core.package_identification:_identify(src/turtlebot3_perception) by extensions ['ros']
[0.356s] Level 1:colcon.colcon_core.package_identification:_identify(src/turtlebot3_perception) by extension 'ros'
[0.356s] Level 1:colcon.colcon_core.package_identification:_identify(src/turtlebot3_perception) by extensions ['cmake', 'python']
[0.356s] Level 1:colcon.colcon_core.package_identification:_identify(src/turtlebot3_perception) by extension 'cmake'
[0.356s] Level 1:colcon.colcon_core.package_identification:_identify(src/turtlebot3_perception) by extension 'python'
[0.356s] Level 1:colcon.colcon_core.package_identification:_identify(src/turtlebot3_perception) by extensions ['python_setup_py']
[0.356s] Level 1:colcon.colcon_core.package_identification:_identify(src/turtlebot3_perception) by extension 'python_setup_py'
[0.356s] Level 1:colcon.colcon_core.package_identification:_identify(src/turtlebot3_perception/landmark_msgs) by extensions ['ignore', 'ignore_ament_install']
[0.356s] Level 1:colcon.colcon_core.package_identification:_identify(src/turtlebot3_perception/landmark_msgs) by extension 'ignore'
[0.356s] Level 1:colcon.colcon_core.package_identification:_identify(src/turtlebot3_perception/landmark_msgs) by extension 'ignore_ament_install'
[0.356s] Level 1:colcon.colcon_core.package_identification:_identify(src/turtlebot3_perception/landmark_msgs) by extensions ['colcon_pkg']
[0.356s] Level 1:colcon.colcon_core.package_identification:_identify(src/turtlebot3_perception/landmark_msgs) by extension 'colcon_pkg'
[0.356s] Level 1:colcon.colcon_core.package_identification:_identify(src/turtlebot3_perception/landmark_msgs) by extensions ['colcon_meta']
[0.356s] Level 1:colcon.colcon_core.package_identification:_identify(src/turtlebot3_perception/landmark_msgs) by extension 'colcon_meta'
[0.356s] Level 1:colcon.colcon_core.package_identification:_identify(src/turtlebot3_perception/landmark_msgs) by extensions ['ros']
[0.357s] Level 1:colcon.colcon_core.package_identification:_identify(src/turtlebot3_perception/landmark_msgs) by extension 'ros'
[0.357s] DEBUG:colcon.colcon_core.package_identification:Package 'src/turtlebot3_perception/landmark_msgs' with type 'ros.ament_cmake' and name 'landmark_msgs'
[0.357s] Level 1:colcon.colcon_core.package_identification:_identify(src/turtlebot3_perception/turtlebot3_perception) by extensions ['ignore', 'ignore_ament_install']
[0.357s] Level 1:colcon.colcon_core.package_identification:_identify(src/turtlebot3_perception/turtlebot3_perception) by extension 'ignore'
[0.357s] Level 1:colcon.colcon_core.package_identification:_identify(src/turtlebot3_perception/turtlebot3_perception) by extension 'ignore_ament_install'
[0.357s] Level 1:colcon.colcon_core.package_identification:_identify(src/turtlebot3_perception/turtlebot3_perception) by extensions ['colcon_pkg']
[0.357s] Level 1:colcon.colcon_core.package_identification:_identify(src/turtlebot3_perception/turtlebot3_perception) by extension 'colcon_pkg'
[0.357s] Level 1:colcon.colcon_core.package_identification:_identify(src/turtlebot3_perception/turtlebot3_perception) by extensions ['colcon_meta']
[0.357s] Level 1:colcon.colcon_core.package_identification:_identify(src/turtlebot3_perception/turtlebot3_perception) by extension 'colcon_meta'
[0.357s] Level 1:colcon.colcon_core.package_identification:_identify(src/turtlebot3_perception/turtlebot3_perception) by extensions ['ros']
[0.357s] Level 1:colcon.colcon_core.package_identification:_identify(src/turtlebot3_perception/turtlebot3_perception) by extension 'ros'
[0.358s] DEBUG:colcon.colcon_core.package_identification:Package 'src/turtlebot3_perception/turtlebot3_perception' with type 'ros.ament_python' and name 'turtlebot3_perception'
[0.358s] Level 1:colcon.colcon_core.package_discovery:discover_packages(recursive) using defaults
[0.358s] Level 1:colcon.colcon_core.package_discovery:discover_packages(ignore) discover
[0.358s] Level 1:colcon.colcon_core.package_discovery:discover_packages(ignore) using defaults
[0.358s] Level 1:colcon.colcon_core.package_discovery:discover_packages(path) discover
[0.358s] Level 1:colcon.colcon_core.package_discovery:discover_packages(path) using defaults
[0.392s] Level 1:colcon.colcon_core.package_discovery:discover_packages(prefix_path) check parameters
[0.392s] Level 1:colcon.colcon_core.package_discovery:discover_packages(prefix_path) discover
[0.394s] DEBUG:colcon.colcon_installed_package_information.package_discovery:Found 1 installed packages in /home/students/group_114/install
[0.394s] DEBUG:colcon.colcon_installed_package_information.package_discovery:Found 4 installed packages in /opt/ros/tb3_ws/install
[0.395s] DEBUG:colcon.colcon_installed_package_information.package_discovery:Found 1 installed packages in /home/students/group_111/install
[0.396s] DEBUG:colcon.colcon_installed_package_information.package_discovery:Found 369 installed packages in /opt/ros/humble
[0.398s] Level 1:colcon.colcon_core.package_discovery:discover_packages(prefix_path) using defaults
[0.427s] Level 5:colcon.colcon_core.verb:set package 'lab02_pkg' build argument 'cmake_args' from command line to 'None'
[0.428s] Level 5:colcon.colcon_core.verb:set package 'lab02_pkg' build argument 'cmake_target' from command line to 'None'
[0.428s] Level 5:colcon.colcon_core.verb:set package 'lab02_pkg' build argument 'cmake_target_skip_unavailable' from command line to 'False'
[0.428s] Level 5:colcon.colcon_core.verb:set package 'lab02_pkg' build argument 'cmake_clean_cache' from command line to 'False'
[0.428s] Level 5:colcon.colcon_core.verb:set package 'lab02_pkg' build argument 'cmake_clean_first' from command line to 'False'
[0.428s] Level 5:colcon.colcon_core.verb:set package 'lab02_pkg' build argument 'cmake_force_configure' from command line to 'False'
[0.428s] Level 5:colcon.colcon_core.verb:set package 'lab02_pkg' build argument 'ament_cmake_args' from command line to 'None'
[0.428s] Level 5:colcon.colcon_core.verb:set package 'lab02_pkg' build argument 'catkin_cmake_args' from command line to 'None'
[0.428s] Level 5:colcon.colcon_core.verb:set package 'lab02_pkg' build argument 'catkin_skip_building_tests' from command line to 'False'
[0.428s] DEBUG:colcon.colcon_core.verb:Building package 'lab02_pkg' with the following arguments: {'ament_cmake_args': None, 'build_base': '/home/students/group_114/build/lab02_pkg', 'catkin_cmake_args': None, 'catkin_skip_building_tests': False, 'cmake_args': None, 'cmake_clean_cache': False, 'cmake_clean_first': False, 'cmake_force_configure': False, 'cmake_target': None, 'cmake_target_skip_unavailable': False, 'install_base': '/home/students/group_114/install/lab02_pkg', 'merge_install': False, 'path': '/home/students/group_114/src/lab02_pkg', 'symlink_install': True, 'test_result_base': None}
[0.428s] Level 5:colcon.colcon_core.verb:set package 'landmark_msgs' build argument 'cmake_args' from command line to 'None'
[0.428s] Level 5:colcon.colcon_core.verb:set package 'landmark_msgs' build argument 'cmake_target' from command line to 'None'
[0.428s] Level 5:colcon.colcon_core.verb:set package 'landmark_msgs' build argument 'cmake_target_skip_unavailable' from command line to 'False'
[0.428s] Level 5:colcon.colcon_core.verb:set package 'landmark_msgs' build argument 'cmake_clean_cache' from command line to 'False'
[0.428s] Level 5:colcon.colcon_core.verb:set package 'landmark_msgs' build argument 'cmake_clean_first' from command line to 'False'
[0.428s] Level 5:colcon.colcon_core.verb:set package 'landmark_msgs' build argument 'cmake_force_configure' from command line to 'False'
[0.428s] Level 5:colcon.colcon_core.verb:set package 'landmark_msgs' build argument 'ament_cmake_args' from command line to 'None'
[0.428s] Level 5:colcon.colcon_core.verb:set package 'landmark_msgs' build argument 'catkin_cmake_args' from command line to 'None'
[0.428s] Level 5:colcon.colcon_core.verb:set package 'landmark_msgs' build argument 'catkin_skip_building_tests' from command line to 'False'
[0.428s] DEBUG:colcon.colcon_core.verb:Building package 'landmark_msgs' with the following arguments: {'ament_cmake_args': None, 'build_base': '/home/students/group_114/build/landmark_msgs', 'catkin_cmake_args': None, 'catkin_skip_building_tests': False, 'cmake_args': None, 'cmake_clean_cache': False, 'cmake_clean_first': False, 'cmake_force_configure': False, 'cmake_target': None, 'cmake_target_skip_unavailable': False, 'install_base': '/home/students/group_114/install/landmark_msgs', 'merge_install': False, 'path': '/home/students/group_114/src/turtlebot3_perception/landmark_msgs', 'symlink_install': True, 'test_result_base': None}
[0.428s] Level 5:colcon.colcon_core.verb:set package 'turtlebot3_perception' build argument 'cmake_args' from command line to 'None'
[0.428s] Level 5:colcon.colcon_core.verb:set package 'turtlebot3_perception' build argument 'cmake_target' from command line to 'None'
[0.428s] Level 5:colcon.colcon_core.verb:set package 'turtlebot3_perception' build argument 'cmake_target_skip_unavailable' from command line to 'False'
[0.428s] Level 5:colcon.colcon_core.verb:set package 'turtlebot3_perception' build argument 'cmake_clean_cache' from command line to 'False'
[0.428s] Level 5:colcon.colcon_core.verb:set package 'turtlebot3_perception' build argument 'cmake_clean_first' from command line to 'False'
[0.428s] Level 5:colcon.colcon_core.verb:set package 'turtlebot3_perception' build argument 'cmake_force_configure' from command line to 'False'
[0.428s] Level 5:colcon.colcon_core.verb:set package 'turtlebot3_perception' build argument 'ament_cmake_args' from command line to 'None'
[0.428s] Level 5:colcon.colcon_core.verb:set package 'turtlebot3_perception' build argument 'catkin_cmake_args' from command line to 'None'
[0.428s] Level 5:colcon.colcon_core.verb:set package 'turtlebot3_perception' build argument 'catkin_skip_building_tests' from command line to 'False'
[0.428s] DEBUG:colcon.colcon_core.verb:Building package 'turtlebot3_perception' with the following arguments: {'ament_cmake_args': None, 'build_base': '/home/students/group_114/build/turtlebot3_perception', 'catkin_cmake_args': None, 'catkin_skip_building_tests': False, 'cmake_args': None, 'cmake_clean_cache': False, 'cmake_clean_first': False, 'cmake_force_configure': False, 'cmake_target': None, 'cmake_target_skip_unavailable': False, 'install_base': '/home/students/group_114/install/turtlebot3_perception', 'merge_install': False, 'path': '/home/students/group_114/src/turtlebot3_perception/turtlebot3_perception', 'symlink_install': True, 'test_result_base': None}
[0.428s] INFO:colcon.colcon_core.executor:Executing jobs using 'parallel' executor
[0.429s] DEBUG:colcon.colcon_parallel_executor.executor.parallel:run_until_complete
[0.429s] INFO:colcon.colcon_ros.task.ament_cmake.build:Building ROS package in '/home/students/group_114/src/turtlebot3_perception/landmark_msgs' with build type 'ament_cmake'
[0.429s] INFO:colcon.colcon_cmake.task.cmake.build:Building CMake package in '/home/students/group_114/src/turtlebot3_perception/landmark_msgs'
[0.433s] INFO:colcon.colcon_core.plugin_system:Skipping extension 'colcon_core.shell.bat': Not used on non-Windows systems
[0.434s] INFO:colcon.colcon_core.shell:Skip shell extension 'powershell' for command environment: Not usable outside of PowerShell
[0.434s] DEBUG:colcon.colcon_core.shell:Skip shell extension 'dsv' for command environment
[0.438s] INFO:colcon.colcon_ros.task.ament_python.build:Building ROS package in '/home/students/group_114/src/lab02_pkg' with build type 'ament_python'
[0.438s] Level 1:colcon.colcon_core.shell:create_environment_hook('lab02_pkg', 'ament_prefix_path')
[0.438s] INFO:colcon.colcon_core.shell:Creating environment hook '/home/students/group_114/install/lab02_pkg/share/lab02_pkg/hook/ament_prefix_path.ps1'
[0.439s] INFO:colcon.colcon_core.shell:Creating environment descriptor '/home/students/group_114/install/lab02_pkg/share/lab02_pkg/hook/ament_prefix_path.dsv'
[0.439s] INFO:colcon.colcon_core.shell:Creating environment hook '/home/students/group_114/install/lab02_pkg/share/lab02_pkg/hook/ament_prefix_path.sh'
[0.440s] INFO:colcon.colcon_core.shell:Skip shell extension 'powershell' for command environment: Not usable outside of PowerShell
[0.440s] DEBUG:colcon.colcon_core.shell:Skip shell extension 'dsv' for command environment
[0.446s] DEBUG:colcon.colcon_core.event_handler.log_command:Invoking command in '/home/students/group_114/build/landmark_msgs': CMAKE_PREFIX_PATH=${CMAKE_PREFIX_PATH}:/home/students/group_114/install/lab02_pkg:/opt/ros/humble /usr/bin/cmake /home/students/group_114/src/turtlebot3_perception/landmark_msgs -DAMENT_CMAKE_SYMLINK_INSTALL=1 -DCMAKE_INSTALL_PREFIX=/home/students/group_114/install/landmark_msgs
[0.610s] INFO:colcon.colcon_core.task.python.build:Building Python package in '/home/students/group_114/src/lab02_pkg'
[0.611s] INFO:colcon.colcon_core.shell:Skip shell extension 'powershell' for command environment: Not usable outside of PowerShell
[0.611s] DEBUG:colcon.colcon_core.shell:Skip shell extension 'dsv' for command environment
[1.015s] DEBUG:colcon.colcon_core.task.python.build:While undoing a previous installation files outside the Python library path are being ignored: /home/students/group_114/install/lab02_pkg/share/ament_index/resource_index/packages/lab02_pkg
[1.015s] DEBUG:colcon.colcon_core.task.python.build:While undoing a previous installation files outside the Python library path are being ignored: /home/students/group_114/install/lab02_pkg/share/lab02_pkg/package.xml
[1.015s] DEBUG:colcon.colcon_core.task.python.build:While undoing a previous installation files outside the Python library path are being ignored: /home/students/group_114/install/lab02_pkg/share/lab02_pkg/launch/lab02_launch.py
[1.015s] DEBUG:colcon.colcon_core.task.python.build:While undoing a previous installation files outside the Python library path are being ignored: /home/students/group_114/install/lab02_pkg/lib/lab02_pkg/controller
[1.018s] DEBUG:colcon.colcon_core.event_handler.log_command:Invoking command in '/home/students/group_114/build/lab02_pkg': PYTHONPATH=/home/students/group_114/build/lab02_pkg/prefix_override:/usr/lib/python3/dist-packages/colcon_core/task/python/colcon_distutils_commands:/home/students/group_114/install/lab02_pkg/lib/python3.10/site-packages:${PYTHONPATH} /usr/bin/python3 -W ignore:setup.py install is deprecated -W ignore:easy_install command is deprecated setup.py develop --editable --build-directory /home/students/group_114/build/lab02_pkg/build --no-deps symlink_data --force
[1.321s] Level 1:colcon.colcon_core.shell:create_environment_hook('lab02_pkg', 'pythonpath_develop')
[1.321s] INFO:colcon.colcon_core.shell:Creating environment hook '/home/students/group_114/build/lab02_pkg/share/lab02_pkg/hook/pythonpath_develop.ps1'
[1.322s] DEBUG:colcon.colcon_core.event_handler.log_command:Invoked command in '/home/students/group_114/build/lab02_pkg' returned '0': PYTHONPATH=/home/students/group_114/build/lab02_pkg/prefix_override:/usr/lib/python3/dist-packages/colcon_core/task/python/colcon_distutils_commands:/home/students/group_114/install/lab02_pkg/lib/python3.10/site-packages:${PYTHONPATH} /usr/bin/python3 -W ignore:setup.py install is deprecated -W ignore:easy_install command is deprecated setup.py develop --editable --build-directory /home/students/group_114/build/lab02_pkg/build --no-deps symlink_data --force
[1.322s] INFO:colcon.colcon_core.shell:Creating environment descriptor '/home/students/group_114/build/lab02_pkg/share/lab02_pkg/hook/pythonpath_develop.dsv'
[1.323s] INFO:colcon.colcon_core.shell:Creating environment hook '/home/students/group_114/build/lab02_pkg/share/lab02_pkg/hook/pythonpath_develop.sh'
[1.330s] Level 1:colcon.colcon_core.environment:checking '/home/students/group_114/install/lab02_pkg' for CMake module files
[1.331s] Level 1:colcon.colcon_core.environment:checking '/home/students/group_114/install/lab02_pkg' for CMake config files
[1.331s] Level 1:colcon.colcon_core.environment:checking '/home/students/group_114/install/lab02_pkg/lib'
[1.332s] Level 1:colcon.colcon_core.environment:checking '/home/students/group_114/install/lab02_pkg/bin'
[1.332s] Level 1:colcon.colcon_core.environment:checking '/home/students/group_114/install/lab02_pkg/lib/pkgconfig/lab02_pkg.pc'
[1.332s] Level 1:colcon.colcon_core.environment:checking '/home/students/group_114/install/lab02_pkg/lib/python3.10/site-packages'
[1.332s] Level 1:colcon.colcon_core.shell:create_environment_hook('lab02_pkg', 'pythonpath')
[1.332s] INFO:colcon.colcon_core.shell:Creating environment hook '/home/students/group_114/install/lab02_pkg/share/lab02_pkg/hook/pythonpath.ps1'
[1.333s] INFO:colcon.colcon_core.shell:Creating environment descriptor '/home/students/group_114/install/lab02_pkg/share/lab02_pkg/hook/pythonpath.dsv'
[1.334s] INFO:colcon.colcon_core.shell:Creating environment hook '/home/students/group_114/install/lab02_pkg/share/lab02_pkg/hook/pythonpath.sh'
[1.334s] Level 1:colcon.colcon_core.environment:checking '/home/students/group_114/install/lab02_pkg/bin'
[1.334s] Level 1:colcon.colcon_core.environment:create_environment_scripts_only(lab02_pkg)
[1.335s] INFO:colcon.colcon_core.shell:Creating package script '/home/students/group_114/install/lab02_pkg/share/lab02_pkg/package.ps1'
[1.336s] INFO:colcon.colcon_core.shell:Creating package descriptor '/home/students/group_114/install/lab02_pkg/share/lab02_pkg/package.dsv'
[1.337s] INFO:colcon.colcon_core.shell:Creating package script '/home/students/group_114/install/lab02_pkg/share/lab02_pkg/package.sh'
[1.338s] INFO:colcon.colcon_core.shell:Creating package script '/home/students/group_114/install/lab02_pkg/share/lab02_pkg/package.bash'
[1.338s] INFO:colcon.colcon_core.shell:Creating package script '/home/students/group_114/install/lab02_pkg/share/lab02_pkg/package.zsh'
[1.339s] Level 1:colcon.colcon_core.environment:create_file_with_runtime_dependencies(/home/students/group_114/install/lab02_pkg/share/colcon-core/packages/lab02_pkg)
[1.947s] DEBUG:colcon.colcon_core.event_handler.log_command:Invoked command in '/home/students/group_114/build/landmark_msgs' returned '0': CMAKE_PREFIX_PATH=${CMAKE_PREFIX_PATH}:/home/students/group_114/install/lab02_pkg:/opt/ros/humble /usr/bin/cmake /home/students/group_114/src/turtlebot3_perception/landmark_msgs -DAMENT_CMAKE_SYMLINK_INSTALL=1 -DCMAKE_INSTALL_PREFIX=/home/students/group_114/install/landmark_msgs
[1.949s] DEBUG:colcon.colcon_core.event_handler.log_command:Invoking command in '/home/students/group_114/build/landmark_msgs': CMAKE_PREFIX_PATH=${CMAKE_PREFIX_PATH}:/home/students/group_114/install/lab02_pkg:/opt/ros/humble /usr/bin/cmake --build /home/students/group_114/build/landmark_msgs -- -j8 -l8
[3.788s] DEBUG:colcon.colcon_core.event_handler.log_command:Invoked command in '/home/students/group_114/build/landmark_msgs' returned '0': CMAKE_PREFIX_PATH=${CMAKE_PREFIX_PATH}:/home/students/group_114/install/lab02_pkg:/opt/ros/humble /usr/bin/cmake --build /home/students/group_114/build/landmark_msgs -- -j8 -l8
[3.803s] DEBUG:colcon.colcon_core.event_handler.log_command:Invoking command in '/home/students/group_114/build/landmark_msgs': CMAKE_PREFIX_PATH=${CMAKE_PREFIX_PATH}:/home/students/group_114/install/lab02_pkg:/opt/ros/humble /usr/bin/cmake --install /home/students/group_114/build/landmark_msgs
[4.493s] Level 1:colcon.colcon_core.environment:create_environment_scripts_only(landmark_msgs)
[4.493s] Level 1:colcon.colcon_core.environment:checking '/home/students/group_114/install/landmark_msgs' for CMake module files
[4.494s] DEBUG:colcon.colcon_core.event_handler.log_command:Invoked command in '/home/students/group_114/build/landmark_msgs' returned '0': CMAKE_PREFIX_PATH=${CMAKE_PREFIX_PATH}:/home/students/group_114/install/lab02_pkg:/opt/ros/humble /usr/bin/cmake --install /home/students/group_114/build/landmark_msgs
[4.494s] Level 1:colcon.colcon_core.environment:checking '/home/students/group_114/install/landmark_msgs' for CMake config files
[4.494s] Level 1:colcon.colcon_core.shell:create_environment_hook('landmark_msgs', 'cmake_prefix_path')
[4.494s] INFO:colcon.colcon_core.shell:Creating environment hook '/home/students/group_114/install/landmark_msgs/share/landmark_msgs/hook/cmake_prefix_path.ps1'
[4.495s] INFO:colcon.colcon_core.shell:Creating environment descriptor '/home/students/group_114/install/landmark_msgs/share/landmark_msgs/hook/cmake_prefix_path.dsv'
[4.495s] INFO:colcon.colcon_core.shell:Creating environment hook '/home/students/group_114/install/landmark_msgs/share/landmark_msgs/hook/cmake_prefix_path.sh'
[4.495s] Level 1:colcon.colcon_core.environment:checking '/home/students/group_114/install/landmark_msgs/lib'
[4.495s] Level 1:colcon.colcon_core.shell:create_environment_hook('landmark_msgs', 'ld_library_path_lib')
[4.495s] INFO:colcon.colcon_core.shell:Creating environment hook '/home/students/group_114/install/landmark_msgs/share/landmark_msgs/hook/ld_library_path_lib.ps1'
[4.496s] INFO:colcon.colcon_core.shell:Creating environment descriptor '/home/students/group_114/install/landmark_msgs/share/landmark_msgs/hook/ld_library_path_lib.dsv'
[4.496s] INFO:colcon.colcon_core.shell:Creating environment hook '/home/students/group_114/install/landmark_msgs/share/landmark_msgs/hook/ld_library_path_lib.sh'
[4.496s] Level 1:colcon.colcon_core.environment:checking '/home/students/group_114/install/landmark_msgs/bin'
[4.496s] Level 1:colcon.colcon_core.environment:checking '/home/students/group_114/install/landmark_msgs/lib/pkgconfig/landmark_msgs.pc'
[4.496s] Level 1:colcon.colcon_core.environment:checking '/home/students/group_114/install/landmark_msgs/lib/python3.10/site-packages'
[4.496s] Level 1:colcon.colcon_core.environment:checking '/home/students/group_114/install/landmark_msgs/bin'
[4.496s] INFO:colcon.colcon_core.shell:Creating package script '/home/students/group_114/install/landmark_msgs/share/landmark_msgs/package.ps1'
[4.497s] INFO:colcon.colcon_core.shell:Creating package descriptor '/home/students/group_114/install/landmark_msgs/share/landmark_msgs/package.dsv'
[4.497s] INFO:colcon.colcon_core.shell:Creating package script '/home/students/group_114/install/landmark_msgs/share/landmark_msgs/package.sh'
[4.497s] INFO:colcon.colcon_core.shell:Creating package script '/home/students/group_114/install/landmark_msgs/share/landmark_msgs/package.bash'
[4.497s] INFO:colcon.colcon_core.shell:Creating package script '/home/students/group_114/install/landmark_msgs/share/landmark_msgs/package.zsh'
[4.497s] Level 1:colcon.colcon_core.environment:create_file_with_runtime_dependencies(/home/students/group_114/install/landmark_msgs/share/colcon-core/packages/landmark_msgs)
[4.498s] Level 1:colcon.colcon_core.environment:create_environment_scripts_only(landmark_msgs)
[4.498s] Level 1:colcon.colcon_core.environment:checking '/home/students/group_114/install/landmark_msgs' for CMake module files
[4.498s] Level 1:colcon.colcon_core.environment:checking '/home/students/group_114/install/landmark_msgs' for CMake config files
[4.498s] Level 1:colcon.colcon_core.shell:create_environment_hook('landmark_msgs', 'cmake_prefix_path')
[4.499s] INFO:colcon.colcon_core.shell:Creating environment hook '/home/students/group_114/install/landmark_msgs/share/landmark_msgs/hook/cmake_prefix_path.ps1'
[4.499s] INFO:colcon.colcon_core.shell:Creating environment descriptor '/home/students/group_114/install/landmark_msgs/share/landmark_msgs/hook/cmake_prefix_path.dsv'
[4.499s] INFO:colcon.colcon_core.shell:Creating environment hook '/home/students/group_114/install/landmark_msgs/share/landmark_msgs/hook/cmake_prefix_path.sh'
[4.499s] Level 1:colcon.colcon_core.environment:checking '/home/students/group_114/install/landmark_msgs/lib'
[4.499s] Level 1:colcon.colcon_core.shell:create_environment_hook('landmark_msgs', 'ld_library_path_lib')
[4.500s] INFO:colcon.colcon_core.shell:Creating environment hook '/home/students/group_114/install/landmark_msgs/share/landmark_msgs/hook/ld_library_path_lib.ps1'
[4.500s] INFO:colcon.colcon_core.shell:Creating environment descriptor '/home/students/group_114/install/landmark_msgs/share/landmark_msgs/hook/ld_library_path_lib.dsv'
[4.500s] INFO:colcon.colcon_core.shell:Creating environment hook '/home/students/group_114/install/landmark_msgs/share/landmark_msgs/hook/ld_library_path_lib.sh'
[4.500s] Level 1:colcon.colcon_core.environment:checking '/home/students/group_114/install/landmark_msgs/bin'
[4.500s] Level 1:colcon.colcon_core.environment:checking '/home/students/group_114/install/landmark_msgs/lib/pkgconfig/landmark_msgs.pc'
[4.500s] Level 1:colcon.colcon_core.environment:checking '/home/students/group_114/install/landmark_msgs/lib/python3.10/site-packages'
[4.500s] Level 1:colcon.colcon_core.environment:checking '/home/students/group_114/install/landmark_msgs/bin'
[4.501s] INFO:colcon.colcon_core.shell:Creating package script '/home/students/group_114/install/landmark_msgs/share/landmark_msgs/package.ps1'
[4.501s] INFO:colcon.colcon_core.shell:Creating package descriptor '/home/students/group_114/install/landmark_msgs/share/landmark_msgs/package.dsv'
[4.501s] INFO:colcon.colcon_core.shell:Creating package script '/home/students/group_114/install/landmark_msgs/share/landmark_msgs/package.sh'
[4.501s] INFO:colcon.colcon_core.shell:Creating package script '/home/students/group_114/install/landmark_msgs/share/landmark_msgs/package.bash'
[4.502s] INFO:colcon.colcon_core.shell:Creating package script '/home/students/group_114/install/landmark_msgs/share/landmark_msgs/package.zsh'
[4.502s] Level 1:colcon.colcon_core.environment:create_file_with_runtime_dependencies(/home/students/group_114/install/landmark_msgs/share/colcon-core/packages/landmark_msgs)
[4.502s] INFO:colcon.colcon_ros.task.ament_python.build:Building ROS package in '/home/students/group_114/src/turtlebot3_perception/turtlebot3_perception' with build type 'ament_python'
[4.502s] Level 1:colcon.colcon_core.shell:create_environment_hook('turtlebot3_perception', 'ament_prefix_path')
[4.502s] INFO:colcon.colcon_core.shell:Creating environment hook '/home/students/group_114/install/turtlebot3_perception/share/turtlebot3_perception/hook/ament_prefix_path.ps1'
[4.503s] INFO:colcon.colcon_core.shell:Creating environment descriptor '/home/students/group_114/install/turtlebot3_perception/share/turtlebot3_perception/hook/ament_prefix_path.dsv'
[4.503s] INFO:colcon.colcon_core.shell:Creating environment hook '/home/students/group_114/install/turtlebot3_perception/share/turtlebot3_perception/hook/ament_prefix_path.sh'
[4.503s] INFO:colcon.colcon_core.shell:Skip shell extension 'powershell' for command environment: Not usable outside of PowerShell
[4.503s] DEBUG:colcon.colcon_core.shell:Skip shell extension 'dsv' for command environment
[4.676s] INFO:colcon.colcon_core.task.python.build:Building Python package in '/home/students/group_114/src/turtlebot3_perception/turtlebot3_perception'
[4.676s] INFO:colcon.colcon_core.shell:Skip shell extension 'powershell' for command environment: Not usable outside of PowerShell
[4.676s] DEBUG:colcon.colcon_core.shell:Skip shell extension 'dsv' for command environment
[4.920s] DEBUG:colcon.colcon_core.event_handler.log_command:Invoking command in '/home/students/group_114/build/turtlebot3_perception': AMENT_PREFIX_PATH=/home/students/group_114/install/landmark_msgs:${AMENT_PREFIX_PATH} CMAKE_PREFIX_PATH=/home/students/group_114/install/landmark_msgs:${CMAKE_PREFIX_PATH} LD_LIBRARY_PATH=/home/students/group_114/install/landmark_msgs/lib:/opt/ros/humble/opt/zenoh_cpp_vendor/lib:/usr/lib/x86_64-linux-gnu/gazebo-11/plugins:/opt/ros/humble/opt/rviz_ogre_vendor/lib:/opt/ros/humble/lib/x86_64-linux-gnu:/opt/ros/humble/lib:/usr/share/gazebo/../../lib/x86_64-linux-gnu/gazebo-11/plugins:/usr/share/gazebo/../../lib/x86_64-linux-gnu/gazebo-11/plugins:/usr/share/gazebo/../../lib/x86_64-linux-gnu/gazebo-11/plugins PYTHONPATH=/home/students/group_114/build/turtlebot3_perception/prefix_override:/usr/lib/python3/dist-packages/colcon_core/task/python/colcon_distutils_commands:/home/students/group_114/install/turtlebot3_perception/lib/python3.10/site-packages:/home/students/group_114/install/landmark_msgs/local/lib/python3.10/dist-packages:${PYTHONPATH} /usr/bin/python3 -W ignore:setup.py install is deprecated -W ignore:easy_install command is deprecated setup.py develop --editable --build-directory /home/students/group_114/build/turtlebot3_perception/build --no-deps symlink_data
[5.221s] Level 1:colcon.colcon_core.shell:create_environment_hook('turtlebot3_perception', 'pythonpath_develop')
[5.222s] INFO:colcon.colcon_core.shell:Creating environment hook '/home/students/group_114/build/turtlebot3_perception/share/turtlebot3_perception/hook/pythonpath_develop.ps1'
[5.222s] DEBUG:colcon.colcon_core.event_handler.log_command:Invoked command in '/home/students/group_114/build/turtlebot3_perception' returned '0': AMENT_PREFIX_PATH=/home/students/group_114/install/landmark_msgs:${AMENT_PREFIX_PATH} CMAKE_PREFIX_PATH=/home/students/group_114/install/landmark_msgs:${CMAKE_PREFIX_PATH} LD_LIBRARY_PATH=/home/students/group_114/install/landmark_msgs/lib:/opt/ros/humble/opt/zenoh_cpp_vendor/lib:/usr/lib/x86_64-linux-gnu/gazebo-11/plugins:/opt/ros/humble/opt/rviz_ogre_vendor/lib:/opt/ros/humble/lib/x86_64-linux-gnu:/opt/ros/humble/lib:/usr/share/gazebo/../../lib/x86_64-linux-gnu/gazebo-11/plugins:/usr/share/gazebo/../../lib/x86_64-linux-gnu/gazebo-11/plugins:/usr/share/gazebo/../../lib/x86_64-linux-gnu/gazebo-11/plugins PYTHONPATH=/home/students/group_114/build/turtlebot3_perception/prefix_override:/usr/lib/python3/dist-packages/colcon_core/task/python/colcon_distutils_commands:/home/students/group_114/install/turtlebot3_perception/lib/python3.10/site-packages:/home/students/group_114/install/landmark_msgs/local/lib/python3.10/dist-packages:${PYTHONPATH} /usr/bin/python3 -W ignore:setup.py install is deprecated -W ignore:easy_install command is deprecated setup.py develop --editable --build-directory /home/students/group_114/build/turtlebot3_perception/build --no-deps symlink_data
[5.222s] INFO:colcon.colcon_core.shell:Creating environment descriptor '/home/students/group_114/build/turtlebot3_perception/share/turtlebot3_perception/hook/pythonpath_develop.dsv'
[5.223s] INFO:colcon.colcon_core.shell:Creating environment hook '/home/students/group_114/build/turtlebot3_perception/share/turtlebot3_perception/hook/pythonpath_develop.sh'
[5.223s] Level 1:colcon.colcon_core.environment:checking '/home/students/group_114/install/turtlebot3_perception' for CMake module files
[5.223s] Level 1:colcon.colcon_core.environment:checking '/home/students/group_114/install/turtlebot3_perception' for CMake config files
[5.224s] Level 1:colcon.colcon_core.environment:checking '/home/students/group_114/install/turtlebot3_perception/lib'
[5.224s] Level 1:colcon.colcon_core.environment:checking '/home/students/group_114/install/turtlebot3_perception/bin'
[5.224s] Level 1:colcon.colcon_core.environment:checking '/home/students/group_114/install/turtlebot3_perception/lib/pkgconfig/turtlebot3_perception.pc'
[5.224s] Level 1:colcon.colcon_core.environment:checking '/home/students/group_114/install/turtlebot3_perception/lib/python3.10/site-packages'
[5.224s] Level 1:colcon.colcon_core.shell:create_environment_hook('turtlebot3_perception', 'pythonpath')
[5.224s] INFO:colcon.colcon_core.shell:Creating environment hook '/home/students/group_114/install/turtlebot3_perception/share/turtlebot3_perception/hook/pythonpath.ps1'
[5.224s] INFO:colcon.colcon_core.shell:Creating environment descriptor '/home/students/group_114/install/turtlebot3_perception/share/turtlebot3_perception/hook/pythonpath.dsv'
[5.224s] INFO:colcon.colcon_core.shell:Creating environment hook '/home/students/group_114/install/turtlebot3_perception/share/turtlebot3_perception/hook/pythonpath.sh'
[5.225s] Level 1:colcon.colcon_core.environment:checking '/home/students/group_114/install/turtlebot3_perception/bin'
[5.225s] Level 1:colcon.colcon_core.environment:create_environment_scripts_only(turtlebot3_perception)
[5.225s] INFO:colcon.colcon_core.shell:Creating package script '/home/students/group_114/install/turtlebot3_perception/share/turtlebot3_perception/package.ps1'
[5.225s] INFO:colcon.colcon_core.shell:Creating package descriptor '/home/students/group_114/install/turtlebot3_perception/share/turtlebot3_perception/package.dsv'
[5.225s] INFO:colcon.colcon_core.shell:Creating package script '/home/students/group_114/install/turtlebot3_perception/share/turtlebot3_perception/package.sh'
[5.226s] INFO:colcon.colcon_core.shell:Creating package script '/home/students/group_114/install/turtlebot3_perception/share/turtlebot3_perception/package.bash'
[5.226s] INFO:colcon.colcon_core.shell:Creating package script '/home/students/group_114/install/turtlebot3_perception/share/turtlebot3_perception/package.zsh'
[5.226s] Level 1:colcon.colcon_core.environment:create_file_with_runtime_dependencies(/home/students/group_114/install/turtlebot3_perception/share/colcon-core/packages/turtlebot3_perception)
[5.226s] DEBUG:colcon.colcon_parallel_executor.executor.parallel:closing loop
[5.226s] DEBUG:colcon.colcon_parallel_executor.executor.parallel:loop closed
[5.226s] DEBUG:colcon.colcon_parallel_executor.executor.parallel:run_until_complete finished with '0'
[5.226s] DEBUG:colcon.colcon_core.event_reactor:joining thread
[5.231s] INFO:colcon.colcon_core.plugin_system:Skipping extension 'colcon_notification.desktop_notification.terminal_notifier': Not used on non-Darwin systems
[5.231s] INFO:colcon.colcon_core.plugin_system:Skipping extension 'colcon_notification.desktop_notification.win32': Not used on non-Windows systems
[5.231s] INFO:colcon.colcon_notification.desktop_notification:Sending desktop notification using 'notify2'
[5.231s] DEBUG:colcon.colcon_notification.desktop_notification.notify2:Failed to initialize notify2: org.freedesktop.DBus.Error.ServiceUnknown: The name org.freedesktop.Notifications was not provided by any .service files
[5.232s] DEBUG:colcon.colcon_core.event_reactor:joined thread
[5.232s] INFO:colcon.colcon_core.shell:Creating prefix script '/home/students/group_114/install/local_setup.ps1'
[5.233s] INFO:colcon.colcon_core.shell:Creating prefix util module '/home/students/group_114/install/_local_setup_util_ps1.py'
[5.234s] INFO:colcon.colcon_core.shell:Creating prefix chain script '/home/students/group_114/install/setup.ps1'
[5.235s] INFO:colcon.colcon_core.shell:Creating prefix script '/home/students/group_114/install/local_setup.sh'
[5.236s] INFO:colcon.colcon_core.shell:Creating prefix util module '/home/students/group_114/install/_local_setup_util_sh.py'
[5.236s] INFO:colcon.colcon_core.shell:Creating prefix chain script '/home/students/group_114/install/setup.sh'
[5.237s] INFO:colcon.colcon_core.shell:Creating prefix script '/home/students/group_114/install/local_setup.bash'
[5.238s] INFO:colcon.colcon_core.shell:Creating prefix chain script '/home/students/group_114/install/setup.bash'
[5.238s] INFO:colcon.colcon_core.shell:Creating prefix script '/home/students/group_114/install/local_setup.zsh'
[5.239s] INFO:colcon.colcon_core.shell:Creating prefix chain script '/home/students/group_114/install/setup.zsh'
