[0.010s] Invoking command in '/home/students/group_114/build/turtlebot3_simulations': AMENT_PREFIX_PATH=/home/students/group_114/install/turtlebot3_fake_node:${AMENT_PREFIX_PATH} CMAKE_PREFIX_PATH=/home/students/group_114/install/turtlebot3_fake_node:/home/students/group_114/install/landmark_msgs:/opt/ros/tb3_ws/install/turtlebot3_simulations:/opt/ros/tb3_ws/install/turtlebot3_gazebo:/opt/ros/tb3_ws/install/turtlebot3_fake_node:/opt/ros/tb3_ws/install/ld08_driver:/home/students/group_114/install/turtlebot3_perception:/home/students/group_114/install/lab02_pkg:/opt/ros/humble /usr/bin/cmake /home/students/group_114/src/turtlebot3_simulations/turtlebot3_simulations -DAMENT_CMAKE_SYMLINK_INSTALL=1 -DCMAKE_INSTALL_PREFIX=/home/students/group_114/install/turtlebot3_simulations
[0.070s] -- The C compiler identification is GNU 11.4.0
[0.131s] -- The CXX compiler identification is GNU 11.4.0
[0.139s] -- Detecting C compiler ABI info
[0.215s] -- Detecting C compiler ABI info - done
[0.224s] -- Check for working C compiler: /usr/bin/cc - skipped
[0.224s] -- Detecting C compile features
[0.225s] -- Detecting C compile features - done
[0.228s] -- Detecting CXX compiler ABI info
[0.315s] -- Detecting CXX compiler ABI info - done
[0.325s] -- Check for working CXX compiler: /usr/bin/c++ - skipped
[0.325s] -- Detecting CXX compile features
[0.325s] -- Detecting CXX compile features - done
[0.329s] -- Found ament_cmake: 1.3.12 (/opt/ros/humble/share/ament_cmake/cmake)
[0.540s] -- Found Python3: /usr/bin/python3 (found version "3.10.12") found components: Interpreter 
[0.621s] -- Override CMake install command with custom implementation using symlinks instead of copying resources
[0.727s] -- Configuring done
[0.729s] -- Generating done
[0.731s] -- Build files have been written to: /home/students/group_114/build/turtlebot3_simulations
[0.736s] Invoked command in '/home/students/group_114/build/turtlebot3_simulations' returned '0': AMENT_PREFIX_PATH=/home/students/group_114/install/turtlebot3_fake_node:${AMENT_PREFIX_PATH} CMAKE_PREFIX_PATH=/home/students/group_114/install/turtlebot3_fake_node:/home/students/group_114/install/landmark_msgs:/opt/ros/tb3_ws/install/turtlebot3_simulations:/opt/ros/tb3_ws/install/turtlebot3_gazebo:/opt/ros/tb3_ws/install/turtlebot3_fake_node:/opt/ros/tb3_ws/install/ld08_driver:/home/students/group_114/install/turtlebot3_perception:/home/students/group_114/install/lab02_pkg:/opt/ros/humble /usr/bin/cmake /home/students/group_114/src/turtlebot3_simulations/turtlebot3_simulations -DAMENT_CMAKE_SYMLINK_INSTALL=1 -DCMAKE_INSTALL_PREFIX=/home/students/group_114/install/turtlebot3_simulations
[0.738s] Invoking command in '/home/students/group_114/build/turtlebot3_simulations': AMENT_PREFIX_PATH=/home/students/group_114/install/turtlebot3_fake_node:${AMENT_PREFIX_PATH} CMAKE_PREFIX_PATH=/home/students/group_114/install/turtlebot3_fake_node:/home/students/group_114/install/landmark_msgs:/opt/ros/tb3_ws/install/turtlebot3_simulations:/opt/ros/tb3_ws/install/turtlebot3_gazebo:/opt/ros/tb3_ws/install/turtlebot3_fake_node:/opt/ros/tb3_ws/install/ld08_driver:/home/students/group_114/install/turtlebot3_perception:/home/students/group_114/install/lab02_pkg:/opt/ros/humble /usr/bin/cmake --build /home/students/group_114/build/turtlebot3_simulations -- -j8 -l8
[0.781s] Invoked command in '/home/students/group_114/build/turtlebot3_simulations' returned '0': AMENT_PREFIX_PATH=/home/students/group_114/install/turtlebot3_fake_node:${AMENT_PREFIX_PATH} CMAKE_PREFIX_PATH=/home/students/group_114/install/turtlebot3_fake_node:/home/students/group_114/install/landmark_msgs:/opt/ros/tb3_ws/install/turtlebot3_simulations:/opt/ros/tb3_ws/install/turtlebot3_gazebo:/opt/ros/tb3_ws/install/turtlebot3_fake_node:/opt/ros/tb3_ws/install/ld08_driver:/home/students/group_114/install/turtlebot3_perception:/home/students/group_114/install/lab02_pkg:/opt/ros/humble /usr/bin/cmake --build /home/students/group_114/build/turtlebot3_simulations -- -j8 -l8
[0.783s] Invoking command in '/home/students/group_114/build/turtlebot3_simulations': AMENT_PREFIX_PATH=/home/students/group_114/install/turtlebot3_fake_node:${AMENT_PREFIX_PATH} CMAKE_PREFIX_PATH=/home/students/group_114/install/turtlebot3_fake_node:/home/students/group_114/install/landmark_msgs:/opt/ros/tb3_ws/install/turtlebot3_simulations:/opt/ros/tb3_ws/install/turtlebot3_gazebo:/opt/ros/tb3_ws/install/turtlebot3_fake_node:/opt/ros/tb3_ws/install/ld08_driver:/home/students/group_114/install/turtlebot3_perception:/home/students/group_114/install/lab02_pkg:/opt/ros/humble /usr/bin/cmake --install /home/students/group_114/build/turtlebot3_simulations
[0.789s] -- Install configuration: ""
[0.789s] -- Execute custom install script
[0.790s] -- Symlinking: /home/students/group_114/install/turtlebot3_simulations/share/ament_index/resource_index/package_run_dependencies/turtlebot3_simulations
[0.799s] -- Symlinking: /home/students/group_114/install/turtlebot3_simulations/share/ament_index/resource_index/parent_prefix_path/turtlebot3_simulations
[0.805s] -- Symlinking: /home/students/group_114/install/turtlebot3_simulations/share/turtlebot3_simulations/environment/ament_prefix_path.sh
[0.815s] -- Symlinking: /home/students/group_114/install/turtlebot3_simulations/share/turtlebot3_simulations/environment/ament_prefix_path.dsv
[0.822s] -- Symlinking: /home/students/group_114/install/turtlebot3_simulations/share/turtlebot3_simulations/environment/path.sh
[0.828s] -- Symlinking: /home/students/group_114/install/turtlebot3_simulations/share/turtlebot3_simulations/environment/path.dsv
[0.838s] -- Symlinking: /home/students/group_114/install/turtlebot3_simulations/share/turtlebot3_simulations/local_setup.bash
[0.844s] -- Symlinking: /home/students/group_114/install/turtlebot3_simulations/share/turtlebot3_simulations/local_setup.sh
[0.851s] -- Symlinking: /home/students/group_114/install/turtlebot3_simulations/share/turtlebot3_simulations/local_setup.zsh
[0.857s] -- Symlinking: /home/students/group_114/install/turtlebot3_simulations/share/turtlebot3_simulations/local_setup.dsv
[0.863s] -- Symlinking: /home/students/group_114/install/turtlebot3_simulations/share/turtlebot3_simulations/package.dsv
[0.869s] -- Symlinking: /home/students/group_114/install/turtlebot3_simulations/share/ament_index/resource_index/packages/turtlebot3_simulations
[0.875s] -- Symlinking: /home/students/group_114/install/turtlebot3_simulations/share/turtlebot3_simulations/cmake/turtlebot3_simulationsConfig.cmake
[0.885s] -- Symlinking: /home/students/group_114/install/turtlebot3_simulations/share/turtlebot3_simulations/cmake/turtlebot3_simulationsConfig-version.cmake
[0.892s] -- Symlinking: /home/students/group_114/install/turtlebot3_simulations/share/turtlebot3_simulations/package.xml
[0.902s] Invoked command in '/home/students/group_114/build/turtlebot3_simulations' returned '0': AMENT_PREFIX_PATH=/home/students/group_114/install/turtlebot3_fake_node:${AMENT_PREFIX_PATH} CMAKE_PREFIX_PATH=/home/students/group_114/install/turtlebot3_fake_node:/home/students/group_114/install/landmark_msgs:/opt/ros/tb3_ws/install/turtlebot3_simulations:/opt/ros/tb3_ws/install/turtlebot3_gazebo:/opt/ros/tb3_ws/install/turtlebot3_fake_node:/opt/ros/tb3_ws/install/ld08_driver:/home/students/group_114/install/turtlebot3_perception:/home/students/group_114/install/lab02_pkg:/opt/ros/humble /usr/bin/cmake --install /home/students/group_114/build/turtlebot3_simulations
