[0.017s] Invoking command in '/home/students/group_114/build/landmark_msgs': CMAKE_PREFIX_PATH=${CMAKE_PREFIX_PATH}:/home/students/group_114/install/turtlebot3_perception:/home/students/group_114/install/lab02_pkg:/opt/ros/humble /usr/bin/cmake --build /home/students/group_114/build/landmark_msgs -- -j8 -l8
[0.244s] [  2%] Built target landmark_msgs__cpp
[0.244s] [ 12%] Built target landmark_msgs__rosidl_generator_c
[0.244s] [ 12%] Built target ament_cmake_python_symlink_landmark_msgs
[0.244s] [ 23%] Built target landmark_msgs__rosidl_typesupport_cpp
[0.244s] [ 33%] Built target landmark_msgs__rosidl_typesupport_fastrtps_cpp
[0.245s] [ 43%] Built target landmark_msgs__rosidl_typesupport_introspection_cpp
[0.245s] [ 53%] Built target landmark_msgs__rosidl_typesupport_c
[0.245s] [ 64%] Built target landmark_msgs__rosidl_typesupport_fastrtps_c
[0.245s] [ 74%] Built target landmark_msgs__rosidl_typesupport_introspection_c
[0.245s] [ 74%] Built target landmark_msgs
[0.245s] [ 76%] Built target landmark_msgs__py
[0.245s] [ 84%] Built target landmark_msgs__rosidl_generator_py
[0.245s] [ 89%] Built target landmark_msgs__rosidl_typesupport_introspection_c__pyext
[0.245s] [ 94%] Built target landmark_msgs__rosidl_typesupport_fastrtps_c__pyext
[0.245s] [100%] Built target landmark_msgs__rosidl_typesupport_c__pyext
[0.245s] running egg_info
[0.245s] writing landmark_msgs.egg-info/PKG-INFO
[0.246s] writing dependency_links to landmark_msgs.egg-info/dependency_links.txt
[0.246s] writing top-level names to landmark_msgs.egg-info/top_level.txt
[0.247s] reading manifest file 'landmark_msgs.egg-info/SOURCES.txt'
[0.247s] writing manifest file 'landmark_msgs.egg-info/SOURCES.txt'
[0.265s] [100%] Built target ament_cmake_python_build_landmark_msgs_egg
[0.273s] Invoked command in '/home/students/group_114/build/landmark_msgs' returned '0': CMAKE_PREFIX_PATH=${CMAKE_PREFIX_PATH}:/home/students/group_114/install/turtlebot3_perception:/home/students/group_114/install/lab02_pkg:/opt/ros/humble /usr/bin/cmake --build /home/students/group_114/build/landmark_msgs -- -j8 -l8
[0.275s] Invoking command in '/home/students/group_114/build/landmark_msgs': CMAKE_PREFIX_PATH=${CMAKE_PREFIX_PATH}:/home/students/group_114/install/turtlebot3_perception:/home/students/group_114/install/lab02_pkg:/opt/ros/humble /usr/bin/cmake --install /home/students/group_114/build/landmark_msgs
[0.282s] -- Install configuration: ""
[0.282s] -- Execute custom install script
[0.282s] -- Up-to-date symlink: /home/students/group_114/install/landmark_msgs/share/ament_index/resource_index/rosidl_interfaces/landmark_msgs
[0.283s] -- Up-to-date symlink: /home/students/group_114/install/landmark_msgs/include/landmark_msgs/landmark_msgs/msg/detail/landmark__functions.h
[0.283s] -- Up-to-date symlink: /home/students/group_114/install/landmark_msgs/include/landmark_msgs/landmark_msgs/msg/detail/landmark__struct.h
[0.283s] -- Up-to-date symlink: /home/students/group_114/install/landmark_msgs/include/landmark_msgs/landmark_msgs/msg/detail/landmark__type_support.h
[0.283s] -- Up-to-date symlink: /home/students/group_114/install/landmark_msgs/include/landmark_msgs/landmark_msgs/msg/detail/landmark_array__functions.h
[0.284s] -- Up-to-date symlink: /home/students/group_114/install/landmark_msgs/include/landmark_msgs/landmark_msgs/msg/detail/landmark_array__struct.h
[0.284s] -- Up-to-date symlink: /home/students/group_114/install/landmark_msgs/include/landmark_msgs/landmark_msgs/msg/detail/landmark_array__type_support.h
[0.284s] -- Up-to-date symlink: /home/students/group_114/install/landmark_msgs/include/landmark_msgs/landmark_msgs/msg/landmark.h
[0.284s] -- Up-to-date symlink: /home/students/group_114/install/landmark_msgs/include/landmark_msgs/landmark_msgs/msg/landmark_array.h
[0.284s] -- Up-to-date symlink: /home/students/group_114/install/landmark_msgs/include/landmark_msgs/landmark_msgs/msg/rosidl_generator_c__visibility_control.h
[0.284s] -- Up-to-date symlink: /home/students/group_114/install/landmark_msgs/share/landmark_msgs/environment/library_path.sh
[0.284s] -- Up-to-date symlink: /home/students/group_114/install/landmark_msgs/share/landmark_msgs/environment/library_path.dsv
[0.287s] -- Up-to-date symlink: /home/students/group_114/install/landmark_msgs/include/landmark_msgs/landmark_msgs/msg/detail/landmark__rosidl_typesupport_fastrtps_c.h
[0.287s] -- Up-to-date symlink: /home/students/group_114/install/landmark_msgs/include/landmark_msgs/landmark_msgs/msg/detail/landmark_array__rosidl_typesupport_fastrtps_c.h
[0.287s] -- Up-to-date symlink: /home/students/group_114/install/landmark_msgs/include/landmark_msgs/landmark_msgs/msg/rosidl_typesupport_fastrtps_c__visibility_control.h
[0.288s] -- Up-to-date symlink: /home/students/group_114/install/landmark_msgs/include/landmark_msgs/landmark_msgs/msg/detail/landmark__rosidl_typesupport_introspection_c.h
[0.288s] -- Up-to-date symlink: /home/students/group_114/install/landmark_msgs/include/landmark_msgs/landmark_msgs/msg/detail/landmark_array__rosidl_typesupport_introspection_c.h
[0.288s] -- Up-to-date symlink: /home/students/group_114/install/landmark_msgs/include/landmark_msgs/landmark_msgs/msg/rosidl_typesupport_introspection_c__visibility_control.h
[0.288s] -- Up-to-date symlink: /home/students/group_114/install/landmark_msgs/include/landmark_msgs/landmark_msgs/msg/detail/landmark__builder.hpp
[0.288s] -- Up-to-date symlink: /home/students/group_114/install/landmark_msgs/include/landmark_msgs/landmark_msgs/msg/detail/landmark__struct.hpp
[0.289s] -- Up-to-date symlink: /home/students/group_114/install/landmark_msgs/include/landmark_msgs/landmark_msgs/msg/detail/landmark__traits.hpp
[0.289s] -- Up-to-date symlink: /home/students/group_114/install/landmark_msgs/include/landmark_msgs/landmark_msgs/msg/detail/landmark__type_support.hpp
[0.289s] -- Up-to-date symlink: /home/students/group_114/install/landmark_msgs/include/landmark_msgs/landmark_msgs/msg/detail/landmark_array__builder.hpp
[0.289s] -- Up-to-date symlink: /home/students/group_114/install/landmark_msgs/include/landmark_msgs/landmark_msgs/msg/detail/landmark_array__struct.hpp
[0.289s] -- Up-to-date symlink: /home/students/group_114/install/landmark_msgs/include/landmark_msgs/landmark_msgs/msg/detail/landmark_array__traits.hpp
[0.289s] -- Up-to-date symlink: /home/students/group_114/install/landmark_msgs/include/landmark_msgs/landmark_msgs/msg/detail/landmark_array__type_support.hpp
[0.289s] -- Up-to-date symlink: /home/students/group_114/install/landmark_msgs/include/landmark_msgs/landmark_msgs/msg/landmark.hpp
[0.289s] -- Up-to-date symlink: /home/students/group_114/install/landmark_msgs/include/landmark_msgs/landmark_msgs/msg/landmark_array.hpp
[0.289s] -- Up-to-date symlink: /home/students/group_114/install/landmark_msgs/include/landmark_msgs/landmark_msgs/msg/rosidl_generator_cpp__visibility_control.hpp
[0.289s] -- Up-to-date symlink: /home/students/group_114/install/landmark_msgs/include/landmark_msgs/landmark_msgs/msg/detail/landmark__rosidl_typesupport_fastrtps_cpp.hpp
[0.289s] -- Up-to-date symlink: /home/students/group_114/install/landmark_msgs/include/landmark_msgs/landmark_msgs/msg/detail/landmark_array__rosidl_typesupport_fastrtps_cpp.hpp
[0.289s] -- Up-to-date symlink: /home/students/group_114/install/landmark_msgs/include/landmark_msgs/landmark_msgs/msg/rosidl_typesupport_fastrtps_cpp__visibility_control.h
[0.289s] -- Up-to-date symlink: /home/students/group_114/install/landmark_msgs/include/landmark_msgs/landmark_msgs/msg/detail/landmark__rosidl_typesupport_introspection_cpp.hpp
[0.289s] -- Up-to-date symlink: /home/students/group_114/install/landmark_msgs/include/landmark_msgs/landmark_msgs/msg/detail/landmark_array__rosidl_typesupport_introspection_cpp.hpp
[0.289s] -- Up-to-date symlink: /home/students/group_114/install/landmark_msgs/share/landmark_msgs/environment/pythonpath.sh
[0.289s] -- Up-to-date symlink: /home/students/group_114/install/landmark_msgs/share/landmark_msgs/environment/pythonpath.dsv
[0.290s] -- Up-to-date symlink: /home/students/group_114/install/landmark_msgs/local/lib/python3.10/dist-packages/landmark_msgs-0.0.0-py3.10.egg-info/PKG-INFO
[0.290s] -- Up-to-date symlink: /home/students/group_114/install/landmark_msgs/local/lib/python3.10/dist-packages/landmark_msgs-0.0.0-py3.10.egg-info/SOURCES.txt
[0.290s] -- Up-to-date symlink: /home/students/group_114/install/landmark_msgs/local/lib/python3.10/dist-packages/landmark_msgs-0.0.0-py3.10.egg-info/dependency_links.txt
[0.290s] -- Up-to-date symlink: /home/students/group_114/install/landmark_msgs/local/lib/python3.10/dist-packages/landmark_msgs-0.0.0-py3.10.egg-info/top_level.txt
[0.290s] -- Up-to-date symlink: /home/students/group_114/install/landmark_msgs/local/lib/python3.10/dist-packages/landmark_msgs/__init__.py
[0.290s] -- Up-to-date symlink: /home/students/group_114/install/landmark_msgs/local/lib/python3.10/dist-packages/landmark_msgs/_landmark_msgs_s.ep.rosidl_typesupport_c.c
[0.290s] -- Up-to-date symlink: /home/students/group_114/install/landmark_msgs/local/lib/python3.10/dist-packages/landmark_msgs/_landmark_msgs_s.ep.rosidl_typesupport_fastrtps_c.c
[0.290s] -- Up-to-date symlink: /home/students/group_114/install/landmark_msgs/local/lib/python3.10/dist-packages/landmark_msgs/_landmark_msgs_s.ep.rosidl_typesupport_introspection_c.c
[0.290s] -- Up-to-date symlink: /home/students/group_114/install/landmark_msgs/local/lib/python3.10/dist-packages/landmark_msgs/landmark_msgs_s__rosidl_typesupport_c.cpython-310-x86_64-linux-gnu.so
[0.290s] -- Up-to-date symlink: /home/students/group_114/install/landmark_msgs/local/lib/python3.10/dist-packages/landmark_msgs/landmark_msgs_s__rosidl_typesupport_fastrtps_c.cpython-310-x86_64-linux-gnu.so
[0.290s] -- Up-to-date symlink: /home/students/group_114/install/landmark_msgs/local/lib/python3.10/dist-packages/landmark_msgs/landmark_msgs_s__rosidl_typesupport_introspection_c.cpython-310-x86_64-linux-gnu.so
[0.290s] -- Up-to-date symlink: /home/students/group_114/install/landmark_msgs/local/lib/python3.10/dist-packages/landmark_msgs/liblandmark_msgs__rosidl_generator_py.so
[0.290s] -- Up-to-date symlink: /home/students/group_114/install/landmark_msgs/local/lib/python3.10/dist-packages/landmark_msgs/msg/__init__.py
[0.291s] -- Up-to-date symlink: /home/students/group_114/install/landmark_msgs/local/lib/python3.10/dist-packages/landmark_msgs/msg/_landmark.py
[0.291s] -- Up-to-date symlink: /home/students/group_114/install/landmark_msgs/local/lib/python3.10/dist-packages/landmark_msgs/msg/_landmark_array.py
[0.291s] -- Up-to-date symlink: /home/students/group_114/install/landmark_msgs/local/lib/python3.10/dist-packages/landmark_msgs/msg/_landmark_array_s.c
[0.291s] -- Up-to-date symlink: /home/students/group_114/install/landmark_msgs/local/lib/python3.10/dist-packages/landmark_msgs/msg/_landmark_s.c
[0.291s] -- Up-to-date symlink: /home/students/group_114/install/landmark_msgs/local/lib/python3.10/dist-packages/landmark_msgs/landmark_msgs_s__rosidl_typesupport_fastrtps_c.cpython-310-x86_64-linux-gnu.so
[0.291s] -- Up-to-date symlink: /home/students/group_114/install/landmark_msgs/local/lib/python3.10/dist-packages/landmark_msgs/landmark_msgs_s__rosidl_typesupport_introspection_c.cpython-310-x86_64-linux-gnu.so
[0.291s] -- Up-to-date symlink: /home/students/group_114/install/landmark_msgs/local/lib/python3.10/dist-packages/landmark_msgs/landmark_msgs_s__rosidl_typesupport_c.cpython-310-x86_64-linux-gnu.so
[0.291s] -- Up-to-date symlink: /home/students/group_114/install/landmark_msgs/share/landmark_msgs/msg/Landmark.idl
[0.291s] -- Up-to-date symlink: /home/students/group_114/install/landmark_msgs/share/landmark_msgs/msg/LandmarkArray.idl
[0.291s] -- Up-to-date symlink: /home/students/group_114/install/landmark_msgs/share/landmark_msgs/msg/Landmark.msg
[0.291s] -- Up-to-date symlink: /home/students/group_114/install/landmark_msgs/share/landmark_msgs/msg/LandmarkArray.msg
[0.291s] -- Up-to-date symlink: /home/students/group_114/install/landmark_msgs/share/ament_index/resource_index/package_run_dependencies/landmark_msgs
[0.291s] -- Up-to-date symlink: /home/students/group_114/install/landmark_msgs/share/ament_index/resource_index/parent_prefix_path/landmark_msgs
[0.291s] -- Up-to-date symlink: /home/students/group_114/install/landmark_msgs/share/landmark_msgs/environment/ament_prefix_path.sh
[0.293s] -- Up-to-date symlink: /home/students/group_114/install/landmark_msgs/share/landmark_msgs/environment/ament_prefix_path.dsv
[0.293s] -- Up-to-date symlink: /home/students/group_114/install/landmark_msgs/share/landmark_msgs/environment/path.sh
[0.293s] -- Up-to-date symlink: /home/students/group_114/install/landmark_msgs/share/landmark_msgs/environment/path.dsv
[0.293s] -- Up-to-date symlink: /home/students/group_114/install/landmark_msgs/share/landmark_msgs/local_setup.bash
[0.293s] -- Up-to-date symlink: /home/students/group_114/install/landmark_msgs/share/landmark_msgs/local_setup.sh
[0.293s] -- Up-to-date symlink: /home/students/group_114/install/landmark_msgs/share/landmark_msgs/local_setup.zsh
[0.293s] -- Up-to-date symlink: /home/students/group_114/install/landmark_msgs/share/landmark_msgs/local_setup.dsv
[0.293s] -- Symlinking: /home/students/group_114/install/landmark_msgs/share/landmark_msgs/package.dsv
[0.299s] -- Up-to-date symlink: /home/students/group_114/install/landmark_msgs/share/ament_index/resource_index/packages/landmark_msgs
[0.299s] -- Up-to-date symlink: /home/students/group_114/install/landmark_msgs/share/landmark_msgs/cmake/rosidl_cmake-extras.cmake
[0.299s] -- Up-to-date symlink: /home/students/group_114/install/landmark_msgs/share/landmark_msgs/cmake/ament_cmake_export_dependencies-extras.cmake
[0.299s] -- Up-to-date symlink: /home/students/group_114/install/landmark_msgs/share/landmark_msgs/cmake/ament_cmake_export_include_directories-extras.cmake
[0.301s] -- Up-to-date symlink: /home/students/group_114/install/landmark_msgs/share/landmark_msgs/cmake/ament_cmake_export_libraries-extras.cmake
[0.301s] -- Up-to-date symlink: /home/students/group_114/install/landmark_msgs/share/landmark_msgs/cmake/ament_cmake_export_targets-extras.cmake
[0.301s] -- Up-to-date symlink: /home/students/group_114/install/landmark_msgs/share/landmark_msgs/cmake/rosidl_cmake_export_typesupport_targets-extras.cmake
[0.301s] -- Up-to-date symlink: /home/students/group_114/install/landmark_msgs/share/landmark_msgs/cmake/rosidl_cmake_export_typesupport_libraries-extras.cmake
[0.301s] -- Up-to-date symlink: /home/students/group_114/install/landmark_msgs/share/landmark_msgs/cmake/landmark_msgsConfig.cmake
[0.301s] -- Up-to-date symlink: /home/students/group_114/install/landmark_msgs/share/landmark_msgs/cmake/landmark_msgsConfig-version.cmake
[0.301s] -- Up-to-date symlink: /home/students/group_114/install/landmark_msgs/share/landmark_msgs/package.xml
[0.301s] -- Up-to-date: /home/students/group_114/install/landmark_msgs/lib/liblandmark_msgs__rosidl_generator_c.so
[0.301s] -- Up-to-date: /home/students/group_114/install/landmark_msgs/lib/liblandmark_msgs__rosidl_typesupport_fastrtps_c.so
[0.302s] -- Up-to-date: /home/students/group_114/install/landmark_msgs/lib/liblandmark_msgs__rosidl_typesupport_introspection_c.so
[0.302s] -- Up-to-date: /home/students/group_114/install/landmark_msgs/lib/liblandmark_msgs__rosidl_typesupport_c.so
[0.302s] -- Up-to-date: /home/students/group_114/install/landmark_msgs/lib/liblandmark_msgs__rosidl_typesupport_fastrtps_cpp.so
[0.304s] -- Up-to-date: /home/students/group_114/install/landmark_msgs/lib/liblandmark_msgs__rosidl_typesupport_introspection_cpp.so
[0.308s] -- Up-to-date: /home/students/group_114/install/landmark_msgs/lib/liblandmark_msgs__rosidl_typesupport_cpp.so
[0.350s] Listing '/home/students/group_114/install/landmark_msgs/local/lib/python3.10/dist-packages/landmark_msgs'...
[0.350s] Listing '/home/students/group_114/install/landmark_msgs/local/lib/python3.10/dist-packages/landmark_msgs/msg'...
[0.356s] -- Up-to-date: /home/students/group_114/install/landmark_msgs/lib/liblandmark_msgs__rosidl_generator_py.so
[0.356s] -- Up-to-date: /home/students/group_114/install/landmark_msgs/share/landmark_msgs/cmake/export_landmark_msgs__rosidl_generator_cExport.cmake
[0.356s] -- Up-to-date: /home/students/group_114/install/landmark_msgs/share/landmark_msgs/cmake/export_landmark_msgs__rosidl_generator_cExport-noconfig.cmake
[0.356s] -- Up-to-date: /home/students/group_114/install/landmark_msgs/share/landmark_msgs/cmake/export_landmark_msgs__rosidl_typesupport_fastrtps_cExport.cmake
[0.356s] -- Up-to-date: /home/students/group_114/install/landmark_msgs/share/landmark_msgs/cmake/export_landmark_msgs__rosidl_typesupport_fastrtps_cExport-noconfig.cmake
[0.356s] -- Up-to-date: /home/students/group_114/install/landmark_msgs/share/landmark_msgs/cmake/landmark_msgs__rosidl_typesupport_introspection_cExport.cmake
[0.356s] -- Up-to-date: /home/students/group_114/install/landmark_msgs/share/landmark_msgs/cmake/landmark_msgs__rosidl_typesupport_introspection_cExport-noconfig.cmake
[0.357s] -- Up-to-date: /home/students/group_114/install/landmark_msgs/share/landmark_msgs/cmake/landmark_msgs__rosidl_typesupport_cExport.cmake
[0.357s] -- Up-to-date: /home/students/group_114/install/landmark_msgs/share/landmark_msgs/cmake/landmark_msgs__rosidl_typesupport_cExport-noconfig.cmake
[0.357s] -- Up-to-date: /home/students/group_114/install/landmark_msgs/share/landmark_msgs/cmake/export_landmark_msgs__rosidl_generator_cppExport.cmake
[0.357s] -- Up-to-date: /home/students/group_114/install/landmark_msgs/share/landmark_msgs/cmake/export_landmark_msgs__rosidl_typesupport_fastrtps_cppExport.cmake
[0.357s] -- Up-to-date: /home/students/group_114/install/landmark_msgs/share/landmark_msgs/cmake/export_landmark_msgs__rosidl_typesupport_fastrtps_cppExport-noconfig.cmake
[0.357s] -- Up-to-date: /home/students/group_114/install/landmark_msgs/share/landmark_msgs/cmake/landmark_msgs__rosidl_typesupport_introspection_cppExport.cmake
[0.357s] -- Up-to-date: /home/students/group_114/install/landmark_msgs/share/landmark_msgs/cmake/landmark_msgs__rosidl_typesupport_introspection_cppExport-noconfig.cmake
[0.357s] -- Up-to-date: /home/students/group_114/install/landmark_msgs/share/landmark_msgs/cmake/landmark_msgs__rosidl_typesupport_cppExport.cmake
[0.357s] -- Up-to-date: /home/students/group_114/install/landmark_msgs/share/landmark_msgs/cmake/landmark_msgs__rosidl_typesupport_cppExport-noconfig.cmake
[0.357s] -- Up-to-date: /home/students/group_114/install/landmark_msgs/share/landmark_msgs/cmake/export_landmark_msgs__rosidl_generator_pyExport.cmake
[0.357s] -- Up-to-date: /home/students/group_114/install/landmark_msgs/share/landmark_msgs/cmake/export_landmark_msgs__rosidl_generator_pyExport-noconfig.cmake
[0.364s] Invoked command in '/home/students/group_114/build/landmark_msgs' returned '0': CMAKE_PREFIX_PATH=${CMAKE_PREFIX_PATH}:/home/students/group_114/install/turtlebot3_perception:/home/students/group_114/install/lab02_pkg:/opt/ros/humble /usr/bin/cmake --install /home/students/group_114/build/landmark_msgs
