[0.033s] Invoking command in '/home/students/group_114/build/turtlebot3_fake_node': CMAKE_PREFIX_PATH=${CMAKE_PREFIX_PATH}:/home/students/install/lab02_pkg:/home/students/group_114/install/turtlebot3_perception:/home/students/group_114/install/lab04_pkg:/home/students/group_114/install/lab05_pkg:/home/students/group_114/install/lab02_pkg:/home/students/group_111/install/lab05_pkg:/opt/ros/humble /usr/bin/cmake /home/students/group_114/src/turtlebot3_simulations/turtlebot3_fake_node -DAMENT_CMAKE_SYMLINK_INSTALL=1 -DCMAKE_INSTALL_PREFIX=/home/students/group_114/install/turtlebot3_fake_node
[0.405s] -- The C compiler identification is GNU 11.4.0
[0.405s] -- The CXX compiler identification is GNU 11.4.0
[0.405s] -- Detecting C compiler ABI info
[0.425s] -- Detecting C compiler ABI info - done
[0.433s] -- Check for working C compiler: /usr/bin/cc - skipped
[0.433s] -- Detecting C compile features
[0.434s] -- Detecting C compile features - done
[0.438s] -- Detecting CXX compiler ABI info
[0.505s] -- Detecting CXX compiler ABI info - done
[0.515s] -- Check for working CXX compiler: /usr/bin/c++ - skipped
[0.516s] -- Detecting CXX compile features
[0.516s] -- Detecting CXX compile features - done
[0.522s] -- Found ament_cmake: 1.3.12 (/opt/ros/humble/share/ament_cmake/cmake)
[0.679s] -- Found Python3: /usr/bin/python3 (found version "3.10.12") found components: Interpreter 
[0.744s] -- Override CMake install command with custom implementation using symlinks instead of copying resources
[0.789s] -- Found geometry_msgs: 4.9.0 (/opt/ros/humble/share/geometry_msgs/cmake)
[0.829s] -- Found rosidl_generator_c: 3.1.7 (/opt/ros/humble/share/rosidl_generator_c/cmake)
[0.834s] -- Found rosidl_adapter: 3.1.7 (/opt/ros/humble/share/rosidl_adapter/cmake)
[0.845s] -- Found rosidl_generator_cpp: 3.1.7 (/opt/ros/humble/share/rosidl_generator_cpp/cmake)
[0.857s] -- Using all available rosidl_typesupport_c: rosidl_typesupport_fastrtps_c;rosidl_typesupport_introspection_c
[0.879s] -- Using all available rosidl_typesupport_cpp: rosidl_typesupport_fastrtps_cpp;rosidl_typesupport_introspection_cpp
[0.931s] -- Found nav_msgs: 4.9.0 (/opt/ros/humble/share/nav_msgs/cmake)
[0.960s] -- Found rclcpp: 16.0.15 (/opt/ros/humble/share/rclcpp/cmake)
[1.038s] -- Found rmw_implementation_cmake: 6.1.2 (/opt/ros/humble/share/rmw_implementation_cmake/cmake)
[1.044s] -- Found rmw_zenoh_cpp: 0.1.6 (/opt/ros/humble/share/rmw_zenoh_cpp/cmake)
[1.046s] -- Using RMW implementation 'rmw_zenoh_cpp' as default
[1.060s] -- Looking for pthread.h
[1.133s] -- Looking for pthread.h - found
[1.134s] -- Performing Test CMAKE_HAVE_LIBC_PTHREAD
[1.191s] -- Performing Test CMAKE_HAVE_LIBC_PTHREAD - Success
[1.193s] -- Found Threads: TRUE  
[1.256s] -- Found sensor_msgs: 4.9.0 (/opt/ros/humble/share/sensor_msgs/cmake)
[1.285s] -- Found tf2: 0.25.16 (/opt/ros/humble/share/tf2/cmake)
[1.306s] -- Found tf2_msgs: 0.25.16 (/opt/ros/humble/share/tf2_msgs/cmake)
[1.365s] -- Found turtlebot3_msgs: 2.4.0 (/opt/ros/humble/share/turtlebot3_msgs/cmake)
[1.479s] -- Configuring done
[1.486s] -- Generating done
[1.489s] -- Build files have been written to: /home/students/group_114/build/turtlebot3_fake_node
[1.495s] Invoked command in '/home/students/group_114/build/turtlebot3_fake_node' returned '0': CMAKE_PREFIX_PATH=${CMAKE_PREFIX_PATH}:/home/students/install/lab02_pkg:/home/students/group_114/install/turtlebot3_perception:/home/students/group_114/install/lab04_pkg:/home/students/group_114/install/lab05_pkg:/home/students/group_114/install/lab02_pkg:/home/students/group_111/install/lab05_pkg:/opt/ros/humble /usr/bin/cmake /home/students/group_114/src/turtlebot3_simulations/turtlebot3_fake_node -DAMENT_CMAKE_SYMLINK_INSTALL=1 -DCMAKE_INSTALL_PREFIX=/home/students/group_114/install/turtlebot3_fake_node
[1.497s] Invoking command in '/home/students/group_114/build/turtlebot3_fake_node': CMAKE_PREFIX_PATH=${CMAKE_PREFIX_PATH}:/home/students/install/lab02_pkg:/home/students/group_114/install/turtlebot3_perception:/home/students/group_114/install/lab04_pkg:/home/students/group_114/install/lab05_pkg:/home/students/group_114/install/lab02_pkg:/home/students/group_111/install/lab05_pkg:/opt/ros/humble /usr/bin/cmake --build /home/students/group_114/build/turtlebot3_fake_node -- -j8 -l8
[1.534s] [ 50%] [32mBuilding CXX object CMakeFiles/turtlebot3_fake_node.dir/src/turtlebot3_fake_node.cpp.o[0m
[13.950s] [100%] [32m[1mLinking CXX executable turtlebot3_fake_node[0m
[14.563s] [100%] Built target turtlebot3_fake_node
[14.572s] Invoked command in '/home/students/group_114/build/turtlebot3_fake_node' returned '0': CMAKE_PREFIX_PATH=${CMAKE_PREFIX_PATH}:/home/students/install/lab02_pkg:/home/students/group_114/install/turtlebot3_perception:/home/students/group_114/install/lab04_pkg:/home/students/group_114/install/lab05_pkg:/home/students/group_114/install/lab02_pkg:/home/students/group_111/install/lab05_pkg:/opt/ros/humble /usr/bin/cmake --build /home/students/group_114/build/turtlebot3_fake_node -- -j8 -l8
[14.574s] Invoking command in '/home/students/group_114/build/turtlebot3_fake_node': CMAKE_PREFIX_PATH=${CMAKE_PREFIX_PATH}:/home/students/install/lab02_pkg:/home/students/group_114/install/turtlebot3_perception:/home/students/group_114/install/lab04_pkg:/home/students/group_114/install/lab05_pkg:/home/students/group_114/install/lab02_pkg:/home/students/group_111/install/lab05_pkg:/opt/ros/humble /usr/bin/cmake --install /home/students/group_114/build/turtlebot3_fake_node
[14.579s] -- Install configuration: ""
[14.579s] -- Execute custom install script
[14.580s] -- Up-to-date symlink: /home/students/group_114/install/turtlebot3_fake_node/lib/turtlebot3_fake_node/turtlebot3_fake_node
[14.580s] -- Up-to-date symlink: /home/students/group_114/install/turtlebot3_fake_node/share/turtlebot3_fake_node/launch/rviz2.launch.py
[14.580s] -- Up-to-date symlink: /home/students/group_114/install/turtlebot3_fake_node/share/turtlebot3_fake_node/launch/turtlebot3_fake_node.launch.py
[14.580s] -- Up-to-date symlink: /home/students/group_114/install/turtlebot3_fake_node/share/turtlebot3_fake_node/param/burger.yaml
[14.580s] -- Up-to-date symlink: /home/students/group_114/install/turtlebot3_fake_node/share/turtlebot3_fake_node/param/waffle.yaml
[14.580s] -- Up-to-date symlink: /home/students/group_114/install/turtlebot3_fake_node/share/turtlebot3_fake_node/param/waffle_pi.yaml
[14.581s] -- Up-to-date symlink: /home/students/group_114/install/turtlebot3_fake_node/include//turtlebot3_fake_node/turtlebot3_fake_node.hpp
[14.581s] -- Up-to-date symlink: /home/students/group_114/install/turtlebot3_fake_node/share/ament_index/resource_index/package_run_dependencies/turtlebot3_fake_node
[14.581s] -- Up-to-date symlink: /home/students/group_114/install/turtlebot3_fake_node/share/ament_index/resource_index/parent_prefix_path/turtlebot3_fake_node
[14.581s] -- Up-to-date symlink: /home/students/group_114/install/turtlebot3_fake_node/share/turtlebot3_fake_node/environment/ament_prefix_path.sh
[14.581s] -- Up-to-date symlink: /home/students/group_114/install/turtlebot3_fake_node/share/turtlebot3_fake_node/environment/ament_prefix_path.dsv
[14.581s] -- Up-to-date symlink: /home/students/group_114/install/turtlebot3_fake_node/share/turtlebot3_fake_node/environment/path.sh
[14.581s] -- Up-to-date symlink: /home/students/group_114/install/turtlebot3_fake_node/share/turtlebot3_fake_node/environment/path.dsv
[14.581s] -- Up-to-date symlink: /home/students/group_114/install/turtlebot3_fake_node/share/turtlebot3_fake_node/local_setup.bash
[14.581s] -- Up-to-date symlink: /home/students/group_114/install/turtlebot3_fake_node/share/turtlebot3_fake_node/local_setup.sh
[14.581s] -- Up-to-date symlink: /home/students/group_114/install/turtlebot3_fake_node/share/turtlebot3_fake_node/local_setup.zsh
[14.581s] -- Up-to-date symlink: /home/students/group_114/install/turtlebot3_fake_node/share/turtlebot3_fake_node/local_setup.dsv
[14.581s] -- Symlinking: /home/students/group_114/install/turtlebot3_fake_node/share/turtlebot3_fake_node/package.dsv
[14.588s] -- Up-to-date symlink: /home/students/group_114/install/turtlebot3_fake_node/share/ament_index/resource_index/packages/turtlebot3_fake_node
[14.588s] -- Up-to-date symlink: /home/students/group_114/install/turtlebot3_fake_node/share/turtlebot3_fake_node/cmake/ament_cmake_export_include_directories-extras.cmake
[14.588s] -- Up-to-date symlink: /home/students/group_114/install/turtlebot3_fake_node/share/turtlebot3_fake_node/cmake/ament_cmake_export_dependencies-extras.cmake
[14.588s] -- Up-to-date symlink: /home/students/group_114/install/turtlebot3_fake_node/share/turtlebot3_fake_node/cmake/turtlebot3_fake_nodeConfig.cmake
[14.588s] -- Up-to-date symlink: /home/students/group_114/install/turtlebot3_fake_node/share/turtlebot3_fake_node/cmake/turtlebot3_fake_nodeConfig-version.cmake
[14.588s] -- Up-to-date symlink: /home/students/group_114/install/turtlebot3_fake_node/share/turtlebot3_fake_node/package.xml
[14.591s] Invoked command in '/home/students/group_114/build/turtlebot3_fake_node' returned '0': CMAKE_PREFIX_PATH=${CMAKE_PREFIX_PATH}:/home/students/install/lab02_pkg:/home/students/group_114/install/turtlebot3_perception:/home/students/group_114/install/lab04_pkg:/home/students/group_114/install/lab05_pkg:/home/students/group_114/install/lab02_pkg:/home/students/group_111/install/lab05_pkg:/opt/ros/humble /usr/bin/cmake --install /home/students/group_114/build/turtlebot3_fake_node
