[0.069s] DEBUG:colcon:Command line arguments: ['/usr/bin/colcon', 'build', '--symlink-install']
[0.070s] DEBUG:colcon:Parsed command line arguments: Namespace(log_base=None, log_level=None, verb_name='build', build_base='build', install_base='install', merge_install=False, symlink_install=True, test_result_base=None, continue_on_error=False, executor='parallel', parallel_workers=8, event_handlers=None, ignore_user_meta=False, metas=['./colcon.meta'], base_paths=['.'], packages_ignore=None, packages_ignore_regex=None, paths=None, packages_up_to=None, packages_up_to_regex=None, packages_above=None, packages_above_and_dependencies=None, packages_above_depth=None, packages_select_by_dep=None, packages_skip_by_dep=None, packages_skip_up_to=None, packages_select_build_failed=False, packages_skip_build_finished=False, packages_select_test_failures=False, packages_skip_test_passed=False, packages_select=None, packages_skip=None, packages_select_regex=None, packages_skip_regex=None, packages_start=None, packages_end=None, allow_overriding=[], cmake_args=None, cmake_target=None, cmake_target_skip_unavailable=False, cmake_clean_cache=False, cmake_clean_first=False, cmake_force_configure=False, ament_cmake_args=None, catkin_cmake_args=None, catkin_skip_building_tests=False, mixin_files=None, mixin=None, verb_parser=<colcon_mixin.mixin.mixin_argument.MixinArgumentDecorator object at 0x7c06af49c9a0>, verb_extension=<colcon_core.verb.build.BuildVerb object at 0x7c06af49c370>, main=<bound method BuildVerb.main of <colcon_core.verb.build.BuildVerb object at 0x7c06af49c370>>, mixin_verb=('build',))
[0.314s] Level 1:colcon.colcon_core.package_discovery:discover_packages(colcon_meta) check parameters
[0.314s] Level 1:colcon.colcon_core.package_discovery:discover_packages(recursive) check parameters
[0.314s] Level 1:colcon.colcon_core.package_discovery:discover_packages(ignore) check parameters
[0.314s] Level 1:colcon.colcon_core.package_discovery:discover_packages(path) check parameters
[0.314s] Level 1:colcon.colcon_core.package_discovery:discover_packages(colcon_meta) discover
[0.314s] Level 1:colcon.colcon_core.package_discovery:discover_packages(recursive) discover
[0.314s] INFO:colcon.colcon_core.package_discovery:Crawling recursively for packages in '/home/students/group_114'
[0.314s] Level 1:colcon.colcon_core.package_identification:_identify(.) by extensions ['ignore', 'ignore_ament_install']
[0.314s] Level 1:colcon.colcon_core.package_identification:_identify(.) by extension 'ignore'
[0.314s] Level 1:colcon.colcon_core.package_identification:_identify(.) by extension 'ignore_ament_install'
[0.314s] Level 1:colcon.colcon_core.package_identification:_identify(.) by extensions ['colcon_pkg']
[0.314s] Level 1:colcon.colcon_core.package_identification:_identify(.) by extension 'colcon_pkg'
[0.314s] Level 1:colcon.colcon_core.package_identification:_identify(.) by extensions ['colcon_meta']
[0.314s] Level 1:colcon.colcon_core.package_identification:_identify(.) by extension 'colcon_meta'
[0.314s] Level 1:colcon.colcon_core.package_identification:_identify(.) by extensions ['ros']
[0.314s] Level 1:colcon.colcon_core.package_identification:_identify(.) by extension 'ros'
[0.336s] Level 1:colcon.colcon_core.package_identification:_identify(.) by extensions ['cmake', 'python']
[0.336s] Level 1:colcon.colcon_core.package_identification:_identify(.) by extension 'cmake'
[0.337s] Level 1:colcon.colcon_core.package_identification:_identify(.) by extension 'python'
[0.337s] Level 1:colcon.colcon_core.package_identification:_identify(.) by extensions ['python_setup_py']
[0.337s] Level 1:colcon.colcon_core.package_identification:_identify(.) by extension 'python_setup_py'
[0.337s] Level 1:colcon.colcon_core.package_identification:_identify(build) by extensions ['ignore', 'ignore_ament_install']
[0.337s] Level 1:colcon.colcon_core.package_identification:_identify(build) by extension 'ignore'
[0.337s] Level 1:colcon.colcon_core.package_identification:_identify(build) ignored
[0.337s] Level 1:colcon.colcon_core.package_identification:_identify(install) by extensions ['ignore', 'ignore_ament_install']
[0.337s] Level 1:colcon.colcon_core.package_identification:_identify(install) by extension 'ignore'
[0.337s] Level 1:colcon.colcon_core.package_identification:_identify(install) ignored
[0.337s] Level 1:colcon.colcon_core.package_identification:_identify(log) by extensions ['ignore', 'ignore_ament_install']
[0.337s] Level 1:colcon.colcon_core.package_identification:_identify(log) by extension 'ignore'
[0.337s] Level 1:colcon.colcon_core.package_identification:_identify(log) ignored
[0.337s] Level 1:colcon.colcon_core.package_identification:_identify(src) by extensions ['ignore', 'ignore_ament_install']
[0.337s] Level 1:colcon.colcon_core.package_identification:_identify(src) by extension 'ignore'
[0.337s] Level 1:colcon.colcon_core.package_identification:_identify(src) by extension 'ignore_ament_install'
[0.337s] Level 1:colcon.colcon_core.package_identification:_identify(src) by extensions ['colcon_pkg']
[0.337s] Level 1:colcon.colcon_core.package_identification:_identify(src) by extension 'colcon_pkg'
[0.337s] Level 1:colcon.colcon_core.package_identification:_identify(src) by extensions ['colcon_meta']
[0.337s] Level 1:colcon.colcon_core.package_identification:_identify(src) by extension 'colcon_meta'
[0.337s] Level 1:colcon.colcon_core.package_identification:_identify(src) by extensions ['ros']
[0.337s] Level 1:colcon.colcon_core.package_identification:_identify(src) by extension 'ros'
[0.337s] Level 1:colcon.colcon_core.package_identification:_identify(src) by extensions ['cmake', 'python']
[0.337s] Level 1:colcon.colcon_core.package_identification:_identify(src) by extension 'cmake'
[0.337s] Level 1:colcon.colcon_core.package_identification:_identify(src) by extension 'python'
[0.337s] Level 1:colcon.colcon_core.package_identification:_identify(src) by extensions ['python_setup_py']
[0.337s] Level 1:colcon.colcon_core.package_identification:_identify(src) by extension 'python_setup_py'
[0.337s] Level 1:colcon.colcon_core.package_identification:_identify(src/lab02_pkg) by extensions ['ignore', 'ignore_ament_install']
[0.338s] Level 1:colcon.colcon_core.package_identification:_identify(src/lab02_pkg) by extension 'ignore'
[0.338s] Level 1:colcon.colcon_core.package_identification:_identify(src/lab02_pkg) by extension 'ignore_ament_install'
[0.338s] Level 1:colcon.colcon_core.package_identification:_identify(src/lab02_pkg) by extensions ['colcon_pkg']
[0.338s] Level 1:colcon.colcon_core.package_identification:_identify(src/lab02_pkg) by extension 'colcon_pkg'
[0.338s] Level 1:colcon.colcon_core.package_identification:_identify(src/lab02_pkg) by extensions ['colcon_meta']
[0.338s] Level 1:colcon.colcon_core.package_identification:_identify(src/lab02_pkg) by extension 'colcon_meta'
[0.338s] Level 1:colcon.colcon_core.package_identification:_identify(src/lab02_pkg) by extensions ['ros']
[0.338s] Level 1:colcon.colcon_core.package_identification:_identify(src/lab02_pkg) by extension 'ros'
[0.346s] DEBUG:colcon.colcon_core.package_identification:Package 'src/lab02_pkg' with type 'ros.ament_python' and name 'lab02_pkg'
[0.347s] Level 1:colcon.colcon_core.package_identification:_identify(src/lab04_pkg) by extensions ['ignore', 'ignore_ament_install']
[0.347s] Level 1:colcon.colcon_core.package_identification:_identify(src/lab04_pkg) by extension 'ignore'
[0.347s] Level 1:colcon.colcon_core.package_identification:_identify(src/lab04_pkg) by extension 'ignore_ament_install'
[0.347s] Level 1:colcon.colcon_core.package_identification:_identify(src/lab04_pkg) by extensions ['colcon_pkg']
[0.347s] Level 1:colcon.colcon_core.package_identification:_identify(src/lab04_pkg) by extension 'colcon_pkg'
[0.347s] Level 1:colcon.colcon_core.package_identification:_identify(src/lab04_pkg) by extensions ['colcon_meta']
[0.347s] Level 1:colcon.colcon_core.package_identification:_identify(src/lab04_pkg) by extension 'colcon_meta'
[0.347s] Level 1:colcon.colcon_core.package_identification:_identify(src/lab04_pkg) by extensions ['ros']
[0.347s] Level 1:colcon.colcon_core.package_identification:_identify(src/lab04_pkg) by extension 'ros'
[0.348s] DEBUG:colcon.colcon_core.package_identification:Package 'src/lab04_pkg' with type 'ros.ament_python' and name 'lab04_pkg'
[0.348s] Level 1:colcon.colcon_core.package_identification:_identify(src/turtlebot3_perception) by extensions ['ignore', 'ignore_ament_install']
[0.348s] Level 1:colcon.colcon_core.package_identification:_identify(src/turtlebot3_perception) by extension 'ignore'
[0.348s] Level 1:colcon.colcon_core.package_identification:_identify(src/turtlebot3_perception) by extension 'ignore_ament_install'
[0.348s] Level 1:colcon.colcon_core.package_identification:_identify(src/turtlebot3_perception) by extensions ['colcon_pkg']
[0.348s] Level 1:colcon.colcon_core.package_identification:_identify(src/turtlebot3_perception) by extension 'colcon_pkg'
[0.348s] Level 1:colcon.colcon_core.package_identification:_identify(src/turtlebot3_perception) by extensions ['colcon_meta']
[0.348s] Level 1:colcon.colcon_core.package_identification:_identify(src/turtlebot3_perception) by extension 'colcon_meta'
[0.349s] Level 1:colcon.colcon_core.package_identification:_identify(src/turtlebot3_perception) by extensions ['ros']
[0.349s] Level 1:colcon.colcon_core.package_identification:_identify(src/turtlebot3_perception) by extension 'ros'
[0.349s] Level 1:colcon.colcon_core.package_identification:_identify(src/turtlebot3_perception) by extensions ['cmake', 'python']
[0.349s] Level 1:colcon.colcon_core.package_identification:_identify(src/turtlebot3_perception) by extension 'cmake'
[0.349s] Level 1:colcon.colcon_core.package_identification:_identify(src/turtlebot3_perception) by extension 'python'
[0.349s] Level 1:colcon.colcon_core.package_identification:_identify(src/turtlebot3_perception) by extensions ['python_setup_py']
[0.349s] Level 1:colcon.colcon_core.package_identification:_identify(src/turtlebot3_perception) by extension 'python_setup_py'
[0.349s] Level 1:colcon.colcon_core.package_identification:_identify(src/turtlebot3_perception/landmark_msgs) by extensions ['ignore', 'ignore_ament_install']
[0.349s] Level 1:colcon.colcon_core.package_identification:_identify(src/turtlebot3_perception/landmark_msgs) by extension 'ignore'
[0.349s] Level 1:colcon.colcon_core.package_identification:_identify(src/turtlebot3_perception/landmark_msgs) by extension 'ignore_ament_install'
[0.349s] Level 1:colcon.colcon_core.package_identification:_identify(src/turtlebot3_perception/landmark_msgs) by extensions ['colcon_pkg']
[0.349s] Level 1:colcon.colcon_core.package_identification:_identify(src/turtlebot3_perception/landmark_msgs) by extension 'colcon_pkg'
[0.349s] Level 1:colcon.colcon_core.package_identification:_identify(src/turtlebot3_perception/landmark_msgs) by extensions ['colcon_meta']
[0.349s] Level 1:colcon.colcon_core.package_identification:_identify(src/turtlebot3_perception/landmark_msgs) by extension 'colcon_meta'
[0.349s] Level 1:colcon.colcon_core.package_identification:_identify(src/turtlebot3_perception/landmark_msgs) by extensions ['ros']
[0.349s] Level 1:colcon.colcon_core.package_identification:_identify(src/turtlebot3_perception/landmark_msgs) by extension 'ros'
[0.349s] DEBUG:colcon.colcon_core.package_identification:Package 'src/turtlebot3_perception/landmark_msgs' with type 'ros.ament_cmake' and name 'landmark_msgs'
[0.350s] Level 1:colcon.colcon_core.package_identification:_identify(src/turtlebot3_perception/turtlebot3_perception) by extensions ['ignore', 'ignore_ament_install']
[0.350s] Level 1:colcon.colcon_core.package_identification:_identify(src/turtlebot3_perception/turtlebot3_perception) by extension 'ignore'
[0.350s] Level 1:colcon.colcon_core.package_identification:_identify(src/turtlebot3_perception/turtlebot3_perception) by extension 'ignore_ament_install'
[0.350s] Level 1:colcon.colcon_core.package_identification:_identify(src/turtlebot3_perception/turtlebot3_perception) by extensions ['colcon_pkg']
[0.350s] Level 1:colcon.colcon_core.package_identification:_identify(src/turtlebot3_perception/turtlebot3_perception) by extension 'colcon_pkg'
[0.350s] Level 1:colcon.colcon_core.package_identification:_identify(src/turtlebot3_perception/turtlebot3_perception) by extensions ['colcon_meta']
[0.350s] Level 1:colcon.colcon_core.package_identification:_identify(src/turtlebot3_perception/turtlebot3_perception) by extension 'colcon_meta'
[0.350s] Level 1:colcon.colcon_core.package_identification:_identify(src/turtlebot3_perception/turtlebot3_perception) by extensions ['ros']
[0.350s] Level 1:colcon.colcon_core.package_identification:_identify(src/turtlebot3_perception/turtlebot3_perception) by extension 'ros'
[0.351s] DEBUG:colcon.colcon_core.package_identification:Package 'src/turtlebot3_perception/turtlebot3_perception' with type 'ros.ament_python' and name 'turtlebot3_perception'
[0.351s] Level 1:colcon.colcon_core.package_identification:_identify(src/turtlebot3_simulations) by extensions ['ignore', 'ignore_ament_install']
[0.351s] Level 1:colcon.colcon_core.package_identification:_identify(src/turtlebot3_simulations) by extension 'ignore'
[0.351s] Level 1:colcon.colcon_core.package_identification:_identify(src/turtlebot3_simulations) by extension 'ignore_ament_install'
[0.351s] Level 1:colcon.colcon_core.package_identification:_identify(src/turtlebot3_simulations) by extensions ['colcon_pkg']
[0.351s] Level 1:colcon.colcon_core.package_identification:_identify(src/turtlebot3_simulations) by extension 'colcon_pkg'
[0.351s] Level 1:colcon.colcon_core.package_identification:_identify(src/turtlebot3_simulations) by extensions ['colcon_meta']
[0.351s] Level 1:colcon.colcon_core.package_identification:_identify(src/turtlebot3_simulations) by extension 'colcon_meta'
[0.351s] Level 1:colcon.colcon_core.package_identification:_identify(src/turtlebot3_simulations) by extensions ['ros']
[0.351s] Level 1:colcon.colcon_core.package_identification:_identify(src/turtlebot3_simulations) by extension 'ros'
[0.351s] Level 1:colcon.colcon_core.package_identification:_identify(src/turtlebot3_simulations) by extensions ['cmake', 'python']
[0.351s] Level 1:colcon.colcon_core.package_identification:_identify(src/turtlebot3_simulations) by extension 'cmake'
[0.351s] Level 1:colcon.colcon_core.package_identification:_identify(src/turtlebot3_simulations) by extension 'python'
[0.351s] Level 1:colcon.colcon_core.package_identification:_identify(src/turtlebot3_simulations) by extensions ['python_setup_py']
[0.351s] Level 1:colcon.colcon_core.package_identification:_identify(src/turtlebot3_simulations) by extension 'python_setup_py'
[0.351s] Level 1:colcon.colcon_core.package_identification:_identify(src/turtlebot3_simulations/turtlebot3_fake_node) by extensions ['ignore', 'ignore_ament_install']
[0.351s] Level 1:colcon.colcon_core.package_identification:_identify(src/turtlebot3_simulations/turtlebot3_fake_node) by extension 'ignore'
[0.351s] Level 1:colcon.colcon_core.package_identification:_identify(src/turtlebot3_simulations/turtlebot3_fake_node) by extension 'ignore_ament_install'
[0.351s] Level 1:colcon.colcon_core.package_identification:_identify(src/turtlebot3_simulations/turtlebot3_fake_node) by extensions ['colcon_pkg']
[0.351s] Level 1:colcon.colcon_core.package_identification:_identify(src/turtlebot3_simulations/turtlebot3_fake_node) by extension 'colcon_pkg'
[0.351s] Level 1:colcon.colcon_core.package_identification:_identify(src/turtlebot3_simulations/turtlebot3_fake_node) by extensions ['colcon_meta']
[0.352s] Level 1:colcon.colcon_core.package_identification:_identify(src/turtlebot3_simulations/turtlebot3_fake_node) by extension 'colcon_meta'
[0.352s] Level 1:colcon.colcon_core.package_identification:_identify(src/turtlebot3_simulations/turtlebot3_fake_node) by extensions ['ros']
[0.352s] Level 1:colcon.colcon_core.package_identification:_identify(src/turtlebot3_simulations/turtlebot3_fake_node) by extension 'ros'
[0.353s] DEBUG:colcon.colcon_core.package_identification:Package 'src/turtlebot3_simulations/turtlebot3_fake_node' with type 'ros.ament_cmake' and name 'turtlebot3_fake_node'
[0.353s] Level 1:colcon.colcon_core.package_identification:_identify(src/turtlebot3_simulations/turtlebot3_gazebo) by extensions ['ignore', 'ignore_ament_install']
[0.353s] Level 1:colcon.colcon_core.package_identification:_identify(src/turtlebot3_simulations/turtlebot3_gazebo) by extension 'ignore'
[0.354s] Level 1:colcon.colcon_core.package_identification:_identify(src/turtlebot3_simulations/turtlebot3_gazebo) by extension 'ignore_ament_install'
[0.354s] Level 1:colcon.colcon_core.package_identification:_identify(src/turtlebot3_simulations/turtlebot3_gazebo) by extensions ['colcon_pkg']
[0.354s] Level 1:colcon.colcon_core.package_identification:_identify(src/turtlebot3_simulations/turtlebot3_gazebo) by extension 'colcon_pkg'
[0.354s] Level 1:colcon.colcon_core.package_identification:_identify(src/turtlebot3_simulations/turtlebot3_gazebo) by extensions ['colcon_meta']
[0.354s] Level 1:colcon.colcon_core.package_identification:_identify(src/turtlebot3_simulations/turtlebot3_gazebo) by extension 'colcon_meta'
[0.354s] Level 1:colcon.colcon_core.package_identification:_identify(src/turtlebot3_simulations/turtlebot3_gazebo) by extensions ['ros']
[0.354s] Level 1:colcon.colcon_core.package_identification:_identify(src/turtlebot3_simulations/turtlebot3_gazebo) by extension 'ros'
[0.354s] DEBUG:colcon.colcon_core.package_identification:Package 'src/turtlebot3_simulations/turtlebot3_gazebo' with type 'ros.ament_cmake' and name 'turtlebot3_gazebo'
[0.355s] Level 1:colcon.colcon_core.package_identification:_identify(src/turtlebot3_simulations/turtlebot3_ignition) by extensions ['ignore', 'ignore_ament_install']
[0.355s] Level 1:colcon.colcon_core.package_identification:_identify(src/turtlebot3_simulations/turtlebot3_ignition) by extension 'ignore'
[0.355s] Level 1:colcon.colcon_core.package_identification:_identify(src/turtlebot3_simulations/turtlebot3_ignition) ignored
[0.355s] Level 1:colcon.colcon_core.package_identification:_identify(src/turtlebot3_simulations/turtlebot3_simulations) by extensions ['ignore', 'ignore_ament_install']
[0.355s] Level 1:colcon.colcon_core.package_identification:_identify(src/turtlebot3_simulations/turtlebot3_simulations) by extension 'ignore'
[0.355s] Level 1:colcon.colcon_core.package_identification:_identify(src/turtlebot3_simulations/turtlebot3_simulations) by extension 'ignore_ament_install'
[0.355s] Level 1:colcon.colcon_core.package_identification:_identify(src/turtlebot3_simulations/turtlebot3_simulations) by extensions ['colcon_pkg']
[0.355s] Level 1:colcon.colcon_core.package_identification:_identify(src/turtlebot3_simulations/turtlebot3_simulations) by extension 'colcon_pkg'
[0.355s] Level 1:colcon.colcon_core.package_identification:_identify(src/turtlebot3_simulations/turtlebot3_simulations) by extensions ['colcon_meta']
[0.355s] Level 1:colcon.colcon_core.package_identification:_identify(src/turtlebot3_simulations/turtlebot3_simulations) by extension 'colcon_meta'
[0.355s] Level 1:colcon.colcon_core.package_identification:_identify(src/turtlebot3_simulations/turtlebot3_simulations) by extensions ['ros']
[0.355s] Level 1:colcon.colcon_core.package_identification:_identify(src/turtlebot3_simulations/turtlebot3_simulations) by extension 'ros'
[0.356s] DEBUG:colcon.colcon_core.package_identification:Package 'src/turtlebot3_simulations/turtlebot3_simulations' with type 'ros.ament_cmake' and name 'turtlebot3_simulations'
[0.356s] Level 1:colcon.colcon_core.package_discovery:discover_packages(recursive) using defaults
[0.356s] Level 1:colcon.colcon_core.package_discovery:discover_packages(ignore) discover
[0.356s] Level 1:colcon.colcon_core.package_discovery:discover_packages(ignore) using defaults
[0.356s] Level 1:colcon.colcon_core.package_discovery:discover_packages(path) discover
[0.356s] Level 1:colcon.colcon_core.package_discovery:discover_packages(path) using defaults
[0.388s] Level 1:colcon.colcon_core.package_discovery:discover_packages(prefix_path) check parameters
[0.388s] Level 1:colcon.colcon_core.package_discovery:discover_packages(prefix_path) discover
[0.391s] DEBUG:colcon.colcon_installed_package_information.package_discovery:Found 7 installed packages in /home/students/group_114/install
[0.392s] DEBUG:colcon.colcon_installed_package_information.package_discovery:Found 4 installed packages in /opt/ros/tb3_ws/install
[0.393s] DEBUG:colcon.colcon_installed_package_information.package_discovery:Found 1 installed packages in /home/students/group_111/install
[0.394s] DEBUG:colcon.colcon_installed_package_information.package_discovery:Found 395 installed packages in /opt/ros/humble
[0.396s] Level 1:colcon.colcon_core.package_discovery:discover_packages(prefix_path) using defaults
[0.430s] Level 5:colcon.colcon_core.verb:set package 'lab02_pkg' build argument 'cmake_args' from command line to 'None'
[0.430s] Level 5:colcon.colcon_core.verb:set package 'lab02_pkg' build argument 'cmake_target' from command line to 'None'
[0.430s] Level 5:colcon.colcon_core.verb:set package 'lab02_pkg' build argument 'cmake_target_skip_unavailable' from command line to 'False'
[0.430s] Level 5:colcon.colcon_core.verb:set package 'lab02_pkg' build argument 'cmake_clean_cache' from command line to 'False'
[0.430s] Level 5:colcon.colcon_core.verb:set package 'lab02_pkg' build argument 'cmake_clean_first' from command line to 'False'
[0.430s] Level 5:colcon.colcon_core.verb:set package 'lab02_pkg' build argument 'cmake_force_configure' from command line to 'False'
[0.430s] Level 5:colcon.colcon_core.verb:set package 'lab02_pkg' build argument 'ament_cmake_args' from command line to 'None'
[0.430s] Level 5:colcon.colcon_core.verb:set package 'lab02_pkg' build argument 'catkin_cmake_args' from command line to 'None'
[0.430s] Level 5:colcon.colcon_core.verb:set package 'lab02_pkg' build argument 'catkin_skip_building_tests' from command line to 'False'
[0.430s] DEBUG:colcon.colcon_core.verb:Building package 'lab02_pkg' with the following arguments: {'ament_cmake_args': None, 'build_base': '/home/students/group_114/build/lab02_pkg', 'catkin_cmake_args': None, 'catkin_skip_building_tests': False, 'cmake_args': None, 'cmake_clean_cache': False, 'cmake_clean_first': False, 'cmake_force_configure': False, 'cmake_target': None, 'cmake_target_skip_unavailable': False, 'install_base': '/home/students/group_114/install/lab02_pkg', 'merge_install': False, 'path': '/home/students/group_114/src/lab02_pkg', 'symlink_install': True, 'test_result_base': None}
[0.431s] Level 5:colcon.colcon_core.verb:set package 'landmark_msgs' build argument 'cmake_args' from command line to 'None'
[0.431s] Level 5:colcon.colcon_core.verb:set package 'landmark_msgs' build argument 'cmake_target' from command line to 'None'
[0.431s] Level 5:colcon.colcon_core.verb:set package 'landmark_msgs' build argument 'cmake_target_skip_unavailable' from command line to 'False'
[0.431s] Level 5:colcon.colcon_core.verb:set package 'landmark_msgs' build argument 'cmake_clean_cache' from command line to 'False'
[0.431s] Level 5:colcon.colcon_core.verb:set package 'landmark_msgs' build argument 'cmake_clean_first' from command line to 'False'
[0.431s] Level 5:colcon.colcon_core.verb:set package 'landmark_msgs' build argument 'cmake_force_configure' from command line to 'False'
[0.431s] Level 5:colcon.colcon_core.verb:set package 'landmark_msgs' build argument 'ament_cmake_args' from command line to 'None'
[0.431s] Level 5:colcon.colcon_core.verb:set package 'landmark_msgs' build argument 'catkin_cmake_args' from command line to 'None'
[0.431s] Level 5:colcon.colcon_core.verb:set package 'landmark_msgs' build argument 'catkin_skip_building_tests' from command line to 'False'
[0.431s] DEBUG:colcon.colcon_core.verb:Building package 'landmark_msgs' with the following arguments: {'ament_cmake_args': None, 'build_base': '/home/students/group_114/build/landmark_msgs', 'catkin_cmake_args': None, 'catkin_skip_building_tests': False, 'cmake_args': None, 'cmake_clean_cache': False, 'cmake_clean_first': False, 'cmake_force_configure': False, 'cmake_target': None, 'cmake_target_skip_unavailable': False, 'install_base': '/home/students/group_114/install/landmark_msgs', 'merge_install': False, 'path': '/home/students/group_114/src/turtlebot3_perception/landmark_msgs', 'symlink_install': True, 'test_result_base': None}
[0.431s] Level 5:colcon.colcon_core.verb:set package 'turtlebot3_fake_node' build argument 'cmake_args' from command line to 'None'
[0.431s] Level 5:colcon.colcon_core.verb:set package 'turtlebot3_fake_node' build argument 'cmake_target' from command line to 'None'
[0.431s] Level 5:colcon.colcon_core.verb:set package 'turtlebot3_fake_node' build argument 'cmake_target_skip_unavailable' from command line to 'False'
[0.431s] Level 5:colcon.colcon_core.verb:set package 'turtlebot3_fake_node' build argument 'cmake_clean_cache' from command line to 'False'
[0.431s] Level 5:colcon.colcon_core.verb:set package 'turtlebot3_fake_node' build argument 'cmake_clean_first' from command line to 'False'
[0.431s] Level 5:colcon.colcon_core.verb:set package 'turtlebot3_fake_node' build argument 'cmake_force_configure' from command line to 'False'
[0.431s] Level 5:colcon.colcon_core.verb:set package 'turtlebot3_fake_node' build argument 'ament_cmake_args' from command line to 'None'
[0.431s] Level 5:colcon.colcon_core.verb:set package 'turtlebot3_fake_node' build argument 'catkin_cmake_args' from command line to 'None'
[0.431s] Level 5:colcon.colcon_core.verb:set package 'turtlebot3_fake_node' build argument 'catkin_skip_building_tests' from command line to 'False'
[0.431s] DEBUG:colcon.colcon_core.verb:Building package 'turtlebot3_fake_node' with the following arguments: {'ament_cmake_args': None, 'build_base': '/home/students/group_114/build/turtlebot3_fake_node', 'catkin_cmake_args': None, 'catkin_skip_building_tests': False, 'cmake_args': None, 'cmake_clean_cache': False, 'cmake_clean_first': False, 'cmake_force_configure': False, 'cmake_target': None, 'cmake_target_skip_unavailable': False, 'install_base': '/home/students/group_114/install/turtlebot3_fake_node', 'merge_install': False, 'path': '/home/students/group_114/src/turtlebot3_simulations/turtlebot3_fake_node', 'symlink_install': True, 'test_result_base': None}
[0.431s] Level 5:colcon.colcon_core.verb:set package 'turtlebot3_gazebo' build argument 'cmake_args' from command line to 'None'
[0.431s] Level 5:colcon.colcon_core.verb:set package 'turtlebot3_gazebo' build argument 'cmake_target' from command line to 'None'
[0.431s] Level 5:colcon.colcon_core.verb:set package 'turtlebot3_gazebo' build argument 'cmake_target_skip_unavailable' from command line to 'False'
[0.431s] Level 5:colcon.colcon_core.verb:set package 'turtlebot3_gazebo' build argument 'cmake_clean_cache' from command line to 'False'
[0.431s] Level 5:colcon.colcon_core.verb:set package 'turtlebot3_gazebo' build argument 'cmake_clean_first' from command line to 'False'
[0.431s] Level 5:colcon.colcon_core.verb:set package 'turtlebot3_gazebo' build argument 'cmake_force_configure' from command line to 'False'
[0.431s] Level 5:colcon.colcon_core.verb:set package 'turtlebot3_gazebo' build argument 'ament_cmake_args' from command line to 'None'
[0.431s] Level 5:colcon.colcon_core.verb:set package 'turtlebot3_gazebo' build argument 'catkin_cmake_args' from command line to 'None'
[0.431s] Level 5:colcon.colcon_core.verb:set package 'turtlebot3_gazebo' build argument 'catkin_skip_building_tests' from command line to 'False'
[0.431s] DEBUG:colcon.colcon_core.verb:Building package 'turtlebot3_gazebo' with the following arguments: {'ament_cmake_args': None, 'build_base': '/home/students/group_114/build/turtlebot3_gazebo', 'catkin_cmake_args': None, 'catkin_skip_building_tests': False, 'cmake_args': None, 'cmake_clean_cache': False, 'cmake_clean_first': False, 'cmake_force_configure': False, 'cmake_target': None, 'cmake_target_skip_unavailable': False, 'install_base': '/home/students/group_114/install/turtlebot3_gazebo', 'merge_install': False, 'path': '/home/students/group_114/src/turtlebot3_simulations/turtlebot3_gazebo', 'symlink_install': True, 'test_result_base': None}
[0.432s] Level 5:colcon.colcon_core.verb:set package 'lab04_pkg' build argument 'cmake_args' from command line to 'None'
[0.432s] Level 5:colcon.colcon_core.verb:set package 'lab04_pkg' build argument 'cmake_target' from command line to 'None'
[0.432s] Level 5:colcon.colcon_core.verb:set package 'lab04_pkg' build argument 'cmake_target_skip_unavailable' from command line to 'False'
[0.432s] Level 5:colcon.colcon_core.verb:set package 'lab04_pkg' build argument 'cmake_clean_cache' from command line to 'False'
[0.432s] Level 5:colcon.colcon_core.verb:set package 'lab04_pkg' build argument 'cmake_clean_first' from command line to 'False'
[0.432s] Level 5:colcon.colcon_core.verb:set package 'lab04_pkg' build argument 'cmake_force_configure' from command line to 'False'
[0.432s] Level 5:colcon.colcon_core.verb:set package 'lab04_pkg' build argument 'ament_cmake_args' from command line to 'None'
[0.432s] Level 5:colcon.colcon_core.verb:set package 'lab04_pkg' build argument 'catkin_cmake_args' from command line to 'None'
[0.432s] Level 5:colcon.colcon_core.verb:set package 'lab04_pkg' build argument 'catkin_skip_building_tests' from command line to 'False'
[0.432s] DEBUG:colcon.colcon_core.verb:Building package 'lab04_pkg' with the following arguments: {'ament_cmake_args': None, 'build_base': '/home/students/group_114/build/lab04_pkg', 'catkin_cmake_args': None, 'catkin_skip_building_tests': False, 'cmake_args': None, 'cmake_clean_cache': False, 'cmake_clean_first': False, 'cmake_force_configure': False, 'cmake_target': None, 'cmake_target_skip_unavailable': False, 'install_base': '/home/students/group_114/install/lab04_pkg', 'merge_install': False, 'path': '/home/students/group_114/src/lab04_pkg', 'symlink_install': True, 'test_result_base': None}
[0.432s] Level 5:colcon.colcon_core.verb:set package 'turtlebot3_perception' build argument 'cmake_args' from command line to 'None'
[0.432s] Level 5:colcon.colcon_core.verb:set package 'turtlebot3_perception' build argument 'cmake_target' from command line to 'None'
[0.432s] Level 5:colcon.colcon_core.verb:set package 'turtlebot3_perception' build argument 'cmake_target_skip_unavailable' from command line to 'False'
[0.432s] Level 5:colcon.colcon_core.verb:set package 'turtlebot3_perception' build argument 'cmake_clean_cache' from command line to 'False'
[0.432s] Level 5:colcon.colcon_core.verb:set package 'turtlebot3_perception' build argument 'cmake_clean_first' from command line to 'False'
[0.432s] Level 5:colcon.colcon_core.verb:set package 'turtlebot3_perception' build argument 'cmake_force_configure' from command line to 'False'
[0.432s] Level 5:colcon.colcon_core.verb:set package 'turtlebot3_perception' build argument 'ament_cmake_args' from command line to 'None'
[0.432s] Level 5:colcon.colcon_core.verb:set package 'turtlebot3_perception' build argument 'catkin_cmake_args' from command line to 'None'
[0.432s] Level 5:colcon.colcon_core.verb:set package 'turtlebot3_perception' build argument 'catkin_skip_building_tests' from command line to 'False'
[0.432s] DEBUG:colcon.colcon_core.verb:Building package 'turtlebot3_perception' with the following arguments: {'ament_cmake_args': None, 'build_base': '/home/students/group_114/build/turtlebot3_perception', 'catkin_cmake_args': None, 'catkin_skip_building_tests': False, 'cmake_args': None, 'cmake_clean_cache': False, 'cmake_clean_first': False, 'cmake_force_configure': False, 'cmake_target': None, 'cmake_target_skip_unavailable': False, 'install_base': '/home/students/group_114/install/turtlebot3_perception', 'merge_install': False, 'path': '/home/students/group_114/src/turtlebot3_perception/turtlebot3_perception', 'symlink_install': True, 'test_result_base': None}
[0.432s] Level 5:colcon.colcon_core.verb:set package 'turtlebot3_simulations' build argument 'cmake_args' from command line to 'None'
[0.432s] Level 5:colcon.colcon_core.verb:set package 'turtlebot3_simulations' build argument 'cmake_target' from command line to 'None'
[0.432s] Level 5:colcon.colcon_core.verb:set package 'turtlebot3_simulations' build argument 'cmake_target_skip_unavailable' from command line to 'False'
[0.432s] Level 5:colcon.colcon_core.verb:set package 'turtlebot3_simulations' build argument 'cmake_clean_cache' from command line to 'False'
[0.432s] Level 5:colcon.colcon_core.verb:set package 'turtlebot3_simulations' build argument 'cmake_clean_first' from command line to 'False'
[0.432s] Level 5:colcon.colcon_core.verb:set package 'turtlebot3_simulations' build argument 'cmake_force_configure' from command line to 'False'
[0.432s] Level 5:colcon.colcon_core.verb:set package 'turtlebot3_simulations' build argument 'ament_cmake_args' from command line to 'None'
[0.432s] Level 5:colcon.colcon_core.verb:set package 'turtlebot3_simulations' build argument 'catkin_cmake_args' from command line to 'None'
[0.432s] Level 5:colcon.colcon_core.verb:set package 'turtlebot3_simulations' build argument 'catkin_skip_building_tests' from command line to 'False'
[0.432s] DEBUG:colcon.colcon_core.verb:Building package 'turtlebot3_simulations' with the following arguments: {'ament_cmake_args': None, 'build_base': '/home/students/group_114/build/turtlebot3_simulations', 'catkin_cmake_args': None, 'catkin_skip_building_tests': False, 'cmake_args': None, 'cmake_clean_cache': False, 'cmake_clean_first': False, 'cmake_force_configure': False, 'cmake_target': None, 'cmake_target_skip_unavailable': False, 'install_base': '/home/students/group_114/install/turtlebot3_simulations', 'merge_install': False, 'path': '/home/students/group_114/src/turtlebot3_simulations/turtlebot3_simulations', 'symlink_install': True, 'test_result_base': None}
[0.432s] INFO:colcon.colcon_core.executor:Executing jobs using 'parallel' executor
[0.433s] DEBUG:colcon.colcon_parallel_executor.executor.parallel:run_until_complete
[0.433s] INFO:colcon.colcon_ros.task.ament_cmake.build:Building ROS package in '/home/students/group_114/src/turtlebot3_perception/landmark_msgs' with build type 'ament_cmake'
[0.434s] INFO:colcon.colcon_cmake.task.cmake.build:Building CMake package in '/home/students/group_114/src/turtlebot3_perception/landmark_msgs'
[0.437s] INFO:colcon.colcon_core.plugin_system:Skipping extension 'colcon_core.shell.bat': Not used on non-Windows systems
[0.437s] INFO:colcon.colcon_core.shell:Skip shell extension 'powershell' for command environment: Not usable outside of PowerShell
[0.437s] DEBUG:colcon.colcon_core.shell:Skip shell extension 'dsv' for command environment
[0.441s] INFO:colcon.colcon_ros.task.ament_cmake.build:Building ROS package in '/home/students/group_114/src/turtlebot3_simulations/turtlebot3_fake_node' with build type 'ament_cmake'
[0.441s] INFO:colcon.colcon_cmake.task.cmake.build:Building CMake package in '/home/students/group_114/src/turtlebot3_simulations/turtlebot3_fake_node'
[0.441s] INFO:colcon.colcon_core.shell:Skip shell extension 'powershell' for command environment: Not usable outside of PowerShell
[0.441s] DEBUG:colcon.colcon_core.shell:Skip shell extension 'dsv' for command environment
[0.444s] INFO:colcon.colcon_ros.task.ament_python.build:Building ROS package in '/home/students/group_114/src/lab02_pkg' with build type 'ament_python'
[0.444s] Level 1:colcon.colcon_core.shell:create_environment_hook('lab02_pkg', 'ament_prefix_path')
[0.444s] INFO:colcon.colcon_core.shell:Creating environment hook '/home/students/group_114/install/lab02_pkg/share/lab02_pkg/hook/ament_prefix_path.ps1'
[0.445s] INFO:colcon.colcon_core.shell:Creating environment descriptor '/home/students/group_114/install/lab02_pkg/share/lab02_pkg/hook/ament_prefix_path.dsv'
[0.445s] INFO:colcon.colcon_core.shell:Creating environment hook '/home/students/group_114/install/lab02_pkg/share/lab02_pkg/hook/ament_prefix_path.sh'
[0.446s] INFO:colcon.colcon_core.shell:Skip shell extension 'powershell' for command environment: Not usable outside of PowerShell
[0.446s] DEBUG:colcon.colcon_core.shell:Skip shell extension 'dsv' for command environment
[0.449s] INFO:colcon.colcon_ros.task.ament_cmake.build:Building ROS package in '/home/students/group_114/src/turtlebot3_simulations/turtlebot3_gazebo' with build type 'ament_cmake'
[0.449s] INFO:colcon.colcon_cmake.task.cmake.build:Building CMake package in '/home/students/group_114/src/turtlebot3_simulations/turtlebot3_gazebo'
[0.449s] INFO:colcon.colcon_core.shell:Skip shell extension 'powershell' for command environment: Not usable outside of PowerShell
[0.449s] DEBUG:colcon.colcon_core.shell:Skip shell extension 'dsv' for command environment
[0.455s] DEBUG:colcon.colcon_core.event_handler.log_command:Invoking command in '/home/students/group_114/build/landmark_msgs': CMAKE_PREFIX_PATH=${CMAKE_PREFIX_PATH}:/home/students/group_114/install/turtlebot3_perception:/home/students/group_114/install/lab04_pkg:/home/students/group_114/install/lab02_pkg:/opt/ros/humble /usr/bin/cmake --build /home/students/group_114/build/landmark_msgs -- -j8 -l8
[0.463s] DEBUG:colcon.colcon_core.event_handler.log_command:Invoking command in '/home/students/group_114/build/turtlebot3_fake_node': CMAKE_PREFIX_PATH=${CMAKE_PREFIX_PATH}:/home/students/group_114/install/turtlebot3_perception:/home/students/group_114/install/lab04_pkg:/home/students/group_114/install/lab02_pkg:/opt/ros/humble /usr/bin/cmake --build /home/students/group_114/build/turtlebot3_fake_node -- -j8 -l8
[0.673s] INFO:colcon.colcon_core.task.python.build:Building Python package in '/home/students/group_114/src/lab02_pkg'
[0.673s] INFO:colcon.colcon_core.shell:Skip shell extension 'powershell' for command environment: Not usable outside of PowerShell
[0.673s] DEBUG:colcon.colcon_core.shell:Skip shell extension 'dsv' for command environment
[0.683s] DEBUG:colcon.colcon_core.event_handler.log_command:Invoking command in '/home/students/group_114/build/turtlebot3_gazebo': CMAKE_PREFIX_PATH=${CMAKE_PREFIX_PATH}:/home/students/group_114/install/turtlebot3_perception:/home/students/group_114/install/lab04_pkg:/home/students/group_114/install/lab02_pkg:/opt/ros/humble /usr/bin/cmake --build /home/students/group_114/build/turtlebot3_gazebo -- -j8 -l8
[0.683s] DEBUG:colcon.colcon_core.event_handler.log_command:Invoked command in '/home/students/group_114/build/turtlebot3_fake_node' returned '0': CMAKE_PREFIX_PATH=${CMAKE_PREFIX_PATH}:/home/students/group_114/install/turtlebot3_perception:/home/students/group_114/install/lab04_pkg:/home/students/group_114/install/lab02_pkg:/opt/ros/humble /usr/bin/cmake --build /home/students/group_114/build/turtlebot3_fake_node -- -j8 -l8
[0.690s] DEBUG:colcon.colcon_core.event_handler.log_command:Invoking command in '/home/students/group_114/build/turtlebot3_fake_node': CMAKE_PREFIX_PATH=${CMAKE_PREFIX_PATH}:/home/students/group_114/install/turtlebot3_perception:/home/students/group_114/install/lab04_pkg:/home/students/group_114/install/lab02_pkg:/opt/ros/humble /usr/bin/cmake --install /home/students/group_114/build/turtlebot3_fake_node
[0.764s] Level 1:colcon.colcon_core.environment:create_environment_scripts_only(turtlebot3_fake_node)
[0.765s] DEBUG:colcon.colcon_core.event_handler.log_command:Invoked command in '/home/students/group_114/build/turtlebot3_fake_node' returned '0': CMAKE_PREFIX_PATH=${CMAKE_PREFIX_PATH}:/home/students/group_114/install/turtlebot3_perception:/home/students/group_114/install/lab04_pkg:/home/students/group_114/install/lab02_pkg:/opt/ros/humble /usr/bin/cmake --install /home/students/group_114/build/turtlebot3_fake_node
[0.773s] Level 1:colcon.colcon_core.environment:checking '/home/students/group_114/install/turtlebot3_fake_node' for CMake module files
[0.774s] Level 1:colcon.colcon_core.environment:checking '/home/students/group_114/install/turtlebot3_fake_node' for CMake config files
[0.774s] Level 1:colcon.colcon_core.shell:create_environment_hook('turtlebot3_fake_node', 'cmake_prefix_path')
[0.775s] INFO:colcon.colcon_core.shell:Creating environment hook '/home/students/group_114/install/turtlebot3_fake_node/share/turtlebot3_fake_node/hook/cmake_prefix_path.ps1'
[0.775s] INFO:colcon.colcon_core.shell:Creating environment descriptor '/home/students/group_114/install/turtlebot3_fake_node/share/turtlebot3_fake_node/hook/cmake_prefix_path.dsv'
[0.776s] INFO:colcon.colcon_core.shell:Creating environment hook '/home/students/group_114/install/turtlebot3_fake_node/share/turtlebot3_fake_node/hook/cmake_prefix_path.sh'
[0.777s] Level 1:colcon.colcon_core.environment:checking '/home/students/group_114/install/turtlebot3_fake_node/lib'
[0.777s] Level 1:colcon.colcon_core.environment:checking '/home/students/group_114/install/turtlebot3_fake_node/bin'
[0.777s] Level 1:colcon.colcon_core.environment:checking '/home/students/group_114/install/turtlebot3_fake_node/lib/pkgconfig/turtlebot3_fake_node.pc'
[0.777s] Level 1:colcon.colcon_core.environment:checking '/home/students/group_114/install/turtlebot3_fake_node/lib/python3.10/site-packages'
[0.778s] Level 1:colcon.colcon_core.environment:checking '/home/students/group_114/install/turtlebot3_fake_node/bin'
[0.778s] INFO:colcon.colcon_core.shell:Creating package script '/home/students/group_114/install/turtlebot3_fake_node/share/turtlebot3_fake_node/package.ps1'
[0.781s] INFO:colcon.colcon_core.shell:Creating package descriptor '/home/students/group_114/install/turtlebot3_fake_node/share/turtlebot3_fake_node/package.dsv'
[0.787s] INFO:colcon.colcon_core.shell:Creating package script '/home/students/group_114/install/turtlebot3_fake_node/share/turtlebot3_fake_node/package.sh'
[0.789s] INFO:colcon.colcon_core.shell:Creating package script '/home/students/group_114/install/turtlebot3_fake_node/share/turtlebot3_fake_node/package.bash'
[0.792s] INFO:colcon.colcon_core.shell:Creating package script '/home/students/group_114/install/turtlebot3_fake_node/share/turtlebot3_fake_node/package.zsh'
[0.796s] Level 1:colcon.colcon_core.environment:create_file_with_runtime_dependencies(/home/students/group_114/install/turtlebot3_fake_node/share/colcon-core/packages/turtlebot3_fake_node)
[0.797s] Level 1:colcon.colcon_core.environment:create_environment_scripts_only(turtlebot3_fake_node)
[0.797s] Level 1:colcon.colcon_core.environment:checking '/home/students/group_114/install/turtlebot3_fake_node' for CMake module files
[0.798s] Level 1:colcon.colcon_core.environment:checking '/home/students/group_114/install/turtlebot3_fake_node' for CMake config files
[0.798s] Level 1:colcon.colcon_core.shell:create_environment_hook('turtlebot3_fake_node', 'cmake_prefix_path')
[0.799s] INFO:colcon.colcon_core.shell:Creating environment hook '/home/students/group_114/install/turtlebot3_fake_node/share/turtlebot3_fake_node/hook/cmake_prefix_path.ps1'
[0.802s] INFO:colcon.colcon_core.shell:Creating environment descriptor '/home/students/group_114/install/turtlebot3_fake_node/share/turtlebot3_fake_node/hook/cmake_prefix_path.dsv'
[0.804s] INFO:colcon.colcon_core.shell:Creating environment hook '/home/students/group_114/install/turtlebot3_fake_node/share/turtlebot3_fake_node/hook/cmake_prefix_path.sh'
[0.805s] Level 1:colcon.colcon_core.environment:checking '/home/students/group_114/install/turtlebot3_fake_node/lib'
[0.805s] Level 1:colcon.colcon_core.environment:checking '/home/students/group_114/install/turtlebot3_fake_node/bin'
[0.805s] Level 1:colcon.colcon_core.environment:checking '/home/students/group_114/install/turtlebot3_fake_node/lib/pkgconfig/turtlebot3_fake_node.pc'
[0.806s] Level 1:colcon.colcon_core.environment:checking '/home/students/group_114/install/turtlebot3_fake_node/lib/python3.10/site-packages'
[0.806s] Level 1:colcon.colcon_core.environment:checking '/home/students/group_114/install/turtlebot3_fake_node/bin'
[0.806s] INFO:colcon.colcon_core.shell:Creating package script '/home/students/group_114/install/turtlebot3_fake_node/share/turtlebot3_fake_node/package.ps1'
[0.807s] INFO:colcon.colcon_core.shell:Creating package descriptor '/home/students/group_114/install/turtlebot3_fake_node/share/turtlebot3_fake_node/package.dsv'
[0.808s] INFO:colcon.colcon_core.shell:Creating package script '/home/students/group_114/install/turtlebot3_fake_node/share/turtlebot3_fake_node/package.sh'
[0.808s] INFO:colcon.colcon_core.shell:Creating package script '/home/students/group_114/install/turtlebot3_fake_node/share/turtlebot3_fake_node/package.bash'
[0.809s] INFO:colcon.colcon_core.shell:Creating package script '/home/students/group_114/install/turtlebot3_fake_node/share/turtlebot3_fake_node/package.zsh'
[0.809s] Level 1:colcon.colcon_core.environment:create_file_with_runtime_dependencies(/home/students/group_114/install/turtlebot3_fake_node/share/colcon-core/packages/turtlebot3_fake_node)
[0.810s] INFO:colcon.colcon_ros.task.ament_cmake.build:Building ROS package in '/home/students/group_114/src/turtlebot3_simulations/turtlebot3_simulations' with build type 'ament_cmake'
[0.811s] INFO:colcon.colcon_cmake.task.cmake.build:Building CMake package in '/home/students/group_114/src/turtlebot3_simulations/turtlebot3_simulations'
[0.811s] INFO:colcon.colcon_core.shell:Skip shell extension 'powershell' for command environment: Not usable outside of PowerShell
[0.811s] DEBUG:colcon.colcon_core.shell:Skip shell extension 'dsv' for command environment
[0.825s] DEBUG:colcon.colcon_core.event_handler.log_command:Invoking command in '/home/students/group_114/build/turtlebot3_simulations': CMAKE_PREFIX_PATH=/home/students/group_114/install/turtlebot3_fake_node:/home/students/group_114/install/turtlebot3_simulations:/home/students/group_114/install/turtlebot3_gazebo:/home/students/group_114/install/landmark_msgs:/opt/ros/tb3_ws/install/turtlebot3_simulations:/opt/ros/tb3_ws/install/turtlebot3_gazebo:/opt/ros/tb3_ws/install/turtlebot3_fake_node:/opt/ros/tb3_ws/install/ld08_driver:/home/students/group_114/install/turtlebot3_perception:/home/students/group_114/install/lab04_pkg:/home/students/group_114/install/lab02_pkg:/opt/ros/humble /usr/bin/cmake --build /home/students/group_114/build/turtlebot3_simulations -- -j8 -l8
[0.850s] DEBUG:colcon.colcon_core.event_handler.log_command:Invoked command in '/home/students/group_114/build/landmark_msgs' returned '0': CMAKE_PREFIX_PATH=${CMAKE_PREFIX_PATH}:/home/students/group_114/install/turtlebot3_perception:/home/students/group_114/install/lab04_pkg:/home/students/group_114/install/lab02_pkg:/opt/ros/humble /usr/bin/cmake --build /home/students/group_114/build/landmark_msgs -- -j8 -l8
[0.857s] DEBUG:colcon.colcon_core.event_handler.log_command:Invoking command in '/home/students/group_114/build/landmark_msgs': CMAKE_PREFIX_PATH=${CMAKE_PREFIX_PATH}:/home/students/group_114/install/turtlebot3_perception:/home/students/group_114/install/lab04_pkg:/home/students/group_114/install/lab02_pkg:/opt/ros/humble /usr/bin/cmake --install /home/students/group_114/build/landmark_msgs
[0.888s] DEBUG:colcon.colcon_core.event_handler.log_command:Invoked command in '/home/students/group_114/build/turtlebot3_simulations' returned '0': CMAKE_PREFIX_PATH=/home/students/group_114/install/turtlebot3_fake_node:/home/students/group_114/install/turtlebot3_simulations:/home/students/group_114/install/turtlebot3_gazebo:/home/students/group_114/install/landmark_msgs:/opt/ros/tb3_ws/install/turtlebot3_simulations:/opt/ros/tb3_ws/install/turtlebot3_gazebo:/opt/ros/tb3_ws/install/turtlebot3_fake_node:/opt/ros/tb3_ws/install/ld08_driver:/home/students/group_114/install/turtlebot3_perception:/home/students/group_114/install/lab04_pkg:/home/students/group_114/install/lab02_pkg:/opt/ros/humble /usr/bin/cmake --build /home/students/group_114/build/turtlebot3_simulations -- -j8 -l8
[0.898s] DEBUG:colcon.colcon_core.event_handler.log_command:Invoking command in '/home/students/group_114/build/turtlebot3_simulations': CMAKE_PREFIX_PATH=/home/students/group_114/install/turtlebot3_fake_node:/home/students/group_114/install/turtlebot3_simulations:/home/students/group_114/install/turtlebot3_gazebo:/home/students/group_114/install/landmark_msgs:/opt/ros/tb3_ws/install/turtlebot3_simulations:/opt/ros/tb3_ws/install/turtlebot3_gazebo:/opt/ros/tb3_ws/install/turtlebot3_fake_node:/opt/ros/tb3_ws/install/ld08_driver:/home/students/group_114/install/turtlebot3_perception:/home/students/group_114/install/lab04_pkg:/home/students/group_114/install/lab02_pkg:/opt/ros/humble /usr/bin/cmake --install /home/students/group_114/build/turtlebot3_simulations
[0.955s] Level 1:colcon.colcon_core.environment:create_environment_scripts_only(turtlebot3_simulations)
[0.956s] Level 1:colcon.colcon_core.environment:checking '/home/students/group_114/install/turtlebot3_simulations' for CMake module files
[0.957s] DEBUG:colcon.colcon_core.event_handler.log_command:Invoked command in '/home/students/group_114/build/turtlebot3_simulations' returned '0': CMAKE_PREFIX_PATH=/home/students/group_114/install/turtlebot3_fake_node:/home/students/group_114/install/turtlebot3_simulations:/home/students/group_114/install/turtlebot3_gazebo:/home/students/group_114/install/landmark_msgs:/opt/ros/tb3_ws/install/turtlebot3_simulations:/opt/ros/tb3_ws/install/turtlebot3_gazebo:/opt/ros/tb3_ws/install/turtlebot3_fake_node:/opt/ros/tb3_ws/install/ld08_driver:/home/students/group_114/install/turtlebot3_perception:/home/students/group_114/install/lab04_pkg:/home/students/group_114/install/lab02_pkg:/opt/ros/humble /usr/bin/cmake --install /home/students/group_114/build/turtlebot3_simulations
[0.958s] Level 1:colcon.colcon_core.environment:checking '/home/students/group_114/install/turtlebot3_simulations' for CMake config files
[0.958s] Level 1:colcon.colcon_core.shell:create_environment_hook('turtlebot3_simulations', 'cmake_prefix_path')
[0.959s] INFO:colcon.colcon_core.shell:Creating environment hook '/home/students/group_114/install/turtlebot3_simulations/share/turtlebot3_simulations/hook/cmake_prefix_path.ps1'
[0.959s] INFO:colcon.colcon_core.shell:Creating environment descriptor '/home/students/group_114/install/turtlebot3_simulations/share/turtlebot3_simulations/hook/cmake_prefix_path.dsv'
[0.960s] INFO:colcon.colcon_core.shell:Creating environment hook '/home/students/group_114/install/turtlebot3_simulations/share/turtlebot3_simulations/hook/cmake_prefix_path.sh'
[0.961s] Level 1:colcon.colcon_core.environment:checking '/home/students/group_114/install/turtlebot3_simulations/bin'
[0.961s] Level 1:colcon.colcon_core.environment:checking '/home/students/group_114/install/turtlebot3_simulations/lib/pkgconfig/turtlebot3_simulations.pc'
[0.961s] Level 1:colcon.colcon_core.environment:checking '/home/students/group_114/install/turtlebot3_simulations/lib/python3.10/site-packages'
[0.961s] Level 1:colcon.colcon_core.environment:checking '/home/students/group_114/install/turtlebot3_simulations/bin'
[0.962s] INFO:colcon.colcon_core.shell:Creating package script '/home/students/group_114/install/turtlebot3_simulations/share/turtlebot3_simulations/package.ps1'
[0.962s] INFO:colcon.colcon_core.shell:Creating package descriptor '/home/students/group_114/install/turtlebot3_simulations/share/turtlebot3_simulations/package.dsv'
[0.963s] INFO:colcon.colcon_core.shell:Creating package script '/home/students/group_114/install/turtlebot3_simulations/share/turtlebot3_simulations/package.sh'
[0.963s] INFO:colcon.colcon_core.shell:Creating package script '/home/students/group_114/install/turtlebot3_simulations/share/turtlebot3_simulations/package.bash'
[0.964s] INFO:colcon.colcon_core.shell:Creating package script '/home/students/group_114/install/turtlebot3_simulations/share/turtlebot3_simulations/package.zsh'
[0.965s] Level 1:colcon.colcon_core.environment:create_file_with_runtime_dependencies(/home/students/group_114/install/turtlebot3_simulations/share/colcon-core/packages/turtlebot3_simulations)
[0.966s] Level 1:colcon.colcon_core.environment:create_environment_scripts_only(turtlebot3_simulations)
[0.966s] Level 1:colcon.colcon_core.environment:checking '/home/students/group_114/install/turtlebot3_simulations' for CMake module files
[0.967s] Level 1:colcon.colcon_core.environment:checking '/home/students/group_114/install/turtlebot3_simulations' for CMake config files
[0.968s] Level 1:colcon.colcon_core.shell:create_environment_hook('turtlebot3_simulations', 'cmake_prefix_path')
[0.969s] INFO:colcon.colcon_core.shell:Creating environment hook '/home/students/group_114/install/turtlebot3_simulations/share/turtlebot3_simulations/hook/cmake_prefix_path.ps1'
[0.970s] INFO:colcon.colcon_core.shell:Creating environment descriptor '/home/students/group_114/install/turtlebot3_simulations/share/turtlebot3_simulations/hook/cmake_prefix_path.dsv'
[0.971s] INFO:colcon.colcon_core.shell:Creating environment hook '/home/students/group_114/install/turtlebot3_simulations/share/turtlebot3_simulations/hook/cmake_prefix_path.sh'
[0.972s] Level 1:colcon.colcon_core.environment:checking '/home/students/group_114/install/turtlebot3_simulations/bin'
[0.972s] Level 1:colcon.colcon_core.environment:checking '/home/students/group_114/install/turtlebot3_simulations/lib/pkgconfig/turtlebot3_simulations.pc'
[0.973s] Level 1:colcon.colcon_core.environment:checking '/home/students/group_114/install/turtlebot3_simulations/lib/python3.10/site-packages'
[0.974s] Level 1:colcon.colcon_core.environment:checking '/home/students/group_114/install/turtlebot3_simulations/bin'
[0.974s] INFO:colcon.colcon_core.shell:Creating package script '/home/students/group_114/install/turtlebot3_simulations/share/turtlebot3_simulations/package.ps1'
[0.977s] INFO:colcon.colcon_core.shell:Creating package descriptor '/home/students/group_114/install/turtlebot3_simulations/share/turtlebot3_simulations/package.dsv'
[0.979s] INFO:colcon.colcon_core.shell:Creating package script '/home/students/group_114/install/turtlebot3_simulations/share/turtlebot3_simulations/package.sh'
[0.981s] INFO:colcon.colcon_core.shell:Creating package script '/home/students/group_114/install/turtlebot3_simulations/share/turtlebot3_simulations/package.bash'
[0.983s] INFO:colcon.colcon_core.shell:Creating package script '/home/students/group_114/install/turtlebot3_simulations/share/turtlebot3_simulations/package.zsh'
[0.985s] Level 1:colcon.colcon_core.environment:create_file_with_runtime_dependencies(/home/students/group_114/install/turtlebot3_simulations/share/colcon-core/packages/turtlebot3_simulations)
[1.098s] DEBUG:colcon.colcon_core.event_handler.log_command:Invoked command in '/home/students/group_114/build/turtlebot3_gazebo' returned '0': CMAKE_PREFIX_PATH=${CMAKE_PREFIX_PATH}:/home/students/group_114/install/turtlebot3_perception:/home/students/group_114/install/lab04_pkg:/home/students/group_114/install/lab02_pkg:/opt/ros/humble /usr/bin/cmake --build /home/students/group_114/build/turtlebot3_gazebo -- -j8 -l8
[1.101s] DEBUG:colcon.colcon_core.event_handler.log_command:Invoking command in '/home/students/group_114/build/turtlebot3_gazebo': CMAKE_PREFIX_PATH=${CMAKE_PREFIX_PATH}:/home/students/group_114/install/turtlebot3_perception:/home/students/group_114/install/lab04_pkg:/home/students/group_114/install/lab02_pkg:/opt/ros/humble /usr/bin/cmake --install /home/students/group_114/build/turtlebot3_gazebo
[1.120s] Level 1:colcon.colcon_core.environment:create_environment_scripts_only(landmark_msgs)
[1.120s] DEBUG:colcon.colcon_core.event_handler.log_command:Invoked command in '/home/students/group_114/build/landmark_msgs' returned '0': CMAKE_PREFIX_PATH=${CMAKE_PREFIX_PATH}:/home/students/group_114/install/turtlebot3_perception:/home/students/group_114/install/lab04_pkg:/home/students/group_114/install/lab02_pkg:/opt/ros/humble /usr/bin/cmake --install /home/students/group_114/build/landmark_msgs
[1.120s] Level 1:colcon.colcon_core.environment:checking '/home/students/group_114/install/landmark_msgs' for CMake module files
[1.121s] Level 1:colcon.colcon_core.environment:checking '/home/students/group_114/install/landmark_msgs' for CMake config files
[1.121s] Level 1:colcon.colcon_core.shell:create_environment_hook('landmark_msgs', 'cmake_prefix_path')
[1.121s] INFO:colcon.colcon_core.shell:Creating environment hook '/home/students/group_114/install/landmark_msgs/share/landmark_msgs/hook/cmake_prefix_path.ps1'
[1.122s] INFO:colcon.colcon_core.shell:Creating environment descriptor '/home/students/group_114/install/landmark_msgs/share/landmark_msgs/hook/cmake_prefix_path.dsv'
[1.122s] INFO:colcon.colcon_core.shell:Creating environment hook '/home/students/group_114/install/landmark_msgs/share/landmark_msgs/hook/cmake_prefix_path.sh'
[1.123s] Level 1:colcon.colcon_core.environment:checking '/home/students/group_114/install/landmark_msgs/lib'
[1.123s] Level 1:colcon.colcon_core.shell:create_environment_hook('landmark_msgs', 'ld_library_path_lib')
[1.123s] INFO:colcon.colcon_core.shell:Creating environment hook '/home/students/group_114/install/landmark_msgs/share/landmark_msgs/hook/ld_library_path_lib.ps1'
[1.123s] INFO:colcon.colcon_core.shell:Creating environment descriptor '/home/students/group_114/install/landmark_msgs/share/landmark_msgs/hook/ld_library_path_lib.dsv'
[1.124s] INFO:colcon.colcon_core.shell:Creating environment hook '/home/students/group_114/install/landmark_msgs/share/landmark_msgs/hook/ld_library_path_lib.sh'
[1.124s] Level 1:colcon.colcon_core.environment:checking '/home/students/group_114/install/landmark_msgs/bin'
[1.124s] Level 1:colcon.colcon_core.environment:checking '/home/students/group_114/install/landmark_msgs/lib/pkgconfig/landmark_msgs.pc'
[1.125s] Level 1:colcon.colcon_core.environment:checking '/home/students/group_114/install/landmark_msgs/lib/python3.10/site-packages'
[1.125s] Level 1:colcon.colcon_core.environment:checking '/home/students/group_114/install/landmark_msgs/bin'
[1.125s] INFO:colcon.colcon_core.shell:Creating package script '/home/students/group_114/install/landmark_msgs/share/landmark_msgs/package.ps1'
[1.126s] INFO:colcon.colcon_core.shell:Creating package descriptor '/home/students/group_114/install/landmark_msgs/share/landmark_msgs/package.dsv'
[1.126s] INFO:colcon.colcon_core.shell:Creating package script '/home/students/group_114/install/landmark_msgs/share/landmark_msgs/package.sh'
[1.127s] INFO:colcon.colcon_core.shell:Creating package script '/home/students/group_114/install/landmark_msgs/share/landmark_msgs/package.bash'
[1.128s] INFO:colcon.colcon_core.shell:Creating package script '/home/students/group_114/install/landmark_msgs/share/landmark_msgs/package.zsh'
[1.129s] Level 1:colcon.colcon_core.environment:create_file_with_runtime_dependencies(/home/students/group_114/install/landmark_msgs/share/colcon-core/packages/landmark_msgs)
[1.130s] Level 1:colcon.colcon_core.environment:create_environment_scripts_only(landmark_msgs)
[1.130s] Level 1:colcon.colcon_core.environment:checking '/home/students/group_114/install/landmark_msgs' for CMake module files
[1.132s] Level 1:colcon.colcon_core.environment:checking '/home/students/group_114/install/landmark_msgs' for CMake config files
[1.132s] Level 1:colcon.colcon_core.shell:create_environment_hook('landmark_msgs', 'cmake_prefix_path')
[1.133s] INFO:colcon.colcon_core.shell:Creating environment hook '/home/students/group_114/install/landmark_msgs/share/landmark_msgs/hook/cmake_prefix_path.ps1'
[1.134s] INFO:colcon.colcon_core.shell:Creating environment descriptor '/home/students/group_114/install/landmark_msgs/share/landmark_msgs/hook/cmake_prefix_path.dsv'
[1.135s] INFO:colcon.colcon_core.shell:Creating environment hook '/home/students/group_114/install/landmark_msgs/share/landmark_msgs/hook/cmake_prefix_path.sh'
[1.136s] Level 1:colcon.colcon_core.environment:checking '/home/students/group_114/install/landmark_msgs/lib'
[1.136s] Level 1:colcon.colcon_core.shell:create_environment_hook('landmark_msgs', 'ld_library_path_lib')
[1.136s] INFO:colcon.colcon_core.shell:Creating environment hook '/home/students/group_114/install/landmark_msgs/share/landmark_msgs/hook/ld_library_path_lib.ps1'
[1.137s] INFO:colcon.colcon_core.shell:Creating environment descriptor '/home/students/group_114/install/landmark_msgs/share/landmark_msgs/hook/ld_library_path_lib.dsv'
[1.138s] INFO:colcon.colcon_core.shell:Creating environment hook '/home/students/group_114/install/landmark_msgs/share/landmark_msgs/hook/ld_library_path_lib.sh'
[1.138s] Level 1:colcon.colcon_core.environment:checking '/home/students/group_114/install/landmark_msgs/bin'
[1.138s] Level 1:colcon.colcon_core.environment:checking '/home/students/group_114/install/landmark_msgs/lib/pkgconfig/landmark_msgs.pc'
[1.139s] Level 1:colcon.colcon_core.environment:checking '/home/students/group_114/install/landmark_msgs/lib/python3.10/site-packages'
[1.139s] Level 1:colcon.colcon_core.environment:checking '/home/students/group_114/install/landmark_msgs/bin'
[1.140s] INFO:colcon.colcon_core.shell:Creating package script '/home/students/group_114/install/landmark_msgs/share/landmark_msgs/package.ps1'
[1.140s] INFO:colcon.colcon_core.shell:Creating package descriptor '/home/students/group_114/install/landmark_msgs/share/landmark_msgs/package.dsv'
[1.141s] INFO:colcon.colcon_core.shell:Creating package script '/home/students/group_114/install/landmark_msgs/share/landmark_msgs/package.sh'
[1.141s] INFO:colcon.colcon_core.shell:Creating package script '/home/students/group_114/install/landmark_msgs/share/landmark_msgs/package.bash'
[1.142s] INFO:colcon.colcon_core.shell:Creating package script '/home/students/group_114/install/landmark_msgs/share/landmark_msgs/package.zsh'
[1.143s] Level 1:colcon.colcon_core.environment:create_file_with_runtime_dependencies(/home/students/group_114/install/landmark_msgs/share/colcon-core/packages/landmark_msgs)
[1.143s] INFO:colcon.colcon_ros.task.ament_python.build:Building ROS package in '/home/students/group_114/src/lab04_pkg' with build type 'ament_python'
[1.143s] Level 1:colcon.colcon_core.shell:create_environment_hook('lab04_pkg', 'ament_prefix_path')
[1.144s] INFO:colcon.colcon_core.shell:Creating environment hook '/home/students/group_114/install/lab04_pkg/share/lab04_pkg/hook/ament_prefix_path.ps1'
[1.144s] INFO:colcon.colcon_core.shell:Creating environment descriptor '/home/students/group_114/install/lab04_pkg/share/lab04_pkg/hook/ament_prefix_path.dsv'
[1.145s] INFO:colcon.colcon_core.shell:Creating environment hook '/home/students/group_114/install/lab04_pkg/share/lab04_pkg/hook/ament_prefix_path.sh'
[1.147s] INFO:colcon.colcon_core.shell:Skip shell extension 'powershell' for command environment: Not usable outside of PowerShell
[1.147s] DEBUG:colcon.colcon_core.shell:Skip shell extension 'dsv' for command environment
[1.159s] INFO:colcon.colcon_ros.task.ament_python.build:Building ROS package in '/home/students/group_114/src/turtlebot3_perception/turtlebot3_perception' with build type 'ament_python'
[1.159s] Level 1:colcon.colcon_core.shell:create_environment_hook('turtlebot3_perception', 'ament_prefix_path')
[1.159s] INFO:colcon.colcon_core.shell:Creating environment hook '/home/students/group_114/install/turtlebot3_perception/share/turtlebot3_perception/hook/ament_prefix_path.ps1'
[1.160s] INFO:colcon.colcon_core.shell:Creating environment descriptor '/home/students/group_114/install/turtlebot3_perception/share/turtlebot3_perception/hook/ament_prefix_path.dsv'
[1.160s] INFO:colcon.colcon_core.shell:Creating environment hook '/home/students/group_114/install/turtlebot3_perception/share/turtlebot3_perception/hook/ament_prefix_path.sh'
[1.160s] INFO:colcon.colcon_core.shell:Skip shell extension 'powershell' for command environment: Not usable outside of PowerShell
[1.161s] DEBUG:colcon.colcon_core.shell:Skip shell extension 'dsv' for command environment
[1.342s] INFO:colcon.colcon_core.task.python.build:Building Python package in '/home/students/group_114/src/turtlebot3_perception/turtlebot3_perception'
[1.343s] INFO:colcon.colcon_core.shell:Skip shell extension 'powershell' for command environment: Not usable outside of PowerShell
[1.343s] DEBUG:colcon.colcon_core.shell:Skip shell extension 'dsv' for command environment
[1.523s] INFO:colcon.colcon_core.task.python.build:Building Python package in '/home/students/group_114/src/lab04_pkg'
[1.524s] INFO:colcon.colcon_core.shell:Skip shell extension 'powershell' for command environment: Not usable outside of PowerShell
[1.524s] DEBUG:colcon.colcon_core.shell:Skip shell extension 'dsv' for command environment
[1.530s] DEBUG:colcon.colcon_core.event_handler.log_command:Invoking command in '/home/students/group_114/build/lab02_pkg': PYTHONPATH=/home/students/group_114/build/lab02_pkg/prefix_override:/usr/lib/python3/dist-packages/colcon_core/task/python/colcon_distutils_commands:/home/students/group_114/install/lab02_pkg/lib/python3.10/site-packages:${PYTHONPATH} /usr/bin/python3 -W ignore:setup.py install is deprecated -W ignore:easy_install command is deprecated setup.py develop --editable --build-directory /home/students/group_114/build/lab02_pkg/build --no-deps symlink_data
[1.532s] Level 1:colcon.colcon_core.environment:create_environment_scripts_only(turtlebot3_gazebo)
[1.532s] Level 1:colcon.colcon_core.environment:checking '/home/students/group_114/install/turtlebot3_gazebo' for CMake module files
[1.533s] DEBUG:colcon.colcon_core.event_handler.log_command:Invoked command in '/home/students/group_114/build/turtlebot3_gazebo' returned '0': CMAKE_PREFIX_PATH=${CMAKE_PREFIX_PATH}:/home/students/group_114/install/turtlebot3_perception:/home/students/group_114/install/lab04_pkg:/home/students/group_114/install/lab02_pkg:/opt/ros/humble /usr/bin/cmake --install /home/students/group_114/build/turtlebot3_gazebo
[1.533s] Level 1:colcon.colcon_core.environment:checking '/home/students/group_114/install/turtlebot3_gazebo' for CMake config files
[1.534s] Level 1:colcon.colcon_core.shell:create_environment_hook('turtlebot3_gazebo', 'cmake_prefix_path')
[1.534s] INFO:colcon.colcon_core.shell:Creating environment hook '/home/students/group_114/install/turtlebot3_gazebo/share/turtlebot3_gazebo/hook/cmake_prefix_path.ps1'
[1.534s] INFO:colcon.colcon_core.shell:Creating environment descriptor '/home/students/group_114/install/turtlebot3_gazebo/share/turtlebot3_gazebo/hook/cmake_prefix_path.dsv'
[1.534s] INFO:colcon.colcon_core.shell:Creating environment hook '/home/students/group_114/install/turtlebot3_gazebo/share/turtlebot3_gazebo/hook/cmake_prefix_path.sh'
[1.535s] Level 1:colcon.colcon_core.environment:checking '/home/students/group_114/install/turtlebot3_gazebo/lib'
[1.535s] Level 1:colcon.colcon_core.environment:checking '/home/students/group_114/install/turtlebot3_gazebo/bin'
[1.535s] Level 1:colcon.colcon_core.environment:checking '/home/students/group_114/install/turtlebot3_gazebo/lib/pkgconfig/turtlebot3_gazebo.pc'
[1.535s] Level 1:colcon.colcon_core.environment:checking '/home/students/group_114/install/turtlebot3_gazebo/lib/python3.10/site-packages'
[1.535s] Level 1:colcon.colcon_core.environment:checking '/home/students/group_114/install/turtlebot3_gazebo/bin'
[1.535s] INFO:colcon.colcon_core.shell:Creating package script '/home/students/group_114/install/turtlebot3_gazebo/share/turtlebot3_gazebo/package.ps1'
[1.536s] INFO:colcon.colcon_core.shell:Creating package descriptor '/home/students/group_114/install/turtlebot3_gazebo/share/turtlebot3_gazebo/package.dsv'
[1.536s] INFO:colcon.colcon_core.shell:Creating package script '/home/students/group_114/install/turtlebot3_gazebo/share/turtlebot3_gazebo/package.sh'
[1.536s] INFO:colcon.colcon_core.shell:Creating package script '/home/students/group_114/install/turtlebot3_gazebo/share/turtlebot3_gazebo/package.bash'
[1.536s] INFO:colcon.colcon_core.shell:Creating package script '/home/students/group_114/install/turtlebot3_gazebo/share/turtlebot3_gazebo/package.zsh'
[1.536s] Level 1:colcon.colcon_core.environment:create_file_with_runtime_dependencies(/home/students/group_114/install/turtlebot3_gazebo/share/colcon-core/packages/turtlebot3_gazebo)
[1.537s] Level 1:colcon.colcon_core.environment:create_environment_scripts_only(turtlebot3_gazebo)
[1.537s] Level 1:colcon.colcon_core.environment:checking '/home/students/group_114/install/turtlebot3_gazebo' for CMake module files
[1.537s] Level 1:colcon.colcon_core.environment:checking '/home/students/group_114/install/turtlebot3_gazebo' for CMake config files
[1.538s] Level 1:colcon.colcon_core.shell:create_environment_hook('turtlebot3_gazebo', 'cmake_prefix_path')
[1.538s] INFO:colcon.colcon_core.shell:Creating environment hook '/home/students/group_114/install/turtlebot3_gazebo/share/turtlebot3_gazebo/hook/cmake_prefix_path.ps1'
[1.538s] INFO:colcon.colcon_core.shell:Creating environment descriptor '/home/students/group_114/install/turtlebot3_gazebo/share/turtlebot3_gazebo/hook/cmake_prefix_path.dsv'
[1.538s] INFO:colcon.colcon_core.shell:Creating environment hook '/home/students/group_114/install/turtlebot3_gazebo/share/turtlebot3_gazebo/hook/cmake_prefix_path.sh'
[1.538s] Level 1:colcon.colcon_core.environment:checking '/home/students/group_114/install/turtlebot3_gazebo/lib'
[1.538s] Level 1:colcon.colcon_core.environment:checking '/home/students/group_114/install/turtlebot3_gazebo/bin'
[1.538s] Level 1:colcon.colcon_core.environment:checking '/home/students/group_114/install/turtlebot3_gazebo/lib/pkgconfig/turtlebot3_gazebo.pc'
[1.539s] Level 1:colcon.colcon_core.environment:checking '/home/students/group_114/install/turtlebot3_gazebo/lib/python3.10/site-packages'
[1.539s] Level 1:colcon.colcon_core.environment:checking '/home/students/group_114/install/turtlebot3_gazebo/bin'
[1.539s] INFO:colcon.colcon_core.shell:Creating package script '/home/students/group_114/install/turtlebot3_gazebo/share/turtlebot3_gazebo/package.ps1'
[1.539s] INFO:colcon.colcon_core.shell:Creating package descriptor '/home/students/group_114/install/turtlebot3_gazebo/share/turtlebot3_gazebo/package.dsv'
[1.539s] INFO:colcon.colcon_core.shell:Creating package script '/home/students/group_114/install/turtlebot3_gazebo/share/turtlebot3_gazebo/package.sh'
[1.540s] INFO:colcon.colcon_core.shell:Creating package script '/home/students/group_114/install/turtlebot3_gazebo/share/turtlebot3_gazebo/package.bash'
[1.540s] INFO:colcon.colcon_core.shell:Creating package script '/home/students/group_114/install/turtlebot3_gazebo/share/turtlebot3_gazebo/package.zsh'
[1.540s] Level 1:colcon.colcon_core.environment:create_file_with_runtime_dependencies(/home/students/group_114/install/turtlebot3_gazebo/share/colcon-core/packages/turtlebot3_gazebo)
[1.789s] DEBUG:colcon.colcon_core.event_handler.log_command:Invoking command in '/home/students/group_114/build/turtlebot3_perception': CMAKE_PREFIX_PATH=/home/students/group_114/install/landmark_msgs:/home/students/group_114/install/turtlebot3_simulations:/home/students/group_114/install/turtlebot3_gazebo:/home/students/group_114/install/turtlebot3_fake_node:/opt/ros/tb3_ws/install/turtlebot3_simulations:/opt/ros/tb3_ws/install/turtlebot3_gazebo:/opt/ros/tb3_ws/install/turtlebot3_fake_node:/opt/ros/tb3_ws/install/ld08_driver LD_LIBRARY_PATH=/home/students/group_114/install/landmark_msgs/lib:/opt/ros/humble/opt/zenoh_cpp_vendor/lib:/usr/lib/x86_64-linux-gnu/gazebo-11/plugins:/opt/ros/humble/opt/rviz_ogre_vendor/lib:/opt/ros/humble/lib/x86_64-linux-gnu:/opt/ros/humble/lib:/usr/share/gazebo/../../lib/x86_64-linux-gnu/gazebo-11/plugins:/usr/share/gazebo/../../lib/x86_64-linux-gnu/gazebo-11/plugins:/usr/share/gazebo/../../lib/x86_64-linux-gnu/gazebo-11/plugins PYTHONPATH=/home/students/group_114/build/turtlebot3_perception/prefix_override:/usr/lib/python3/dist-packages/colcon_core/task/python/colcon_distutils_commands:/home/students/group_114/install/turtlebot3_perception/lib/python3.10/site-packages:${PYTHONPATH} /usr/bin/python3 -W ignore:setup.py install is deprecated -W ignore:easy_install command is deprecated setup.py develop --editable --build-directory /home/students/group_114/build/turtlebot3_perception/build --no-deps symlink_data
[1.810s] DEBUG:colcon.colcon_core.event_handler.log_command:Invoking command in '/home/students/group_114/build/lab04_pkg': CMAKE_PREFIX_PATH=/home/students/group_114/install/landmark_msgs:/home/students/group_114/install/turtlebot3_simulations:/home/students/group_114/install/turtlebot3_gazebo:/home/students/group_114/install/turtlebot3_fake_node:/opt/ros/tb3_ws/install/turtlebot3_simulations:/opt/ros/tb3_ws/install/turtlebot3_gazebo:/opt/ros/tb3_ws/install/turtlebot3_fake_node:/opt/ros/tb3_ws/install/ld08_driver LD_LIBRARY_PATH=/home/students/group_114/install/landmark_msgs/lib:/opt/ros/humble/opt/zenoh_cpp_vendor/lib:/usr/lib/x86_64-linux-gnu/gazebo-11/plugins:/opt/ros/humble/opt/rviz_ogre_vendor/lib:/opt/ros/humble/lib/x86_64-linux-gnu:/opt/ros/humble/lib:/usr/share/gazebo/../../lib/x86_64-linux-gnu/gazebo-11/plugins:/usr/share/gazebo/../../lib/x86_64-linux-gnu/gazebo-11/plugins:/usr/share/gazebo/../../lib/x86_64-linux-gnu/gazebo-11/plugins PYTHONPATH=/home/students/group_114/build/lab04_pkg/prefix_override:/usr/lib/python3/dist-packages/colcon_core/task/python/colcon_distutils_commands:/home/students/group_114/install/lab04_pkg/lib/python3.10/site-packages:${PYTHONPATH} /usr/bin/python3 -W ignore:setup.py install is deprecated -W ignore:easy_install command is deprecated setup.py develop --editable --build-directory /home/students/group_114/build/lab04_pkg/build --no-deps symlink_data
[2.107s] Level 1:colcon.colcon_core.shell:create_environment_hook('turtlebot3_perception', 'pythonpath_develop')
[2.107s] INFO:colcon.colcon_core.shell:Creating environment hook '/home/students/group_114/build/turtlebot3_perception/share/turtlebot3_perception/hook/pythonpath_develop.ps1'
[2.108s] DEBUG:colcon.colcon_core.event_handler.log_command:Invoked command in '/home/students/group_114/build/turtlebot3_perception' returned '0': CMAKE_PREFIX_PATH=/home/students/group_114/install/landmark_msgs:/home/students/group_114/install/turtlebot3_simulations:/home/students/group_114/install/turtlebot3_gazebo:/home/students/group_114/install/turtlebot3_fake_node:/opt/ros/tb3_ws/install/turtlebot3_simulations:/opt/ros/tb3_ws/install/turtlebot3_gazebo:/opt/ros/tb3_ws/install/turtlebot3_fake_node:/opt/ros/tb3_ws/install/ld08_driver LD_LIBRARY_PATH=/home/students/group_114/install/landmark_msgs/lib:/opt/ros/humble/opt/zenoh_cpp_vendor/lib:/usr/lib/x86_64-linux-gnu/gazebo-11/plugins:/opt/ros/humble/opt/rviz_ogre_vendor/lib:/opt/ros/humble/lib/x86_64-linux-gnu:/opt/ros/humble/lib:/usr/share/gazebo/../../lib/x86_64-linux-gnu/gazebo-11/plugins:/usr/share/gazebo/../../lib/x86_64-linux-gnu/gazebo-11/plugins:/usr/share/gazebo/../../lib/x86_64-linux-gnu/gazebo-11/plugins PYTHONPATH=/home/students/group_114/build/turtlebot3_perception/prefix_override:/usr/lib/python3/dist-packages/colcon_core/task/python/colcon_distutils_commands:/home/students/group_114/install/turtlebot3_perception/lib/python3.10/site-packages:${PYTHONPATH} /usr/bin/python3 -W ignore:setup.py install is deprecated -W ignore:easy_install command is deprecated setup.py develop --editable --build-directory /home/students/group_114/build/turtlebot3_perception/build --no-deps symlink_data
[2.108s] INFO:colcon.colcon_core.shell:Creating environment descriptor '/home/students/group_114/build/turtlebot3_perception/share/turtlebot3_perception/hook/pythonpath_develop.dsv'
[2.108s] INFO:colcon.colcon_core.shell:Creating environment hook '/home/students/group_114/build/turtlebot3_perception/share/turtlebot3_perception/hook/pythonpath_develop.sh'
[2.109s] Level 1:colcon.colcon_core.environment:checking '/home/students/group_114/install/turtlebot3_perception' for CMake module files
[2.109s] Level 1:colcon.colcon_core.environment:checking '/home/students/group_114/install/turtlebot3_perception' for CMake config files
[2.109s] Level 1:colcon.colcon_core.environment:checking '/home/students/group_114/install/turtlebot3_perception/lib'
[2.109s] Level 1:colcon.colcon_core.environment:checking '/home/students/group_114/install/turtlebot3_perception/bin'
[2.109s] Level 1:colcon.colcon_core.environment:checking '/home/students/group_114/install/turtlebot3_perception/lib/pkgconfig/turtlebot3_perception.pc'
[2.109s] Level 1:colcon.colcon_core.environment:checking '/home/students/group_114/install/turtlebot3_perception/lib/python3.10/site-packages'
[2.109s] Level 1:colcon.colcon_core.shell:create_environment_hook('turtlebot3_perception', 'pythonpath')
[2.110s] INFO:colcon.colcon_core.shell:Creating environment hook '/home/students/group_114/install/turtlebot3_perception/share/turtlebot3_perception/hook/pythonpath.ps1'
[2.110s] INFO:colcon.colcon_core.shell:Creating environment descriptor '/home/students/group_114/install/turtlebot3_perception/share/turtlebot3_perception/hook/pythonpath.dsv'
[2.110s] INFO:colcon.colcon_core.shell:Creating environment hook '/home/students/group_114/install/turtlebot3_perception/share/turtlebot3_perception/hook/pythonpath.sh'
[2.110s] Level 1:colcon.colcon_core.environment:checking '/home/students/group_114/install/turtlebot3_perception/bin'
[2.110s] Level 1:colcon.colcon_core.environment:create_environment_scripts_only(turtlebot3_perception)
[2.111s] INFO:colcon.colcon_core.shell:Creating package script '/home/students/group_114/install/turtlebot3_perception/share/turtlebot3_perception/package.ps1'
[2.111s] INFO:colcon.colcon_core.shell:Creating package descriptor '/home/students/group_114/install/turtlebot3_perception/share/turtlebot3_perception/package.dsv'
[2.112s] INFO:colcon.colcon_core.shell:Creating package script '/home/students/group_114/install/turtlebot3_perception/share/turtlebot3_perception/package.sh'
[2.112s] INFO:colcon.colcon_core.shell:Creating package script '/home/students/group_114/install/turtlebot3_perception/share/turtlebot3_perception/package.bash'
[2.113s] INFO:colcon.colcon_core.shell:Creating package script '/home/students/group_114/install/turtlebot3_perception/share/turtlebot3_perception/package.zsh'
[2.113s] Level 1:colcon.colcon_core.environment:create_file_with_runtime_dependencies(/home/students/group_114/install/turtlebot3_perception/share/colcon-core/packages/turtlebot3_perception)
[2.136s] Level 1:colcon.colcon_core.shell:create_environment_hook('lab04_pkg', 'pythonpath_develop')
[2.136s] INFO:colcon.colcon_core.shell:Creating environment hook '/home/students/group_114/build/lab04_pkg/share/lab04_pkg/hook/pythonpath_develop.ps1'
[2.136s] DEBUG:colcon.colcon_core.event_handler.log_command:Invoked command in '/home/students/group_114/build/lab04_pkg' returned '0': CMAKE_PREFIX_PATH=/home/students/group_114/install/landmark_msgs:/home/students/group_114/install/turtlebot3_simulations:/home/students/group_114/install/turtlebot3_gazebo:/home/students/group_114/install/turtlebot3_fake_node:/opt/ros/tb3_ws/install/turtlebot3_simulations:/opt/ros/tb3_ws/install/turtlebot3_gazebo:/opt/ros/tb3_ws/install/turtlebot3_fake_node:/opt/ros/tb3_ws/install/ld08_driver LD_LIBRARY_PATH=/home/students/group_114/install/landmark_msgs/lib:/opt/ros/humble/opt/zenoh_cpp_vendor/lib:/usr/lib/x86_64-linux-gnu/gazebo-11/plugins:/opt/ros/humble/opt/rviz_ogre_vendor/lib:/opt/ros/humble/lib/x86_64-linux-gnu:/opt/ros/humble/lib:/usr/share/gazebo/../../lib/x86_64-linux-gnu/gazebo-11/plugins:/usr/share/gazebo/../../lib/x86_64-linux-gnu/gazebo-11/plugins:/usr/share/gazebo/../../lib/x86_64-linux-gnu/gazebo-11/plugins PYTHONPATH=/home/students/group_114/build/lab04_pkg/prefix_override:/usr/lib/python3/dist-packages/colcon_core/task/python/colcon_distutils_commands:/home/students/group_114/install/lab04_pkg/lib/python3.10/site-packages:${PYTHONPATH} /usr/bin/python3 -W ignore:setup.py install is deprecated -W ignore:easy_install command is deprecated setup.py develop --editable --build-directory /home/students/group_114/build/lab04_pkg/build --no-deps symlink_data
[2.137s] INFO:colcon.colcon_core.shell:Creating environment descriptor '/home/students/group_114/build/lab04_pkg/share/lab04_pkg/hook/pythonpath_develop.dsv'
[2.138s] INFO:colcon.colcon_core.shell:Creating environment hook '/home/students/group_114/build/lab04_pkg/share/lab04_pkg/hook/pythonpath_develop.sh'
[2.138s] Level 1:colcon.colcon_core.environment:checking '/home/students/group_114/install/lab04_pkg' for CMake module files
[2.139s] Level 1:colcon.colcon_core.environment:checking '/home/students/group_114/install/lab04_pkg' for CMake config files
[2.140s] Level 1:colcon.colcon_core.environment:checking '/home/students/group_114/install/lab04_pkg/lib'
[2.141s] Level 1:colcon.colcon_core.environment:checking '/home/students/group_114/install/lab04_pkg/bin'
[2.141s] Level 1:colcon.colcon_core.environment:checking '/home/students/group_114/install/lab04_pkg/lib/pkgconfig/lab04_pkg.pc'
[2.141s] Level 1:colcon.colcon_core.environment:checking '/home/students/group_114/install/lab04_pkg/lib/python3.10/site-packages'
[2.141s] Level 1:colcon.colcon_core.shell:create_environment_hook('lab04_pkg', 'pythonpath')
[2.141s] INFO:colcon.colcon_core.shell:Creating environment hook '/home/students/group_114/install/lab04_pkg/share/lab04_pkg/hook/pythonpath.ps1'
[2.142s] INFO:colcon.colcon_core.shell:Creating environment descriptor '/home/students/group_114/install/lab04_pkg/share/lab04_pkg/hook/pythonpath.dsv'
[2.142s] INFO:colcon.colcon_core.shell:Creating environment hook '/home/students/group_114/install/lab04_pkg/share/lab04_pkg/hook/pythonpath.sh'
[2.142s] Level 1:colcon.colcon_core.environment:checking '/home/students/group_114/install/lab04_pkg/bin'
[2.142s] Level 1:colcon.colcon_core.environment:create_environment_scripts_only(lab04_pkg)
[2.143s] INFO:colcon.colcon_core.shell:Creating package script '/home/students/group_114/install/lab04_pkg/share/lab04_pkg/package.ps1'
[2.143s] INFO:colcon.colcon_core.shell:Creating package descriptor '/home/students/group_114/install/lab04_pkg/share/lab04_pkg/package.dsv'
[2.144s] INFO:colcon.colcon_core.shell:Creating package script '/home/students/group_114/install/lab04_pkg/share/lab04_pkg/package.sh'
[2.145s] INFO:colcon.colcon_core.shell:Creating package script '/home/students/group_114/install/lab04_pkg/share/lab04_pkg/package.bash'
[2.145s] INFO:colcon.colcon_core.shell:Creating package script '/home/students/group_114/install/lab04_pkg/share/lab04_pkg/package.zsh'
[2.146s] Level 1:colcon.colcon_core.environment:create_file_with_runtime_dependencies(/home/students/group_114/install/lab04_pkg/share/colcon-core/packages/lab04_pkg)
[2.165s] Level 1:colcon.colcon_core.shell:create_environment_hook('lab02_pkg', 'pythonpath_develop')
[2.165s] INFO:colcon.colcon_core.shell:Creating environment hook '/home/students/group_114/build/lab02_pkg/share/lab02_pkg/hook/pythonpath_develop.ps1'
[2.165s] DEBUG:colcon.colcon_core.event_handler.log_command:Invoked command in '/home/students/group_114/build/lab02_pkg' returned '0': PYTHONPATH=/home/students/group_114/build/lab02_pkg/prefix_override:/usr/lib/python3/dist-packages/colcon_core/task/python/colcon_distutils_commands:/home/students/group_114/install/lab02_pkg/lib/python3.10/site-packages:${PYTHONPATH} /usr/bin/python3 -W ignore:setup.py install is deprecated -W ignore:easy_install command is deprecated setup.py develop --editable --build-directory /home/students/group_114/build/lab02_pkg/build --no-deps symlink_data
[2.165s] INFO:colcon.colcon_core.shell:Creating environment descriptor '/home/students/group_114/build/lab02_pkg/share/lab02_pkg/hook/pythonpath_develop.dsv'
[2.166s] INFO:colcon.colcon_core.shell:Creating environment hook '/home/students/group_114/build/lab02_pkg/share/lab02_pkg/hook/pythonpath_develop.sh'
[2.166s] Level 1:colcon.colcon_core.environment:checking '/home/students/group_114/install/lab02_pkg' for CMake module files
[2.166s] Level 1:colcon.colcon_core.environment:checking '/home/students/group_114/install/lab02_pkg' for CMake config files
[2.167s] Level 1:colcon.colcon_core.environment:checking '/home/students/group_114/install/lab02_pkg/lib'
[2.167s] Level 1:colcon.colcon_core.environment:checking '/home/students/group_114/install/lab02_pkg/bin'
[2.167s] Level 1:colcon.colcon_core.environment:checking '/home/students/group_114/install/lab02_pkg/lib/pkgconfig/lab02_pkg.pc'
[2.167s] Level 1:colcon.colcon_core.environment:checking '/home/students/group_114/install/lab02_pkg/lib/python3.10/site-packages'
[2.167s] Level 1:colcon.colcon_core.shell:create_environment_hook('lab02_pkg', 'pythonpath')
[2.167s] INFO:colcon.colcon_core.shell:Creating environment hook '/home/students/group_114/install/lab02_pkg/share/lab02_pkg/hook/pythonpath.ps1'
[2.167s] INFO:colcon.colcon_core.shell:Creating environment descriptor '/home/students/group_114/install/lab02_pkg/share/lab02_pkg/hook/pythonpath.dsv'
[2.167s] INFO:colcon.colcon_core.shell:Creating environment hook '/home/students/group_114/install/lab02_pkg/share/lab02_pkg/hook/pythonpath.sh'
[2.168s] Level 1:colcon.colcon_core.environment:checking '/home/students/group_114/install/lab02_pkg/bin'
[2.168s] Level 1:colcon.colcon_core.environment:create_environment_scripts_only(lab02_pkg)
[2.168s] INFO:colcon.colcon_core.shell:Creating package script '/home/students/group_114/install/lab02_pkg/share/lab02_pkg/package.ps1'
[2.168s] INFO:colcon.colcon_core.shell:Creating package descriptor '/home/students/group_114/install/lab02_pkg/share/lab02_pkg/package.dsv'
[2.169s] INFO:colcon.colcon_core.shell:Creating package script '/home/students/group_114/install/lab02_pkg/share/lab02_pkg/package.sh'
[2.169s] INFO:colcon.colcon_core.shell:Creating package script '/home/students/group_114/install/lab02_pkg/share/lab02_pkg/package.bash'
[2.169s] INFO:colcon.colcon_core.shell:Creating package script '/home/students/group_114/install/lab02_pkg/share/lab02_pkg/package.zsh'
[2.169s] Level 1:colcon.colcon_core.environment:create_file_with_runtime_dependencies(/home/students/group_114/install/lab02_pkg/share/colcon-core/packages/lab02_pkg)
[2.169s] DEBUG:colcon.colcon_parallel_executor.executor.parallel:closing loop
[2.170s] DEBUG:colcon.colcon_parallel_executor.executor.parallel:loop closed
[2.170s] DEBUG:colcon.colcon_parallel_executor.executor.parallel:run_until_complete finished with '0'
[2.170s] DEBUG:colcon.colcon_core.event_reactor:joining thread
[2.177s] INFO:colcon.colcon_core.plugin_system:Skipping extension 'colcon_notification.desktop_notification.terminal_notifier': Not used on non-Darwin systems
[2.177s] INFO:colcon.colcon_core.plugin_system:Skipping extension 'colcon_notification.desktop_notification.win32': Not used on non-Windows systems
[2.177s] INFO:colcon.colcon_notification.desktop_notification:Sending desktop notification using 'notify2'
[2.178s] DEBUG:colcon.colcon_notification.desktop_notification.notify2:Failed to initialize notify2: org.freedesktop.DBus.Error.ServiceUnknown: The name org.freedesktop.Notifications was not provided by any .service files
[2.178s] DEBUG:colcon.colcon_core.event_reactor:joined thread
[2.178s] INFO:colcon.colcon_core.shell:Creating prefix script '/home/students/group_114/install/local_setup.ps1'
[2.180s] INFO:colcon.colcon_core.shell:Creating prefix util module '/home/students/group_114/install/_local_setup_util_ps1.py'
[2.181s] INFO:colcon.colcon_core.shell:Creating prefix chain script '/home/students/group_114/install/setup.ps1'
[2.183s] INFO:colcon.colcon_core.shell:Creating prefix script '/home/students/group_114/install/local_setup.sh'
[2.183s] INFO:colcon.colcon_core.shell:Creating prefix util module '/home/students/group_114/install/_local_setup_util_sh.py'
[2.184s] INFO:colcon.colcon_core.shell:Creating prefix chain script '/home/students/group_114/install/setup.sh'
[2.185s] INFO:colcon.colcon_core.shell:Creating prefix script '/home/students/group_114/install/local_setup.bash'
[2.185s] INFO:colcon.colcon_core.shell:Creating prefix chain script '/home/students/group_114/install/setup.bash'
[2.186s] INFO:colcon.colcon_core.shell:Creating prefix script '/home/students/group_114/install/local_setup.zsh'
[2.187s] INFO:colcon.colcon_core.shell:Creating prefix chain script '/home/students/group_114/install/setup.zsh'
